Copyright 1986-2019 Xilinx, Inc. All Rights Reserved.
-------------------------------------------------------------------------------------------------------------------------------------------------------------------------------------------------------
| Tool Version : Vivado v.2019.2.1 (lin64) Build 2729669 Thu Dec  5 04:48:12 MST 2019
| Date         : Thu May 21 21:17:01 2020
| Host         : brg-zhang-xcel.ece.cornell.edu running 64-bit CentOS Linux release 7.7.1908 (Core)
| Command      : report_accelerator_utilization -kernels { SysArray:pfm_top_i/dynamic_region/SysArray_1/inst:SysArray_1} -file ../../../output/kernel_util_synthed.rpt -name kernel_util_synthed -json
| Design       : pfm_top_wrapper
| Device       : xcu250
| Design State : Synthesized
-------------------------------------------------------------------------------------------------------------------------------------------------------------------------------------------------------

Accelerator Utilization Design Information

Table of Contents
-----------------
1. System Utilization

1. System Utilization
---------------------

+---------------------+-------------------+------------------+-------------------+----------------+----------------+-----------------+
| Name                | LUT               | LUTAsMem         | REG               | BRAM           | URAM           | DSP             |
+---------------------+-------------------+------------------+-------------------+----------------+----------------+-----------------+
| Platform            |  163069 [  9.44%] |  16074 [  2.03%] |  236859 [  6.86%] |  264 [  9.82%] |    0 [  0.00%] |     7 [  0.06%] |
| User Budget         | 1563971 [100.00%] | 774486 [100.00%] | 3217221 [100.00%] | 2424 [100.00%] | 1280 [100.00%] | 12281 [100.00%] |
|    Used Resources   |    8310 [  0.53%] |   3096 [  0.40%] |    4213 [  0.13%] |    0 [  0.00%] |    8 [  0.63%] |   192 [  1.56%] |
|    Unused Resources | 1555661 [ 99.47%] | 771390 [ 99.60%] | 3213008 [ 99.87%] | 2424 [100.00%] | 1272 [ 99.38%] | 12089 [ 98.44%] |
| SysArray            |    8310 [  0.53%] |   3096 [  0.40%] |    4213 [  0.13%] |    0 [  0.00%] |    8 [  0.63%] |   192 [  1.56%] |
|    SysArray_1       |    8310 [  0.53%] |   3096 [  0.40%] |    4213 [  0.13%] |    0 [  0.00%] |    8 [  0.63%] |   192 [  1.56%] |
+---------------------+-------------------+------------------+-------------------+----------------+----------------+-----------------+


