Copyright 1986-2019 Xilinx, Inc. All Rights Reserved.
-----------------------------------------------------------------------------------------------------------------------------------------------------------------------------------------------------
| Tool Version : Vivado v.2019.2.1 (lin64) Build 2729669 Thu Dec  5 04:48:12 MST 2019
| Date         : Sun May 17 17:29:07 2020
| Host         : brg-zhang-xcel.ece.cornell.edu running 64-bit CentOS Linux release 7.7.1908 (Core)
| Command      : report_accelerator_utilization -kernels { SysArray:pfm_top_i/dynamic_region/SysArray_1/inst:SysArray_1} -file ../../../output/kernel_util_routed.rpt -name kernel_util_routed -json
| Design       : pfm_top_wrapper
| Device       : xcu250
| Design State : Routed
-----------------------------------------------------------------------------------------------------------------------------------------------------------------------------------------------------

Accelerator Utilization Design Information

Table of Contents
-----------------
1. System Utilization

1. System Utilization
---------------------

+---------------------+-------------------+------------------+-------------------+----------------+----------------+-----------------+
| Name                | LUT               | LUTAsMem         | REG               | BRAM           | URAM           | DSP             |
+---------------------+-------------------+------------------+-------------------+----------------+----------------+-----------------+
| Platform            |  146997 [  8.51%] |  13893 [  1.76%] |  231608 [  6.71%] |  264 [  9.82%] |    0 [  0.00%] |     7 [  0.06%] |
| User Budget         | 1580043 [100.00%] | 776667 [100.00%] | 3222472 [100.00%] | 2424 [100.00%] | 1280 [100.00%] | 12281 [100.00%] |
|    Used Resources   |    1568 [  0.10%] |     80 [  0.01%] |    2213 [  0.07%] |    0 [  0.00%] |    4 [  0.31%] |    48 [  0.39%] |
|    Unused Resources | 1578475 [ 99.90%] | 776587 [ 99.99%] | 3220259 [ 99.93%] | 2424 [100.00%] | 1276 [ 99.69%] | 12233 [ 99.61%] |
| SysArray            |    1568 [  0.10%] |     80 [  0.01%] |    2213 [  0.07%] |    0 [  0.00%] |    4 [  0.31%] |    48 [  0.39%] |
|    SysArray_1       |    1568 [  0.10%] |     80 [  0.01%] |    2213 [  0.07%] |    0 [  0.00%] |    4 [  0.31%] |    48 [  0.39%] |
+---------------------+-------------------+------------------+-------------------+----------------+----------------+-----------------+


