Copyright 1986-2019 Xilinx, Inc. All Rights Reserved.
-------------------------------------------------------------------------------------------------------------------------------------------------------------------------------------------------------
| Tool Version : Vivado v.2019.2.1 (lin64) Build 2729669 Thu Dec  5 04:48:12 MST 2019
| Date         : Sun May 17 15:57:19 2020
| Host         : brg-zhang-xcel.ece.cornell.edu running 64-bit CentOS Linux release 7.7.1908 (Core)
| Command      : report_accelerator_utilization -kernels { SysArray:pfm_top_i/dynamic_region/SysArray_1/inst:SysArray_1} -file ../../../output/kernel_util_synthed.rpt -name kernel_util_synthed -json
| Design       : pfm_top_wrapper
| Device       : xcu250
| Design State : Synthesized
-------------------------------------------------------------------------------------------------------------------------------------------------------------------------------------------------------

Accelerator Utilization Design Information

Table of Contents
-----------------
1. System Utilization

1. System Utilization
---------------------

+---------------------+-------------------+------------------+-------------------+----------------+----------------+-----------------+
| Name                | LUT               | LUTAsMem         | REG               | BRAM           | URAM           | DSP             |
+---------------------+-------------------+------------------+-------------------+----------------+----------------+-----------------+
| Platform            |  162272 [  9.40%] |  16074 [  2.03%] |  235224 [  6.81%] |  264 [  9.82%] |    0 [  0.00%] |     7 [  0.06%] |
| User Budget         | 1564768 [100.00%] | 774486 [100.00%] | 3218856 [100.00%] | 2424 [100.00%] | 1280 [100.00%] | 12281 [100.00%] |
|    Used Resources   |    1869 [  0.12%] |     80 [  0.01%] |    2549 [  0.08%] |    0 [  0.00%] |    4 [  0.31%] |    48 [  0.39%] |
|    Unused Resources | 1562899 [ 99.88%] | 774406 [ 99.99%] | 3216307 [ 99.92%] | 2424 [100.00%] | 1276 [ 99.69%] | 12233 [ 99.61%] |
| SysArray            |    1869 [  0.12%] |     80 [  0.01%] |    2549 [  0.08%] |    0 [  0.00%] |    4 [  0.31%] |    48 [  0.39%] |
|    SysArray_1       |    1869 [  0.12%] |     80 [  0.01%] |    2549 [  0.08%] |    0 [  0.00%] |    4 [  0.31%] |    48 [  0.39%] |
+---------------------+-------------------+------------------+-------------------+----------------+----------------+-----------------+


