
*** Running vivado
    with args -log bd_d216_calib_reduce_0.vds -m64 -product Vivado -mode batch -messageDb vivado.pb -notrace -source bd_d216_calib_reduce_0.tcl


****** Vivado v2019.2.1 (64-bit)
  **** SW Build 2729669 on Thu Dec  5 04:48:12 MST 2019
  **** IP Build 2729494 on Thu Dec  5 07:38:25 MST 2019
    ** Copyright 1986-2019 Xilinx, Inc. All Rights Reserved.

source bd_d216_calib_reduce_0.tcl -notrace
[OPTRACE]|43774|1|/home/ld443/sys_alveo/_x/link/vivado/vpl/prj/prj.runs/bd_d216_calib_reduce_0_synth_1/bd_d216_calib_reduce_0.tcl|vivado_synth|1589742935969|START|bd_d216_calib_reduce_0_synth_1|ROLLUP_AUTO
[OPTRACE]|43774|2|/home/ld443/sys_alveo/_x/link/vivado/vpl/prj/prj.runs/bd_d216_calib_reduce_0_synth_1/bd_d216_calib_reduce_0.tcl|vivado_synth|1589742935972|START|Creating in-memory project|
INFO: [IP_Flow 19-234] Refreshing IP repositories
INFO: [IP_Flow 19-1700] Loaded user IP repository '/home/ld443/sys_alveo/_x/link/int/xo/ip_repo/mycompany_com_kernel_SysArray_1_0'.
WARNING: [IP_Flow 19-1694] Ignoring duplicate Bus Definition IP file 'xilinx.com:display_pcie4:pcie4_gt_if:1.0' found within IP repository '/home/ld443/sys_alveo/_x/link/vivado/vpl/.local/hw_platform/iprepo'.
File in use: /home/ld443/sys_alveo/_x/link/vivado/vpl/.local/hw_platform/iprepo/iprepo/pcie4_uscale_plus_v1_3/interfaces/pcie4_gt_if.xml
File ignored: /home/ld443/sys_alveo/_x/link/vivado/vpl/.local/hw_platform/iprepo/iprepo/xdma_v4_1/interfaces/pcie4_gt_if.xml
WARNING: [IP_Flow 19-1694] Ignoring duplicate Bus Abstraction IP file 'xilinx.com:display_pcie4:pcie4_gt_if_rtl:1.0' found within IP repository '/home/ld443/sys_alveo/_x/link/vivado/vpl/.local/hw_platform/iprepo'.
File in use: /home/ld443/sys_alveo/_x/link/vivado/vpl/.local/hw_platform/iprepo/iprepo/pcie4_uscale_plus_v1_3/interfaces/pcie4_gt_if_rtl.xml
File ignored: /home/ld443/sys_alveo/_x/link/vivado/vpl/.local/hw_platform/iprepo/iprepo/xdma_v4_1/interfaces/pcie4_gt_if_rtl.xml
WARNING: [IP_Flow 19-1694] Ignoring duplicate Bus Definition IP file 'xilinx.com:display_pcie4_uscaleplus:ext_gtcom:1.0' found within IP repository '/home/ld443/sys_alveo/_x/link/vivado/vpl/.local/hw_platform/iprepo'.
File in use: /home/ld443/sys_alveo/_x/link/vivado/vpl/.local/hw_platform/iprepo/iprepo/pcie4_uscale_plus_v1_3/interfaces/pcie4_usp_ext_gtcom.xml
File ignored: /home/ld443/sys_alveo/_x/link/vivado/vpl/.local/hw_platform/iprepo/iprepo/xdma_v4_1/interfaces/pcie4_usp_ext_gtcom.xml
WARNING: [IP_Flow 19-1694] Ignoring duplicate Bus Abstraction IP file 'xilinx.com:display_pcie4_uscaleplus:ext_gtcom_rtl:1.0' found within IP repository '/home/ld443/sys_alveo/_x/link/vivado/vpl/.local/hw_platform/iprepo'.
File in use: /home/ld443/sys_alveo/_x/link/vivado/vpl/.local/hw_platform/iprepo/iprepo/pcie4_uscale_plus_v1_3/interfaces/pcie4_usp_ext_gtcom_rtl.xml
File ignored: /home/ld443/sys_alveo/_x/link/vivado/vpl/.local/hw_platform/iprepo/iprepo/xdma_v4_1/interfaces/pcie4_usp_ext_gtcom_rtl.xml
WARNING: [IP_Flow 19-1694] Ignoring duplicate Bus Definition IP file 'xilinx.com:display_pcie4_uscaleplus:int_gtcom:1.0' found within IP repository '/home/ld443/sys_alveo/_x/link/vivado/vpl/.local/hw_platform/iprepo'.
File in use: /home/ld443/sys_alveo/_x/link/vivado/vpl/.local/hw_platform/iprepo/iprepo/pcie4_uscale_plus_v1_3/interfaces/pcie4_usp_int_gtcom.xml
File ignored: /home/ld443/sys_alveo/_x/link/vivado/vpl/.local/hw_platform/iprepo/iprepo/xdma_v4_1/interfaces/pcie4_usp_int_gtcom.xml
WARNING: [IP_Flow 19-1694] Ignoring duplicate Bus Abstraction IP file 'xilinx.com:display_pcie4_uscaleplus:int_gtcom_rtl:1.0' found within IP repository '/home/ld443/sys_alveo/_x/link/vivado/vpl/.local/hw_platform/iprepo'.
File in use: /home/ld443/sys_alveo/_x/link/vivado/vpl/.local/hw_platform/iprepo/iprepo/pcie4_uscale_plus_v1_3/interfaces/pcie4_usp_int_gtcom_rtl.xml
File ignored: /home/ld443/sys_alveo/_x/link/vivado/vpl/.local/hw_platform/iprepo/iprepo/xdma_v4_1/interfaces/pcie4_usp_int_gtcom_rtl.xml
INFO: [IP_Flow 19-1700] Loaded user IP repository '/home/ld443/sys_alveo/_x/link/vivado/vpl/.local/hw_platform/iprepo'.
INFO: [IP_Flow 19-1700] Loaded user IP repository '/opt/xilinx/Xilinx_Vivado_vitis_2019.2/Vitis/2019.2/data/cache/xilinx'.
INFO: [IP_Flow 19-1700] Loaded user IP repository '/home/ld443/sys_alveo/_x/link/vivado/vpl/.local/hw_platform/ipcache'.
INFO: [IP_Flow 19-1700] Loaded user IP repository '/opt/xilinx/Xilinx_Vivado_vitis_2019.2/Vitis/2019.2/data/ip'.
INFO: [IP_Flow 19-2313] Loaded Vivado IP repository '/opt/xilinx/Xilinx_Vivado_vitis_2019.2/Vivado/2019.2/data/ip'.
WARNING: [IP_Flow 19-1663] Duplicate IP found for 'xilinx.com:ip:Monitor_AXI_Master:1.0'. The one found in IP location '/home/ld443/sys_alveo/_x/link/vivado/vpl/.local/hw_platform/iprepo/iprepo/monitor_axi_master_v1_0' will take precedence over the same IP in location /opt/xilinx/Xilinx_Vivado_vitis_2019.2/Vitis/2019.2/data/ip/xilinx/monitor_axi_master_v1_0
WARNING: [IP_Flow 19-1663] Duplicate IP found for 'xilinx.com:ip:pcie4_uscale_plus:1.3'. The one found in IP location '/home/ld443/sys_alveo/_x/link/vivado/vpl/.local/hw_platform/iprepo/iprepo/pcie4_uscale_plus_v1_3' will take precedence over the same IP in the Xilinx installed IP.
WARNING: [IP_Flow 19-1663] Duplicate IP found for 'xilinx.com:ip:xdma:4.1'. The one found in IP location '/home/ld443/sys_alveo/_x/link/vivado/vpl/.local/hw_platform/iprepo/iprepo/xdma_v4_1' will take precedence over the same IP in the Xilinx installed IP.
WARNING: [IP_Flow 19-4830] Duplicate Interface found for 'xilinx.com:display_pcie4:pcie4_cfg_control:1.0'. The one found in location '/home/ld443/sys_alveo/_x/link/vivado/vpl/.local/hw_platform/iprepo/iprepo/pcie4_uscale_plus_v1_3/interfaces/pcie4_cfg_control.xml' will take precedence over the same Interface in location '/opt/xilinx/Xilinx_Vivado_vitis_2019.2/Vivado/2019.2/data/ip/xilinx/pcie4_uscale_plus_v1_3/interfaces/pcie4_cfg_control.xml'
WARNING: [IP_Flow 19-4830] Duplicate Interface found for 'xilinx.com:display_pcie4:pcie4_cfg_external_msix:1.0'. The one found in location '/home/ld443/sys_alveo/_x/link/vivado/vpl/.local/hw_platform/iprepo/iprepo/pcie4_uscale_plus_v1_3/interfaces/pcie4_cfg_ext_msix.xml' will take precedence over the same Interface in location '/opt/xilinx/Xilinx_Vivado_vitis_2019.2/Vivado/2019.2/data/ip/xilinx/pcie4_uscale_plus_v1_3/interfaces/pcie4_cfg_ext_msix.xml'
WARNING: [IP_Flow 19-4830] Duplicate Interface found for 'xilinx.com:display_pcie4:pcie4_cfg_mgmt:1.0'. The one found in location '/home/ld443/sys_alveo/_x/link/vivado/vpl/.local/hw_platform/iprepo/iprepo/pcie4_uscale_plus_v1_3/interfaces/pcie4_cfg_mgmt.xml' will take precedence over the same Interface in location '/opt/xilinx/Xilinx_Vivado_vitis_2019.2/Vivado/2019.2/data/ip/xilinx/pcie4_uscale_plus_v1_3/interfaces/pcie4_cfg_mgmt.xml'
WARNING: [IP_Flow 19-4830] Duplicate Interface found for 'xilinx.com:display_pcie4:pcie4_cfg_msix_external:1.0'. The one found in location '/home/ld443/sys_alveo/_x/link/vivado/vpl/.local/hw_platform/iprepo/iprepo/pcie4_uscale_plus_v1_3/interfaces/pcie4_cfg_msix.xml' will take precedence over the same Interface in location '/opt/xilinx/Xilinx_Vivado_vitis_2019.2/Vivado/2019.2/data/ip/xilinx/pcie4_uscale_plus_v1_3/interfaces/pcie4_cfg_msix.xml'
WARNING: [IP_Flow 19-4830] Duplicate Interface found for 'xilinx.com:display_pcie4:pcie4_cfg_msix_internal:1.0'. The one found in location '/home/ld443/sys_alveo/_x/link/vivado/vpl/.local/hw_platform/iprepo/iprepo/pcie4_uscale_plus_v1_3/interfaces/pcie4_cfg_msix_int.xml' will take precedence over the same Interface in location '/opt/xilinx/Xilinx_Vivado_vitis_2019.2/Vivado/2019.2/data/ip/xilinx/pcie4_uscale_plus_v1_3/interfaces/pcie4_cfg_msix_int.xml'
WARNING: [IP_Flow 19-4830] Duplicate Interface found for 'xilinx.com:display_pcie4:pcie4_cfg_pm:1.0'. The one found in location '/home/ld443/sys_alveo/_x/link/vivado/vpl/.local/hw_platform/iprepo/iprepo/pcie4_uscale_plus_v1_3/interfaces/pcie4_cfg_pm.xml' will take precedence over the same Interface in location '/opt/xilinx/Xilinx_Vivado_vitis_2019.2/Vivado/2019.2/data/ip/xilinx/pcie4_uscale_plus_v1_3/interfaces/pcie4_cfg_pm.xml'
WARNING: [IP_Flow 19-4830] Duplicate Interface found for 'xilinx.com:display_pcie4:pcie4_cfg_status:1.0'. The one found in location '/home/ld443/sys_alveo/_x/link/vivado/vpl/.local/hw_platform/iprepo/iprepo/pcie4_uscale_plus_v1_3/interfaces/pcie4_cfg_status.xml' will take precedence over the same Interface in location '/opt/xilinx/Xilinx_Vivado_vitis_2019.2/Vivado/2019.2/data/ip/xilinx/pcie4_uscale_plus_v1_3/interfaces/pcie4_cfg_status.xml'
WARNING: [IP_Flow 19-4830] Duplicate Interface found for 'xilinx.com:display_pcie4:pcie4_gt_if:1.0'. The one found in location '/home/ld443/sys_alveo/_x/link/vivado/vpl/.local/hw_platform/iprepo/iprepo/pcie4_uscale_plus_v1_3/interfaces/pcie4_gt_if.xml' will take precedence over the same Interface in location '/opt/xilinx/Xilinx_Vivado_vitis_2019.2/Vivado/2019.2/data/ip/xilinx/pcie4_uscale_plus_v1_3/interfaces/pcie4_gt_if.xml'
WARNING: [IP_Flow 19-4830] Duplicate Interface found for 'xilinx.com:display_pcie4:pcie4_pcie_id:1.0'. The one found in location '/home/ld443/sys_alveo/_x/link/vivado/vpl/.local/hw_platform/iprepo/iprepo/pcie4_uscale_plus_v1_3/interfaces/pcie4_pcie_id.xml' will take precedence over the same Interface in location '/opt/xilinx/Xilinx_Vivado_vitis_2019.2/Vivado/2019.2/data/ip/xilinx/pcie4_uscale_plus_v1_3/interfaces/pcie4_pcie_id.xml'
WARNING: [IP_Flow 19-4830] Duplicate Interface found for 'xilinx.com:display_pcie4:pcie4_pl:1.0'. The one found in location '/home/ld443/sys_alveo/_x/link/vivado/vpl/.local/hw_platform/iprepo/iprepo/pcie4_uscale_plus_v1_3/interfaces/pcie4_pl.xml' will take precedence over the same Interface in location '/opt/xilinx/Xilinx_Vivado_vitis_2019.2/Vivado/2019.2/data/ip/xilinx/pcie4_uscale_plus_v1_3/interfaces/pcie4_pl.xml'
WARNING: [IP_Flow 19-4830] Duplicate Interface found for 'xilinx.com:display_pcie4:pcie4_rbar:1.0'. The one found in location '/home/ld443/sys_alveo/_x/link/vivado/vpl/.local/hw_platform/iprepo/iprepo/pcie4_uscale_plus_v1_3/interfaces/pcie4_rbar.xml' will take precedence over the same Interface in location '/opt/xilinx/Xilinx_Vivado_vitis_2019.2/Vivado/2019.2/data/ip/xilinx/pcie4_uscale_plus_v1_3/interfaces/pcie4_rbar.xml'
WARNING: [IP_Flow 19-4830] Duplicate Interface found for 'xilinx.com:display_pcie4_uscaleplus:ext_gtcom:1.0'. The one found in location '/home/ld443/sys_alveo/_x/link/vivado/vpl/.local/hw_platform/iprepo/iprepo/pcie4_uscale_plus_v1_3/interfaces/pcie4_usp_ext_gtcom.xml' will take precedence over the same Interface in location '/opt/xilinx/Xilinx_Vivado_vitis_2019.2/Vivado/2019.2/data/ip/xilinx/pcie4_uscale_plus_v1_3/interfaces/pcie4_usp_ext_gtcom.xml'
WARNING: [IP_Flow 19-4830] Duplicate Interface found for 'xilinx.com:display_pcie4_uscaleplus:int_gtcom:1.0'. The one found in location '/home/ld443/sys_alveo/_x/link/vivado/vpl/.local/hw_platform/iprepo/iprepo/pcie4_uscale_plus_v1_3/interfaces/pcie4_usp_int_gtcom.xml' will take precedence over the same Interface in location '/opt/xilinx/Xilinx_Vivado_vitis_2019.2/Vivado/2019.2/data/ip/xilinx/pcie4_uscale_plus_v1_3/interfaces/pcie4_usp_int_gtcom.xml'
WARNING: [IP_Flow 19-4830] Duplicate Interface found for 'xilinx.com:display_pcie4_uscaleplus:transceiver_debug:1.0'. The one found in location '/home/ld443/sys_alveo/_x/link/vivado/vpl/.local/hw_platform/iprepo/iprepo/pcie4_uscale_plus_v1_3/interfaces/transceiver_debug.xml' will take precedence over the same Interface in location '/opt/xilinx/Xilinx_Vivado_vitis_2019.2/Vivado/2019.2/data/ip/xilinx/pcie4_uscale_plus_v1_3/interfaces/transceiver_debug.xml'
WARNING: [IP_Flow 19-4830] Duplicate Interface found for 'xilinx.com:display_xdma:dsc_bypass:1.0'. The one found in location '/home/ld443/sys_alveo/_x/link/vivado/vpl/.local/hw_platform/iprepo/iprepo/xdma_v4_1/interfaces/dsc_bypass.xml' will take precedence over the same Interface in location '/opt/xilinx/Xilinx_Vivado_vitis_2019.2/Vivado/2019.2/data/ip/xilinx/qdma_v3_0/interfaces/dsc_bypass.xml'
WARNING: [IP_Flow 19-4830] Duplicate Interface found for 'xilinx.com:display_xdma:pcie3_7x_transceiver_debug:1.0'. The one found in location '/home/ld443/sys_alveo/_x/link/vivado/vpl/.local/hw_platform/iprepo/iprepo/xdma_v4_1/interfaces/pcie3_7x_transceiver_debug.xml' will take precedence over the same Interface in location '/opt/xilinx/Xilinx_Vivado_vitis_2019.2/Vivado/2019.2/data/ip/xilinx/qdma_v3_0/interfaces/pcie3_7x_transceiver_debug.xml'
WARNING: [IP_Flow 19-4830] Duplicate Interface found for 'xilinx.com:display_pcie3_ultrascale:ext_shared_logic:1.0'. The one found in location '/home/ld443/sys_alveo/_x/link/vivado/vpl/.local/hw_platform/iprepo/iprepo/xdma_v4_1/interfaces/pcie3_us_ext_shared_logic.xml' will take precedence over the same Interface in location '/opt/xilinx/Xilinx_Vivado_vitis_2019.2/Vivado/2019.2/data/ip/xilinx/axi_pcie3_v3_0/interfaces/pcie3_us_ext_shared_logic.xml'
WARNING: [IP_Flow 19-4830] Duplicate Interface found for 'xilinx.com:display_pcie3_ultrascale:pcie3_us_gt_if:1.0'. The one found in location '/home/ld443/sys_alveo/_x/link/vivado/vpl/.local/hw_platform/iprepo/iprepo/xdma_v4_1/interfaces/pcie3_us_gt_if.xml' will take precedence over the same Interface in location '/opt/xilinx/Xilinx_Vivado_vitis_2019.2/Vivado/2019.2/data/ip/xilinx/pcie3_ultrascale_v4_4/interfaces/pcie3_us_gt_if.xml'
WARNING: [IP_Flow 19-4830] Duplicate Interface found for 'xilinx.com:display_xdma:int_shared_logic:1.0'. The one found in location '/home/ld443/sys_alveo/_x/link/vivado/vpl/.local/hw_platform/iprepo/iprepo/xdma_v4_1/interfaces/pcie3_us_int_shared_logic.xml' will take precedence over the same Interface in location '/opt/xilinx/Xilinx_Vivado_vitis_2019.2/Vivado/2019.2/data/ip/xilinx/qdma_v3_0/interfaces/pcie3_us_int_shared_logic.xml'
WARNING: [IP_Flow 19-4830] Duplicate Interface found for 'xilinx.com:display_xdma:pcie3_us_transceiver_debug:1.0'. The one found in location '/home/ld443/sys_alveo/_x/link/vivado/vpl/.local/hw_platform/iprepo/iprepo/xdma_v4_1/interfaces/pcie3_us_transceiver_debug.xml' will take precedence over the same Interface in location '/opt/xilinx/Xilinx_Vivado_vitis_2019.2/Vivado/2019.2/data/ip/xilinx/qdma_v3_0/interfaces/pcie3_us_transceiver_debug.xml'
WARNING: [IP_Flow 19-4830] Duplicate Interface found for 'xilinx.com:display_xdma:pcie4_us_plus_transceiver_debug:1.0'. The one found in location '/home/ld443/sys_alveo/_x/link/vivado/vpl/.local/hw_platform/iprepo/iprepo/xdma_v4_1/interfaces/pcie4_us_plus_transceiver_debug.xml' will take precedence over the same Interface in location '/opt/xilinx/Xilinx_Vivado_vitis_2019.2/Vivado/2019.2/data/ip/xilinx/qdma_v3_0/interfaces/pcie4_us_plus_transceiver_debug.xml'
WARNING: [IP_Flow 19-4830] Duplicate Interface found for 'xilinx.com:display_xdma:pcie_cfg_external_msix:1.0'. The one found in location '/home/ld443/sys_alveo/_x/link/vivado/vpl/.local/hw_platform/iprepo/iprepo/xdma_v4_1/interfaces/pcie_cfg_ext_msix.xml' will take precedence over the same Interface in location '/opt/xilinx/Xilinx_Vivado_vitis_2019.2/Vivado/2019.2/data/ip/xilinx/xdma_v4_1/interfaces/pcie_cfg_ext_msix.xml'
WARNING: [IP_Flow 19-4830] Duplicate Interface found for 'xilinx.com:display_xdma:pcie_debug:1.0'. The one found in location '/home/ld443/sys_alveo/_x/link/vivado/vpl/.local/hw_platform/iprepo/iprepo/xdma_v4_1/interfaces/pcie_debug.xml' will take precedence over the same Interface in location '/opt/xilinx/Xilinx_Vivado_vitis_2019.2/Vivado/2019.2/data/ip/xilinx/qdma_v3_0/interfaces/pcie_debug.xml'
WARNING: [IP_Flow 19-4830] Duplicate Interface found for 'xilinx.com:display_xdma:xdma_debug_ports:1.0'. The one found in location '/home/ld443/sys_alveo/_x/link/vivado/vpl/.local/hw_platform/iprepo/iprepo/xdma_v4_1/interfaces/xdma_debug_ports.xml' will take precedence over the same Interface in location '/opt/xilinx/Xilinx_Vivado_vitis_2019.2/Vivado/2019.2/data/ip/xilinx/qdma_v3_0/interfaces/xdma_debug_ports.xml'
WARNING: [IP_Flow 19-4830] Duplicate Interface found for 'xilinx.com:display_xdma:xdma_status_ports:1.0'. The one found in location '/home/ld443/sys_alveo/_x/link/vivado/vpl/.local/hw_platform/iprepo/iprepo/xdma_v4_1/interfaces/xdma_status_ports.xml' will take precedence over the same Interface in location '/opt/xilinx/Xilinx_Vivado_vitis_2019.2/Vivado/2019.2/data/ip/xilinx/qdma_v3_0/interfaces/xdma_status_ports.xml'
WARNING: [IP_Flow 19-4830] Duplicate Interface found for 'xilinx.com:interface:sdsoc_trace:2.0'. The one found in location '/opt/xilinx/Xilinx_Vivado_vitis_2019.2/Vitis/2019.2/data/ip/xilinx/sdsoc_trace_v2_0/sdsoc_trace_v2_0.xml' will take precedence over the same Interface in location '/opt/xilinx/Xilinx_Vivado_vitis_2019.2/Vivado/2019.2/data/ip/interfaces/sdsoc_trace_v2_0/sdsoc_trace_v2_0.xml'
update_ip_catalog: Time (s): cpu = 00:00:05 ; elapsed = 00:00:11 . Memory (MB): peak = 1805.129 ; gain = 177.875 ; free physical = 171603 ; free virtual = 228303
[OPTRACE]|43774|3|/home/ld443/sys_alveo/_x/link/vivado/vpl/prj/prj.runs/bd_d216_calib_reduce_0_synth_1/bd_d216_calib_reduce_0.tcl|vivado_synth|1589742950308|END|Creating in-memory project|
[OPTRACE]|43774|4|/home/ld443/sys_alveo/_x/link/vivado/vpl/prj/prj.runs/bd_d216_calib_reduce_0_synth_1/bd_d216_calib_reduce_0.tcl|vivado_synth|1589742950308|START|Adding files|
[OPTRACE]|43774|5|/home/ld443/sys_alveo/_x/link/vivado/vpl/prj/prj.runs/bd_d216_calib_reduce_0_synth_1/bd_d216_calib_reduce_0.tcl|vivado_synth|1589742950786|END|Adding files|
[OPTRACE]|43774|6|/home/ld443/sys_alveo/_x/link/vivado/vpl/prj/prj.runs/bd_d216_calib_reduce_0_synth_1/bd_d216_calib_reduce_0.tcl|vivado_synth|1589742950787|START|Configure IP Cache|
[OPTRACE]|43774|7|/home/ld443/sys_alveo/_x/link/vivado/vpl/prj/prj.runs/bd_d216_calib_reduce_0_synth_1/bd_d216_calib_reduce_0.tcl|vivado_synth|1589742950790|END|Configure IP Cache|
[OPTRACE]|43774|8|/home/ld443/sys_alveo/_x/link/vivado/vpl/prj/prj.runs/bd_d216_calib_reduce_0_synth_1/bd_d216_calib_reduce_0.tcl|vivado_synth|1589742950792|START|synth_design|
Command: synth_design -top bd_d216_calib_reduce_0 -part xcu250-figd2104-2L-e -mode out_of_context
Starting synth_design
Attempting to get a license for feature 'Synthesis' and/or device 'xcu250'
INFO: [Common 17-349] Got license for feature 'Synthesis' and/or device 'xcu250'
INFO: [Device 21-403] Loading part xcu250-figd2104-2L-e
INFO: Launching helper process for spawning children vivado processes
INFO: Helper process launched with PID 45593 
---------------------------------------------------------------------------------
Starting RTL Elaboration : Time (s): cpu = 00:00:04 ; elapsed = 00:00:07 . Memory (MB): peak = 2907.961 ; gain = 183.609 ; free physical = 166270 ; free virtual = 222987
---------------------------------------------------------------------------------
INFO: [Synth 8-6157] synthesizing module 'bd_d216_calib_reduce_0' [/home/ld443/sys_alveo/_x/link/vivado/vpl/prj/prj.srcs/my_rm/bd/bd/ip/pfm_dynamic_memory_subsystem_0/bd_0/ip/ip_14/synth/bd_d216_calib_reduce_0.v:57]
INFO: [Synth 8-6157] synthesizing module 'util_reduced_logic_v2_0_4_util_reduced_logic' [/home/ld443/sys_alveo/_x/link/vivado/vpl/prj/prj.srcs/my_rm/bd/bd/ipshared/4c94/hdl/util_reduced_logic_v2_0_vl_rfs.v:73]
	Parameter C_OPERATION bound to: and - type: string 
	Parameter C_SIZE bound to: 1 - type: integer 
INFO: [Synth 8-6155] done synthesizing module 'util_reduced_logic_v2_0_4_util_reduced_logic' (1#1) [/home/ld443/sys_alveo/_x/link/vivado/vpl/prj/prj.srcs/my_rm/bd/bd/ipshared/4c94/hdl/util_reduced_logic_v2_0_vl_rfs.v:73]
INFO: [Synth 8-6155] done synthesizing module 'bd_d216_calib_reduce_0' (2#1) [/home/ld443/sys_alveo/_x/link/vivado/vpl/prj/prj.srcs/my_rm/bd/bd/ip/pfm_dynamic_memory_subsystem_0/bd_0/ip/ip_14/synth/bd_d216_calib_reduce_0.v:57]
---------------------------------------------------------------------------------
Finished RTL Elaboration : Time (s): cpu = 00:00:05 ; elapsed = 00:00:09 . Memory (MB): peak = 2973.691 ; gain = 249.340 ; free physical = 166206 ; free virtual = 222922
---------------------------------------------------------------------------------

Report Check Netlist: 
+------+------------------+-------+---------+-------+------------------+
|      |Item              |Errors |Warnings |Status |Description       |
+------+------------------+-------+---------+-------+------------------+
|1     |multi_driven_nets |      0|        0|Passed |Multi driven nets |
+------+------------------+-------+---------+-------+------------------+
---------------------------------------------------------------------------------
Start Handling Custom Attributes
---------------------------------------------------------------------------------
---------------------------------------------------------------------------------
Finished Handling Custom Attributes : Time (s): cpu = 00:00:06 ; elapsed = 00:00:10 . Memory (MB): peak = 2976.652 ; gain = 252.301 ; free physical = 166153 ; free virtual = 222870
---------------------------------------------------------------------------------
---------------------------------------------------------------------------------
Finished RTL Optimization Phase 1 : Time (s): cpu = 00:00:06 ; elapsed = 00:00:10 . Memory (MB): peak = 2976.652 ; gain = 252.301 ; free physical = 166153 ; free virtual = 222870
---------------------------------------------------------------------------------
Netlist sorting complete. Time (s): cpu = 00:00:00 ; elapsed = 00:00:00 . Memory (MB): peak = 2976.652 ; gain = 0.000 ; free physical = 166144 ; free virtual = 222861
INFO: [Project 1-570] Preparing netlist for logic optimization

Processing XDC Constraints
Initializing timing engine
Completed Processing XDC Constraints

Netlist sorting complete. Time (s): cpu = 00:00:00 ; elapsed = 00:00:00 . Memory (MB): peak = 3015.422 ; gain = 0.000 ; free physical = 165887 ; free virtual = 222604
INFO: [Project 1-111] Unisim Transformation Summary:
No Unisim elements were transformed.

WARNING: [Constraints 18-5210] No constraints selected for write.
Resolution: This message can indicate that there are no constraints for the design, or it can indicate that the used_in flags are set such that the constraints are ignored. This later case is used when running synth_design to not write synthesis constraints to the resulting checkpoint. Instead, project constraints are read when the synthesized design is opened.
Constraint Validation Runtime : Time (s): cpu = 00:00:00.08 ; elapsed = 00:00:00.24 . Memory (MB): peak = 3031.270 ; gain = 15.848 ; free physical = 165873 ; free virtual = 222591
---------------------------------------------------------------------------------
Finished Constraint Validation : Time (s): cpu = 00:00:14 ; elapsed = 00:00:27 . Memory (MB): peak = 3031.273 ; gain = 306.922 ; free physical = 165761 ; free virtual = 222479
---------------------------------------------------------------------------------
---------------------------------------------------------------------------------
Start Loading Part and Timing Information
---------------------------------------------------------------------------------
Loading part: xcu250-figd2104-2L-e
INFO: [Synth 8-6742] Reading net delay rules and data
---------------------------------------------------------------------------------
Finished Loading Part and Timing Information : Time (s): cpu = 00:00:14 ; elapsed = 00:00:27 . Memory (MB): peak = 3031.273 ; gain = 306.922 ; free physical = 165761 ; free virtual = 222479
---------------------------------------------------------------------------------
---------------------------------------------------------------------------------
Start Applying 'set_property' XDC Constraints
---------------------------------------------------------------------------------
---------------------------------------------------------------------------------
Finished applying 'set_property' XDC Constraints : Time (s): cpu = 00:00:14 ; elapsed = 00:00:27 . Memory (MB): peak = 3031.273 ; gain = 306.922 ; free physical = 165761 ; free virtual = 222478
---------------------------------------------------------------------------------
---------------------------------------------------------------------------------
Finished RTL Optimization Phase 2 : Time (s): cpu = 00:00:14 ; elapsed = 00:00:27 . Memory (MB): peak = 3031.281 ; gain = 306.930 ; free physical = 165759 ; free virtual = 222476
---------------------------------------------------------------------------------

Report RTL Partitions: 
+-+--------------+------------+----------+
| |RTL Partition |Replication |Instances |
+-+--------------+------------+----------+
+-+--------------+------------+----------+
---------------------------------------------------------------------------------
Start RTL Component Statistics 
---------------------------------------------------------------------------------
Detailed RTL Component Info : 
---------------------------------------------------------------------------------
Finished RTL Component Statistics 
---------------------------------------------------------------------------------
---------------------------------------------------------------------------------
Start RTL Hierarchical Component Statistics 
---------------------------------------------------------------------------------
Hierarchical RTL Component report 
---------------------------------------------------------------------------------
Finished RTL Hierarchical Component Statistics
---------------------------------------------------------------------------------
---------------------------------------------------------------------------------
Start Part Resource Summary
---------------------------------------------------------------------------------
Part Resources:
DSPs: 12288 (col length:96)
BRAMs: 5376 (col length: RAMB18 384 RAMB36 192)
---------------------------------------------------------------------------------
Finished Part Resource Summary
---------------------------------------------------------------------------------
---------------------------------------------------------------------------------
Start Cross Boundary and Area Optimization
---------------------------------------------------------------------------------
Warning: Parallel synthesis criteria is not met 
WARNING: [Synth 8-3330] design bd_d216_calib_reduce_0 has an empty top module
---------------------------------------------------------------------------------
Finished Cross Boundary and Area Optimization : Time (s): cpu = 00:00:15 ; elapsed = 00:00:28 . Memory (MB): peak = 3031.281 ; gain = 306.930 ; free physical = 165825 ; free virtual = 222546
---------------------------------------------------------------------------------

Report RTL Partitions: 
+-+--------------+------------+----------+
| |RTL Partition |Replication |Instances |
+-+--------------+------------+----------+
+-+--------------+------------+----------+
---------------------------------------------------------------------------------
Start Applying XDC Timing Constraints
---------------------------------------------------------------------------------
---------------------------------------------------------------------------------
Finished Applying XDC Timing Constraints : Time (s): cpu = 00:00:50 ; elapsed = 00:02:12 . Memory (MB): peak = 3442.805 ; gain = 718.453 ; free physical = 171795 ; free virtual = 228510
---------------------------------------------------------------------------------
---------------------------------------------------------------------------------
Start Timing Optimization
---------------------------------------------------------------------------------
---------------------------------------------------------------------------------
Finished Timing Optimization : Time (s): cpu = 00:00:50 ; elapsed = 00:02:12 . Memory (MB): peak = 3442.805 ; gain = 718.453 ; free physical = 171795 ; free virtual = 228510
---------------------------------------------------------------------------------

Report RTL Partitions: 
+-+--------------+------------+----------+
| |RTL Partition |Replication |Instances |
+-+--------------+------------+----------+
+-+--------------+------------+----------+
---------------------------------------------------------------------------------
Start Technology Mapping
---------------------------------------------------------------------------------
---------------------------------------------------------------------------------
Finished Technology Mapping : Time (s): cpu = 00:00:50 ; elapsed = 00:02:12 . Memory (MB): peak = 3452.812 ; gain = 728.461 ; free physical = 171793 ; free virtual = 228508
---------------------------------------------------------------------------------

Report RTL Partitions: 
+-+--------------+------------+----------+
| |RTL Partition |Replication |Instances |
+-+--------------+------------+----------+
+-+--------------+------------+----------+
---------------------------------------------------------------------------------
Start IO Insertion
---------------------------------------------------------------------------------
---------------------------------------------------------------------------------
Start Flattening Before IO Insertion
---------------------------------------------------------------------------------
---------------------------------------------------------------------------------
Finished Flattening Before IO Insertion
---------------------------------------------------------------------------------
---------------------------------------------------------------------------------
Start Final Netlist Cleanup
---------------------------------------------------------------------------------
---------------------------------------------------------------------------------
Finished Final Netlist Cleanup
---------------------------------------------------------------------------------
---------------------------------------------------------------------------------
Finished IO Insertion : Time (s): cpu = 00:00:54 ; elapsed = 00:02:16 . Memory (MB): peak = 3466.691 ; gain = 742.340 ; free physical = 171366 ; free virtual = 228081
---------------------------------------------------------------------------------
---------------------------------------------------------------------------------
Start Renaming Generated Instances
---------------------------------------------------------------------------------
---------------------------------------------------------------------------------
Finished Renaming Generated Instances : Time (s): cpu = 00:00:54 ; elapsed = 00:02:16 . Memory (MB): peak = 3466.691 ; gain = 742.340 ; free physical = 171364 ; free virtual = 228079
---------------------------------------------------------------------------------

Report RTL Partitions: 
+-+--------------+------------+----------+
| |RTL Partition |Replication |Instances |
+-+--------------+------------+----------+
+-+--------------+------------+----------+

Report Check Netlist: 
+------+------------------+-------+---------+-------+------------------+
|      |Item              |Errors |Warnings |Status |Description       |
+------+------------------+-------+---------+-------+------------------+
|1     |multi_driven_nets |      0|        0|Passed |Multi driven nets |
+------+------------------+-------+---------+-------+------------------+
---------------------------------------------------------------------------------
Start Rebuilding User Hierarchy
---------------------------------------------------------------------------------
---------------------------------------------------------------------------------
Finished Rebuilding User Hierarchy : Time (s): cpu = 00:00:54 ; elapsed = 00:02:16 . Memory (MB): peak = 3466.691 ; gain = 742.340 ; free physical = 171372 ; free virtual = 228087
---------------------------------------------------------------------------------
---------------------------------------------------------------------------------
Start Renaming Generated Ports
---------------------------------------------------------------------------------
---------------------------------------------------------------------------------
Finished Renaming Generated Ports : Time (s): cpu = 00:00:54 ; elapsed = 00:02:16 . Memory (MB): peak = 3466.691 ; gain = 742.340 ; free physical = 171379 ; free virtual = 228094
---------------------------------------------------------------------------------
---------------------------------------------------------------------------------
Start Handling Custom Attributes
---------------------------------------------------------------------------------
---------------------------------------------------------------------------------
Finished Handling Custom Attributes : Time (s): cpu = 00:00:54 ; elapsed = 00:02:16 . Memory (MB): peak = 3466.691 ; gain = 742.340 ; free physical = 171378 ; free virtual = 228093
---------------------------------------------------------------------------------
---------------------------------------------------------------------------------
Start Renaming Generated Nets
---------------------------------------------------------------------------------
---------------------------------------------------------------------------------
Finished Renaming Generated Nets : Time (s): cpu = 00:00:54 ; elapsed = 00:02:16 . Memory (MB): peak = 3466.691 ; gain = 742.340 ; free physical = 171377 ; free virtual = 228092
---------------------------------------------------------------------------------
---------------------------------------------------------------------------------
Start Writing Synthesis Report
---------------------------------------------------------------------------------

Report BlackBoxes: 
+-+--------------+----------+
| |BlackBox name |Instances |
+-+--------------+----------+
+-+--------------+----------+

Report Cell Usage: 
+-+-----+------+
| |Cell |Count |
+-+-----+------+
+-+-----+------+

Report Instance Areas: 
+------+---------+-------+------+
|      |Instance |Module |Cells |
+------+---------+-------+------+
|1     |top      |       |     0|
+------+---------+-------+------+
---------------------------------------------------------------------------------
Finished Writing Synthesis Report : Time (s): cpu = 00:00:54 ; elapsed = 00:02:16 . Memory (MB): peak = 3466.691 ; gain = 742.340 ; free physical = 171377 ; free virtual = 228093
---------------------------------------------------------------------------------
Synthesis finished with 0 errors, 0 critical warnings and 1 warnings.
Synthesis Optimization Runtime : Time (s): cpu = 00:00:49 ; elapsed = 00:02:06 . Memory (MB): peak = 3466.691 ; gain = 687.719 ; free physical = 171395 ; free virtual = 228110
Synthesis Optimization Complete : Time (s): cpu = 00:00:54 ; elapsed = 00:02:16 . Memory (MB): peak = 3466.695 ; gain = 742.340 ; free physical = 171395 ; free virtual = 228110
INFO: [Project 1-571] Translating synthesized netlist
Netlist sorting complete. Time (s): cpu = 00:00:00 ; elapsed = 00:00:00 . Memory (MB): peak = 3466.695 ; gain = 0.000 ; free physical = 171383 ; free virtual = 228098
INFO: [Project 1-570] Preparing netlist for logic optimization
INFO: [Opt 31-138] Pushed 0 inverter(s) to 0 load pin(s).
Netlist sorting complete. Time (s): cpu = 00:00:00 ; elapsed = 00:00:00 . Memory (MB): peak = 3546.262 ; gain = 0.000 ; free physical = 171141 ; free virtual = 227856
INFO: [Project 1-111] Unisim Transformation Summary:
No Unisim elements were transformed.

INFO: [Common 17-83] Releasing license: Synthesis
21 Infos, 37 Warnings, 0 Critical Warnings and 0 Errors encountered.
synth_design completed successfully
synth_design: Time (s): cpu = 00:01:19 ; elapsed = 00:03:16 . Memory (MB): peak = 3546.262 ; gain = 1741.133 ; free physical = 171255 ; free virtual = 227970
INFO: [Common 17-600] The following parameters have non-default value.
general.maxThreads
[OPTRACE]|43774|9|/home/ld443/sys_alveo/_x/link/vivado/vpl/prj/prj.runs/bd_d216_calib_reduce_0_synth_1/bd_d216_calib_reduce_0.tcl|vivado_synth|1589743146805|END|synth_design|
[OPTRACE]|43774|10|/home/ld443/sys_alveo/_x/link/vivado/vpl/prj/prj.runs/bd_d216_calib_reduce_0_synth_1/bd_d216_calib_reduce_0.tcl|vivado_synth|1589743146806|START|Write IP Cache|
Netlist sorting complete. Time (s): cpu = 00:00:00 ; elapsed = 00:00:00 . Memory (MB): peak = 3546.262 ; gain = 0.000 ; free physical = 171255 ; free virtual = 227970
WARNING: [Constraints 18-5210] No constraints selected for write.
Resolution: This message can indicate that there are no constraints for the design, or it can indicate that the used_in flags are set such that the constraints are ignored. This later case is used when running synth_design to not write synthesis constraints to the resulting checkpoint. Instead, project constraints are read when the synthesized design is opened.
INFO: [Common 17-1381] The checkpoint '/home/ld443/sys_alveo/_x/link/vivado/vpl/prj/prj.runs/bd_d216_calib_reduce_0_synth_1/bd_d216_calib_reduce_0.dcp' has been generated.
WARNING: [Common 17-576] 'use_project_ipc' is deprecated. This option is deprecated and no longer used.
INFO: [Coretcl 2-1648] Added synthesis output to IP cache for IP bd_d216_calib_reduce_0, cache-ID = ce3ad5aacab2e20c
[OPTRACE]|43774|11|/home/ld443/sys_alveo/_x/link/vivado/vpl/prj/prj.runs/bd_d216_calib_reduce_0_synth_1/bd_d216_calib_reduce_0.tcl|vivado_synth|1589743148195|END|Write IP Cache|
[OPTRACE]|43774|12|/home/ld443/sys_alveo/_x/link/vivado/vpl/prj/prj.runs/bd_d216_calib_reduce_0_synth_1/bd_d216_calib_reduce_0.tcl|vivado_synth|1589743148195|START|write_checkpoint|CHECKPOINT
Netlist sorting complete. Time (s): cpu = 00:00:00 ; elapsed = 00:00:00 . Memory (MB): peak = 3546.270 ; gain = 0.000 ; free physical = 171100 ; free virtual = 227815
WARNING: [Constraints 18-5210] No constraints selected for write.
Resolution: This message can indicate that there are no constraints for the design, or it can indicate that the used_in flags are set such that the constraints are ignored. This later case is used when running synth_design to not write synthesis constraints to the resulting checkpoint. Instead, project constraints are read when the synthesized design is opened.
INFO: [Common 17-1381] The checkpoint '/home/ld443/sys_alveo/_x/link/vivado/vpl/prj/prj.runs/bd_d216_calib_reduce_0_synth_1/bd_d216_calib_reduce_0.dcp' has been generated.
[OPTRACE]|43774|13|/home/ld443/sys_alveo/_x/link/vivado/vpl/prj/prj.runs/bd_d216_calib_reduce_0_synth_1/bd_d216_calib_reduce_0.tcl|vivado_synth|1589743148591|END|write_checkpoint|
[OPTRACE]|43774|14|/home/ld443/sys_alveo/_x/link/vivado/vpl/prj/prj.runs/bd_d216_calib_reduce_0_synth_1/bd_d216_calib_reduce_0.tcl|vivado_synth|1589743148592|START|synth_report|REPORT
INFO: [runtcl-4] Executing : report_utilization -file bd_d216_calib_reduce_0_utilization_synth.rpt -pb bd_d216_calib_reduce_0_utilization_synth.pb
[OPTRACE]|43774|15|/home/ld443/sys_alveo/_x/link/vivado/vpl/prj/prj.runs/bd_d216_calib_reduce_0_synth_1/bd_d216_calib_reduce_0.tcl|vivado_synth|1589743149099|END|synth_report|
[OPTRACE]|43774|16|/home/ld443/sys_alveo/_x/link/vivado/vpl/prj/prj.runs/bd_d216_calib_reduce_0_synth_1/bd_d216_calib_reduce_0.tcl|vivado_synth|1589743149783|END|bd_d216_calib_reduce_0_synth_1|
INFO: [Common 17-206] Exiting Vivado at Sun May 17 15:19:09 2020...
