
*** Running vivado
    with args -log pfm_dynamic_regslice_data_1.vds -m64 -product Vivado -mode batch -messageDb vivado.pb -notrace -source pfm_dynamic_regslice_data_1.tcl


****** Vivado v2019.2.1 (64-bit)
  **** SW Build 2729669 on Thu Dec  5 04:48:12 MST 2019
  **** IP Build 2729494 on Thu Dec  5 07:38:25 MST 2019
    ** Copyright 1986-2019 Xilinx, Inc. All Rights Reserved.

source pfm_dynamic_regslice_data_1.tcl -notrace
[OPTRACE]|22575|1|/home/ld443/sys_alveo/_x/link/vivado/vpl/prj/prj.runs/pfm_dynamic_regslice_data_1_synth_1/pfm_dynamic_regslice_data_1.tcl|vivado_synth|1589742074414|START|pfm_dynamic_regslice_data_1_synth_1|ROLLUP_AUTO
[OPTRACE]|22575|2|/home/ld443/sys_alveo/_x/link/vivado/vpl/prj/prj.runs/pfm_dynamic_regslice_data_1_synth_1/pfm_dynamic_regslice_data_1.tcl|vivado_synth|1589742074420|START|Creating in-memory project|
INFO: [IP_Flow 19-234] Refreshing IP repositories
INFO: [IP_Flow 19-1700] Loaded user IP repository '/home/ld443/sys_alveo/_x/link/int/xo/ip_repo/mycompany_com_kernel_SysArray_1_0'.
WARNING: [IP_Flow 19-1694] Ignoring duplicate Bus Definition IP file 'xilinx.com:display_pcie4:pcie4_gt_if:1.0' found within IP repository '/home/ld443/sys_alveo/_x/link/vivado/vpl/.local/hw_platform/iprepo'.
File in use: /home/ld443/sys_alveo/_x/link/vivado/vpl/.local/hw_platform/iprepo/iprepo/pcie4_uscale_plus_v1_3/interfaces/pcie4_gt_if.xml
File ignored: /home/ld443/sys_alveo/_x/link/vivado/vpl/.local/hw_platform/iprepo/iprepo/xdma_v4_1/interfaces/pcie4_gt_if.xml
WARNING: [IP_Flow 19-1694] Ignoring duplicate Bus Abstraction IP file 'xilinx.com:display_pcie4:pcie4_gt_if_rtl:1.0' found within IP repository '/home/ld443/sys_alveo/_x/link/vivado/vpl/.local/hw_platform/iprepo'.
File in use: /home/ld443/sys_alveo/_x/link/vivado/vpl/.local/hw_platform/iprepo/iprepo/pcie4_uscale_plus_v1_3/interfaces/pcie4_gt_if_rtl.xml
File ignored: /home/ld443/sys_alveo/_x/link/vivado/vpl/.local/hw_platform/iprepo/iprepo/xdma_v4_1/interfaces/pcie4_gt_if_rtl.xml
WARNING: [IP_Flow 19-1694] Ignoring duplicate Bus Definition IP file 'xilinx.com:display_pcie4_uscaleplus:ext_gtcom:1.0' found within IP repository '/home/ld443/sys_alveo/_x/link/vivado/vpl/.local/hw_platform/iprepo'.
File in use: /home/ld443/sys_alveo/_x/link/vivado/vpl/.local/hw_platform/iprepo/iprepo/pcie4_uscale_plus_v1_3/interfaces/pcie4_usp_ext_gtcom.xml
File ignored: /home/ld443/sys_alveo/_x/link/vivado/vpl/.local/hw_platform/iprepo/iprepo/xdma_v4_1/interfaces/pcie4_usp_ext_gtcom.xml
WARNING: [IP_Flow 19-1694] Ignoring duplicate Bus Abstraction IP file 'xilinx.com:display_pcie4_uscaleplus:ext_gtcom_rtl:1.0' found within IP repository '/home/ld443/sys_alveo/_x/link/vivado/vpl/.local/hw_platform/iprepo'.
File in use: /home/ld443/sys_alveo/_x/link/vivado/vpl/.local/hw_platform/iprepo/iprepo/pcie4_uscale_plus_v1_3/interfaces/pcie4_usp_ext_gtcom_rtl.xml
File ignored: /home/ld443/sys_alveo/_x/link/vivado/vpl/.local/hw_platform/iprepo/iprepo/xdma_v4_1/interfaces/pcie4_usp_ext_gtcom_rtl.xml
WARNING: [IP_Flow 19-1694] Ignoring duplicate Bus Definition IP file 'xilinx.com:display_pcie4_uscaleplus:int_gtcom:1.0' found within IP repository '/home/ld443/sys_alveo/_x/link/vivado/vpl/.local/hw_platform/iprepo'.
File in use: /home/ld443/sys_alveo/_x/link/vivado/vpl/.local/hw_platform/iprepo/iprepo/pcie4_uscale_plus_v1_3/interfaces/pcie4_usp_int_gtcom.xml
File ignored: /home/ld443/sys_alveo/_x/link/vivado/vpl/.local/hw_platform/iprepo/iprepo/xdma_v4_1/interfaces/pcie4_usp_int_gtcom.xml
WARNING: [IP_Flow 19-1694] Ignoring duplicate Bus Abstraction IP file 'xilinx.com:display_pcie4_uscaleplus:int_gtcom_rtl:1.0' found within IP repository '/home/ld443/sys_alveo/_x/link/vivado/vpl/.local/hw_platform/iprepo'.
File in use: /home/ld443/sys_alveo/_x/link/vivado/vpl/.local/hw_platform/iprepo/iprepo/pcie4_uscale_plus_v1_3/interfaces/pcie4_usp_int_gtcom_rtl.xml
File ignored: /home/ld443/sys_alveo/_x/link/vivado/vpl/.local/hw_platform/iprepo/iprepo/xdma_v4_1/interfaces/pcie4_usp_int_gtcom_rtl.xml
INFO: [IP_Flow 19-1700] Loaded user IP repository '/home/ld443/sys_alveo/_x/link/vivado/vpl/.local/hw_platform/iprepo'.
INFO: [IP_Flow 19-1700] Loaded user IP repository '/opt/xilinx/Xilinx_Vivado_vitis_2019.2/Vitis/2019.2/data/cache/xilinx'.
INFO: [IP_Flow 19-1700] Loaded user IP repository '/home/ld443/sys_alveo/_x/link/vivado/vpl/.local/hw_platform/ipcache'.
INFO: [IP_Flow 19-1700] Loaded user IP repository '/opt/xilinx/Xilinx_Vivado_vitis_2019.2/Vitis/2019.2/data/ip'.
INFO: [IP_Flow 19-2313] Loaded Vivado IP repository '/opt/xilinx/Xilinx_Vivado_vitis_2019.2/Vivado/2019.2/data/ip'.
WARNING: [IP_Flow 19-1663] Duplicate IP found for 'xilinx.com:ip:Monitor_AXI_Master:1.0'. The one found in IP location '/home/ld443/sys_alveo/_x/link/vivado/vpl/.local/hw_platform/iprepo/iprepo/monitor_axi_master_v1_0' will take precedence over the same IP in location /opt/xilinx/Xilinx_Vivado_vitis_2019.2/Vitis/2019.2/data/ip/xilinx/monitor_axi_master_v1_0
WARNING: [IP_Flow 19-1663] Duplicate IP found for 'xilinx.com:ip:pcie4_uscale_plus:1.3'. The one found in IP location '/home/ld443/sys_alveo/_x/link/vivado/vpl/.local/hw_platform/iprepo/iprepo/pcie4_uscale_plus_v1_3' will take precedence over the same IP in the Xilinx installed IP.
WARNING: [IP_Flow 19-1663] Duplicate IP found for 'xilinx.com:ip:xdma:4.1'. The one found in IP location '/home/ld443/sys_alveo/_x/link/vivado/vpl/.local/hw_platform/iprepo/iprepo/xdma_v4_1' will take precedence over the same IP in the Xilinx installed IP.
WARNING: [IP_Flow 19-4830] Duplicate Interface found for 'xilinx.com:display_pcie4:pcie4_cfg_control:1.0'. The one found in location '/home/ld443/sys_alveo/_x/link/vivado/vpl/.local/hw_platform/iprepo/iprepo/pcie4_uscale_plus_v1_3/interfaces/pcie4_cfg_control.xml' will take precedence over the same Interface in location '/opt/xilinx/Xilinx_Vivado_vitis_2019.2/Vivado/2019.2/data/ip/xilinx/pcie4_uscale_plus_v1_3/interfaces/pcie4_cfg_control.xml'
WARNING: [IP_Flow 19-4830] Duplicate Interface found for 'xilinx.com:display_pcie4:pcie4_cfg_external_msix:1.0'. The one found in location '/home/ld443/sys_alveo/_x/link/vivado/vpl/.local/hw_platform/iprepo/iprepo/pcie4_uscale_plus_v1_3/interfaces/pcie4_cfg_ext_msix.xml' will take precedence over the same Interface in location '/opt/xilinx/Xilinx_Vivado_vitis_2019.2/Vivado/2019.2/data/ip/xilinx/pcie4_uscale_plus_v1_3/interfaces/pcie4_cfg_ext_msix.xml'
WARNING: [IP_Flow 19-4830] Duplicate Interface found for 'xilinx.com:display_pcie4:pcie4_cfg_mgmt:1.0'. The one found in location '/home/ld443/sys_alveo/_x/link/vivado/vpl/.local/hw_platform/iprepo/iprepo/pcie4_uscale_plus_v1_3/interfaces/pcie4_cfg_mgmt.xml' will take precedence over the same Interface in location '/opt/xilinx/Xilinx_Vivado_vitis_2019.2/Vivado/2019.2/data/ip/xilinx/pcie4_uscale_plus_v1_3/interfaces/pcie4_cfg_mgmt.xml'
WARNING: [IP_Flow 19-4830] Duplicate Interface found for 'xilinx.com:display_pcie4:pcie4_cfg_msix_external:1.0'. The one found in location '/home/ld443/sys_alveo/_x/link/vivado/vpl/.local/hw_platform/iprepo/iprepo/pcie4_uscale_plus_v1_3/interfaces/pcie4_cfg_msix.xml' will take precedence over the same Interface in location '/opt/xilinx/Xilinx_Vivado_vitis_2019.2/Vivado/2019.2/data/ip/xilinx/pcie4_uscale_plus_v1_3/interfaces/pcie4_cfg_msix.xml'
WARNING: [IP_Flow 19-4830] Duplicate Interface found for 'xilinx.com:display_pcie4:pcie4_cfg_msix_internal:1.0'. The one found in location '/home/ld443/sys_alveo/_x/link/vivado/vpl/.local/hw_platform/iprepo/iprepo/pcie4_uscale_plus_v1_3/interfaces/pcie4_cfg_msix_int.xml' will take precedence over the same Interface in location '/opt/xilinx/Xilinx_Vivado_vitis_2019.2/Vivado/2019.2/data/ip/xilinx/pcie4_uscale_plus_v1_3/interfaces/pcie4_cfg_msix_int.xml'
WARNING: [IP_Flow 19-4830] Duplicate Interface found for 'xilinx.com:display_pcie4:pcie4_cfg_pm:1.0'. The one found in location '/home/ld443/sys_alveo/_x/link/vivado/vpl/.local/hw_platform/iprepo/iprepo/pcie4_uscale_plus_v1_3/interfaces/pcie4_cfg_pm.xml' will take precedence over the same Interface in location '/opt/xilinx/Xilinx_Vivado_vitis_2019.2/Vivado/2019.2/data/ip/xilinx/pcie4_uscale_plus_v1_3/interfaces/pcie4_cfg_pm.xml'
WARNING: [IP_Flow 19-4830] Duplicate Interface found for 'xilinx.com:display_pcie4:pcie4_cfg_status:1.0'. The one found in location '/home/ld443/sys_alveo/_x/link/vivado/vpl/.local/hw_platform/iprepo/iprepo/pcie4_uscale_plus_v1_3/interfaces/pcie4_cfg_status.xml' will take precedence over the same Interface in location '/opt/xilinx/Xilinx_Vivado_vitis_2019.2/Vivado/2019.2/data/ip/xilinx/pcie4_uscale_plus_v1_3/interfaces/pcie4_cfg_status.xml'
WARNING: [IP_Flow 19-4830] Duplicate Interface found for 'xilinx.com:display_pcie4:pcie4_gt_if:1.0'. The one found in location '/home/ld443/sys_alveo/_x/link/vivado/vpl/.local/hw_platform/iprepo/iprepo/pcie4_uscale_plus_v1_3/interfaces/pcie4_gt_if.xml' will take precedence over the same Interface in location '/opt/xilinx/Xilinx_Vivado_vitis_2019.2/Vivado/2019.2/data/ip/xilinx/pcie4_uscale_plus_v1_3/interfaces/pcie4_gt_if.xml'
WARNING: [IP_Flow 19-4830] Duplicate Interface found for 'xilinx.com:display_pcie4:pcie4_pcie_id:1.0'. The one found in location '/home/ld443/sys_alveo/_x/link/vivado/vpl/.local/hw_platform/iprepo/iprepo/pcie4_uscale_plus_v1_3/interfaces/pcie4_pcie_id.xml' will take precedence over the same Interface in location '/opt/xilinx/Xilinx_Vivado_vitis_2019.2/Vivado/2019.2/data/ip/xilinx/pcie4_uscale_plus_v1_3/interfaces/pcie4_pcie_id.xml'
WARNING: [IP_Flow 19-4830] Duplicate Interface found for 'xilinx.com:display_pcie4:pcie4_pl:1.0'. The one found in location '/home/ld443/sys_alveo/_x/link/vivado/vpl/.local/hw_platform/iprepo/iprepo/pcie4_uscale_plus_v1_3/interfaces/pcie4_pl.xml' will take precedence over the same Interface in location '/opt/xilinx/Xilinx_Vivado_vitis_2019.2/Vivado/2019.2/data/ip/xilinx/pcie4_uscale_plus_v1_3/interfaces/pcie4_pl.xml'
WARNING: [IP_Flow 19-4830] Duplicate Interface found for 'xilinx.com:display_pcie4:pcie4_rbar:1.0'. The one found in location '/home/ld443/sys_alveo/_x/link/vivado/vpl/.local/hw_platform/iprepo/iprepo/pcie4_uscale_plus_v1_3/interfaces/pcie4_rbar.xml' will take precedence over the same Interface in location '/opt/xilinx/Xilinx_Vivado_vitis_2019.2/Vivado/2019.2/data/ip/xilinx/pcie4_uscale_plus_v1_3/interfaces/pcie4_rbar.xml'
WARNING: [IP_Flow 19-4830] Duplicate Interface found for 'xilinx.com:display_pcie4_uscaleplus:ext_gtcom:1.0'. The one found in location '/home/ld443/sys_alveo/_x/link/vivado/vpl/.local/hw_platform/iprepo/iprepo/pcie4_uscale_plus_v1_3/interfaces/pcie4_usp_ext_gtcom.xml' will take precedence over the same Interface in location '/opt/xilinx/Xilinx_Vivado_vitis_2019.2/Vivado/2019.2/data/ip/xilinx/pcie4_uscale_plus_v1_3/interfaces/pcie4_usp_ext_gtcom.xml'
WARNING: [IP_Flow 19-4830] Duplicate Interface found for 'xilinx.com:display_pcie4_uscaleplus:int_gtcom:1.0'. The one found in location '/home/ld443/sys_alveo/_x/link/vivado/vpl/.local/hw_platform/iprepo/iprepo/pcie4_uscale_plus_v1_3/interfaces/pcie4_usp_int_gtcom.xml' will take precedence over the same Interface in location '/opt/xilinx/Xilinx_Vivado_vitis_2019.2/Vivado/2019.2/data/ip/xilinx/pcie4_uscale_plus_v1_3/interfaces/pcie4_usp_int_gtcom.xml'
WARNING: [IP_Flow 19-4830] Duplicate Interface found for 'xilinx.com:display_pcie4_uscaleplus:transceiver_debug:1.0'. The one found in location '/home/ld443/sys_alveo/_x/link/vivado/vpl/.local/hw_platform/iprepo/iprepo/pcie4_uscale_plus_v1_3/interfaces/transceiver_debug.xml' will take precedence over the same Interface in location '/opt/xilinx/Xilinx_Vivado_vitis_2019.2/Vivado/2019.2/data/ip/xilinx/pcie4_uscale_plus_v1_3/interfaces/transceiver_debug.xml'
WARNING: [IP_Flow 19-4830] Duplicate Interface found for 'xilinx.com:display_xdma:dsc_bypass:1.0'. The one found in location '/home/ld443/sys_alveo/_x/link/vivado/vpl/.local/hw_platform/iprepo/iprepo/xdma_v4_1/interfaces/dsc_bypass.xml' will take precedence over the same Interface in location '/opt/xilinx/Xilinx_Vivado_vitis_2019.2/Vivado/2019.2/data/ip/xilinx/qdma_v3_0/interfaces/dsc_bypass.xml'
WARNING: [IP_Flow 19-4830] Duplicate Interface found for 'xilinx.com:display_xdma:pcie3_7x_transceiver_debug:1.0'. The one found in location '/home/ld443/sys_alveo/_x/link/vivado/vpl/.local/hw_platform/iprepo/iprepo/xdma_v4_1/interfaces/pcie3_7x_transceiver_debug.xml' will take precedence over the same Interface in location '/opt/xilinx/Xilinx_Vivado_vitis_2019.2/Vivado/2019.2/data/ip/xilinx/qdma_v3_0/interfaces/pcie3_7x_transceiver_debug.xml'
WARNING: [IP_Flow 19-4830] Duplicate Interface found for 'xilinx.com:display_pcie3_ultrascale:ext_shared_logic:1.0'. The one found in location '/home/ld443/sys_alveo/_x/link/vivado/vpl/.local/hw_platform/iprepo/iprepo/xdma_v4_1/interfaces/pcie3_us_ext_shared_logic.xml' will take precedence over the same Interface in location '/opt/xilinx/Xilinx_Vivado_vitis_2019.2/Vivado/2019.2/data/ip/xilinx/axi_pcie3_v3_0/interfaces/pcie3_us_ext_shared_logic.xml'
WARNING: [IP_Flow 19-4830] Duplicate Interface found for 'xilinx.com:display_pcie3_ultrascale:pcie3_us_gt_if:1.0'. The one found in location '/home/ld443/sys_alveo/_x/link/vivado/vpl/.local/hw_platform/iprepo/iprepo/xdma_v4_1/interfaces/pcie3_us_gt_if.xml' will take precedence over the same Interface in location '/opt/xilinx/Xilinx_Vivado_vitis_2019.2/Vivado/2019.2/data/ip/xilinx/pcie3_ultrascale_v4_4/interfaces/pcie3_us_gt_if.xml'
WARNING: [IP_Flow 19-4830] Duplicate Interface found for 'xilinx.com:display_xdma:int_shared_logic:1.0'. The one found in location '/home/ld443/sys_alveo/_x/link/vivado/vpl/.local/hw_platform/iprepo/iprepo/xdma_v4_1/interfaces/pcie3_us_int_shared_logic.xml' will take precedence over the same Interface in location '/opt/xilinx/Xilinx_Vivado_vitis_2019.2/Vivado/2019.2/data/ip/xilinx/qdma_v3_0/interfaces/pcie3_us_int_shared_logic.xml'
WARNING: [IP_Flow 19-4830] Duplicate Interface found for 'xilinx.com:display_xdma:pcie3_us_transceiver_debug:1.0'. The one found in location '/home/ld443/sys_alveo/_x/link/vivado/vpl/.local/hw_platform/iprepo/iprepo/xdma_v4_1/interfaces/pcie3_us_transceiver_debug.xml' will take precedence over the same Interface in location '/opt/xilinx/Xilinx_Vivado_vitis_2019.2/Vivado/2019.2/data/ip/xilinx/qdma_v3_0/interfaces/pcie3_us_transceiver_debug.xml'
WARNING: [IP_Flow 19-4830] Duplicate Interface found for 'xilinx.com:display_xdma:pcie4_us_plus_transceiver_debug:1.0'. The one found in location '/home/ld443/sys_alveo/_x/link/vivado/vpl/.local/hw_platform/iprepo/iprepo/xdma_v4_1/interfaces/pcie4_us_plus_transceiver_debug.xml' will take precedence over the same Interface in location '/opt/xilinx/Xilinx_Vivado_vitis_2019.2/Vivado/2019.2/data/ip/xilinx/qdma_v3_0/interfaces/pcie4_us_plus_transceiver_debug.xml'
WARNING: [IP_Flow 19-4830] Duplicate Interface found for 'xilinx.com:display_xdma:pcie_cfg_external_msix:1.0'. The one found in location '/home/ld443/sys_alveo/_x/link/vivado/vpl/.local/hw_platform/iprepo/iprepo/xdma_v4_1/interfaces/pcie_cfg_ext_msix.xml' will take precedence over the same Interface in location '/opt/xilinx/Xilinx_Vivado_vitis_2019.2/Vivado/2019.2/data/ip/xilinx/xdma_v4_1/interfaces/pcie_cfg_ext_msix.xml'
WARNING: [IP_Flow 19-4830] Duplicate Interface found for 'xilinx.com:display_xdma:pcie_debug:1.0'. The one found in location '/home/ld443/sys_alveo/_x/link/vivado/vpl/.local/hw_platform/iprepo/iprepo/xdma_v4_1/interfaces/pcie_debug.xml' will take precedence over the same Interface in location '/opt/xilinx/Xilinx_Vivado_vitis_2019.2/Vivado/2019.2/data/ip/xilinx/qdma_v3_0/interfaces/pcie_debug.xml'
WARNING: [IP_Flow 19-4830] Duplicate Interface found for 'xilinx.com:display_xdma:xdma_debug_ports:1.0'. The one found in location '/home/ld443/sys_alveo/_x/link/vivado/vpl/.local/hw_platform/iprepo/iprepo/xdma_v4_1/interfaces/xdma_debug_ports.xml' will take precedence over the same Interface in location '/opt/xilinx/Xilinx_Vivado_vitis_2019.2/Vivado/2019.2/data/ip/xilinx/qdma_v3_0/interfaces/xdma_debug_ports.xml'
WARNING: [IP_Flow 19-4830] Duplicate Interface found for 'xilinx.com:display_xdma:xdma_status_ports:1.0'. The one found in location '/home/ld443/sys_alveo/_x/link/vivado/vpl/.local/hw_platform/iprepo/iprepo/xdma_v4_1/interfaces/xdma_status_ports.xml' will take precedence over the same Interface in location '/opt/xilinx/Xilinx_Vivado_vitis_2019.2/Vivado/2019.2/data/ip/xilinx/qdma_v3_0/interfaces/xdma_status_ports.xml'
WARNING: [IP_Flow 19-4830] Duplicate Interface found for 'xilinx.com:interface:sdsoc_trace:2.0'. The one found in location '/opt/xilinx/Xilinx_Vivado_vitis_2019.2/Vitis/2019.2/data/ip/xilinx/sdsoc_trace_v2_0/sdsoc_trace_v2_0.xml' will take precedence over the same Interface in location '/opt/xilinx/Xilinx_Vivado_vitis_2019.2/Vivado/2019.2/data/ip/interfaces/sdsoc_trace_v2_0/sdsoc_trace_v2_0.xml'
update_ip_catalog: Time (s): cpu = 00:00:05 ; elapsed = 00:00:11 . Memory (MB): peak = 1805.688 ; gain = 189.781 ; free physical = 177720 ; free virtual = 234341
[OPTRACE]|22575|3|/home/ld443/sys_alveo/_x/link/vivado/vpl/prj/prj.runs/pfm_dynamic_regslice_data_1_synth_1/pfm_dynamic_regslice_data_1.tcl|vivado_synth|1589742089450|END|Creating in-memory project|
[OPTRACE]|22575|4|/home/ld443/sys_alveo/_x/link/vivado/vpl/prj/prj.runs/pfm_dynamic_regslice_data_1_synth_1/pfm_dynamic_regslice_data_1.tcl|vivado_synth|1589742089450|START|Adding files|
[OPTRACE]|22575|5|/home/ld443/sys_alveo/_x/link/vivado/vpl/prj/prj.runs/pfm_dynamic_regslice_data_1_synth_1/pfm_dynamic_regslice_data_1.tcl|vivado_synth|1589742090023|END|Adding files|
[OPTRACE]|22575|6|/home/ld443/sys_alveo/_x/link/vivado/vpl/prj/prj.runs/pfm_dynamic_regslice_data_1_synth_1/pfm_dynamic_regslice_data_1.tcl|vivado_synth|1589742090032|START|Configure IP Cache|
[OPTRACE]|22575|7|/home/ld443/sys_alveo/_x/link/vivado/vpl/prj/prj.runs/pfm_dynamic_regslice_data_1_synth_1/pfm_dynamic_regslice_data_1.tcl|vivado_synth|1589742090039|END|Configure IP Cache|
[OPTRACE]|22575|8|/home/ld443/sys_alveo/_x/link/vivado/vpl/prj/prj.runs/pfm_dynamic_regslice_data_1_synth_1/pfm_dynamic_regslice_data_1.tcl|vivado_synth|1589742090043|START|synth_design|
Command: synth_design -top pfm_dynamic_regslice_data_1 -part xcu250-figd2104-2L-e -mode out_of_context
Starting synth_design
Attempting to get a license for feature 'Synthesis' and/or device 'xcu250'
INFO: [Common 17-349] Got license for feature 'Synthesis' and/or device 'xcu250'
INFO: [Device 21-403] Loading part xcu250-figd2104-2L-e
INFO: Launching helper process for spawning children vivado processes
INFO: Helper process launched with PID 24042 
---------------------------------------------------------------------------------
Starting RTL Elaboration : Time (s): cpu = 00:00:04 ; elapsed = 00:00:07 . Memory (MB): peak = 2909.488 ; gain = 183.609 ; free physical = 167324 ; free virtual = 223958
---------------------------------------------------------------------------------
INFO: [Synth 8-6157] synthesizing module 'pfm_dynamic_regslice_data_1' [/home/ld443/sys_alveo/_x/link/vivado/vpl/prj/prj.srcs/my_rm/bd/bd/ip/pfm_dynamic_regslice_data_1/synth/pfm_dynamic_regslice_data_1.v:58]
INFO: [Synth 8-6157] synthesizing module 'axi_register_slice_v2_1_20_axi_register_slice' [/home/ld443/sys_alveo/_x/link/vivado/vpl/prj/prj.srcs/my_rm/bd/bd/ipshared/72d4/hdl/axi_register_slice_v2_1_vl_rfs.v:3704]
	Parameter C_FAMILY bound to: virtexuplus - type: string 
	Parameter C_AXI_PROTOCOL bound to: 0 - type: integer 
	Parameter C_AXI_ID_WIDTH bound to: 3 - type: integer 
	Parameter C_AXI_ADDR_WIDTH bound to: 39 - type: integer 
	Parameter C_AXI_DATA_WIDTH bound to: 512 - type: integer 
	Parameter C_AXI_SUPPORTS_USER_SIGNALS bound to: 0 - type: integer 
	Parameter C_AXI_AWUSER_WIDTH bound to: 1 - type: integer 
	Parameter C_AXI_ARUSER_WIDTH bound to: 1 - type: integer 
	Parameter C_AXI_WUSER_WIDTH bound to: 1 - type: integer 
	Parameter C_AXI_RUSER_WIDTH bound to: 1 - type: integer 
	Parameter C_AXI_BUSER_WIDTH bound to: 1 - type: integer 
	Parameter C_REG_CONFIG_AW bound to: 1 - type: integer 
	Parameter C_REG_CONFIG_W bound to: 1 - type: integer 
	Parameter C_REG_CONFIG_B bound to: 1 - type: integer 
	Parameter C_REG_CONFIG_AR bound to: 1 - type: integer 
	Parameter C_REG_CONFIG_R bound to: 1 - type: integer 
	Parameter C_RESERVE_MODE bound to: 0 - type: integer 
	Parameter C_NUM_SLR_CROSSINGS bound to: 0 - type: integer 
	Parameter C_PIPELINES_MASTER_AW bound to: 0 - type: integer 
	Parameter C_PIPELINES_MASTER_W bound to: 0 - type: integer 
	Parameter C_PIPELINES_MASTER_B bound to: 0 - type: integer 
	Parameter C_PIPELINES_MASTER_AR bound to: 0 - type: integer 
	Parameter C_PIPELINES_MASTER_R bound to: 0 - type: integer 
	Parameter C_PIPELINES_SLAVE_AW bound to: 0 - type: integer 
	Parameter C_PIPELINES_SLAVE_W bound to: 0 - type: integer 
	Parameter C_PIPELINES_SLAVE_B bound to: 0 - type: integer 
	Parameter C_PIPELINES_SLAVE_AR bound to: 0 - type: integer 
	Parameter C_PIPELINES_SLAVE_R bound to: 0 - type: integer 
	Parameter C_PIPELINES_MIDDLE_AW bound to: 0 - type: integer 
	Parameter C_PIPELINES_MIDDLE_W bound to: 0 - type: integer 
	Parameter C_PIPELINES_MIDDLE_B bound to: 0 - type: integer 
	Parameter C_PIPELINES_MIDDLE_AR bound to: 0 - type: integer 
	Parameter C_PIPELINES_MIDDLE_R bound to: 0 - type: integer 
	Parameter C_AXI_SUPPORTS_REGION_SIGNALS bound to: 1 - type: integer 
	Parameter P_FORWARD bound to: 0 - type: integer 
	Parameter P_RESPONSE bound to: 1 - type: integer 
	Parameter G_AXI_AWADDR_INDEX bound to: 0 - type: integer 
	Parameter G_AXI_AWADDR_WIDTH bound to: 39 - type: integer 
	Parameter G_AXI_AWPROT_INDEX bound to: 39 - type: integer 
	Parameter G_AXI_AWPROT_WIDTH bound to: 3 - type: integer 
	Parameter G_AXI_AWSIZE_INDEX bound to: 42 - type: integer 
	Parameter G_AXI_AWSIZE_WIDTH bound to: 3 - type: integer 
	Parameter G_AXI_AWBURST_INDEX bound to: 45 - type: integer 
	Parameter G_AXI_AWBURST_WIDTH bound to: 2 - type: integer 
	Parameter G_AXI_AWCACHE_INDEX bound to: 47 - type: integer 
	Parameter G_AXI_AWCACHE_WIDTH bound to: 4 - type: integer 
	Parameter G_AXI_AWLEN_INDEX bound to: 51 - type: integer 
	Parameter G_AXI_AWLEN_WIDTH bound to: 8 - type: integer 
	Parameter G_AXI_AWLOCK_INDEX bound to: 59 - type: integer 
	Parameter G_AXI_AWLOCK_WIDTH bound to: 1 - type: integer 
	Parameter G_AXI_AWID_INDEX bound to: 60 - type: integer 
	Parameter G_AXI_AWID_WIDTH bound to: 3 - type: integer 
	Parameter G_AXI_AWQOS_INDEX bound to: 63 - type: integer 
	Parameter G_AXI_AWQOS_WIDTH bound to: 4 - type: integer 
	Parameter G_AXI_AWREGION_INDEX bound to: 67 - type: integer 
	Parameter G_AXI_AWREGION_WIDTH bound to: 4 - type: integer 
	Parameter G_AXI_AWUSER_INDEX bound to: 71 - type: integer 
	Parameter G_AXI_AWUSER_WIDTH bound to: 0 - type: integer 
	Parameter G_AXI_AWPAYLOAD_WIDTH bound to: 71 - type: integer 
	Parameter G_AXI_ARADDR_INDEX bound to: 0 - type: integer 
	Parameter G_AXI_ARADDR_WIDTH bound to: 39 - type: integer 
	Parameter G_AXI_ARPROT_INDEX bound to: 39 - type: integer 
	Parameter G_AXI_ARPROT_WIDTH bound to: 3 - type: integer 
	Parameter G_AXI_ARSIZE_INDEX bound to: 42 - type: integer 
	Parameter G_AXI_ARSIZE_WIDTH bound to: 3 - type: integer 
	Parameter G_AXI_ARBURST_INDEX bound to: 45 - type: integer 
	Parameter G_AXI_ARBURST_WIDTH bound to: 2 - type: integer 
	Parameter G_AXI_ARCACHE_INDEX bound to: 47 - type: integer 
	Parameter G_AXI_ARCACHE_WIDTH bound to: 4 - type: integer 
	Parameter G_AXI_ARLEN_INDEX bound to: 51 - type: integer 
	Parameter G_AXI_ARLEN_WIDTH bound to: 8 - type: integer 
	Parameter G_AXI_ARLOCK_INDEX bound to: 59 - type: integer 
	Parameter G_AXI_ARLOCK_WIDTH bound to: 1 - type: integer 
	Parameter G_AXI_ARID_INDEX bound to: 60 - type: integer 
	Parameter G_AXI_ARID_WIDTH bound to: 3 - type: integer 
	Parameter G_AXI_ARQOS_INDEX bound to: 63 - type: integer 
	Parameter G_AXI_ARQOS_WIDTH bound to: 4 - type: integer 
	Parameter G_AXI_ARREGION_INDEX bound to: 67 - type: integer 
	Parameter G_AXI_ARREGION_WIDTH bound to: 4 - type: integer 
	Parameter G_AXI_ARUSER_INDEX bound to: 71 - type: integer 
	Parameter G_AXI_ARUSER_WIDTH bound to: 0 - type: integer 
	Parameter G_AXI_ARPAYLOAD_WIDTH bound to: 71 - type: integer 
	Parameter G_AXI_WDATA_INDEX bound to: 0 - type: integer 
	Parameter G_AXI_WDATA_WIDTH bound to: 512 - type: integer 
	Parameter G_AXI_WSTRB_INDEX bound to: 512 - type: integer 
	Parameter G_AXI_WSTRB_WIDTH bound to: 64 - type: integer 
	Parameter G_AXI_WLAST_INDEX bound to: 576 - type: integer 
	Parameter G_AXI_WLAST_WIDTH bound to: 1 - type: integer 
	Parameter G_AXI_WID_INDEX bound to: 577 - type: integer 
	Parameter G_AXI_WID_WIDTH bound to: 0 - type: integer 
	Parameter G_AXI_WUSER_INDEX bound to: 577 - type: integer 
	Parameter G_AXI_WUSER_WIDTH bound to: 0 - type: integer 
	Parameter G_AXI_WPAYLOAD_WIDTH bound to: 577 - type: integer 
	Parameter G_AXI_BRESP_INDEX bound to: 0 - type: integer 
	Parameter G_AXI_BRESP_WIDTH bound to: 2 - type: integer 
	Parameter G_AXI_BID_INDEX bound to: 2 - type: integer 
	Parameter G_AXI_BID_WIDTH bound to: 3 - type: integer 
	Parameter G_AXI_BUSER_INDEX bound to: 5 - type: integer 
	Parameter G_AXI_BUSER_WIDTH bound to: 0 - type: integer 
	Parameter G_AXI_BPAYLOAD_WIDTH bound to: 5 - type: integer 
	Parameter G_AXI_RDATA_INDEX bound to: 0 - type: integer 
	Parameter G_AXI_RDATA_WIDTH bound to: 512 - type: integer 
	Parameter G_AXI_RRESP_INDEX bound to: 512 - type: integer 
	Parameter G_AXI_RRESP_WIDTH bound to: 2 - type: integer 
	Parameter G_AXI_RLAST_INDEX bound to: 514 - type: integer 
	Parameter G_AXI_RLAST_WIDTH bound to: 1 - type: integer 
	Parameter G_AXI_RID_INDEX bound to: 515 - type: integer 
	Parameter G_AXI_RID_WIDTH bound to: 3 - type: integer 
	Parameter G_AXI_RUSER_INDEX bound to: 518 - type: integer 
	Parameter G_AXI_RUSER_WIDTH bound to: 0 - type: integer 
	Parameter G_AXI_RPAYLOAD_WIDTH bound to: 518 - type: integer 
INFO: [Synth 8-6157] synthesizing module 'axi_infrastructure_v1_1_0_axi2vector' [/home/ld443/sys_alveo/_x/link/vivado/vpl/prj/prj.srcs/my_rm/bd/bd/ipshared/ec67/hdl/axi_infrastructure_v1_1_vl_rfs.v:60]
	Parameter C_AXI_PROTOCOL bound to: 0 - type: integer 
	Parameter C_AXI_ID_WIDTH bound to: 3 - type: integer 
	Parameter C_AXI_ADDR_WIDTH bound to: 39 - type: integer 
	Parameter C_AXI_DATA_WIDTH bound to: 512 - type: integer 
	Parameter C_AXI_SUPPORTS_USER_SIGNALS bound to: 0 - type: integer 
	Parameter C_AXI_SUPPORTS_REGION_SIGNALS bound to: 1 - type: integer 
	Parameter C_AXI_AWUSER_WIDTH bound to: 1 - type: integer 
	Parameter C_AXI_WUSER_WIDTH bound to: 1 - type: integer 
	Parameter C_AXI_BUSER_WIDTH bound to: 1 - type: integer 
	Parameter C_AXI_ARUSER_WIDTH bound to: 1 - type: integer 
	Parameter C_AXI_RUSER_WIDTH bound to: 1 - type: integer 
	Parameter C_AWPAYLOAD_WIDTH bound to: 71 - type: integer 
	Parameter C_WPAYLOAD_WIDTH bound to: 577 - type: integer 
	Parameter C_BPAYLOAD_WIDTH bound to: 5 - type: integer 
	Parameter C_ARPAYLOAD_WIDTH bound to: 71 - type: integer 
	Parameter C_RPAYLOAD_WIDTH bound to: 518 - type: integer 
	Parameter G_AXI_AWADDR_INDEX bound to: 0 - type: integer 
	Parameter G_AXI_AWADDR_WIDTH bound to: 39 - type: integer 
	Parameter G_AXI_AWPROT_INDEX bound to: 39 - type: integer 
	Parameter G_AXI_AWPROT_WIDTH bound to: 3 - type: integer 
	Parameter G_AXI_AWSIZE_INDEX bound to: 42 - type: integer 
	Parameter G_AXI_AWSIZE_WIDTH bound to: 3 - type: integer 
	Parameter G_AXI_AWBURST_INDEX bound to: 45 - type: integer 
	Parameter G_AXI_AWBURST_WIDTH bound to: 2 - type: integer 
	Parameter G_AXI_AWCACHE_INDEX bound to: 47 - type: integer 
	Parameter G_AXI_AWCACHE_WIDTH bound to: 4 - type: integer 
	Parameter G_AXI_AWLEN_INDEX bound to: 51 - type: integer 
	Parameter G_AXI_AWLEN_WIDTH bound to: 8 - type: integer 
	Parameter G_AXI_AWLOCK_INDEX bound to: 59 - type: integer 
	Parameter G_AXI_AWLOCK_WIDTH bound to: 1 - type: integer 
	Parameter G_AXI_AWID_INDEX bound to: 60 - type: integer 
	Parameter G_AXI_AWID_WIDTH bound to: 3 - type: integer 
	Parameter G_AXI_AWQOS_INDEX bound to: 63 - type: integer 
	Parameter G_AXI_AWQOS_WIDTH bound to: 4 - type: integer 
	Parameter G_AXI_AWREGION_INDEX bound to: 67 - type: integer 
	Parameter G_AXI_AWREGION_WIDTH bound to: 4 - type: integer 
	Parameter G_AXI_AWUSER_INDEX bound to: 71 - type: integer 
	Parameter G_AXI_AWUSER_WIDTH bound to: 0 - type: integer 
	Parameter G_AXI_AWPAYLOAD_WIDTH bound to: 71 - type: integer 
	Parameter G_AXI_ARADDR_INDEX bound to: 0 - type: integer 
	Parameter G_AXI_ARADDR_WIDTH bound to: 39 - type: integer 
	Parameter G_AXI_ARPROT_INDEX bound to: 39 - type: integer 
	Parameter G_AXI_ARPROT_WIDTH bound to: 3 - type: integer 
	Parameter G_AXI_ARSIZE_INDEX bound to: 42 - type: integer 
	Parameter G_AXI_ARSIZE_WIDTH bound to: 3 - type: integer 
	Parameter G_AXI_ARBURST_INDEX bound to: 45 - type: integer 
	Parameter G_AXI_ARBURST_WIDTH bound to: 2 - type: integer 
	Parameter G_AXI_ARCACHE_INDEX bound to: 47 - type: integer 
	Parameter G_AXI_ARCACHE_WIDTH bound to: 4 - type: integer 
	Parameter G_AXI_ARLEN_INDEX bound to: 51 - type: integer 
	Parameter G_AXI_ARLEN_WIDTH bound to: 8 - type: integer 
	Parameter G_AXI_ARLOCK_INDEX bound to: 59 - type: integer 
	Parameter G_AXI_ARLOCK_WIDTH bound to: 1 - type: integer 
	Parameter G_AXI_ARID_INDEX bound to: 60 - type: integer 
	Parameter G_AXI_ARID_WIDTH bound to: 3 - type: integer 
	Parameter G_AXI_ARQOS_INDEX bound to: 63 - type: integer 
	Parameter G_AXI_ARQOS_WIDTH bound to: 4 - type: integer 
	Parameter G_AXI_ARREGION_INDEX bound to: 67 - type: integer 
	Parameter G_AXI_ARREGION_WIDTH bound to: 4 - type: integer 
	Parameter G_AXI_ARUSER_INDEX bound to: 71 - type: integer 
	Parameter G_AXI_ARUSER_WIDTH bound to: 0 - type: integer 
	Parameter G_AXI_ARPAYLOAD_WIDTH bound to: 71 - type: integer 
	Parameter G_AXI_WDATA_INDEX bound to: 0 - type: integer 
	Parameter G_AXI_WDATA_WIDTH bound to: 512 - type: integer 
	Parameter G_AXI_WSTRB_INDEX bound to: 512 - type: integer 
	Parameter G_AXI_WSTRB_WIDTH bound to: 64 - type: integer 
	Parameter G_AXI_WLAST_INDEX bound to: 576 - type: integer 
	Parameter G_AXI_WLAST_WIDTH bound to: 1 - type: integer 
	Parameter G_AXI_WID_INDEX bound to: 577 - type: integer 
	Parameter G_AXI_WID_WIDTH bound to: 0 - type: integer 
	Parameter G_AXI_WUSER_INDEX bound to: 577 - type: integer 
	Parameter G_AXI_WUSER_WIDTH bound to: 0 - type: integer 
	Parameter G_AXI_WPAYLOAD_WIDTH bound to: 577 - type: integer 
	Parameter G_AXI_BRESP_INDEX bound to: 0 - type: integer 
	Parameter G_AXI_BRESP_WIDTH bound to: 2 - type: integer 
	Parameter G_AXI_BID_INDEX bound to: 2 - type: integer 
	Parameter G_AXI_BID_WIDTH bound to: 3 - type: integer 
	Parameter G_AXI_BUSER_INDEX bound to: 5 - type: integer 
	Parameter G_AXI_BUSER_WIDTH bound to: 0 - type: integer 
	Parameter G_AXI_BPAYLOAD_WIDTH bound to: 5 - type: integer 
	Parameter G_AXI_RDATA_INDEX bound to: 0 - type: integer 
	Parameter G_AXI_RDATA_WIDTH bound to: 512 - type: integer 
	Parameter G_AXI_RRESP_INDEX bound to: 512 - type: integer 
	Parameter G_AXI_RRESP_WIDTH bound to: 2 - type: integer 
	Parameter G_AXI_RLAST_INDEX bound to: 514 - type: integer 
	Parameter G_AXI_RLAST_WIDTH bound to: 1 - type: integer 
	Parameter G_AXI_RID_INDEX bound to: 515 - type: integer 
	Parameter G_AXI_RID_WIDTH bound to: 3 - type: integer 
	Parameter G_AXI_RUSER_INDEX bound to: 518 - type: integer 
	Parameter G_AXI_RUSER_WIDTH bound to: 0 - type: integer 
	Parameter G_AXI_RPAYLOAD_WIDTH bound to: 518 - type: integer 
INFO: [Synth 8-6155] done synthesizing module 'axi_infrastructure_v1_1_0_axi2vector' (1#1) [/home/ld443/sys_alveo/_x/link/vivado/vpl/prj/prj.srcs/my_rm/bd/bd/ipshared/ec67/hdl/axi_infrastructure_v1_1_vl_rfs.v:60]
INFO: [Synth 8-6157] synthesizing module 'axi_infrastructure_v1_1_0_vector2axi' [/home/ld443/sys_alveo/_x/link/vivado/vpl/prj/prj.srcs/my_rm/bd/bd/ipshared/ec67/hdl/axi_infrastructure_v1_1_vl_rfs.v:474]
	Parameter C_AXI_PROTOCOL bound to: 0 - type: integer 
	Parameter C_AXI_ID_WIDTH bound to: 3 - type: integer 
	Parameter C_AXI_ADDR_WIDTH bound to: 39 - type: integer 
	Parameter C_AXI_DATA_WIDTH bound to: 512 - type: integer 
	Parameter C_AXI_SUPPORTS_USER_SIGNALS bound to: 0 - type: integer 
	Parameter C_AXI_SUPPORTS_REGION_SIGNALS bound to: 1 - type: integer 
	Parameter C_AXI_AWUSER_WIDTH bound to: 1 - type: integer 
	Parameter C_AXI_WUSER_WIDTH bound to: 1 - type: integer 
	Parameter C_AXI_BUSER_WIDTH bound to: 1 - type: integer 
	Parameter C_AXI_ARUSER_WIDTH bound to: 1 - type: integer 
	Parameter C_AXI_RUSER_WIDTH bound to: 1 - type: integer 
	Parameter C_AWPAYLOAD_WIDTH bound to: 71 - type: integer 
	Parameter C_WPAYLOAD_WIDTH bound to: 577 - type: integer 
	Parameter C_BPAYLOAD_WIDTH bound to: 5 - type: integer 
	Parameter C_ARPAYLOAD_WIDTH bound to: 71 - type: integer 
	Parameter C_RPAYLOAD_WIDTH bound to: 518 - type: integer 
	Parameter G_AXI_AWADDR_INDEX bound to: 0 - type: integer 
	Parameter G_AXI_AWADDR_WIDTH bound to: 39 - type: integer 
	Parameter G_AXI_AWPROT_INDEX bound to: 39 - type: integer 
	Parameter G_AXI_AWPROT_WIDTH bound to: 3 - type: integer 
	Parameter G_AXI_AWSIZE_INDEX bound to: 42 - type: integer 
	Parameter G_AXI_AWSIZE_WIDTH bound to: 3 - type: integer 
	Parameter G_AXI_AWBURST_INDEX bound to: 45 - type: integer 
	Parameter G_AXI_AWBURST_WIDTH bound to: 2 - type: integer 
	Parameter G_AXI_AWCACHE_INDEX bound to: 47 - type: integer 
	Parameter G_AXI_AWCACHE_WIDTH bound to: 4 - type: integer 
	Parameter G_AXI_AWLEN_INDEX bound to: 51 - type: integer 
	Parameter G_AXI_AWLEN_WIDTH bound to: 8 - type: integer 
	Parameter G_AXI_AWLOCK_INDEX bound to: 59 - type: integer 
	Parameter G_AXI_AWLOCK_WIDTH bound to: 1 - type: integer 
	Parameter G_AXI_AWID_INDEX bound to: 60 - type: integer 
	Parameter G_AXI_AWID_WIDTH bound to: 3 - type: integer 
	Parameter G_AXI_AWQOS_INDEX bound to: 63 - type: integer 
	Parameter G_AXI_AWQOS_WIDTH bound to: 4 - type: integer 
	Parameter G_AXI_AWREGION_INDEX bound to: 67 - type: integer 
	Parameter G_AXI_AWREGION_WIDTH bound to: 4 - type: integer 
	Parameter G_AXI_AWUSER_INDEX bound to: 71 - type: integer 
	Parameter G_AXI_AWUSER_WIDTH bound to: 0 - type: integer 
	Parameter G_AXI_AWPAYLOAD_WIDTH bound to: 71 - type: integer 
	Parameter G_AXI_ARADDR_INDEX bound to: 0 - type: integer 
	Parameter G_AXI_ARADDR_WIDTH bound to: 39 - type: integer 
	Parameter G_AXI_ARPROT_INDEX bound to: 39 - type: integer 
	Parameter G_AXI_ARPROT_WIDTH bound to: 3 - type: integer 
	Parameter G_AXI_ARSIZE_INDEX bound to: 42 - type: integer 
	Parameter G_AXI_ARSIZE_WIDTH bound to: 3 - type: integer 
	Parameter G_AXI_ARBURST_INDEX bound to: 45 - type: integer 
	Parameter G_AXI_ARBURST_WIDTH bound to: 2 - type: integer 
	Parameter G_AXI_ARCACHE_INDEX bound to: 47 - type: integer 
	Parameter G_AXI_ARCACHE_WIDTH bound to: 4 - type: integer 
	Parameter G_AXI_ARLEN_INDEX bound to: 51 - type: integer 
	Parameter G_AXI_ARLEN_WIDTH bound to: 8 - type: integer 
	Parameter G_AXI_ARLOCK_INDEX bound to: 59 - type: integer 
	Parameter G_AXI_ARLOCK_WIDTH bound to: 1 - type: integer 
	Parameter G_AXI_ARID_INDEX bound to: 60 - type: integer 
	Parameter G_AXI_ARID_WIDTH bound to: 3 - type: integer 
	Parameter G_AXI_ARQOS_INDEX bound to: 63 - type: integer 
	Parameter G_AXI_ARQOS_WIDTH bound to: 4 - type: integer 
	Parameter G_AXI_ARREGION_INDEX bound to: 67 - type: integer 
	Parameter G_AXI_ARREGION_WIDTH bound to: 4 - type: integer 
	Parameter G_AXI_ARUSER_INDEX bound to: 71 - type: integer 
	Parameter G_AXI_ARUSER_WIDTH bound to: 0 - type: integer 
	Parameter G_AXI_ARPAYLOAD_WIDTH bound to: 71 - type: integer 
	Parameter G_AXI_WDATA_INDEX bound to: 0 - type: integer 
	Parameter G_AXI_WDATA_WIDTH bound to: 512 - type: integer 
	Parameter G_AXI_WSTRB_INDEX bound to: 512 - type: integer 
	Parameter G_AXI_WSTRB_WIDTH bound to: 64 - type: integer 
	Parameter G_AXI_WLAST_INDEX bound to: 576 - type: integer 
	Parameter G_AXI_WLAST_WIDTH bound to: 1 - type: integer 
	Parameter G_AXI_WID_INDEX bound to: 577 - type: integer 
	Parameter G_AXI_WID_WIDTH bound to: 0 - type: integer 
	Parameter G_AXI_WUSER_INDEX bound to: 577 - type: integer 
	Parameter G_AXI_WUSER_WIDTH bound to: 0 - type: integer 
	Parameter G_AXI_WPAYLOAD_WIDTH bound to: 577 - type: integer 
	Parameter G_AXI_BRESP_INDEX bound to: 0 - type: integer 
	Parameter G_AXI_BRESP_WIDTH bound to: 2 - type: integer 
	Parameter G_AXI_BID_INDEX bound to: 2 - type: integer 
	Parameter G_AXI_BID_WIDTH bound to: 3 - type: integer 
	Parameter G_AXI_BUSER_INDEX bound to: 5 - type: integer 
	Parameter G_AXI_BUSER_WIDTH bound to: 0 - type: integer 
	Parameter G_AXI_BPAYLOAD_WIDTH bound to: 5 - type: integer 
	Parameter G_AXI_RDATA_INDEX bound to: 0 - type: integer 
	Parameter G_AXI_RDATA_WIDTH bound to: 512 - type: integer 
	Parameter G_AXI_RRESP_INDEX bound to: 512 - type: integer 
	Parameter G_AXI_RRESP_WIDTH bound to: 2 - type: integer 
	Parameter G_AXI_RLAST_INDEX bound to: 514 - type: integer 
	Parameter G_AXI_RLAST_WIDTH bound to: 1 - type: integer 
	Parameter G_AXI_RID_INDEX bound to: 515 - type: integer 
	Parameter G_AXI_RID_WIDTH bound to: 3 - type: integer 
	Parameter G_AXI_RUSER_INDEX bound to: 518 - type: integer 
	Parameter G_AXI_RUSER_WIDTH bound to: 0 - type: integer 
	Parameter G_AXI_RPAYLOAD_WIDTH bound to: 518 - type: integer 
INFO: [Synth 8-6155] done synthesizing module 'axi_infrastructure_v1_1_0_vector2axi' (2#1) [/home/ld443/sys_alveo/_x/link/vivado/vpl/prj/prj.srcs/my_rm/bd/bd/ipshared/ec67/hdl/axi_infrastructure_v1_1_vl_rfs.v:474]
INFO: [Synth 8-6157] synthesizing module 'axi_register_slice_v2_1_20_axic_register_slice' [/home/ld443/sys_alveo/_x/link/vivado/vpl/prj/prj.srcs/my_rm/bd/bd/ipshared/72d4/hdl/axi_register_slice_v2_1_vl_rfs.v:1476]
	Parameter C_FAMILY bound to: virtexuplus - type: string 
	Parameter C_DATA_WIDTH bound to: 71 - type: integer 
	Parameter C_REG_CONFIG bound to: 1 - type: integer 
INFO: [Synth 8-6155] done synthesizing module 'axi_register_slice_v2_1_20_axic_register_slice' (3#1) [/home/ld443/sys_alveo/_x/link/vivado/vpl/prj/prj.srcs/my_rm/bd/bd/ipshared/72d4/hdl/axi_register_slice_v2_1_vl_rfs.v:1476]
INFO: [Synth 8-6157] synthesizing module 'axi_register_slice_v2_1_20_axic_register_slice__parameterized0' [/home/ld443/sys_alveo/_x/link/vivado/vpl/prj/prj.srcs/my_rm/bd/bd/ipshared/72d4/hdl/axi_register_slice_v2_1_vl_rfs.v:1476]
	Parameter C_FAMILY bound to: virtexuplus - type: string 
	Parameter C_DATA_WIDTH bound to: 577 - type: integer 
	Parameter C_REG_CONFIG bound to: 1 - type: integer 
INFO: [Synth 8-6155] done synthesizing module 'axi_register_slice_v2_1_20_axic_register_slice__parameterized0' (3#1) [/home/ld443/sys_alveo/_x/link/vivado/vpl/prj/prj.srcs/my_rm/bd/bd/ipshared/72d4/hdl/axi_register_slice_v2_1_vl_rfs.v:1476]
INFO: [Synth 8-6157] synthesizing module 'axi_register_slice_v2_1_20_axic_register_slice__parameterized1' [/home/ld443/sys_alveo/_x/link/vivado/vpl/prj/prj.srcs/my_rm/bd/bd/ipshared/72d4/hdl/axi_register_slice_v2_1_vl_rfs.v:1476]
	Parameter C_FAMILY bound to: virtexuplus - type: string 
	Parameter C_DATA_WIDTH bound to: 5 - type: integer 
	Parameter C_REG_CONFIG bound to: 1 - type: integer 
INFO: [Synth 8-6155] done synthesizing module 'axi_register_slice_v2_1_20_axic_register_slice__parameterized1' (3#1) [/home/ld443/sys_alveo/_x/link/vivado/vpl/prj/prj.srcs/my_rm/bd/bd/ipshared/72d4/hdl/axi_register_slice_v2_1_vl_rfs.v:1476]
INFO: [Synth 8-6157] synthesizing module 'axi_register_slice_v2_1_20_axic_register_slice__parameterized2' [/home/ld443/sys_alveo/_x/link/vivado/vpl/prj/prj.srcs/my_rm/bd/bd/ipshared/72d4/hdl/axi_register_slice_v2_1_vl_rfs.v:1476]
	Parameter C_FAMILY bound to: virtexuplus - type: string 
	Parameter C_DATA_WIDTH bound to: 518 - type: integer 
	Parameter C_REG_CONFIG bound to: 1 - type: integer 
INFO: [Synth 8-6155] done synthesizing module 'axi_register_slice_v2_1_20_axic_register_slice__parameterized2' (3#1) [/home/ld443/sys_alveo/_x/link/vivado/vpl/prj/prj.srcs/my_rm/bd/bd/ipshared/72d4/hdl/axi_register_slice_v2_1_vl_rfs.v:1476]
INFO: [Synth 8-6155] done synthesizing module 'axi_register_slice_v2_1_20_axi_register_slice' (4#1) [/home/ld443/sys_alveo/_x/link/vivado/vpl/prj/prj.srcs/my_rm/bd/bd/ipshared/72d4/hdl/axi_register_slice_v2_1_vl_rfs.v:3704]
INFO: [Synth 8-6155] done synthesizing module 'pfm_dynamic_regslice_data_1' (5#1) [/home/ld443/sys_alveo/_x/link/vivado/vpl/prj/prj.srcs/my_rm/bd/bd/ip/pfm_dynamic_regslice_data_1/synth/pfm_dynamic_regslice_data_1.v:58]
WARNING: [Synth 8-3331] design axi_infrastructure_v1_1_0_vector2axi has unconnected port m_axi_buser[0]
WARNING: [Synth 8-3331] design axi_infrastructure_v1_1_0_vector2axi has unconnected port m_axi_ruser[0]
WARNING: [Synth 8-3331] design axi_infrastructure_v1_1_0_axi2vector has unconnected port s_axi_awuser[0]
WARNING: [Synth 8-3331] design axi_infrastructure_v1_1_0_axi2vector has unconnected port s_axi_wid[2]
WARNING: [Synth 8-3331] design axi_infrastructure_v1_1_0_axi2vector has unconnected port s_axi_wid[1]
WARNING: [Synth 8-3331] design axi_infrastructure_v1_1_0_axi2vector has unconnected port s_axi_wid[0]
WARNING: [Synth 8-3331] design axi_infrastructure_v1_1_0_axi2vector has unconnected port s_axi_wuser[0]
WARNING: [Synth 8-3331] design axi_infrastructure_v1_1_0_axi2vector has unconnected port s_axi_aruser[0]
WARNING: [Synth 8-3331] design axi_register_slice_v2_1_20_axi_register_slice has unconnected port aclk2x
---------------------------------------------------------------------------------
Finished RTL Elaboration : Time (s): cpu = 00:00:05 ; elapsed = 00:00:09 . Memory (MB): peak = 2977.219 ; gain = 251.340 ; free physical = 167666 ; free virtual = 224305
---------------------------------------------------------------------------------

Report Check Netlist: 
+------+------------------+-------+---------+-------+------------------+
|      |Item              |Errors |Warnings |Status |Description       |
+------+------------------+-------+---------+-------+------------------+
|1     |multi_driven_nets |      0|        0|Passed |Multi driven nets |
+------+------------------+-------+---------+-------+------------------+
---------------------------------------------------------------------------------
Start Handling Custom Attributes
---------------------------------------------------------------------------------
---------------------------------------------------------------------------------
Finished Handling Custom Attributes : Time (s): cpu = 00:00:06 ; elapsed = 00:00:10 . Memory (MB): peak = 2981.180 ; gain = 255.301 ; free physical = 167592 ; free virtual = 224230
---------------------------------------------------------------------------------
---------------------------------------------------------------------------------
Finished RTL Optimization Phase 1 : Time (s): cpu = 00:00:06 ; elapsed = 00:00:10 . Memory (MB): peak = 2981.180 ; gain = 255.301 ; free physical = 167592 ; free virtual = 224230
---------------------------------------------------------------------------------
Netlist sorting complete. Time (s): cpu = 00:00:00.06 ; elapsed = 00:00:00.06 . Memory (MB): peak = 2981.180 ; gain = 0.000 ; free physical = 167544 ; free virtual = 224183
INFO: [Project 1-570] Preparing netlist for logic optimization

Processing XDC Constraints
Initializing timing engine
Parsing XDC File [/home/ld443/sys_alveo/_x/link/vivado/vpl/prj/prj.srcs/my_rm/bd/bd/ip/pfm_dynamic_regslice_data_1/pfm_dynamic_regslice_data_1_ooc.xdc] for cell 'inst'
Finished Parsing XDC File [/home/ld443/sys_alveo/_x/link/vivado/vpl/prj/prj.srcs/my_rm/bd/bd/ip/pfm_dynamic_regslice_data_1/pfm_dynamic_regslice_data_1_ooc.xdc] for cell 'inst'
Parsing XDC File [/home/ld443/sys_alveo/_x/link/vivado/vpl/prj/prj.runs/pfm_dynamic_regslice_data_1_synth_1/dont_touch.xdc]
Finished Parsing XDC File [/home/ld443/sys_alveo/_x/link/vivado/vpl/prj/prj.runs/pfm_dynamic_regslice_data_1_synth_1/dont_touch.xdc]
Parsing XDC File [/home/ld443/sys_alveo/_x/link/vivado/vpl/prj/prj.srcs/my_rm/bd/bd/ip/pfm_dynamic_regslice_data_1/pfm_dynamic_regslice_data_1_clocks.xdc] for cell 'inst'
Finished Parsing XDC File [/home/ld443/sys_alveo/_x/link/vivado/vpl/prj/prj.srcs/my_rm/bd/bd/ip/pfm_dynamic_regslice_data_1/pfm_dynamic_regslice_data_1_clocks.xdc] for cell 'inst'
INFO: [Project 1-236] Implementation specific constraints were found while reading constraint file [/home/ld443/sys_alveo/_x/link/vivado/vpl/prj/prj.srcs/my_rm/bd/bd/ip/pfm_dynamic_regslice_data_1/pfm_dynamic_regslice_data_1_clocks.xdc]. These constraints will be ignored for synthesis but will be used in implementation. Impacted constraints are listed in the file [.Xil/pfm_dynamic_regslice_data_1_propImpl.xdc].
Resolution: To avoid this warning, move constraints listed in [.Xil/pfm_dynamic_regslice_data_1_propImpl.xdc] to another XDC file and exclude this new file from synthesis with the used_in_synthesis property (File Properties dialog in GUI) and re-run elaboration/synthesis.
Completed Processing XDC Constraints

Netlist sorting complete. Time (s): cpu = 00:00:00 ; elapsed = 00:00:00 . Memory (MB): peak = 3125.641 ; gain = 0.000 ; free physical = 167251 ; free virtual = 223891
INFO: [Project 1-111] Unisim Transformation Summary:
No Unisim elements were transformed.

Constraint Validation Runtime : Time (s): cpu = 00:00:00.08 ; elapsed = 00:00:00.12 . Memory (MB): peak = 3125.645 ; gain = 0.004 ; free physical = 167238 ; free virtual = 223878
---------------------------------------------------------------------------------
Finished Constraint Validation : Time (s): cpu = 00:00:19 ; elapsed = 00:00:32 . Memory (MB): peak = 3125.645 ; gain = 399.766 ; free physical = 167429 ; free virtual = 224080
---------------------------------------------------------------------------------
---------------------------------------------------------------------------------
Start Loading Part and Timing Information
---------------------------------------------------------------------------------
Loading part: xcu250-figd2104-2L-e
INFO: [Synth 8-6742] Reading net delay rules and data
---------------------------------------------------------------------------------
Finished Loading Part and Timing Information : Time (s): cpu = 00:00:19 ; elapsed = 00:00:32 . Memory (MB): peak = 3125.645 ; gain = 399.766 ; free physical = 167429 ; free virtual = 224080
---------------------------------------------------------------------------------
---------------------------------------------------------------------------------
Start Applying 'set_property' XDC Constraints
---------------------------------------------------------------------------------
Applied set_property DONT_TOUCH = true for inst. (constraint file  /home/ld443/sys_alveo/_x/link/vivado/vpl/prj/prj.runs/pfm_dynamic_regslice_data_1_synth_1/dont_touch.xdc, line 9).
---------------------------------------------------------------------------------
Finished applying 'set_property' XDC Constraints : Time (s): cpu = 00:00:19 ; elapsed = 00:00:32 . Memory (MB): peak = 3125.645 ; gain = 399.766 ; free physical = 167429 ; free virtual = 224080
---------------------------------------------------------------------------------
---------------------------------------------------------------------------------
Finished RTL Optimization Phase 2 : Time (s): cpu = 00:00:19 ; elapsed = 00:00:32 . Memory (MB): peak = 3125.652 ; gain = 399.773 ; free physical = 167440 ; free virtual = 224095
---------------------------------------------------------------------------------

Report RTL Partitions: 
+-+--------------+------------+----------+
| |RTL Partition |Replication |Instances |
+-+--------------+------------+----------+
+-+--------------+------------+----------+
---------------------------------------------------------------------------------
Start RTL Component Statistics 
---------------------------------------------------------------------------------
Detailed RTL Component Info : 
+---Registers : 
	              577 Bit    Registers := 2     
	              518 Bit    Registers := 2     
	               71 Bit    Registers := 4     
	                5 Bit    Registers := 2     
	                2 Bit    Registers := 5     
	                1 Bit    Registers := 10    
+---Muxes : 
	   2 Input    577 Bit        Muxes := 2     
	   2 Input    518 Bit        Muxes := 2     
	   2 Input     71 Bit        Muxes := 4     
	   2 Input      5 Bit        Muxes := 2     
---------------------------------------------------------------------------------
Finished RTL Component Statistics 
---------------------------------------------------------------------------------
---------------------------------------------------------------------------------
Start RTL Hierarchical Component Statistics 
---------------------------------------------------------------------------------
Hierarchical RTL Component report 
Module axi_register_slice_v2_1_20_axic_register_slice 
Detailed RTL Component Info : 
+---Registers : 
	               71 Bit    Registers := 2     
	                2 Bit    Registers := 1     
	                1 Bit    Registers := 2     
+---Muxes : 
	   2 Input     71 Bit        Muxes := 2     
Module axi_register_slice_v2_1_20_axic_register_slice__parameterized0 
Detailed RTL Component Info : 
+---Registers : 
	              577 Bit    Registers := 2     
	                2 Bit    Registers := 1     
	                1 Bit    Registers := 2     
+---Muxes : 
	   2 Input    577 Bit        Muxes := 2     
Module axi_register_slice_v2_1_20_axic_register_slice__parameterized1 
Detailed RTL Component Info : 
+---Registers : 
	                5 Bit    Registers := 2     
	                2 Bit    Registers := 1     
	                1 Bit    Registers := 2     
+---Muxes : 
	   2 Input      5 Bit        Muxes := 2     
Module axi_register_slice_v2_1_20_axic_register_slice__parameterized2 
Detailed RTL Component Info : 
+---Registers : 
	              518 Bit    Registers := 2     
	                2 Bit    Registers := 1     
	                1 Bit    Registers := 2     
+---Muxes : 
	   2 Input    518 Bit        Muxes := 2     
---------------------------------------------------------------------------------
Finished RTL Hierarchical Component Statistics
---------------------------------------------------------------------------------
---------------------------------------------------------------------------------
Start Part Resource Summary
---------------------------------------------------------------------------------
Part Resources:
DSPs: 12288 (col length:96)
BRAMs: 5376 (col length: RAMB18 384 RAMB36 192)
---------------------------------------------------------------------------------
Finished Part Resource Summary
---------------------------------------------------------------------------------
---------------------------------------------------------------------------------
Start Cross Boundary and Area Optimization
---------------------------------------------------------------------------------
Warning: Parallel synthesis criteria is not met 
WARNING: [Synth 8-3331] design axi_register_slice_v2_1_20_axi_register_slice has unconnected port aclk2x
WARNING: [Synth 8-3331] design axi_register_slice_v2_1_20_axi_register_slice has unconnected port s_axi_awuser[0]
WARNING: [Synth 8-3331] design axi_register_slice_v2_1_20_axi_register_slice has unconnected port s_axi_wid[2]
WARNING: [Synth 8-3331] design axi_register_slice_v2_1_20_axi_register_slice has unconnected port s_axi_wid[1]
WARNING: [Synth 8-3331] design axi_register_slice_v2_1_20_axi_register_slice has unconnected port s_axi_wid[0]
WARNING: [Synth 8-3331] design axi_register_slice_v2_1_20_axi_register_slice has unconnected port s_axi_wuser[0]
WARNING: [Synth 8-3331] design axi_register_slice_v2_1_20_axi_register_slice has unconnected port s_axi_aruser[0]
WARNING: [Synth 8-3331] design axi_register_slice_v2_1_20_axi_register_slice has unconnected port m_axi_buser[0]
WARNING: [Synth 8-3331] design axi_register_slice_v2_1_20_axi_register_slice has unconnected port m_axi_ruser[0]
INFO: [Synth 8-3886] merging instance 'inst/r.r_pipe/aresetn_d_reg[0]' (FDR) to 'inst/b.b_pipe/aresetn_d_reg[0]'
INFO: [Synth 8-3886] merging instance 'inst/b.b_pipe/aresetn_d_reg[0]' (FDR) to 'inst/ar.ar_pipe/aresetn_d_reg[0]'
INFO: [Synth 8-3886] merging instance 'inst/r.r_pipe/aresetn_d_reg[1]' (FDR) to 'inst/b.b_pipe/aresetn_d_reg[1]'
INFO: [Synth 8-3886] merging instance 'inst/ar.ar_pipe/aresetn_d_reg[0]' (FDR) to 'inst/w.w_pipe/aresetn_d_reg[0]'
INFO: [Synth 8-3886] merging instance 'inst/b.b_pipe/aresetn_d_reg[1]' (FDR) to 'inst/ar.ar_pipe/aresetn_d_reg[1]'
INFO: [Synth 8-3886] merging instance 'inst/w.w_pipe/aresetn_d_reg[0]' (FDR) to 'inst/aw.aw_pipe/aresetn_d_reg[0]'
INFO: [Synth 8-3886] merging instance 'inst/w.w_pipe/aresetn_d_reg[1]' (FDR) to 'inst/ar.ar_pipe/aresetn_d_reg[1]'
INFO: [Synth 8-3886] merging instance 'inst/aw.aw_pipe/aresetn_d_reg[1]' (FDR) to 'inst/ar.ar_pipe/aresetn_d_reg[1]'
---------------------------------------------------------------------------------
Finished Cross Boundary and Area Optimization : Time (s): cpu = 00:00:21 ; elapsed = 00:00:34 . Memory (MB): peak = 3125.652 ; gain = 399.773 ; free physical = 167358 ; free virtual = 224023
---------------------------------------------------------------------------------

Report RTL Partitions: 
+-+--------------+------------+----------+
| |RTL Partition |Replication |Instances |
+-+--------------+------------+----------+
+-+--------------+------------+----------+
---------------------------------------------------------------------------------
Start Applying XDC Timing Constraints
---------------------------------------------------------------------------------
---------------------------------------------------------------------------------
Finished Applying XDC Timing Constraints : Time (s): cpu = 00:00:56 ; elapsed = 00:02:20 . Memory (MB): peak = 3469.191 ; gain = 743.312 ; free physical = 163454 ; free virtual = 220127
---------------------------------------------------------------------------------
---------------------------------------------------------------------------------
Start Timing Optimization
---------------------------------------------------------------------------------
---------------------------------------------------------------------------------
Finished Timing Optimization : Time (s): cpu = 00:00:57 ; elapsed = 00:02:21 . Memory (MB): peak = 3484.199 ; gain = 758.320 ; free physical = 163457 ; free virtual = 220130
---------------------------------------------------------------------------------

Report RTL Partitions: 
+-+--------------+------------+----------+
| |RTL Partition |Replication |Instances |
+-+--------------+------------+----------+
+-+--------------+------------+----------+
---------------------------------------------------------------------------------
Start Technology Mapping
---------------------------------------------------------------------------------
---------------------------------------------------------------------------------
Finished Technology Mapping : Time (s): cpu = 00:00:58 ; elapsed = 00:02:22 . Memory (MB): peak = 3508.629 ; gain = 782.750 ; free physical = 163557 ; free virtual = 220231
---------------------------------------------------------------------------------

Report RTL Partitions: 
+-+--------------+------------+----------+
| |RTL Partition |Replication |Instances |
+-+--------------+------------+----------+
+-+--------------+------------+----------+
---------------------------------------------------------------------------------
Start IO Insertion
---------------------------------------------------------------------------------
---------------------------------------------------------------------------------
Start Flattening Before IO Insertion
---------------------------------------------------------------------------------
---------------------------------------------------------------------------------
Finished Flattening Before IO Insertion
---------------------------------------------------------------------------------
---------------------------------------------------------------------------------
Start Final Netlist Cleanup
---------------------------------------------------------------------------------
---------------------------------------------------------------------------------
Finished Final Netlist Cleanup
---------------------------------------------------------------------------------
---------------------------------------------------------------------------------
Finished IO Insertion : Time (s): cpu = 00:01:02 ; elapsed = 00:02:26 . Memory (MB): peak = 3511.602 ; gain = 785.723 ; free physical = 164085 ; free virtual = 220760
---------------------------------------------------------------------------------
---------------------------------------------------------------------------------
Start Renaming Generated Instances
---------------------------------------------------------------------------------
---------------------------------------------------------------------------------
Finished Renaming Generated Instances : Time (s): cpu = 00:01:02 ; elapsed = 00:02:26 . Memory (MB): peak = 3511.602 ; gain = 785.723 ; free physical = 164085 ; free virtual = 220760
---------------------------------------------------------------------------------

Report RTL Partitions: 
+-+--------------+------------+----------+
| |RTL Partition |Replication |Instances |
+-+--------------+------------+----------+
+-+--------------+------------+----------+

Report Check Netlist: 
+------+------------------+-------+---------+-------+------------------+
|      |Item              |Errors |Warnings |Status |Description       |
+------+------------------+-------+---------+-------+------------------+
|1     |multi_driven_nets |      0|        0|Passed |Multi driven nets |
+------+------------------+-------+---------+-------+------------------+
---------------------------------------------------------------------------------
Start Rebuilding User Hierarchy
---------------------------------------------------------------------------------
---------------------------------------------------------------------------------
Finished Rebuilding User Hierarchy : Time (s): cpu = 00:01:02 ; elapsed = 00:02:26 . Memory (MB): peak = 3511.602 ; gain = 785.723 ; free physical = 164086 ; free virtual = 220762
---------------------------------------------------------------------------------
---------------------------------------------------------------------------------
Start Renaming Generated Ports
---------------------------------------------------------------------------------
---------------------------------------------------------------------------------
Finished Renaming Generated Ports : Time (s): cpu = 00:01:02 ; elapsed = 00:02:26 . Memory (MB): peak = 3511.602 ; gain = 785.723 ; free physical = 164085 ; free virtual = 220762
---------------------------------------------------------------------------------
---------------------------------------------------------------------------------
Start Handling Custom Attributes
---------------------------------------------------------------------------------
---------------------------------------------------------------------------------
Finished Handling Custom Attributes : Time (s): cpu = 00:01:03 ; elapsed = 00:02:26 . Memory (MB): peak = 3511.602 ; gain = 785.723 ; free physical = 164086 ; free virtual = 220757
---------------------------------------------------------------------------------
---------------------------------------------------------------------------------
Start Renaming Generated Nets
---------------------------------------------------------------------------------
---------------------------------------------------------------------------------
Finished Renaming Generated Nets : Time (s): cpu = 00:01:03 ; elapsed = 00:02:26 . Memory (MB): peak = 3511.602 ; gain = 785.723 ; free physical = 164086 ; free virtual = 220757
---------------------------------------------------------------------------------
---------------------------------------------------------------------------------
Start Writing Synthesis Report
---------------------------------------------------------------------------------

Report BlackBoxes: 
+-+--------------+----------+
| |BlackBox name |Instances |
+-+--------------+----------+
+-+--------------+----------+

Report Cell Usage: 
+------+-----+------+
|      |Cell |Count |
+------+-----+------+
|1     |LUT1 |     3|
|2     |LUT2 |     5|
|3     |LUT3 |  1242|
|4     |LUT4 |    10|
|5     |FDRE |  2496|
+------+-----+------+

Report Instance Areas: 
+------+-----------------+---------------------------------------------------------------+------+
|      |Instance         |Module                                                         |Cells |
+------+-----------------+---------------------------------------------------------------+------+
|1     |top              |                                                               |  3756|
|2     |  inst           |axi_register_slice_v2_1_20_axi_register_slice                  |  3756|
|3     |    \ar.ar_pipe  |axi_register_slice_v2_1_20_axic_register_slice                 |   221|
|4     |    \aw.aw_pipe  |axi_register_slice_v2_1_20_axic_register_slice_0               |   220|
|5     |    \b.b_pipe    |axi_register_slice_v2_1_20_axic_register_slice__parameterized1 |    20|
|6     |    \r.r_pipe    |axi_register_slice_v2_1_20_axic_register_slice__parameterized2 |  1559|
|7     |    \w.w_pipe    |axi_register_slice_v2_1_20_axic_register_slice__parameterized0 |  1736|
+------+-----------------+---------------------------------------------------------------+------+
---------------------------------------------------------------------------------
Finished Writing Synthesis Report : Time (s): cpu = 00:01:03 ; elapsed = 00:02:26 . Memory (MB): peak = 3511.602 ; gain = 785.723 ; free physical = 164086 ; free virtual = 220757
---------------------------------------------------------------------------------
Synthesis finished with 0 errors, 0 critical warnings and 9 warnings.
Synthesis Optimization Runtime : Time (s): cpu = 00:00:54 ; elapsed = 00:02:12 . Memory (MB): peak = 3511.602 ; gain = 641.258 ; free physical = 164133 ; free virtual = 220804
Synthesis Optimization Complete : Time (s): cpu = 00:01:03 ; elapsed = 00:02:26 . Memory (MB): peak = 3511.605 ; gain = 785.723 ; free physical = 164134 ; free virtual = 220806
INFO: [Project 1-571] Translating synthesized netlist
Netlist sorting complete. Time (s): cpu = 00:00:00.03 ; elapsed = 00:00:00.04 . Memory (MB): peak = 3527.539 ; gain = 0.000 ; free physical = 164212 ; free virtual = 220874
INFO: [Project 1-570] Preparing netlist for logic optimization
INFO: [Opt 31-138] Pushed 0 inverter(s) to 0 load pin(s).
Netlist sorting complete. Time (s): cpu = 00:00:00 ; elapsed = 00:00:00 . Memory (MB): peak = 3587.078 ; gain = 0.000 ; free physical = 164123 ; free virtual = 220776
INFO: [Project 1-111] Unisim Transformation Summary:
No Unisim elements were transformed.

INFO: [Common 17-83] Releasing license: Synthesis
42 Infos, 53 Warnings, 0 Critical Warnings and 0 Errors encountered.
synth_design completed successfully
synth_design: Time (s): cpu = 00:01:29 ; elapsed = 00:03:30 . Memory (MB): peak = 3587.078 ; gain = 1781.391 ; free physical = 164257 ; free virtual = 220910
INFO: [Common 17-600] The following parameters have non-default value.
general.maxThreads
[OPTRACE]|22575|9|/home/ld443/sys_alveo/_x/link/vivado/vpl/prj/prj.runs/pfm_dynamic_regslice_data_1_synth_1/pfm_dynamic_regslice_data_1.tcl|vivado_synth|1589742299896|END|synth_design|
[OPTRACE]|22575|10|/home/ld443/sys_alveo/_x/link/vivado/vpl/prj/prj.runs/pfm_dynamic_regslice_data_1_synth_1/pfm_dynamic_regslice_data_1.tcl|vivado_synth|1589742299896|START|Write IP Cache|
Netlist sorting complete. Time (s): cpu = 00:00:00 ; elapsed = 00:00:00 . Memory (MB): peak = 3587.078 ; gain = 0.000 ; free physical = 164259 ; free virtual = 220913
WARNING: [Constraints 18-5210] No constraints selected for write.
Resolution: This message can indicate that there are no constraints for the design, or it can indicate that the used_in flags are set such that the constraints are ignored. This later case is used when running synth_design to not write synthesis constraints to the resulting checkpoint. Instead, project constraints are read when the synthesized design is opened.
INFO: [Common 17-1381] The checkpoint '/home/ld443/sys_alveo/_x/link/vivado/vpl/prj/prj.runs/pfm_dynamic_regslice_data_1_synth_1/pfm_dynamic_regslice_data_1.dcp' has been generated.
WARNING: [Common 17-576] 'use_project_ipc' is deprecated. This option is deprecated and no longer used.
INFO: [Coretcl 2-1648] Added synthesis output to IP cache for IP pfm_dynamic_regslice_data_1, cache-ID = b9379bc19a8f5ac7
[OPTRACE]|22575|11|/home/ld443/sys_alveo/_x/link/vivado/vpl/prj/prj.runs/pfm_dynamic_regslice_data_1_synth_1/pfm_dynamic_regslice_data_1.tcl|vivado_synth|1589742302734|END|Write IP Cache|
INFO: [Coretcl 2-1174] Renamed 6 cell refs.
[OPTRACE]|22575|12|/home/ld443/sys_alveo/_x/link/vivado/vpl/prj/prj.runs/pfm_dynamic_regslice_data_1_synth_1/pfm_dynamic_regslice_data_1.tcl|vivado_synth|1589742302735|START|write_checkpoint|CHECKPOINT
Netlist sorting complete. Time (s): cpu = 00:00:00 ; elapsed = 00:00:00 . Memory (MB): peak = 3587.086 ; gain = 0.000 ; free physical = 164256 ; free virtual = 220912
WARNING: [Constraints 18-5210] No constraints selected for write.
Resolution: This message can indicate that there are no constraints for the design, or it can indicate that the used_in flags are set such that the constraints are ignored. This later case is used when running synth_design to not write synthesis constraints to the resulting checkpoint. Instead, project constraints are read when the synthesized design is opened.
INFO: [Common 17-1381] The checkpoint '/home/ld443/sys_alveo/_x/link/vivado/vpl/prj/prj.runs/pfm_dynamic_regslice_data_1_synth_1/pfm_dynamic_regslice_data_1.dcp' has been generated.
[OPTRACE]|22575|13|/home/ld443/sys_alveo/_x/link/vivado/vpl/prj/prj.runs/pfm_dynamic_regslice_data_1_synth_1/pfm_dynamic_regslice_data_1.tcl|vivado_synth|1589742304094|END|write_checkpoint|
[OPTRACE]|22575|14|/home/ld443/sys_alveo/_x/link/vivado/vpl/prj/prj.runs/pfm_dynamic_regslice_data_1_synth_1/pfm_dynamic_regslice_data_1.tcl|vivado_synth|1589742304094|START|synth_report|REPORT
INFO: [runtcl-4] Executing : report_utilization -file pfm_dynamic_regslice_data_1_utilization_synth.rpt -pb pfm_dynamic_regslice_data_1_utilization_synth.pb
[OPTRACE]|22575|15|/home/ld443/sys_alveo/_x/link/vivado/vpl/prj/prj.runs/pfm_dynamic_regslice_data_1_synth_1/pfm_dynamic_regslice_data_1.tcl|vivado_synth|1589742304567|END|synth_report|
[OPTRACE]|22575|16|/home/ld443/sys_alveo/_x/link/vivado/vpl/prj/prj.runs/pfm_dynamic_regslice_data_1_synth_1/pfm_dynamic_regslice_data_1.tcl|vivado_synth|1589742305756|END|pfm_dynamic_regslice_data_1_synth_1|
INFO: [Common 17-206] Exiting Vivado at Sun May 17 15:05:05 2020...
