#
# An unexpected error has occurred (11)
#
Stack:
/opt/xilinx/Xilinx_Vivado_vitis_2019.2/Vivado/2019.2/tps/lnx64/jre9.0.4/lib//server/libjvm.so(+0xb6aadb) [0x7fe8f3e98adb]
/opt/xilinx/Xilinx_Vivado_vitis_2019.2/Vivado/2019.2/tps/lnx64/jre9.0.4/lib//server/libjvm.so(JVM_handle_linux_signal+0xbb) [0x7fe8f3e9de1b]
/opt/xilinx/Xilinx_Vivado_vitis_2019.2/Vivado/2019.2/tps/lnx64/jre9.0.4/lib//server/libjvm.so(+0xb647b8) [0x7fe8f3e927b8]
/lib64/libc.so.6(+0x363b0) [0x7fe945ad23b0]
/opt/xilinx/Xilinx_Vivado_vitis_2019.2/Vivado/2019.2/lib/lnx64.o/librdi_simbridge_kernel.so(SimBridge::CArray::empty() const+0) [0x7fe8f8f1e540]
/opt/xilinx/Xilinx_Vivado_vitis_2019.2/Vivado/2019.2/lib/lnx64.o/librdi_simbridge_kernel.so(SimBridge::WdbEventBlock::addBlock(SimBridge::WdbIBlockManager&, unsigned int&) const+0x1e) [0x7fe8f8f1ec1e]
/opt/xilinx/Xilinx_Vivado_vitis_2019.2/Vivado/2019.2/lib/lnx64.o/librdi_simbridge_kernel.so(SimBridge::WdbMultipleBucketEventDatabase::getEventBlockDatabaseIterator(std::vector<SimBridge::WdbScalarBTree*, std::allocator<SimBridge::WdbScalarBTree*> > const&, std::vector<boost::shared_ptr<SimBridge::WdbIEventBlockIterator>, std::allocator<boost::shared_ptr<SimBridge::WdbIEventBlockIterator> > >&, std::vector<std::vector<SimBridge::WdbScalarBTree*, std::allocator<SimBridge::WdbScalarBTree*> >, std::allocator<std::vector<SimBridge::WdbScalarBTree*, std::allocator<SimBridge::WdbScalarBTree*> > > >&) const+0x691) [0x7fe8f8f37fd1]
/opt/xilinx/Xilinx_Vivado_vitis_2019.2/Vivado/2019.2/lib/lnx64.o/librdi_simbridge_kernel.so(SimBridge::WdbAddressBTreeManager::scanWdbDatabaseMultiThread(std::vector<SimBridge::WdbScalarBTree*, std::allocator<SimBridge::WdbScalarBTree*> > const&, ISIM::IGuiStatus*)+0xc4) [0x7fe8f8f15b74]
/opt/xilinx/Xilinx_Vivado_vitis_2019.2/Vivado/2019.2/lib/lnx64.o/librdi_wavedata.so(SimBridge::DataObjMgr::createDrawingBTree(std::vector<SimBridge::IDataObj const*, std::allocator<SimBridge::IDataObj const*> > const&, ISIM::IGuiStatus*, bool)+0x32a) [0x7fe9024f7c1a]
/opt/xilinx/Xilinx_Vivado_vitis_2019.2/Vivado/2019.2/lib/lnx64.o/librdi_wavedata.so(+0x2d8c32) [0x7fe9025b1c32]
/opt/xilinx/Xilinx_Vivado_vitis_2019.2/Vivado/2019.2/lib/lnx64.o/librdi_wavedata.so(+0x2d8edc) [0x7fe9025b1edc]
/opt/xilinx/Xilinx_Vivado_vitis_2019.2/Vivado/2019.2/lib/lnx64.o/librdi_wavedata.so(SG_Model::SGBuilderImp::addDataObj(SG_Model::WVDataObject*, std::__cxx11::basic_string<char, std::char_traits<char>, std::allocator<char> > const&, int)+0x1b9) [0x7fe90257d209]
/opt/xilinx/Xilinx_Vivado_vitis_2019.2/Vivado/2019.2/lib/lnx64.o/librdi_wavedata.so(SG_Model::SGBuilder::processStartElement(std::__cxx11::basic_string<char, std::char_traits<char>, std::allocator<char> > const&, xercesc_3_1::AttributeList*)+0x699) [0x7fe90257e109]
/opt/xilinx/Xilinx_Vivado_vitis_2019.2/Vivado/2019.2/lib/lnx64.o/librdi_wavedata.so(SG_Model::SAXHandlers::startElement(unsigned short const*, xercesc_3_1::AttributeList&)+0x131) [0x7fe9025b50d1]
/opt/xilinx/Xilinx_Vivado_vitis_2019.2/Vivado/2019.2/lib/lnx64.o/libxerces-c-3.1.so(xercesc_3_1::SAXParser::startElement(xercesc_3_1::XMLElementDecl const&, unsigned int, unsigned short const*, xercesc_3_1::RefVectorOf<xercesc_3_1::XMLAttr> const&, unsigned long, bool, bool)+0x146) [0x7fe940c1d0f6]
/opt/xilinx/Xilinx_Vivado_vitis_2019.2/Vivado/2019.2/lib/lnx64.o/libxerces-c-3.1.so(xercesc_3_1::IGXMLScanner::scanStartTag(bool&)+0x9f9) [0x7fe940bbb149]
/opt/xilinx/Xilinx_Vivado_vitis_2019.2/Vivado/2019.2/lib/lnx64.o/libxerces-c-3.1.so(xercesc_3_1::IGXMLScanner::scanContent()+0x1b5) [0x7fe940bbff95]
/opt/xilinx/Xilinx_Vivado_vitis_2019.2/Vivado/2019.2/lib/lnx64.o/libxerces-c-3.1.so(xercesc_3_1::IGXMLScanner::scanDocument(xercesc_3_1::InputSource const&)+0xb0) [0x7fe940bc00b0]
/opt/xilinx/Xilinx_Vivado_vitis_2019.2/Vivado/2019.2/lib/lnx64.o/libxerces-c-3.1.so(xercesc_3_1::XMLScanner::scanDocument(unsigned short const*)+0x136) [0x7fe940bed056]
/opt/xilinx/Xilinx_Vivado_vitis_2019.2/Vivado/2019.2/lib/lnx64.o/libxerces-c-3.1.so(xercesc_3_1::XMLScanner::scanDocument(char const*)+0x32) [0x7fe940bed382]
/opt/xilinx/Xilinx_Vivado_vitis_2019.2/Vivado/2019.2/lib/lnx64.o/libxerces-c-3.1.so(xercesc_3_1::SAXParser::parse(char const*)+0x38) [0x7fe940c1e358]
/opt/xilinx/Xilinx_Vivado_vitis_2019.2/Vivado/2019.2/lib/lnx64.o/librdi_wavedata.so(SG_Model::SGReader::readConfigurationFile(char const*, SG_Model::IBuilder&, SG_Model::IReporter&)+0x96) [0x7fe9025b90b6]
/opt/xilinx/Xilinx_Vivado_vitis_2019.2/Vivado/2019.2/lib/lnx64.o/librdi_wavedata.so(SG_Model::Model::read(std::__cxx11::basic_string<char, std::char_traits<char>, std::allocator<char> > const&, SG_Model::IReporter&, ISIM::IGuiStatus*)+0xe3) [0x7fe9025ae1e3]
/opt/xilinx/Xilinx_Vivado_vitis_2019.2/Vivado/2019.2/lib/lnx64.o/librdi_wavedata.so(WVDAppInterface::WVDWindowManager::openWcfg(std::__cxx11::basic_string<char, std::char_traits<char>, std::allocator<char> > const&, SG_Model::IDesignManager::ConnectMode, ISIM::IGuiStatus*)+0x143) [0x7fe90247b983]
/opt/xilinx/Xilinx_Vivado_vitis_2019.2/Vivado/2019.2/lib/lnx64.o/librdi_wavedatatasks.so(+0xa2ad3) [0x7fe8b644ead3]
/opt/xilinx/Xilinx_Vivado_vitis_2019.2/Vivado/2019.2/lib/lnx64.o/librdi_common.so(+0x86ef32) [0x7fe946e7cf32]
/opt/xilinx/Xilinx_Vivado_vitis_2019.2/Vivado/2019.2/lib/lnx64.o/libtcl8.5.so(+0x334af) [0x7fe940ff54af]
/opt/xilinx/Xilinx_Vivado_vitis_2019.2/Vivado/2019.2/lib/lnx64.o/libtcl8.5.so(Tcl_EvalObjv+0x32) [0x7fe940ff55e2]
/opt/xilinx/Xilinx_Vivado_vitis_2019.2/Vivado/2019.2/lib/lnx64.o/libtcl8.5.so(TclEvalObjEx+0x322) [0x7fe940ff7402]
/opt/xilinx/Xilinx_Vivado_vitis_2019.2/Vivado/2019.2/lib/lnx64.o/librdi_common.so(hdi::tcltasks::task_manager::eval_in_tcl(Tcl_Interp*, Tcl_Obj*, char const*, bool)+0xab9) [0x7fe946e7ed69]
/opt/xilinx/Xilinx_Vivado_vitis_2019.2/Vivado/2019.2/lib/lnx64.o/librdi_simtcltasks.so(+0x13af82) [0x7fe8b68acf82]
/opt/xilinx/Xilinx_Vivado_vitis_2019.2/Vivado/2019.2/lib/lnx64.o/librdi_common.so(+0x86ef32) [0x7fe946e7cf32]
/opt/xilinx/Xilinx_Vivado_vitis_2019.2/Vivado/2019.2/lib/lnx64.o/libtcl8.5.so(+0x334af) [0x7fe940ff54af]
/opt/xilinx/Xilinx_Vivado_vitis_2019.2/Vivado/2019.2/lib/lnx64.o/libtcl8.5.so(+0x34b38) [0x7fe940ff6b38]
/opt/xilinx/Xilinx_Vivado_vitis_2019.2/Vivado/2019.2/lib/lnx64.o/libtcl8.5.so(Tcl_EvalEx+0x13) [0x7fe940ff70a3]
/opt/xilinx/Xilinx_Vivado_vitis_2019.2/Vivado/2019.2/lib/lnx64.o/libtcl8.5.so(TclEvalObjEx+0x1e0) [0x7fe940ff72c0]
/opt/xilinx/Xilinx_Vivado_vitis_2019.2/Vivado/2019.2/lib/lnx64.o/libtcl8.5.so(+0x3b375) [0x7fe940ffd375]
/opt/xilinx/Xilinx_Vivado_vitis_2019.2/Vivado/2019.2/lib/lnx64.o/libtcl8.5.so(+0x334af) [0x7fe940ff54af]
/opt/xilinx/Xilinx_Vivado_vitis_2019.2/Vivado/2019.2/lib/lnx64.o/libtcl8.5.so(+0x76875) [0x7fe941038875]
/opt/xilinx/Xilinx_Vivado_vitis_2019.2/Vivado/2019.2/lib/lnx64.o/libtcl8.5.so(+0x7e029) [0x7fe941040029]
/opt/xilinx/Xilinx_Vivado_vitis_2019.2/Vivado/2019.2/lib/lnx64.o/libtcl8.5.so(TclEvalObjEx+0x76) [0x7fe940ff7156]
/opt/xilinx/Xilinx_Vivado_vitis_2019.2/Vivado/2019.2/lib/lnx64.o/librdi_commontasks.so(+0x294bf4) [0x7fe9349c5bf4]
/opt/xilinx/Xilinx_Vivado_vitis_2019.2/Vivado/2019.2/lib/lnx64.o/libtcl8.5.so(+0x334af) [0x7fe940ff54af]
/opt/xilinx/Xilinx_Vivado_vitis_2019.2/Vivado/2019.2/lib/lnx64.o/libtcl8.5.so(+0x76875) [0x7fe941038875]
/opt/xilinx/Xilinx_Vivado_vitis_2019.2/Vivado/2019.2/lib/lnx64.o/libtcl8.5.so(TclObjInterpProcCore+0x420) [0x7fe941079df0]
/opt/xilinx/Xilinx_Vivado_vitis_2019.2/Vivado/2019.2/lib/lnx64.o/libtcl8.5.so(+0x334af) [0x7fe940ff54af]
/opt/xilinx/Xilinx_Vivado_vitis_2019.2/Vivado/2019.2/lib/lnx64.o/libtcl8.5.so(Tcl_EvalObjv+0x32) [0x7fe940ff55e2]
/opt/xilinx/Xilinx_Vivado_vitis_2019.2/Vivado/2019.2/lib/lnx64.o/libtcl8.5.so(TclEvalObjEx+0x322) [0x7fe940ff7402]
/opt/xilinx/Xilinx_Vivado_vitis_2019.2/Vivado/2019.2/lib/lnx64.o/librdi_tcltasks.so(SimUtils::detail::execStep(Tcl_Interp*, std::__cxx11::basic_ostringstream<char, std::char_traits<char>, std::allocator<char> >&, std::__cxx11::basic_string<char, std::char_traits<char>, std::allocator<char> > const&, std::__cxx11::basic_string<char, std::char_traits<char>, std::allocator<char> > const&, std::__cxx11::basic_string<char, std::char_traits<char>, std::allocator<char> >&, bool&)+0x1fe) [0x7fe931cbc15e]
/opt/xilinx/Xilinx_Vivado_vitis_2019.2/Vivado/2019.2/lib/lnx64.o/librdi_tcltasks.so(SimUtils::detail::execSimStep(Tcl_Interp*, std::__cxx11::basic_ostringstream<char, std::char_traits<char>, std::allocator<char> >&, HAPUFSimulator*, HAPUFSimulator::TclProc, std::__cxx11::basic_string<char, std::char_traits<char>, std::allocator<char> > const&, bool, HADAFileSet*, std::__cxx11::basic_string<char, std::char_traits<char>, std::allocator<char> > const&, HAPUFSimulator::SimulationStep, bool, HDGUIStatus*)+0x75) [0x7fe931cbc475]
/opt/xilinx/Xilinx_Vivado_vitis_2019.2/Vivado/2019.2/lib/lnx64.o/librdi_tcltasks.so(HTCSimUtils::executeStep(Tcl_Interp*, HADAFileSet*, HADAFileSet*, HAPUFSimulator*, HDGUIStatus*, std::__cxx11::basic_string<char, std::char_traits<char>, std::allocator<char> > const&, std::__cxx11::basic_string<char, std::char_traits<char>, std::allocator<char> > const&, std::__cxx11::basic_string<char, std::char_traits<char>, std::allocator<char> > const&, bool, bool, bool, std::__cxx11::basic_ostringstream<char, std::char_traits<char>, std::allocator<char> >&)+0x4b7) [0x7fe931cbcad7]
/opt/xilinx/Xilinx_Vivado_vitis_2019.2/Vivado/2019.2/lib/lnx64.o/librdi_tcltasks.so(+0x182d246) [0x7fe931c66246]
/opt/xilinx/Xilinx_Vivado_vitis_2019.2/Vivado/2019.2/lib/lnx64.o/librdi_common.so(+0x86ef32) [0x7fe946e7cf32]
/opt/xilinx/Xilinx_Vivado_vitis_2019.2/Vivado/2019.2/lib/lnx64.o/libtcl8.5.so(+0x334af) [0x7fe940ff54af]
/opt/xilinx/Xilinx_Vivado_vitis_2019.2/Vivado/2019.2/lib/lnx64.o/libtcl8.5.so(+0x76875) [0x7fe941038875]
/opt/xilinx/Xilinx_Vivado_vitis_2019.2/Vivado/2019.2/lib/lnx64.o/libtcl8.5.so(+0x7e029) [0x7fe941040029]
/opt/xilinx/Xilinx_Vivado_vitis_2019.2/Vivado/2019.2/lib/lnx64.o/libtcl8.5.so(TclEvalObjEx+0x76) [0x7fe940ff7156]
/opt/xilinx/Xilinx_Vivado_vitis_2019.2/Vivado/2019.2/lib/lnx64.o/librdi_common.so(+0x86d441) [0x7fe946e7b441]
/opt/xilinx/Xilinx_Vivado_vitis_2019.2/Vivado/2019.2/lib/lnx64.o/libtcl8.5.so(Tcl_ServiceEvent+0x7f) [0x7fe941069b0f]
/opt/xilinx/Xilinx_Vivado_vitis_2019.2/Vivado/2019.2/lib/lnx64.o/libtcl8.5.so(Tcl_DoOneEvent+0x154) [0x7fe941069e44]
/opt/xilinx/Xilinx_Vivado_vitis_2019.2/Vivado/2019.2/lib/lnx64.o/librdi_commontasks.so(+0x2da555) [0x7fe934a0b555]
/opt/xilinx/Xilinx_Vivado_vitis_2019.2/Vivado/2019.2/lib/lnx64.o/librdi_commontasks.so(+0x2df101) [0x7fe934a10101]
/opt/xilinx/Xilinx_Vivado_vitis_2019.2/Vivado/2019.2/lib/lnx64.o/librdi_commontasks.so(+0x2e011e) [0x7fe934a1111e]
/opt/xilinx/Xilinx_Vivado_vitis_2019.2/Vivado/2019.2/lib/lnx64.o/librdi_common.so(+0x86ef32) [0x7fe946e7cf32]
/opt/xilinx/Xilinx_Vivado_vitis_2019.2/Vivado/2019.2/lib/lnx64.o/libtcl8.5.so(+0x334af) [0x7fe940ff54af]
/opt/xilinx/Xilinx_Vivado_vitis_2019.2/Vivado/2019.2/lib/lnx64.o/libtcl8.5.so(+0x76875) [0x7fe941038875]
/opt/xilinx/Xilinx_Vivado_vitis_2019.2/Vivado/2019.2/lib/lnx64.o/libtcl8.5.so(+0x7e029) [0x7fe941040029]
/opt/xilinx/Xilinx_Vivado_vitis_2019.2/Vivado/2019.2/lib/lnx64.o/libtcl8.5.so(TclEvalObjEx+0x76) [0x7fe940ff7156]
/opt/xilinx/Xilinx_Vivado_vitis_2019.2/Vivado/2019.2/lib/lnx64.o/librdi_commonmain.so(+0x7af3) [0x7fe946407af3]
/opt/xilinx/Xilinx_Vivado_vitis_2019.2/Vivado/2019.2/lib/lnx64.o/libtcl8.5.so(Tcl_Main+0x1d0) [0x7fe941062210]
/opt/xilinx/Xilinx_Vivado_vitis_2019.2/Vivado/2019.2/lib/lnx64.o/librdi_common.so(+0x8b335b) [0x7fe946ec135b]
/lib64/libpthread.so.0(+0x7e65) [0x7fe945887e65]
/lib64/libc.so.6(clone+0x6d) [0x7fe945b9a88d]
