#
# An unexpected error has occurred (11)
#
Stack:
/opt/xilinx/Xilinx_Vivado_vitis_2019.2/Vivado/2019.2/tps/lnx64/jre9.0.4/lib//server/libjvm.so(+0xb6aadb) [0x7f4b5508cadb]
/opt/xilinx/Xilinx_Vivado_vitis_2019.2/Vivado/2019.2/tps/lnx64/jre9.0.4/lib//server/libjvm.so(JVM_handle_linux_signal+0xbb) [0x7f4b55091e1b]
/opt/xilinx/Xilinx_Vivado_vitis_2019.2/Vivado/2019.2/tps/lnx64/jre9.0.4/lib//server/libjvm.so(+0xb647b8) [0x7f4b550867b8]
/lib64/libc.so.6(+0x363b0) [0x7f4ba6cc63b0]
/opt/xilinx/Xilinx_Vivado_vitis_2019.2/Vivado/2019.2/lib/lnx64.o/librdi_simbridge_kernel.so(SimBridge::CArray::empty() const+0) [0x7f4b5a112540]
/opt/xilinx/Xilinx_Vivado_vitis_2019.2/Vivado/2019.2/lib/lnx64.o/librdi_simbridge_kernel.so(SimBridge::WdbEventBlock::addBlock(SimBridge::WdbIBlockManager&, unsigned int&) const+0x1e) [0x7f4b5a112c1e]
/opt/xilinx/Xilinx_Vivado_vitis_2019.2/Vivado/2019.2/lib/lnx64.o/librdi_simbridge_kernel.so(SimBridge::WdbMultipleBucketEventDatabase::getEventBlockDatabaseIterator(std::vector<SimBridge::WdbScalarBTree*, std::allocator<SimBridge::WdbScalarBTree*> > const&, std::vector<boost::shared_ptr<SimBridge::WdbIEventBlockIterator>, std::allocator<boost::shared_ptr<SimBridge::WdbIEventBlockIterator> > >&, std::vector<std::vector<SimBridge::WdbScalarBTree*, std::allocator<SimBridge::WdbScalarBTree*> >, std::allocator<std::vector<SimBridge::WdbScalarBTree*, std::allocator<SimBridge::WdbScalarBTree*> > > >&) const+0x691) [0x7f4b5a12bfd1]
/opt/xilinx/Xilinx_Vivado_vitis_2019.2/Vivado/2019.2/lib/lnx64.o/librdi_simbridge_kernel.so(SimBridge::WdbAddressBTreeManager::scanWdbDatabaseMultiThread(std::vector<SimBridge::WdbScalarBTree*, std::allocator<SimBridge::WdbScalarBTree*> > const&, ISIM::IGuiStatus*)+0xc4) [0x7f4b5a109b74]
/opt/xilinx/Xilinx_Vivado_vitis_2019.2/Vivado/2019.2/lib/lnx64.o/librdi_wavedata.so(SimBridge::DataObjMgr::createDrawingBTree(std::vector<SimBridge::IDataObj const*, std::allocator<SimBridge::IDataObj const*> > const&, ISIM::IGuiStatus*, bool)+0x32a) [0x7f4b636ebc1a]
/opt/xilinx/Xilinx_Vivado_vitis_2019.2/Vivado/2019.2/lib/lnx64.o/librdi_wavedata.so(+0x2d8c32) [0x7f4b637a5c32]
/opt/xilinx/Xilinx_Vivado_vitis_2019.2/Vivado/2019.2/lib/lnx64.o/librdi_wavedata.so(+0x2d8edc) [0x7f4b637a5edc]
/opt/xilinx/Xilinx_Vivado_vitis_2019.2/Vivado/2019.2/lib/lnx64.o/librdi_wavedata.so(SG_Model::ModelImp::updateData(SG_Model::WVDataObject*, bool)+0x30f) [0x7f4b6379fe8f]
/opt/xilinx/Xilinx_Vivado_vitis_2019.2/Vivado/2019.2/lib/lnx64.o/librdi_wavedata.so(SG_Model::ModelImp::updateData(SG_Model::WVDataObject*, bool)+0x18f) [0x7f4b6379fd0f]
/opt/xilinx/Xilinx_Vivado_vitis_2019.2/Vivado/2019.2/lib/lnx64.o/librdi_wavedata.so(SG_Model::ModelImp::updateData()+0x96b) [0x7f4b637a0b7b]
/opt/xilinx/Xilinx_Vivado_vitis_2019.2/Vivado/2019.2/lib/lnx64.o/librdi_wavedata.so(SG_Model::Model::read(std::__cxx11::basic_string<char, std::char_traits<char>, std::allocator<char> > const&, SG_Model::IReporter&, ISIM::IGuiStatus*)+0x20d) [0x7f4b637a230d]
/opt/xilinx/Xilinx_Vivado_vitis_2019.2/Vivado/2019.2/lib/lnx64.o/librdi_wavedata.so(WVDAppInterface::WVDWindowManager::openWcfg(std::__cxx11::basic_string<char, std::char_traits<char>, std::allocator<char> > const&, SG_Model::IDesignManager::ConnectMode, ISIM::IGuiStatus*)+0x143) [0x7f4b6366f983]
/opt/xilinx/Xilinx_Vivado_vitis_2019.2/Vivado/2019.2/lib/lnx64.o/librdi_wavedatatasks.so(+0xa2ad3) [0x7f4b173a4ad3]
/opt/xilinx/Xilinx_Vivado_vitis_2019.2/Vivado/2019.2/lib/lnx64.o/librdi_common.so(+0x86ef32) [0x7f4ba8070f32]
/opt/xilinx/Xilinx_Vivado_vitis_2019.2/Vivado/2019.2/lib/lnx64.o/libtcl8.5.so(+0x334af) [0x7f4ba21e94af]
/opt/xilinx/Xilinx_Vivado_vitis_2019.2/Vivado/2019.2/lib/lnx64.o/libtcl8.5.so(Tcl_EvalObjv+0x32) [0x7f4ba21e95e2]
/opt/xilinx/Xilinx_Vivado_vitis_2019.2/Vivado/2019.2/lib/lnx64.o/libtcl8.5.so(TclEvalObjEx+0x322) [0x7f4ba21eb402]
/opt/xilinx/Xilinx_Vivado_vitis_2019.2/Vivado/2019.2/lib/lnx64.o/librdi_common.so(hdi::tcltasks::task_manager::eval_in_tcl(Tcl_Interp*, Tcl_Obj*, char const*, bool)+0xab9) [0x7f4ba8072d69]
/opt/xilinx/Xilinx_Vivado_vitis_2019.2/Vivado/2019.2/lib/lnx64.o/librdi_simtcltasks.so(+0x13af82) [0x7f4b1acd9f82]
/opt/xilinx/Xilinx_Vivado_vitis_2019.2/Vivado/2019.2/lib/lnx64.o/librdi_common.so(+0x86ef32) [0x7f4ba8070f32]
/opt/xilinx/Xilinx_Vivado_vitis_2019.2/Vivado/2019.2/lib/lnx64.o/libtcl8.5.so(+0x334af) [0x7f4ba21e94af]
/opt/xilinx/Xilinx_Vivado_vitis_2019.2/Vivado/2019.2/lib/lnx64.o/libtcl8.5.so(+0x34b38) [0x7f4ba21eab38]
/opt/xilinx/Xilinx_Vivado_vitis_2019.2/Vivado/2019.2/lib/lnx64.o/libtcl8.5.so(Tcl_EvalEx+0x13) [0x7f4ba21eb0a3]
/opt/xilinx/Xilinx_Vivado_vitis_2019.2/Vivado/2019.2/lib/lnx64.o/libtcl8.5.so(TclEvalObjEx+0x1e0) [0x7f4ba21eb2c0]
/opt/xilinx/Xilinx_Vivado_vitis_2019.2/Vivado/2019.2/lib/lnx64.o/libtcl8.5.so(+0x3b375) [0x7f4ba21f1375]
/opt/xilinx/Xilinx_Vivado_vitis_2019.2/Vivado/2019.2/lib/lnx64.o/libtcl8.5.so(+0x334af) [0x7f4ba21e94af]
/opt/xilinx/Xilinx_Vivado_vitis_2019.2/Vivado/2019.2/lib/lnx64.o/libtcl8.5.so(+0x76875) [0x7f4ba222c875]
/opt/xilinx/Xilinx_Vivado_vitis_2019.2/Vivado/2019.2/lib/lnx64.o/libtcl8.5.so(+0x7e029) [0x7f4ba2234029]
/opt/xilinx/Xilinx_Vivado_vitis_2019.2/Vivado/2019.2/lib/lnx64.o/libtcl8.5.so(TclEvalObjEx+0x76) [0x7f4ba21eb156]
/opt/xilinx/Xilinx_Vivado_vitis_2019.2/Vivado/2019.2/lib/lnx64.o/librdi_commontasks.so(+0x294bf4) [0x7f4b95bb9bf4]
/opt/xilinx/Xilinx_Vivado_vitis_2019.2/Vivado/2019.2/lib/lnx64.o/libtcl8.5.so(+0x334af) [0x7f4ba21e94af]
/opt/xilinx/Xilinx_Vivado_vitis_2019.2/Vivado/2019.2/lib/lnx64.o/libtcl8.5.so(+0x76875) [0x7f4ba222c875]
/opt/xilinx/Xilinx_Vivado_vitis_2019.2/Vivado/2019.2/lib/lnx64.o/libtcl8.5.so(TclObjInterpProcCore+0x420) [0x7f4ba226ddf0]
/opt/xilinx/Xilinx_Vivado_vitis_2019.2/Vivado/2019.2/lib/lnx64.o/libtcl8.5.so(+0x334af) [0x7f4ba21e94af]
/opt/xilinx/Xilinx_Vivado_vitis_2019.2/Vivado/2019.2/lib/lnx64.o/libtcl8.5.so(Tcl_EvalObjv+0x32) [0x7f4ba21e95e2]
/opt/xilinx/Xilinx_Vivado_vitis_2019.2/Vivado/2019.2/lib/lnx64.o/libtcl8.5.so(TclEvalObjEx+0x322) [0x7f4ba21eb402]
/opt/xilinx/Xilinx_Vivado_vitis_2019.2/Vivado/2019.2/lib/lnx64.o/librdi_tcltasks.so(SimUtils::detail::execStep(Tcl_Interp*, std::__cxx11::basic_ostringstream<char, std::char_traits<char>, std::allocator<char> >&, std::__cxx11::basic_string<char, std::char_traits<char>, std::allocator<char> > const&, std::__cxx11::basic_string<char, std::char_traits<char>, std::allocator<char> > const&, std::__cxx11::basic_string<char, std::char_traits<char>, std::allocator<char> >&, bool&)+0x1fe) [0x7f4b92eb015e]
/opt/xilinx/Xilinx_Vivado_vitis_2019.2/Vivado/2019.2/lib/lnx64.o/librdi_tcltasks.so(SimUtils::detail::execSimStep(Tcl_Interp*, std::__cxx11::basic_ostringstream<char, std::char_traits<char>, std::allocator<char> >&, HAPUFSimulator*, HAPUFSimulator::TclProc, std::__cxx11::basic_string<char, std::char_traits<char>, std::allocator<char> > const&, bool, HADAFileSet*, std::__cxx11::basic_string<char, std::char_traits<char>, std::allocator<char> > const&, HAPUFSimulator::SimulationStep, bool, HDGUIStatus*)+0x75) [0x7f4b92eb0475]
/opt/xilinx/Xilinx_Vivado_vitis_2019.2/Vivado/2019.2/lib/lnx64.o/librdi_tcltasks.so(HTCSimUtils::executeStep(Tcl_Interp*, HADAFileSet*, HADAFileSet*, HAPUFSimulator*, HDGUIStatus*, std::__cxx11::basic_string<char, std::char_traits<char>, std::allocator<char> > const&, std::__cxx11::basic_string<char, std::char_traits<char>, std::allocator<char> > const&, std::__cxx11::basic_string<char, std::char_traits<char>, std::allocator<char> > const&, bool, bool, bool, std::__cxx11::basic_ostringstream<char, std::char_traits<char>, std::allocator<char> >&)+0x4b7) [0x7f4b92eb0ad7]
/opt/xilinx/Xilinx_Vivado_vitis_2019.2/Vivado/2019.2/lib/lnx64.o/librdi_tcltasks.so(+0x182d246) [0x7f4b92e5a246]
/opt/xilinx/Xilinx_Vivado_vitis_2019.2/Vivado/2019.2/lib/lnx64.o/librdi_common.so(+0x86ef32) [0x7f4ba8070f32]
/opt/xilinx/Xilinx_Vivado_vitis_2019.2/Vivado/2019.2/lib/lnx64.o/libtcl8.5.so(+0x334af) [0x7f4ba21e94af]
/opt/xilinx/Xilinx_Vivado_vitis_2019.2/Vivado/2019.2/lib/lnx64.o/libtcl8.5.so(+0x76875) [0x7f4ba222c875]
/opt/xilinx/Xilinx_Vivado_vitis_2019.2/Vivado/2019.2/lib/lnx64.o/libtcl8.5.so(+0x7e029) [0x7f4ba2234029]
/opt/xilinx/Xilinx_Vivado_vitis_2019.2/Vivado/2019.2/lib/lnx64.o/libtcl8.5.so(TclEvalObjEx+0x76) [0x7f4ba21eb156]
/opt/xilinx/Xilinx_Vivado_vitis_2019.2/Vivado/2019.2/lib/lnx64.o/librdi_common.so(+0x86d441) [0x7f4ba806f441]
/opt/xilinx/Xilinx_Vivado_vitis_2019.2/Vivado/2019.2/lib/lnx64.o/libtcl8.5.so(Tcl_ServiceEvent+0x7f) [0x7f4ba225db0f]
/opt/xilinx/Xilinx_Vivado_vitis_2019.2/Vivado/2019.2/lib/lnx64.o/libtcl8.5.so(Tcl_DoOneEvent+0x154) [0x7f4ba225de44]
/opt/xilinx/Xilinx_Vivado_vitis_2019.2/Vivado/2019.2/lib/lnx64.o/librdi_commontasks.so(+0x2da555) [0x7f4b95bff555]
/opt/xilinx/Xilinx_Vivado_vitis_2019.2/Vivado/2019.2/lib/lnx64.o/librdi_commontasks.so(+0x2df101) [0x7f4b95c04101]
/opt/xilinx/Xilinx_Vivado_vitis_2019.2/Vivado/2019.2/lib/lnx64.o/librdi_commontasks.so(+0x2e011e) [0x7f4b95c0511e]
/opt/xilinx/Xilinx_Vivado_vitis_2019.2/Vivado/2019.2/lib/lnx64.o/librdi_common.so(+0x86ef32) [0x7f4ba8070f32]
/opt/xilinx/Xilinx_Vivado_vitis_2019.2/Vivado/2019.2/lib/lnx64.o/libtcl8.5.so(+0x334af) [0x7f4ba21e94af]
/opt/xilinx/Xilinx_Vivado_vitis_2019.2/Vivado/2019.2/lib/lnx64.o/libtcl8.5.so(+0x76875) [0x7f4ba222c875]
/opt/xilinx/Xilinx_Vivado_vitis_2019.2/Vivado/2019.2/lib/lnx64.o/libtcl8.5.so(+0x7e029) [0x7f4ba2234029]
/opt/xilinx/Xilinx_Vivado_vitis_2019.2/Vivado/2019.2/lib/lnx64.o/libtcl8.5.so(TclEvalObjEx+0x76) [0x7f4ba21eb156]
/opt/xilinx/Xilinx_Vivado_vitis_2019.2/Vivado/2019.2/lib/lnx64.o/librdi_commonmain.so(+0x7af3) [0x7f4ba75fbaf3]
/opt/xilinx/Xilinx_Vivado_vitis_2019.2/Vivado/2019.2/lib/lnx64.o/libtcl8.5.so(Tcl_Main+0x1d0) [0x7f4ba2256210]
/opt/xilinx/Xilinx_Vivado_vitis_2019.2/Vivado/2019.2/lib/lnx64.o/librdi_common.so(+0x8b335b) [0x7f4ba80b535b]
/lib64/libpthread.so.0(+0x7e65) [0x7f4ba6a7be65]
/lib64/libc.so.6(clone+0x6d) [0x7f4ba6d8e88d]
