#
# An unexpected error has occurred (11)
#
Stack:
/opt/xilinx/Xilinx_Vivado_vitis_2019.2/Vivado/2019.2/tps/lnx64/jre9.0.4/lib//server/libjvm.so(+0xb6aadb) [0x7f1a3bb73adb]
/opt/xilinx/Xilinx_Vivado_vitis_2019.2/Vivado/2019.2/tps/lnx64/jre9.0.4/lib//server/libjvm.so(JVM_handle_linux_signal+0xbb) [0x7f1a3bb78e1b]
/opt/xilinx/Xilinx_Vivado_vitis_2019.2/Vivado/2019.2/tps/lnx64/jre9.0.4/lib//server/libjvm.so(+0xb647b8) [0x7f1a3bb6d7b8]
/lib64/libc.so.6(+0x363b0) [0x7f1a8d7ad3b0]
/opt/xilinx/Xilinx_Vivado_vitis_2019.2/Vivado/2019.2/lib/lnx64.o/librdi_simbridge_kernel.so(SimBridge::CArray::empty() const+0) [0x7f1a40bf9540]
/opt/xilinx/Xilinx_Vivado_vitis_2019.2/Vivado/2019.2/lib/lnx64.o/librdi_simbridge_kernel.so(SimBridge::WdbEventBlock::addBlock(SimBridge::WdbIBlockManager&, unsigned int&) const+0x1e) [0x7f1a40bf9c1e]
/opt/xilinx/Xilinx_Vivado_vitis_2019.2/Vivado/2019.2/lib/lnx64.o/librdi_simbridge_kernel.so(SimBridge::WdbMultipleBucketEventDatabase::getEventBlockDatabaseIterator(std::vector<SimBridge::WdbScalarBTree*, std::allocator<SimBridge::WdbScalarBTree*> > const&, std::vector<boost::shared_ptr<SimBridge::WdbIEventBlockIterator>, std::allocator<boost::shared_ptr<SimBridge::WdbIEventBlockIterator> > >&, std::vector<std::vector<SimBridge::WdbScalarBTree*, std::allocator<SimBridge::WdbScalarBTree*> >, std::allocator<std::vector<SimBridge::WdbScalarBTree*, std::allocator<SimBridge::WdbScalarBTree*> > > >&) const+0x691) [0x7f1a40c12fd1]
/opt/xilinx/Xilinx_Vivado_vitis_2019.2/Vivado/2019.2/lib/lnx64.o/librdi_simbridge_kernel.so(SimBridge::WdbAddressBTreeManager::scanWdbDatabaseMultiThread(std::vector<SimBridge::WdbScalarBTree*, std::allocator<SimBridge::WdbScalarBTree*> > const&, ISIM::IGuiStatus*)+0xc4) [0x7f1a40bf0b74]
/opt/xilinx/Xilinx_Vivado_vitis_2019.2/Vivado/2019.2/lib/lnx64.o/librdi_wavedata.so(SimBridge::DataObjMgr::createDrawingBTree(std::vector<SimBridge::IDataObj const*, std::allocator<SimBridge::IDataObj const*> > const&, ISIM::IGuiStatus*, bool)+0x32a) [0x7f1a4a1d2c1a]
/opt/xilinx/Xilinx_Vivado_vitis_2019.2/Vivado/2019.2/lib/lnx64.o/librdi_wavedata.so(+0x2d8c32) [0x7f1a4a28cc32]
/opt/xilinx/Xilinx_Vivado_vitis_2019.2/Vivado/2019.2/lib/lnx64.o/librdi_wavedata.so(+0x2d8edc) [0x7f1a4a28cedc]
/opt/xilinx/Xilinx_Vivado_vitis_2019.2/Vivado/2019.2/lib/lnx64.o/librdi_wavedata.so(SG_Model::SGBuilderImp::addDataObj(SG_Model::WVDataObject*, std::__cxx11::basic_string<char, std::char_traits<char>, std::allocator<char> > const&, int)+0x1b9) [0x7f1a4a258209]
/opt/xilinx/Xilinx_Vivado_vitis_2019.2/Vivado/2019.2/lib/lnx64.o/librdi_wavedata.so(SG_Model::SGBuilder::processStartElement(std::__cxx11::basic_string<char, std::char_traits<char>, std::allocator<char> > const&, xercesc_3_1::AttributeList*)+0x699) [0x7f1a4a259109]
/opt/xilinx/Xilinx_Vivado_vitis_2019.2/Vivado/2019.2/lib/lnx64.o/librdi_wavedata.so(SG_Model::SAXHandlers::startElement(unsigned short const*, xercesc_3_1::AttributeList&)+0x131) [0x7f1a4a2900d1]
/opt/xilinx/Xilinx_Vivado_vitis_2019.2/Vivado/2019.2/lib/lnx64.o/libxerces-c-3.1.so(xercesc_3_1::SAXParser::startElement(xercesc_3_1::XMLElementDecl const&, unsigned int, unsigned short const*, xercesc_3_1::RefVectorOf<xercesc_3_1::XMLAttr> const&, unsigned long, bool, bool)+0x146) [0x7f1a888f80f6]
/opt/xilinx/Xilinx_Vivado_vitis_2019.2/Vivado/2019.2/lib/lnx64.o/libxerces-c-3.1.so(xercesc_3_1::IGXMLScanner::scanStartTag(bool&)+0x9f9) [0x7f1a88896149]
/opt/xilinx/Xilinx_Vivado_vitis_2019.2/Vivado/2019.2/lib/lnx64.o/libxerces-c-3.1.so(xercesc_3_1::IGXMLScanner::scanContent()+0x1b5) [0x7f1a8889af95]
/opt/xilinx/Xilinx_Vivado_vitis_2019.2/Vivado/2019.2/lib/lnx64.o/libxerces-c-3.1.so(xercesc_3_1::IGXMLScanner::scanDocument(xercesc_3_1::InputSource const&)+0xb0) [0x7f1a8889b0b0]
/opt/xilinx/Xilinx_Vivado_vitis_2019.2/Vivado/2019.2/lib/lnx64.o/libxerces-c-3.1.so(xercesc_3_1::XMLScanner::scanDocument(unsigned short const*)+0x136) [0x7f1a888c8056]
/opt/xilinx/Xilinx_Vivado_vitis_2019.2/Vivado/2019.2/lib/lnx64.o/libxerces-c-3.1.so(xercesc_3_1::XMLScanner::scanDocument(char const*)+0x32) [0x7f1a888c8382]
/opt/xilinx/Xilinx_Vivado_vitis_2019.2/Vivado/2019.2/lib/lnx64.o/libxerces-c-3.1.so(xercesc_3_1::SAXParser::parse(char const*)+0x38) [0x7f1a888f9358]
/opt/xilinx/Xilinx_Vivado_vitis_2019.2/Vivado/2019.2/lib/lnx64.o/librdi_wavedata.so(SG_Model::SGReader::readConfigurationFile(char const*, SG_Model::IBuilder&, SG_Model::IReporter&)+0x96) [0x7f1a4a2940b6]
/opt/xilinx/Xilinx_Vivado_vitis_2019.2/Vivado/2019.2/lib/lnx64.o/librdi_wavedata.so(SG_Model::Model::read(std::__cxx11::basic_string<char, std::char_traits<char>, std::allocator<char> > const&, SG_Model::IReporter&, ISIM::IGuiStatus*)+0xe3) [0x7f1a4a2891e3]
/opt/xilinx/Xilinx_Vivado_vitis_2019.2/Vivado/2019.2/lib/lnx64.o/librdi_wavedata.so(WVDAppInterface::WVDWindowManager::openWcfg(std::__cxx11::basic_string<char, std::char_traits<char>, std::allocator<char> > const&, SG_Model::IDesignManager::ConnectMode, ISIM::IGuiStatus*)+0x143) [0x7f1a4a156983]
/opt/xilinx/Xilinx_Vivado_vitis_2019.2/Vivado/2019.2/lib/lnx64.o/librdi_wavedatatasks.so(+0xa2ad3) [0x7f19fba8cad3]
/opt/xilinx/Xilinx_Vivado_vitis_2019.2/Vivado/2019.2/lib/lnx64.o/librdi_common.so(+0x86ef32) [0x7f1a8eb57f32]
/opt/xilinx/Xilinx_Vivado_vitis_2019.2/Vivado/2019.2/lib/lnx64.o/libtcl8.5.so(+0x334af) [0x7f1a88cd04af]
/opt/xilinx/Xilinx_Vivado_vitis_2019.2/Vivado/2019.2/lib/lnx64.o/libtcl8.5.so(Tcl_EvalObjv+0x32) [0x7f1a88cd05e2]
/opt/xilinx/Xilinx_Vivado_vitis_2019.2/Vivado/2019.2/lib/lnx64.o/libtcl8.5.so(TclEvalObjEx+0x322) [0x7f1a88cd2402]
/opt/xilinx/Xilinx_Vivado_vitis_2019.2/Vivado/2019.2/lib/lnx64.o/librdi_common.so(hdi::tcltasks::task_manager::eval_in_tcl(Tcl_Interp*, Tcl_Obj*, char const*, bool)+0xab9) [0x7f1a8eb59d69]
/opt/xilinx/Xilinx_Vivado_vitis_2019.2/Vivado/2019.2/lib/lnx64.o/librdi_simtcltasks.so(+0x13af82) [0x7f19f87b2f82]
/opt/xilinx/Xilinx_Vivado_vitis_2019.2/Vivado/2019.2/lib/lnx64.o/librdi_common.so(+0x86ef32) [0x7f1a8eb57f32]
/opt/xilinx/Xilinx_Vivado_vitis_2019.2/Vivado/2019.2/lib/lnx64.o/libtcl8.5.so(+0x334af) [0x7f1a88cd04af]
/opt/xilinx/Xilinx_Vivado_vitis_2019.2/Vivado/2019.2/lib/lnx64.o/libtcl8.5.so(+0x34b38) [0x7f1a88cd1b38]
/opt/xilinx/Xilinx_Vivado_vitis_2019.2/Vivado/2019.2/lib/lnx64.o/libtcl8.5.so(Tcl_EvalEx+0x13) [0x7f1a88cd20a3]
/opt/xilinx/Xilinx_Vivado_vitis_2019.2/Vivado/2019.2/lib/lnx64.o/libtcl8.5.so(TclEvalObjEx+0x1e0) [0x7f1a88cd22c0]
/opt/xilinx/Xilinx_Vivado_vitis_2019.2/Vivado/2019.2/lib/lnx64.o/libtcl8.5.so(+0x3b375) [0x7f1a88cd8375]
/opt/xilinx/Xilinx_Vivado_vitis_2019.2/Vivado/2019.2/lib/lnx64.o/libtcl8.5.so(+0x334af) [0x7f1a88cd04af]
/opt/xilinx/Xilinx_Vivado_vitis_2019.2/Vivado/2019.2/lib/lnx64.o/libtcl8.5.so(+0x76875) [0x7f1a88d13875]
/opt/xilinx/Xilinx_Vivado_vitis_2019.2/Vivado/2019.2/lib/lnx64.o/libtcl8.5.so(+0x7e029) [0x7f1a88d1b029]
/opt/xilinx/Xilinx_Vivado_vitis_2019.2/Vivado/2019.2/lib/lnx64.o/libtcl8.5.so(TclEvalObjEx+0x76) [0x7f1a88cd2156]
/opt/xilinx/Xilinx_Vivado_vitis_2019.2/Vivado/2019.2/lib/lnx64.o/librdi_commontasks.so(+0x294bf4) [0x7f1a7c6a0bf4]
/opt/xilinx/Xilinx_Vivado_vitis_2019.2/Vivado/2019.2/lib/lnx64.o/libtcl8.5.so(+0x334af) [0x7f1a88cd04af]
/opt/xilinx/Xilinx_Vivado_vitis_2019.2/Vivado/2019.2/lib/lnx64.o/libtcl8.5.so(+0x76875) [0x7f1a88d13875]
/opt/xilinx/Xilinx_Vivado_vitis_2019.2/Vivado/2019.2/lib/lnx64.o/libtcl8.5.so(TclObjInterpProcCore+0x420) [0x7f1a88d54df0]
/opt/xilinx/Xilinx_Vivado_vitis_2019.2/Vivado/2019.2/lib/lnx64.o/libtcl8.5.so(+0x334af) [0x7f1a88cd04af]
/opt/xilinx/Xilinx_Vivado_vitis_2019.2/Vivado/2019.2/lib/lnx64.o/libtcl8.5.so(Tcl_EvalObjv+0x32) [0x7f1a88cd05e2]
/opt/xilinx/Xilinx_Vivado_vitis_2019.2/Vivado/2019.2/lib/lnx64.o/libtcl8.5.so(TclEvalObjEx+0x322) [0x7f1a88cd2402]
/opt/xilinx/Xilinx_Vivado_vitis_2019.2/Vivado/2019.2/lib/lnx64.o/librdi_tcltasks.so(SimUtils::detail::execStep(Tcl_Interp*, std::__cxx11::basic_ostringstream<char, std::char_traits<char>, std::allocator<char> >&, std::__cxx11::basic_string<char, std::char_traits<char>, std::allocator<char> > const&, std::__cxx11::basic_string<char, std::char_traits<char>, std::allocator<char> > const&, std::__cxx11::basic_string<char, std::char_traits<char>, std::allocator<char> >&, bool&)+0x1fe) [0x7f1a7999715e]
/opt/xilinx/Xilinx_Vivado_vitis_2019.2/Vivado/2019.2/lib/lnx64.o/librdi_tcltasks.so(SimUtils::detail::execSimStep(Tcl_Interp*, std::__cxx11::basic_ostringstream<char, std::char_traits<char>, std::allocator<char> >&, HAPUFSimulator*, HAPUFSimulator::TclProc, std::__cxx11::basic_string<char, std::char_traits<char>, std::allocator<char> > const&, bool, HADAFileSet*, std::__cxx11::basic_string<char, std::char_traits<char>, std::allocator<char> > const&, HAPUFSimulator::SimulationStep, bool, HDGUIStatus*)+0x75) [0x7f1a79997475]
/opt/xilinx/Xilinx_Vivado_vitis_2019.2/Vivado/2019.2/lib/lnx64.o/librdi_tcltasks.so(HTCSimUtils::executeStep(Tcl_Interp*, HADAFileSet*, HADAFileSet*, HAPUFSimulator*, HDGUIStatus*, std::__cxx11::basic_string<char, std::char_traits<char>, std::allocator<char> > const&, std::__cxx11::basic_string<char, std::char_traits<char>, std::allocator<char> > const&, std::__cxx11::basic_string<char, std::char_traits<char>, std::allocator<char> > const&, bool, bool, bool, std::__cxx11::basic_ostringstream<char, std::char_traits<char>, std::allocator<char> >&)+0x4b7) [0x7f1a79997ad7]
/opt/xilinx/Xilinx_Vivado_vitis_2019.2/Vivado/2019.2/lib/lnx64.o/librdi_tcltasks.so(+0x182d246) [0x7f1a79941246]
/opt/xilinx/Xilinx_Vivado_vitis_2019.2/Vivado/2019.2/lib/lnx64.o/librdi_common.so(+0x86ef32) [0x7f1a8eb57f32]
/opt/xilinx/Xilinx_Vivado_vitis_2019.2/Vivado/2019.2/lib/lnx64.o/libtcl8.5.so(+0x334af) [0x7f1a88cd04af]
/opt/xilinx/Xilinx_Vivado_vitis_2019.2/Vivado/2019.2/lib/lnx64.o/libtcl8.5.so(+0x76875) [0x7f1a88d13875]
/opt/xilinx/Xilinx_Vivado_vitis_2019.2/Vivado/2019.2/lib/lnx64.o/libtcl8.5.so(+0x7e029) [0x7f1a88d1b029]
/opt/xilinx/Xilinx_Vivado_vitis_2019.2/Vivado/2019.2/lib/lnx64.o/libtcl8.5.so(TclEvalObjEx+0x76) [0x7f1a88cd2156]
/opt/xilinx/Xilinx_Vivado_vitis_2019.2/Vivado/2019.2/lib/lnx64.o/librdi_common.so(+0x86d441) [0x7f1a8eb56441]
/opt/xilinx/Xilinx_Vivado_vitis_2019.2/Vivado/2019.2/lib/lnx64.o/libtcl8.5.so(Tcl_ServiceEvent+0x7f) [0x7f1a88d44b0f]
/opt/xilinx/Xilinx_Vivado_vitis_2019.2/Vivado/2019.2/lib/lnx64.o/libtcl8.5.so(Tcl_DoOneEvent+0x154) [0x7f1a88d44e44]
/opt/xilinx/Xilinx_Vivado_vitis_2019.2/Vivado/2019.2/lib/lnx64.o/librdi_commontasks.so(+0x2da555) [0x7f1a7c6e6555]
/opt/xilinx/Xilinx_Vivado_vitis_2019.2/Vivado/2019.2/lib/lnx64.o/librdi_commontasks.so(+0x2df101) [0x7f1a7c6eb101]
/opt/xilinx/Xilinx_Vivado_vitis_2019.2/Vivado/2019.2/lib/lnx64.o/librdi_commontasks.so(+0x2e011e) [0x7f1a7c6ec11e]
/opt/xilinx/Xilinx_Vivado_vitis_2019.2/Vivado/2019.2/lib/lnx64.o/librdi_common.so(+0x86ef32) [0x7f1a8eb57f32]
/opt/xilinx/Xilinx_Vivado_vitis_2019.2/Vivado/2019.2/lib/lnx64.o/libtcl8.5.so(+0x334af) [0x7f1a88cd04af]
/opt/xilinx/Xilinx_Vivado_vitis_2019.2/Vivado/2019.2/lib/lnx64.o/libtcl8.5.so(+0x76875) [0x7f1a88d13875]
/opt/xilinx/Xilinx_Vivado_vitis_2019.2/Vivado/2019.2/lib/lnx64.o/libtcl8.5.so(+0x7e029) [0x7f1a88d1b029]
/opt/xilinx/Xilinx_Vivado_vitis_2019.2/Vivado/2019.2/lib/lnx64.o/libtcl8.5.so(TclEvalObjEx+0x76) [0x7f1a88cd2156]
/opt/xilinx/Xilinx_Vivado_vitis_2019.2/Vivado/2019.2/lib/lnx64.o/librdi_commonmain.so(+0x7af3) [0x7f1a8e0e2af3]
/opt/xilinx/Xilinx_Vivado_vitis_2019.2/Vivado/2019.2/lib/lnx64.o/libtcl8.5.so(Tcl_Main+0x1d0) [0x7f1a88d3d210]
/opt/xilinx/Xilinx_Vivado_vitis_2019.2/Vivado/2019.2/lib/lnx64.o/librdi_common.so(+0x8b335b) [0x7f1a8eb9c35b]
/lib64/libpthread.so.0(+0x7e65) [0x7f1a8d562e65]
/lib64/libc.so.6(clone+0x6d) [0x7f1a8d87588d]
