Vivado Simulator 2019.2
Time resolution is 1 ps
XilinxAXIVIP: Found at Path: SysArray_tb.inst_control_SysArray_vip.inst
XilinxAXIVIP: Found at Path: SysArray_tb.inst_slv_m00_axi_vip.inst
XilinxAXIVIP: Found at Path: SysArray_tb.inst_slv_m01_axi_vip.inst
XilinxAXIVIP: Found at Path: SysArray_tb.inst_slv_m02_axi_vip.inst
Info: [XPM_MEMORY 20-1] MEMORY_PRIMITIVE (0) instructs Vivado Synthesis to choose the memory primitive type. Depending on their values, other XPM_MEMORY parameters may preclude the choice of certain memory primitive types. Review XPM_MEMORY documentation and parameter values to understand any limitations, or set MEMORY_PRIMITIVE to a different value. SysArray_tb.inst_dut.systolic_array.input_matrix_AXI_Read.gen_fifo.inst_rd_xpm_fifo_sync.xpm_fifo_base_inst.gen_sdpram.xpm_memory_base_inst.config_drc
Time: 1 ps  Iteration: 0  Process: /SysArray_tb/inst_dut/systolic_array/input_matrix_AXI_Read/gen_fifo.inst_rd_xpm_fifo_sync/xpm_fifo_base_inst/gen_sdpram.xpm_memory_base_inst/Initial290_284  File: /wrk/2019.sub/2019.2.1/continuous/2019_12_05_2729669/packages/customer/vivado/data/ip/xpm/xpm_memory/hdl/xpm_memory.sv
Info: [XPM_MEMORY 20-1] MEMORY_PRIMITIVE (0) instructs Vivado Synthesis to choose the memory primitive type. Depending on their values, other XPM_MEMORY parameters may preclude the choice of certain memory primitive types. Review XPM_MEMORY documentation and parameter values to understand any limitations, or set MEMORY_PRIMITIVE to a different value. SysArray_tb.inst_dut.systolic_array.weight_matrix_AXI_Read.gen_fifo.inst_rd_xpm_fifo_sync.xpm_fifo_base_inst.gen_sdpram.xpm_memory_base_inst.config_drc
Time: 1 ps  Iteration: 0  Process: /SysArray_tb/inst_dut/systolic_array/weight_matrix_AXI_Read/gen_fifo.inst_rd_xpm_fifo_sync/xpm_fifo_base_inst/gen_sdpram.xpm_memory_base_inst/Initial290_284  File: /wrk/2019.sub/2019.2.1/continuous/2019_12_05_2729669/packages/customer/vivado/data/ip/xpm/xpm_memory/hdl/xpm_memory.sv
///////////////////////////////////////////////////////////////////////////
Control Master: ctrl
///////////////////////////////////////////////////////////////////////////
Starting Memory slave: m00_axi
///////////////////////////////////////////////////////////////////////////
Starting Memory slave: m01_axi
///////////////////////////////////////////////////////////////////////////
Starting Memory slave: m02_axi
200 ns : Checking post reset values of scalar registers
202 ns : Read register for addr: 0x10 request sent
214 ns : Read register for addr: 0x10 response received
214 ns : Read_register addr: 0x10, value: 0x0
Blocking write register addr: 0x10, value: 0xffffffff
Blocking write successfully done addr: 0x10, value: 0xffffffff
306 ns : Read register for addr: 0x10 request sent
318 ns : Read register for addr: 0x10 response received
318 ns : Read_register addr: 0x10, value: 0xffffffff
318 ns : Read register for addr: 0x18 request sent
330 ns : Read register for addr: 0x18 response received
330 ns : Read_register addr: 0x18, value: 0x0
Blocking write register addr: 0x18, value: 0xffffffff
Blocking write successfully done addr: 0x18, value: 0xffffffff
386 ns : Read register for addr: 0x18 request sent
398 ns : Read register for addr: 0x18 response received
398 ns : Read_register addr: 0x18, value: 0xffffffff
398 ns : Checking post reset values of pointer registers
398 ns : Read register for addr: 0x20 request sent
410 ns : Read register for addr: 0x20 response received
410 ns : Read_register addr: 0x20, value: 0x0
Blocking write register addr: 0x20, value: 0xffffffff
Blocking write successfully done addr: 0x20, value: 0xffffffff
478 ns : Read register for addr: 0x20 request sent
490 ns : Read register for addr: 0x20 response received
490 ns : Read_register addr: 0x20, value: 0xffffffff
490 ns : Read register for addr: 0x24 request sent
502 ns : Read register for addr: 0x24 response received
502 ns : Read_register addr: 0x24, value: 0x0
Blocking write register addr: 0x24, value: 0xffffffff
Blocking write successfully done addr: 0x24, value: 0xffffffff
574 ns : Read register for addr: 0x24 request sent
586 ns : Read register for addr: 0x24 response received
586 ns : Read_register addr: 0x24, value: 0xffffffff
586 ns : Read register for addr: 0x2c request sent
598 ns : Read register for addr: 0x2c response received
598 ns : Read_register addr: 0x2c, value: 0x0
Blocking write register addr: 0x2c, value: 0xffffffff
Blocking write successfully done addr: 0x2c, value: 0xffffffff
658 ns : Read register for addr: 0x2c request sent
670 ns : Read register for addr: 0x2c response received
670 ns : Read_register addr: 0x2c, value: 0xffffffff
670 ns : Read register for addr: 0x30 request sent
682 ns : Read register for addr: 0x30 response received
682 ns : Read_register addr: 0x30, value: 0x0
Blocking write register addr: 0x30, value: 0xffffffff
Blocking write successfully done addr: 0x30, value: 0xffffffff
754 ns : Read register for addr: 0x30 request sent
766 ns : Read register for addr: 0x30 response received
766 ns : Read_register addr: 0x30, value: 0xffffffff
766 ns : Read register for addr: 0x38 request sent
778 ns : Read register for addr: 0x38 response received
778 ns : Read_register addr: 0x38, value: 0x0
Blocking write register addr: 0x38, value: 0xffffffff
Blocking write successfully done addr: 0x38, value: 0xffffffff
854 ns : Read register for addr: 0x38 request sent
866 ns : Read register for addr: 0x38 response received
866 ns : Read_register addr: 0x38, value: 0xffffffff
866 ns : Read register for addr: 0x3c request sent
878 ns : Read register for addr: 0x3c response received
878 ns : Read_register addr: 0x3c, value: 0x0
Blocking write register addr: 0x3c, value: 0xffffffff
Blocking write successfully done addr: 0x3c, value: 0xffffffff
922 ns : Read register for addr: 0x3c request sent
934 ns : Read register for addr: 0x3c response received
934 ns : Read_register addr: 0x3c, value: 0xffffffff
Starting: Enabling Interrupts....
Non-Blocking write register addr: 0x4, value: 0x1
Non-Blocking write register addr: 0x8, value: 0x1
Finished: Interrupts enabled.
Starting: multiple_iteration
Starting iteration:          1 /          1
934 ns - Applying slv_no_backpressure_wready
934 ns - Applying slv_no_delay_rvalid
934 ns : Setting Scalar Registers registers
Non-Blocking write register addr: 0x10, value: 0xffffffff
Non-Blocking write register addr: 0x18, value: 0xffffffff
Non-Blocking write register addr: 0x20, value: 0xd7df2000
Non-Blocking write register addr: 0x24, value: 0xa9cc3d4f
Non-Blocking write register addr: 0x2c, value: 0xd9fa4000
Non-Blocking write register addr: 0x30, value: 0x372e8788
Non-Blocking write register addr: 0x38, value: 0xb1393000
Non-Blocking write register addr: 0x3c, value: 0x969a5488
M00_axi backdoor_memory_write_4byte done
M01_axi backdoor_memory_write_4byte done
M02_axi backdoor_memory_write_4byte done
934 ns : Read register for addr: 0x0 request sent
946 ns : Read register for addr: 0x0 response received
946 ns : Read_register addr: 0x0, value: 0x4
Poll idle register done
Blocking write register addr: 0x0, value: 0x1
Blocking write successfully done addr: 0x0, value: 0x1
Blocking write reg with CTRL_START_MASK
Wait drivers idle done
Right before service_interrupts
Starting Servicing interrupts....
5722 ns : Read register for addr: 0x0 request sent
5734 ns : Read register for addr: 0x0 response received
5734 ns : Read_register addr: 0x0, value: 0x6
Control Register: 0x6
Blocking write register addr: 0x0, value: 0x6
Blocking write successfully done addr: 0x0, value: 0x6
5814 ns : Read register for addr: 0xc request sent
5826 ns : Read register for addr: 0xc response received
5826 ns : Read_register addr: 0xc, value: 0x1
Interrupt Status Register: 0x1
Blocking write register addr: 0xc, value: 0x1
Blocking write successfully done addr: 0xc, value: 0x1
Finished Servicing interrupts
Right after service_interrupts
Finished iteration:          1 /          1
Test completed successfully
Executing Axi4 End Of Simulation checks
Executing Axi4 End Of Simulation checks
Executing Axi4 End Of Simulation checks
Executing Axi4 End Of Simulation checks
$finish called at time : 5914 ns : File "/wrk/2019.sub/2019.2.1/continuous/2019_12_05_2729669/packages/customer/vivado/data/xilinx_vip/hdl/axi_vip_axi4pc.sv" Line 3126
