
*** Running vivado
    with args -log bd_d216_vip_ui_clk_DDR4_MEM00_0.vds -m64 -product Vivado -mode batch -messageDb vivado.pb -notrace -source bd_d216_vip_ui_clk_DDR4_MEM00_0.tcl


****** Vivado v2019.2.1 (64-bit)
  **** SW Build 2729669 on Thu Dec  5 04:48:12 MST 2019
  **** IP Build 2729494 on Thu Dec  5 07:38:25 MST 2019
    ** Copyright 1986-2019 Xilinx, Inc. All Rights Reserved.

source bd_d216_vip_ui_clk_DDR4_MEM00_0.tcl -notrace
[OPTRACE]|135817|1|/home/ld443/meng_project/SysArray8_new/_x/link/vivado/vpl/prj/prj.runs/bd_d216_vip_ui_clk_DDR4_MEM00_0_synth_1/bd_d216_vip_ui_clk_DDR4_MEM00_0.tcl|vivado_synth|1590107589032|START|bd_d216_vip_ui_clk_DDR4_MEM00_0_synth_1|ROLLUP_AUTO
[OPTRACE]|135817|2|/home/ld443/meng_project/SysArray8_new/_x/link/vivado/vpl/prj/prj.runs/bd_d216_vip_ui_clk_DDR4_MEM00_0_synth_1/bd_d216_vip_ui_clk_DDR4_MEM00_0.tcl|vivado_synth|1590107589035|START|Creating in-memory project|
INFO: [IP_Flow 19-234] Refreshing IP repositories
INFO: [IP_Flow 19-1700] Loaded user IP repository '/home/ld443/meng_project/SysArray8_new/_x/link/int/xo/ip_repo/mycompany_com_kernel_SysArray_1_0'.
WARNING: [IP_Flow 19-1694] Ignoring duplicate Bus Definition IP file 'xilinx.com:display_pcie4:pcie4_gt_if:1.0' found within IP repository '/home/ld443/meng_project/SysArray8_new/_x/link/vivado/vpl/.local/hw_platform/iprepo'.
File in use: /home/ld443/meng_project/SysArray8_new/_x/link/vivado/vpl/.local/hw_platform/iprepo/iprepo/pcie4_uscale_plus_v1_3/interfaces/pcie4_gt_if.xml
File ignored: /home/ld443/meng_project/SysArray8_new/_x/link/vivado/vpl/.local/hw_platform/iprepo/iprepo/xdma_v4_1/interfaces/pcie4_gt_if.xml
WARNING: [IP_Flow 19-1694] Ignoring duplicate Bus Abstraction IP file 'xilinx.com:display_pcie4:pcie4_gt_if_rtl:1.0' found within IP repository '/home/ld443/meng_project/SysArray8_new/_x/link/vivado/vpl/.local/hw_platform/iprepo'.
File in use: /home/ld443/meng_project/SysArray8_new/_x/link/vivado/vpl/.local/hw_platform/iprepo/iprepo/pcie4_uscale_plus_v1_3/interfaces/pcie4_gt_if_rtl.xml
File ignored: /home/ld443/meng_project/SysArray8_new/_x/link/vivado/vpl/.local/hw_platform/iprepo/iprepo/xdma_v4_1/interfaces/pcie4_gt_if_rtl.xml
WARNING: [IP_Flow 19-1694] Ignoring duplicate Bus Definition IP file 'xilinx.com:display_pcie4_uscaleplus:ext_gtcom:1.0' found within IP repository '/home/ld443/meng_project/SysArray8_new/_x/link/vivado/vpl/.local/hw_platform/iprepo'.
File in use: /home/ld443/meng_project/SysArray8_new/_x/link/vivado/vpl/.local/hw_platform/iprepo/iprepo/pcie4_uscale_plus_v1_3/interfaces/pcie4_usp_ext_gtcom.xml
File ignored: /home/ld443/meng_project/SysArray8_new/_x/link/vivado/vpl/.local/hw_platform/iprepo/iprepo/xdma_v4_1/interfaces/pcie4_usp_ext_gtcom.xml
WARNING: [IP_Flow 19-1694] Ignoring duplicate Bus Abstraction IP file 'xilinx.com:display_pcie4_uscaleplus:ext_gtcom_rtl:1.0' found within IP repository '/home/ld443/meng_project/SysArray8_new/_x/link/vivado/vpl/.local/hw_platform/iprepo'.
File in use: /home/ld443/meng_project/SysArray8_new/_x/link/vivado/vpl/.local/hw_platform/iprepo/iprepo/pcie4_uscale_plus_v1_3/interfaces/pcie4_usp_ext_gtcom_rtl.xml
File ignored: /home/ld443/meng_project/SysArray8_new/_x/link/vivado/vpl/.local/hw_platform/iprepo/iprepo/xdma_v4_1/interfaces/pcie4_usp_ext_gtcom_rtl.xml
WARNING: [IP_Flow 19-1694] Ignoring duplicate Bus Definition IP file 'xilinx.com:display_pcie4_uscaleplus:int_gtcom:1.0' found within IP repository '/home/ld443/meng_project/SysArray8_new/_x/link/vivado/vpl/.local/hw_platform/iprepo'.
File in use: /home/ld443/meng_project/SysArray8_new/_x/link/vivado/vpl/.local/hw_platform/iprepo/iprepo/pcie4_uscale_plus_v1_3/interfaces/pcie4_usp_int_gtcom.xml
File ignored: /home/ld443/meng_project/SysArray8_new/_x/link/vivado/vpl/.local/hw_platform/iprepo/iprepo/xdma_v4_1/interfaces/pcie4_usp_int_gtcom.xml
WARNING: [IP_Flow 19-1694] Ignoring duplicate Bus Abstraction IP file 'xilinx.com:display_pcie4_uscaleplus:int_gtcom_rtl:1.0' found within IP repository '/home/ld443/meng_project/SysArray8_new/_x/link/vivado/vpl/.local/hw_platform/iprepo'.
File in use: /home/ld443/meng_project/SysArray8_new/_x/link/vivado/vpl/.local/hw_platform/iprepo/iprepo/pcie4_uscale_plus_v1_3/interfaces/pcie4_usp_int_gtcom_rtl.xml
File ignored: /home/ld443/meng_project/SysArray8_new/_x/link/vivado/vpl/.local/hw_platform/iprepo/iprepo/xdma_v4_1/interfaces/pcie4_usp_int_gtcom_rtl.xml
INFO: [IP_Flow 19-1700] Loaded user IP repository '/home/ld443/meng_project/SysArray8_new/_x/link/vivado/vpl/.local/hw_platform/iprepo'.
INFO: [IP_Flow 19-1700] Loaded user IP repository '/opt/xilinx/Xilinx_Vivado_vitis_2019.2/Vitis/2019.2/data/cache/xilinx'.
INFO: [IP_Flow 19-1700] Loaded user IP repository '/home/ld443/meng_project/SysArray8_new/_x/link/vivado/vpl/.local/hw_platform/ipcache'.
INFO: [IP_Flow 19-1700] Loaded user IP repository '/opt/xilinx/Xilinx_Vivado_vitis_2019.2/Vitis/2019.2/data/ip'.
INFO: [IP_Flow 19-2313] Loaded Vivado IP repository '/opt/xilinx/Xilinx_Vivado_vitis_2019.2/Vivado/2019.2/data/ip'.
WARNING: [IP_Flow 19-1663] Duplicate IP found for 'xilinx.com:ip:Monitor_AXI_Master:1.0'. The one found in IP location '/home/ld443/meng_project/SysArray8_new/_x/link/vivado/vpl/.local/hw_platform/iprepo/iprepo/monitor_axi_master_v1_0' will take precedence over the same IP in location /opt/xilinx/Xilinx_Vivado_vitis_2019.2/Vitis/2019.2/data/ip/xilinx/monitor_axi_master_v1_0
WARNING: [IP_Flow 19-1663] Duplicate IP found for 'xilinx.com:ip:pcie4_uscale_plus:1.3'. The one found in IP location '/home/ld443/meng_project/SysArray8_new/_x/link/vivado/vpl/.local/hw_platform/iprepo/iprepo/pcie4_uscale_plus_v1_3' will take precedence over the same IP in the Xilinx installed IP.
WARNING: [IP_Flow 19-1663] Duplicate IP found for 'xilinx.com:ip:xdma:4.1'. The one found in IP location '/home/ld443/meng_project/SysArray8_new/_x/link/vivado/vpl/.local/hw_platform/iprepo/iprepo/xdma_v4_1' will take precedence over the same IP in the Xilinx installed IP.
WARNING: [IP_Flow 19-4830] Duplicate Interface found for 'xilinx.com:display_pcie4:pcie4_cfg_control:1.0'. The one found in location '/home/ld443/meng_project/SysArray8_new/_x/link/vivado/vpl/.local/hw_platform/iprepo/iprepo/pcie4_uscale_plus_v1_3/interfaces/pcie4_cfg_control.xml' will take precedence over the same Interface in location '/opt/xilinx/Xilinx_Vivado_vitis_2019.2/Vivado/2019.2/data/ip/xilinx/pcie4_uscale_plus_v1_3/interfaces/pcie4_cfg_control.xml'
WARNING: [IP_Flow 19-4830] Duplicate Interface found for 'xilinx.com:display_pcie4:pcie4_cfg_external_msix:1.0'. The one found in location '/home/ld443/meng_project/SysArray8_new/_x/link/vivado/vpl/.local/hw_platform/iprepo/iprepo/pcie4_uscale_plus_v1_3/interfaces/pcie4_cfg_ext_msix.xml' will take precedence over the same Interface in location '/opt/xilinx/Xilinx_Vivado_vitis_2019.2/Vivado/2019.2/data/ip/xilinx/pcie4_uscale_plus_v1_3/interfaces/pcie4_cfg_ext_msix.xml'
WARNING: [IP_Flow 19-4830] Duplicate Interface found for 'xilinx.com:display_pcie4:pcie4_cfg_mgmt:1.0'. The one found in location '/home/ld443/meng_project/SysArray8_new/_x/link/vivado/vpl/.local/hw_platform/iprepo/iprepo/pcie4_uscale_plus_v1_3/interfaces/pcie4_cfg_mgmt.xml' will take precedence over the same Interface in location '/opt/xilinx/Xilinx_Vivado_vitis_2019.2/Vivado/2019.2/data/ip/xilinx/pcie4_uscale_plus_v1_3/interfaces/pcie4_cfg_mgmt.xml'
WARNING: [IP_Flow 19-4830] Duplicate Interface found for 'xilinx.com:display_pcie4:pcie4_cfg_msix_external:1.0'. The one found in location '/home/ld443/meng_project/SysArray8_new/_x/link/vivado/vpl/.local/hw_platform/iprepo/iprepo/pcie4_uscale_plus_v1_3/interfaces/pcie4_cfg_msix.xml' will take precedence over the same Interface in location '/opt/xilinx/Xilinx_Vivado_vitis_2019.2/Vivado/2019.2/data/ip/xilinx/pcie4_uscale_plus_v1_3/interfaces/pcie4_cfg_msix.xml'
WARNING: [IP_Flow 19-4830] Duplicate Interface found for 'xilinx.com:display_pcie4:pcie4_cfg_msix_internal:1.0'. The one found in location '/home/ld443/meng_project/SysArray8_new/_x/link/vivado/vpl/.local/hw_platform/iprepo/iprepo/pcie4_uscale_plus_v1_3/interfaces/pcie4_cfg_msix_int.xml' will take precedence over the same Interface in location '/opt/xilinx/Xilinx_Vivado_vitis_2019.2/Vivado/2019.2/data/ip/xilinx/pcie4_uscale_plus_v1_3/interfaces/pcie4_cfg_msix_int.xml'
WARNING: [IP_Flow 19-4830] Duplicate Interface found for 'xilinx.com:display_pcie4:pcie4_cfg_pm:1.0'. The one found in location '/home/ld443/meng_project/SysArray8_new/_x/link/vivado/vpl/.local/hw_platform/iprepo/iprepo/pcie4_uscale_plus_v1_3/interfaces/pcie4_cfg_pm.xml' will take precedence over the same Interface in location '/opt/xilinx/Xilinx_Vivado_vitis_2019.2/Vivado/2019.2/data/ip/xilinx/pcie4_uscale_plus_v1_3/interfaces/pcie4_cfg_pm.xml'
WARNING: [IP_Flow 19-4830] Duplicate Interface found for 'xilinx.com:display_pcie4:pcie4_cfg_status:1.0'. The one found in location '/home/ld443/meng_project/SysArray8_new/_x/link/vivado/vpl/.local/hw_platform/iprepo/iprepo/pcie4_uscale_plus_v1_3/interfaces/pcie4_cfg_status.xml' will take precedence over the same Interface in location '/opt/xilinx/Xilinx_Vivado_vitis_2019.2/Vivado/2019.2/data/ip/xilinx/pcie4_uscale_plus_v1_3/interfaces/pcie4_cfg_status.xml'
WARNING: [IP_Flow 19-4830] Duplicate Interface found for 'xilinx.com:display_pcie4:pcie4_gt_if:1.0'. The one found in location '/home/ld443/meng_project/SysArray8_new/_x/link/vivado/vpl/.local/hw_platform/iprepo/iprepo/pcie4_uscale_plus_v1_3/interfaces/pcie4_gt_if.xml' will take precedence over the same Interface in location '/opt/xilinx/Xilinx_Vivado_vitis_2019.2/Vivado/2019.2/data/ip/xilinx/pcie4_uscale_plus_v1_3/interfaces/pcie4_gt_if.xml'
WARNING: [IP_Flow 19-4830] Duplicate Interface found for 'xilinx.com:display_pcie4:pcie4_pcie_id:1.0'. The one found in location '/home/ld443/meng_project/SysArray8_new/_x/link/vivado/vpl/.local/hw_platform/iprepo/iprepo/pcie4_uscale_plus_v1_3/interfaces/pcie4_pcie_id.xml' will take precedence over the same Interface in location '/opt/xilinx/Xilinx_Vivado_vitis_2019.2/Vivado/2019.2/data/ip/xilinx/pcie4_uscale_plus_v1_3/interfaces/pcie4_pcie_id.xml'
WARNING: [IP_Flow 19-4830] Duplicate Interface found for 'xilinx.com:display_pcie4:pcie4_pl:1.0'. The one found in location '/home/ld443/meng_project/SysArray8_new/_x/link/vivado/vpl/.local/hw_platform/iprepo/iprepo/pcie4_uscale_plus_v1_3/interfaces/pcie4_pl.xml' will take precedence over the same Interface in location '/opt/xilinx/Xilinx_Vivado_vitis_2019.2/Vivado/2019.2/data/ip/xilinx/pcie4_uscale_plus_v1_3/interfaces/pcie4_pl.xml'
WARNING: [IP_Flow 19-4830] Duplicate Interface found for 'xilinx.com:display_pcie4:pcie4_rbar:1.0'. The one found in location '/home/ld443/meng_project/SysArray8_new/_x/link/vivado/vpl/.local/hw_platform/iprepo/iprepo/pcie4_uscale_plus_v1_3/interfaces/pcie4_rbar.xml' will take precedence over the same Interface in location '/opt/xilinx/Xilinx_Vivado_vitis_2019.2/Vivado/2019.2/data/ip/xilinx/pcie4_uscale_plus_v1_3/interfaces/pcie4_rbar.xml'
WARNING: [IP_Flow 19-4830] Duplicate Interface found for 'xilinx.com:display_pcie4_uscaleplus:ext_gtcom:1.0'. The one found in location '/home/ld443/meng_project/SysArray8_new/_x/link/vivado/vpl/.local/hw_platform/iprepo/iprepo/pcie4_uscale_plus_v1_3/interfaces/pcie4_usp_ext_gtcom.xml' will take precedence over the same Interface in location '/opt/xilinx/Xilinx_Vivado_vitis_2019.2/Vivado/2019.2/data/ip/xilinx/pcie4_uscale_plus_v1_3/interfaces/pcie4_usp_ext_gtcom.xml'
WARNING: [IP_Flow 19-4830] Duplicate Interface found for 'xilinx.com:display_pcie4_uscaleplus:int_gtcom:1.0'. The one found in location '/home/ld443/meng_project/SysArray8_new/_x/link/vivado/vpl/.local/hw_platform/iprepo/iprepo/pcie4_uscale_plus_v1_3/interfaces/pcie4_usp_int_gtcom.xml' will take precedence over the same Interface in location '/opt/xilinx/Xilinx_Vivado_vitis_2019.2/Vivado/2019.2/data/ip/xilinx/pcie4_uscale_plus_v1_3/interfaces/pcie4_usp_int_gtcom.xml'
WARNING: [IP_Flow 19-4830] Duplicate Interface found for 'xilinx.com:display_pcie4_uscaleplus:transceiver_debug:1.0'. The one found in location '/home/ld443/meng_project/SysArray8_new/_x/link/vivado/vpl/.local/hw_platform/iprepo/iprepo/pcie4_uscale_plus_v1_3/interfaces/transceiver_debug.xml' will take precedence over the same Interface in location '/opt/xilinx/Xilinx_Vivado_vitis_2019.2/Vivado/2019.2/data/ip/xilinx/pcie4_uscale_plus_v1_3/interfaces/transceiver_debug.xml'
WARNING: [IP_Flow 19-4830] Duplicate Interface found for 'xilinx.com:display_xdma:dsc_bypass:1.0'. The one found in location '/home/ld443/meng_project/SysArray8_new/_x/link/vivado/vpl/.local/hw_platform/iprepo/iprepo/xdma_v4_1/interfaces/dsc_bypass.xml' will take precedence over the same Interface in location '/opt/xilinx/Xilinx_Vivado_vitis_2019.2/Vivado/2019.2/data/ip/xilinx/qdma_v3_0/interfaces/dsc_bypass.xml'
WARNING: [IP_Flow 19-4830] Duplicate Interface found for 'xilinx.com:display_xdma:pcie3_7x_transceiver_debug:1.0'. The one found in location '/home/ld443/meng_project/SysArray8_new/_x/link/vivado/vpl/.local/hw_platform/iprepo/iprepo/xdma_v4_1/interfaces/pcie3_7x_transceiver_debug.xml' will take precedence over the same Interface in location '/opt/xilinx/Xilinx_Vivado_vitis_2019.2/Vivado/2019.2/data/ip/xilinx/qdma_v3_0/interfaces/pcie3_7x_transceiver_debug.xml'
WARNING: [IP_Flow 19-4830] Duplicate Interface found for 'xilinx.com:display_pcie3_ultrascale:ext_shared_logic:1.0'. The one found in location '/home/ld443/meng_project/SysArray8_new/_x/link/vivado/vpl/.local/hw_platform/iprepo/iprepo/xdma_v4_1/interfaces/pcie3_us_ext_shared_logic.xml' will take precedence over the same Interface in location '/opt/xilinx/Xilinx_Vivado_vitis_2019.2/Vivado/2019.2/data/ip/xilinx/axi_pcie3_v3_0/interfaces/pcie3_us_ext_shared_logic.xml'
WARNING: [IP_Flow 19-4830] Duplicate Interface found for 'xilinx.com:display_pcie3_ultrascale:pcie3_us_gt_if:1.0'. The one found in location '/home/ld443/meng_project/SysArray8_new/_x/link/vivado/vpl/.local/hw_platform/iprepo/iprepo/xdma_v4_1/interfaces/pcie3_us_gt_if.xml' will take precedence over the same Interface in location '/opt/xilinx/Xilinx_Vivado_vitis_2019.2/Vivado/2019.2/data/ip/xilinx/pcie3_ultrascale_v4_4/interfaces/pcie3_us_gt_if.xml'
WARNING: [IP_Flow 19-4830] Duplicate Interface found for 'xilinx.com:display_xdma:int_shared_logic:1.0'. The one found in location '/home/ld443/meng_project/SysArray8_new/_x/link/vivado/vpl/.local/hw_platform/iprepo/iprepo/xdma_v4_1/interfaces/pcie3_us_int_shared_logic.xml' will take precedence over the same Interface in location '/opt/xilinx/Xilinx_Vivado_vitis_2019.2/Vivado/2019.2/data/ip/xilinx/qdma_v3_0/interfaces/pcie3_us_int_shared_logic.xml'
WARNING: [IP_Flow 19-4830] Duplicate Interface found for 'xilinx.com:display_xdma:pcie3_us_transceiver_debug:1.0'. The one found in location '/home/ld443/meng_project/SysArray8_new/_x/link/vivado/vpl/.local/hw_platform/iprepo/iprepo/xdma_v4_1/interfaces/pcie3_us_transceiver_debug.xml' will take precedence over the same Interface in location '/opt/xilinx/Xilinx_Vivado_vitis_2019.2/Vivado/2019.2/data/ip/xilinx/qdma_v3_0/interfaces/pcie3_us_transceiver_debug.xml'
WARNING: [IP_Flow 19-4830] Duplicate Interface found for 'xilinx.com:display_xdma:pcie4_us_plus_transceiver_debug:1.0'. The one found in location '/home/ld443/meng_project/SysArray8_new/_x/link/vivado/vpl/.local/hw_platform/iprepo/iprepo/xdma_v4_1/interfaces/pcie4_us_plus_transceiver_debug.xml' will take precedence over the same Interface in location '/opt/xilinx/Xilinx_Vivado_vitis_2019.2/Vivado/2019.2/data/ip/xilinx/qdma_v3_0/interfaces/pcie4_us_plus_transceiver_debug.xml'
WARNING: [IP_Flow 19-4830] Duplicate Interface found for 'xilinx.com:display_xdma:pcie_cfg_external_msix:1.0'. The one found in location '/home/ld443/meng_project/SysArray8_new/_x/link/vivado/vpl/.local/hw_platform/iprepo/iprepo/xdma_v4_1/interfaces/pcie_cfg_ext_msix.xml' will take precedence over the same Interface in location '/opt/xilinx/Xilinx_Vivado_vitis_2019.2/Vivado/2019.2/data/ip/xilinx/xdma_v4_1/interfaces/pcie_cfg_ext_msix.xml'
WARNING: [IP_Flow 19-4830] Duplicate Interface found for 'xilinx.com:display_xdma:pcie_debug:1.0'. The one found in location '/home/ld443/meng_project/SysArray8_new/_x/link/vivado/vpl/.local/hw_platform/iprepo/iprepo/xdma_v4_1/interfaces/pcie_debug.xml' will take precedence over the same Interface in location '/opt/xilinx/Xilinx_Vivado_vitis_2019.2/Vivado/2019.2/data/ip/xilinx/qdma_v3_0/interfaces/pcie_debug.xml'
WARNING: [IP_Flow 19-4830] Duplicate Interface found for 'xilinx.com:display_xdma:xdma_debug_ports:1.0'. The one found in location '/home/ld443/meng_project/SysArray8_new/_x/link/vivado/vpl/.local/hw_platform/iprepo/iprepo/xdma_v4_1/interfaces/xdma_debug_ports.xml' will take precedence over the same Interface in location '/opt/xilinx/Xilinx_Vivado_vitis_2019.2/Vivado/2019.2/data/ip/xilinx/qdma_v3_0/interfaces/xdma_debug_ports.xml'
WARNING: [IP_Flow 19-4830] Duplicate Interface found for 'xilinx.com:display_xdma:xdma_status_ports:1.0'. The one found in location '/home/ld443/meng_project/SysArray8_new/_x/link/vivado/vpl/.local/hw_platform/iprepo/iprepo/xdma_v4_1/interfaces/xdma_status_ports.xml' will take precedence over the same Interface in location '/opt/xilinx/Xilinx_Vivado_vitis_2019.2/Vivado/2019.2/data/ip/xilinx/qdma_v3_0/interfaces/xdma_status_ports.xml'
WARNING: [IP_Flow 19-4830] Duplicate Interface found for 'xilinx.com:interface:sdsoc_trace:2.0'. The one found in location '/opt/xilinx/Xilinx_Vivado_vitis_2019.2/Vitis/2019.2/data/ip/xilinx/sdsoc_trace_v2_0/sdsoc_trace_v2_0.xml' will take precedence over the same Interface in location '/opt/xilinx/Xilinx_Vivado_vitis_2019.2/Vivado/2019.2/data/ip/interfaces/sdsoc_trace_v2_0/sdsoc_trace_v2_0.xml'
update_ip_catalog: Time (s): cpu = 00:00:05 ; elapsed = 00:00:11 . Memory (MB): peak = 1804.699 ; gain = 190.789 ; free physical = 106375 ; free virtual = 200967
[OPTRACE]|135817|3|/home/ld443/meng_project/SysArray8_new/_x/link/vivado/vpl/prj/prj.runs/bd_d216_vip_ui_clk_DDR4_MEM00_0_synth_1/bd_d216_vip_ui_clk_DDR4_MEM00_0.tcl|vivado_synth|1590107603871|END|Creating in-memory project|
[OPTRACE]|135817|4|/home/ld443/meng_project/SysArray8_new/_x/link/vivado/vpl/prj/prj.runs/bd_d216_vip_ui_clk_DDR4_MEM00_0_synth_1/bd_d216_vip_ui_clk_DDR4_MEM00_0.tcl|vivado_synth|1590107603872|START|Adding files|
[OPTRACE]|135817|5|/home/ld443/meng_project/SysArray8_new/_x/link/vivado/vpl/prj/prj.runs/bd_d216_vip_ui_clk_DDR4_MEM00_0_synth_1/bd_d216_vip_ui_clk_DDR4_MEM00_0.tcl|vivado_synth|1590107604403|END|Adding files|
[OPTRACE]|135817|6|/home/ld443/meng_project/SysArray8_new/_x/link/vivado/vpl/prj/prj.runs/bd_d216_vip_ui_clk_DDR4_MEM00_0_synth_1/bd_d216_vip_ui_clk_DDR4_MEM00_0.tcl|vivado_synth|1590107604405|START|Configure IP Cache|
[OPTRACE]|135817|7|/home/ld443/meng_project/SysArray8_new/_x/link/vivado/vpl/prj/prj.runs/bd_d216_vip_ui_clk_DDR4_MEM00_0_synth_1/bd_d216_vip_ui_clk_DDR4_MEM00_0.tcl|vivado_synth|1590107604413|END|Configure IP Cache|
[OPTRACE]|135817|8|/home/ld443/meng_project/SysArray8_new/_x/link/vivado/vpl/prj/prj.runs/bd_d216_vip_ui_clk_DDR4_MEM00_0_synth_1/bd_d216_vip_ui_clk_DDR4_MEM00_0.tcl|vivado_synth|1590107604414|START|synth_design|
Command: synth_design -top bd_d216_vip_ui_clk_DDR4_MEM00_0 -part xcu250-figd2104-2L-e -mode out_of_context
Starting synth_design
Attempting to get a license for feature 'Synthesis' and/or device 'xcu250'
INFO: [Common 17-349] Got license for feature 'Synthesis' and/or device 'xcu250'
INFO: [Device 21-403] Loading part xcu250-figd2104-2L-e
INFO: Launching helper process for spawning children vivado processes
INFO: Helper process launched with PID 139092 
---------------------------------------------------------------------------------
Starting RTL Elaboration : Time (s): cpu = 00:00:04 ; elapsed = 00:00:07 . Memory (MB): peak = 2907.562 ; gain = 183.609 ; free physical = 106660 ; free virtual = 201248
---------------------------------------------------------------------------------
INFO: [Synth 8-6157] synthesizing module 'bd_d216_vip_ui_clk_DDR4_MEM00_0' [/home/ld443/meng_project/SysArray8_new/_x/link/vivado/vpl/prj/prj.srcs/my_rm/bd/bd/ip/pfm_dynamic_memory_subsystem_0/bd_0/ip/ip_22/synth/bd_d216_vip_ui_clk_DDR4_MEM00_0.v:57]
INFO: [Synth 8-6157] synthesizing module 'clk_vip_v1_0_2_top' [/home/ld443/meng_project/SysArray8_new/_x/link/vivado/vpl/prj/prj.srcs/my_rm/bd/bd/ipshared/4273/hdl/clk_vip_v1_0_vlsyn_rfs.sv:61]
	Parameter C_CLK_CLOCK_PERIOD bound to: 3.333333 - type: double 
	Parameter C_CLK_INTERFACE_MODE bound to: 1 - type: integer 
INFO: [Synth 8-6155] done synthesizing module 'clk_vip_v1_0_2_top' (1#1) [/home/ld443/meng_project/SysArray8_new/_x/link/vivado/vpl/prj/prj.srcs/my_rm/bd/bd/ipshared/4273/hdl/clk_vip_v1_0_vlsyn_rfs.sv:61]
INFO: [Synth 8-6155] done synthesizing module 'bd_d216_vip_ui_clk_DDR4_MEM00_0' (2#1) [/home/ld443/meng_project/SysArray8_new/_x/link/vivado/vpl/prj/prj.srcs/my_rm/bd/bd/ip/pfm_dynamic_memory_subsystem_0/bd_0/ip/ip_22/synth/bd_d216_vip_ui_clk_DDR4_MEM00_0.v:57]
---------------------------------------------------------------------------------
Finished RTL Elaboration : Time (s): cpu = 00:00:05 ; elapsed = 00:00:09 . Memory (MB): peak = 2974.293 ; gain = 250.340 ; free physical = 106404 ; free virtual = 200993
---------------------------------------------------------------------------------

Report Check Netlist: 
+------+------------------+-------+---------+-------+------------------+
|      |Item              |Errors |Warnings |Status |Description       |
+------+------------------+-------+---------+-------+------------------+
|1     |multi_driven_nets |      0|        0|Passed |Multi driven nets |
+------+------------------+-------+---------+-------+------------------+
---------------------------------------------------------------------------------
Start Handling Custom Attributes
---------------------------------------------------------------------------------
---------------------------------------------------------------------------------
Finished Handling Custom Attributes : Time (s): cpu = 00:00:06 ; elapsed = 00:00:10 . Memory (MB): peak = 2977.254 ; gain = 253.301 ; free physical = 106148 ; free virtual = 200737
---------------------------------------------------------------------------------
---------------------------------------------------------------------------------
Finished RTL Optimization Phase 1 : Time (s): cpu = 00:00:06 ; elapsed = 00:00:10 . Memory (MB): peak = 2977.254 ; gain = 253.301 ; free physical = 106147 ; free virtual = 200737
---------------------------------------------------------------------------------
Netlist sorting complete. Time (s): cpu = 00:00:00 ; elapsed = 00:00:00 . Memory (MB): peak = 2977.254 ; gain = 0.000 ; free physical = 106140 ; free virtual = 200729
INFO: [Project 1-570] Preparing netlist for logic optimization

Processing XDC Constraints
Initializing timing engine
Parsing XDC File [/home/ld443/meng_project/SysArray8_new/_x/link/vivado/vpl/prj/prj.srcs/my_rm/bd/bd/ip/pfm_dynamic_memory_subsystem_0/bd_0/ip/ip_22/bd_d216_vip_ui_clk_DDR4_MEM00_0_ooc.xdc] for cell 'inst'
WARNING: [Vivado 12-2489] -period contains time 3.333333 which will be rounded to 3.333 to ensure it is an integer multiple of 1 picosecond [/home/ld443/meng_project/SysArray8_new/_x/link/vivado/vpl/prj/prj.srcs/my_rm/bd/bd/ip/pfm_dynamic_memory_subsystem_0/bd_0/ip/ip_22/bd_d216_vip_ui_clk_DDR4_MEM00_0_ooc.xdc:9]
create_clock: Time (s): cpu = 00:00:04 ; elapsed = 00:00:05 . Memory (MB): peak = 3031.871 ; gain = 2.969 ; free physical = 105365 ; free virtual = 199958
Finished Parsing XDC File [/home/ld443/meng_project/SysArray8_new/_x/link/vivado/vpl/prj/prj.srcs/my_rm/bd/bd/ip/pfm_dynamic_memory_subsystem_0/bd_0/ip/ip_22/bd_d216_vip_ui_clk_DDR4_MEM00_0_ooc.xdc] for cell 'inst'
Parsing XDC File [/home/ld443/meng_project/SysArray8_new/_x/link/vivado/vpl/prj/prj.runs/bd_d216_vip_ui_clk_DDR4_MEM00_0_synth_1/dont_touch.xdc]
Finished Parsing XDC File [/home/ld443/meng_project/SysArray8_new/_x/link/vivado/vpl/prj/prj.runs/bd_d216_vip_ui_clk_DDR4_MEM00_0_synth_1/dont_touch.xdc]
Completed Processing XDC Constraints

Netlist sorting complete. Time (s): cpu = 00:00:00 ; elapsed = 00:00:00 . Memory (MB): peak = 3031.871 ; gain = 0.000 ; free physical = 105365 ; free virtual = 199958
INFO: [Project 1-111] Unisim Transformation Summary:
No Unisim elements were transformed.

Constraint Validation Runtime : Time (s): cpu = 00:00:00.01 ; elapsed = 00:00:00.05 . Memory (MB): peak = 3031.875 ; gain = 0.004 ; free physical = 105363 ; free virtual = 199956
---------------------------------------------------------------------------------
Finished Constraint Validation : Time (s): cpu = 00:00:19 ; elapsed = 00:00:33 . Memory (MB): peak = 3031.875 ; gain = 307.922 ; free physical = 104976 ; free virtual = 199566
---------------------------------------------------------------------------------
---------------------------------------------------------------------------------
Start Loading Part and Timing Information
---------------------------------------------------------------------------------
Loading part: xcu250-figd2104-2L-e
INFO: [Synth 8-6742] Reading net delay rules and data
---------------------------------------------------------------------------------
Finished Loading Part and Timing Information : Time (s): cpu = 00:00:19 ; elapsed = 00:00:33 . Memory (MB): peak = 3031.875 ; gain = 307.922 ; free physical = 104975 ; free virtual = 199565
---------------------------------------------------------------------------------
---------------------------------------------------------------------------------
Start Applying 'set_property' XDC Constraints
---------------------------------------------------------------------------------
Applied set_property DONT_TOUCH = true for inst. (constraint file  /home/ld443/meng_project/SysArray8_new/_x/link/vivado/vpl/prj/prj.runs/bd_d216_vip_ui_clk_DDR4_MEM00_0_synth_1/dont_touch.xdc, line 6).
---------------------------------------------------------------------------------
Finished applying 'set_property' XDC Constraints : Time (s): cpu = 00:00:19 ; elapsed = 00:00:33 . Memory (MB): peak = 3031.875 ; gain = 307.922 ; free physical = 104977 ; free virtual = 199567
---------------------------------------------------------------------------------
---------------------------------------------------------------------------------
Finished RTL Optimization Phase 2 : Time (s): cpu = 00:00:19 ; elapsed = 00:00:34 . Memory (MB): peak = 3031.883 ; gain = 307.930 ; free physical = 104970 ; free virtual = 199560
---------------------------------------------------------------------------------

Report RTL Partitions: 
+-+--------------+------------+----------+
| |RTL Partition |Replication |Instances |
+-+--------------+------------+----------+
+-+--------------+------------+----------+
---------------------------------------------------------------------------------
Start RTL Component Statistics 
---------------------------------------------------------------------------------
Detailed RTL Component Info : 
---------------------------------------------------------------------------------
Finished RTL Component Statistics 
---------------------------------------------------------------------------------
---------------------------------------------------------------------------------
Start RTL Hierarchical Component Statistics 
---------------------------------------------------------------------------------
Hierarchical RTL Component report 
---------------------------------------------------------------------------------
Finished RTL Hierarchical Component Statistics
---------------------------------------------------------------------------------
---------------------------------------------------------------------------------
Start Part Resource Summary
---------------------------------------------------------------------------------
Part Resources:
DSPs: 12288 (col length:96)
BRAMs: 5376 (col length: RAMB18 384 RAMB36 192)
---------------------------------------------------------------------------------
Finished Part Resource Summary
---------------------------------------------------------------------------------
---------------------------------------------------------------------------------
Start Cross Boundary and Area Optimization
---------------------------------------------------------------------------------
Warning: Parallel synthesis criteria is not met 
---------------------------------------------------------------------------------
Finished Cross Boundary and Area Optimization : Time (s): cpu = 00:00:21 ; elapsed = 00:00:35 . Memory (MB): peak = 3031.883 ; gain = 307.930 ; free physical = 104920 ; free virtual = 199513
---------------------------------------------------------------------------------

Report RTL Partitions: 
+-+--------------+------------+----------+
| |RTL Partition |Replication |Instances |
+-+--------------+------------+----------+
+-+--------------+------------+----------+
---------------------------------------------------------------------------------
Start Applying XDC Timing Constraints
---------------------------------------------------------------------------------
---------------------------------------------------------------------------------
Finished Applying XDC Timing Constraints : Time (s): cpu = 00:01:00 ; elapsed = 00:02:30 . Memory (MB): peak = 3445.438 ; gain = 721.484 ; free physical = 99549 ; free virtual = 194167
---------------------------------------------------------------------------------
---------------------------------------------------------------------------------
Start Timing Optimization
---------------------------------------------------------------------------------
---------------------------------------------------------------------------------
Finished Timing Optimization : Time (s): cpu = 00:01:00 ; elapsed = 00:02:30 . Memory (MB): peak = 3445.438 ; gain = 721.484 ; free physical = 99547 ; free virtual = 194165
---------------------------------------------------------------------------------

Report RTL Partitions: 
+-+--------------+------------+----------+
| |RTL Partition |Replication |Instances |
+-+--------------+------------+----------+
+-+--------------+------------+----------+
---------------------------------------------------------------------------------
Start Technology Mapping
---------------------------------------------------------------------------------
---------------------------------------------------------------------------------
Finished Technology Mapping : Time (s): cpu = 00:01:00 ; elapsed = 00:02:30 . Memory (MB): peak = 3454.445 ; gain = 730.492 ; free physical = 99544 ; free virtual = 194162
---------------------------------------------------------------------------------

Report RTL Partitions: 
+-+--------------+------------+----------+
| |RTL Partition |Replication |Instances |
+-+--------------+------------+----------+
+-+--------------+------------+----------+
---------------------------------------------------------------------------------
Start IO Insertion
---------------------------------------------------------------------------------
---------------------------------------------------------------------------------
Start Flattening Before IO Insertion
---------------------------------------------------------------------------------
---------------------------------------------------------------------------------
Finished Flattening Before IO Insertion
---------------------------------------------------------------------------------
---------------------------------------------------------------------------------
Start Final Netlist Cleanup
---------------------------------------------------------------------------------
---------------------------------------------------------------------------------
Finished Final Netlist Cleanup
---------------------------------------------------------------------------------
---------------------------------------------------------------------------------
Finished IO Insertion : Time (s): cpu = 00:01:04 ; elapsed = 00:02:35 . Memory (MB): peak = 3469.324 ; gain = 745.371 ; free physical = 99215 ; free virtual = 193857
---------------------------------------------------------------------------------
---------------------------------------------------------------------------------
Start Renaming Generated Instances
---------------------------------------------------------------------------------
---------------------------------------------------------------------------------
Finished Renaming Generated Instances : Time (s): cpu = 00:01:04 ; elapsed = 00:02:35 . Memory (MB): peak = 3469.324 ; gain = 745.371 ; free physical = 99215 ; free virtual = 193857
---------------------------------------------------------------------------------

Report RTL Partitions: 
+-+--------------+------------+----------+
| |RTL Partition |Replication |Instances |
+-+--------------+------------+----------+
+-+--------------+------------+----------+

Report Check Netlist: 
+------+------------------+-------+---------+-------+------------------+
|      |Item              |Errors |Warnings |Status |Description       |
+------+------------------+-------+---------+-------+------------------+
|1     |multi_driven_nets |      0|        0|Passed |Multi driven nets |
+------+------------------+-------+---------+-------+------------------+
---------------------------------------------------------------------------------
Start Rebuilding User Hierarchy
---------------------------------------------------------------------------------
---------------------------------------------------------------------------------
Finished Rebuilding User Hierarchy : Time (s): cpu = 00:01:04 ; elapsed = 00:02:35 . Memory (MB): peak = 3469.324 ; gain = 745.371 ; free physical = 99215 ; free virtual = 193856
---------------------------------------------------------------------------------
---------------------------------------------------------------------------------
Start Renaming Generated Ports
---------------------------------------------------------------------------------
---------------------------------------------------------------------------------
Finished Renaming Generated Ports : Time (s): cpu = 00:01:04 ; elapsed = 00:02:35 . Memory (MB): peak = 3469.324 ; gain = 745.371 ; free physical = 99215 ; free virtual = 193856
---------------------------------------------------------------------------------
---------------------------------------------------------------------------------
Start Handling Custom Attributes
---------------------------------------------------------------------------------
---------------------------------------------------------------------------------
Finished Handling Custom Attributes : Time (s): cpu = 00:01:04 ; elapsed = 00:02:35 . Memory (MB): peak = 3469.324 ; gain = 745.371 ; free physical = 99215 ; free virtual = 193856
---------------------------------------------------------------------------------
---------------------------------------------------------------------------------
Start Renaming Generated Nets
---------------------------------------------------------------------------------
---------------------------------------------------------------------------------
Finished Renaming Generated Nets : Time (s): cpu = 00:01:04 ; elapsed = 00:02:35 . Memory (MB): peak = 3469.324 ; gain = 745.371 ; free physical = 99215 ; free virtual = 193856
---------------------------------------------------------------------------------
---------------------------------------------------------------------------------
Start Writing Synthesis Report
---------------------------------------------------------------------------------

Report BlackBoxes: 
+-+--------------+----------+
| |BlackBox name |Instances |
+-+--------------+----------+
+-+--------------+----------+

Report Cell Usage: 
+-+-----+------+
| |Cell |Count |
+-+-----+------+
+-+-----+------+

Report Instance Areas: 
+------+---------+-------------------+------+
|      |Instance |Module             |Cells |
+------+---------+-------------------+------+
|1     |top      |                   |     0|
|2     |  inst   |clk_vip_v1_0_2_top |     0|
+------+---------+-------------------+------+
---------------------------------------------------------------------------------
Finished Writing Synthesis Report : Time (s): cpu = 00:01:04 ; elapsed = 00:02:35 . Memory (MB): peak = 3469.324 ; gain = 745.371 ; free physical = 99215 ; free virtual = 193856
---------------------------------------------------------------------------------
Synthesis finished with 0 errors, 0 critical warnings and 0 warnings.
Synthesis Optimization Runtime : Time (s): cpu = 00:00:55 ; elapsed = 00:02:19 . Memory (MB): peak = 3469.324 ; gain = 690.750 ; free physical = 99243 ; free virtual = 193886
Synthesis Optimization Complete : Time (s): cpu = 00:01:04 ; elapsed = 00:02:35 . Memory (MB): peak = 3469.328 ; gain = 745.371 ; free physical = 99243 ; free virtual = 193886
INFO: [Project 1-571] Translating synthesized netlist
Netlist sorting complete. Time (s): cpu = 00:00:00 ; elapsed = 00:00:00 . Memory (MB): peak = 3469.328 ; gain = 0.000 ; free physical = 99237 ; free virtual = 193878
INFO: [Project 1-570] Preparing netlist for logic optimization
INFO: [Opt 31-138] Pushed 0 inverter(s) to 0 load pin(s).
Netlist sorting complete. Time (s): cpu = 00:00:00.01 ; elapsed = 00:00:00 . Memory (MB): peak = 3547.926 ; gain = 0.000 ; free physical = 99008 ; free virtual = 193649
INFO: [Project 1-111] Unisim Transformation Summary:
No Unisim elements were transformed.

INFO: [Common 17-83] Releasing license: Synthesis
21 Infos, 36 Warnings, 0 Critical Warnings and 0 Errors encountered.
synth_design completed successfully
synth_design: Time (s): cpu = 00:01:30 ; elapsed = 00:03:37 . Memory (MB): peak = 3547.926 ; gain = 1743.227 ; free physical = 99137 ; free virtual = 193781
INFO: [Common 17-600] The following parameters have non-default value.
general.maxThreads
[OPTRACE]|135817|9|/home/ld443/meng_project/SysArray8_new/_x/link/vivado/vpl/prj/prj.runs/bd_d216_vip_ui_clk_DDR4_MEM00_0_synth_1/bd_d216_vip_ui_clk_DDR4_MEM00_0.tcl|vivado_synth|1590107821810|END|synth_design|
[OPTRACE]|135817|10|/home/ld443/meng_project/SysArray8_new/_x/link/vivado/vpl/prj/prj.runs/bd_d216_vip_ui_clk_DDR4_MEM00_0_synth_1/bd_d216_vip_ui_clk_DDR4_MEM00_0.tcl|vivado_synth|1590107821811|START|Write IP Cache|
Netlist sorting complete. Time (s): cpu = 00:00:00 ; elapsed = 00:00:00 . Memory (MB): peak = 3547.926 ; gain = 0.000 ; free physical = 99136 ; free virtual = 193780
WARNING: [Constraints 18-5210] No constraints selected for write.
Resolution: This message can indicate that there are no constraints for the design, or it can indicate that the used_in flags are set such that the constraints are ignored. This later case is used when running synth_design to not write synthesis constraints to the resulting checkpoint. Instead, project constraints are read when the synthesized design is opened.
INFO: [Common 17-1381] The checkpoint '/home/ld443/meng_project/SysArray8_new/_x/link/vivado/vpl/prj/prj.runs/bd_d216_vip_ui_clk_DDR4_MEM00_0_synth_1/bd_d216_vip_ui_clk_DDR4_MEM00_0.dcp' has been generated.
WARNING: [Common 17-576] 'use_project_ipc' is deprecated. This option is deprecated and no longer used.
INFO: [Coretcl 2-1648] Added synthesis output to IP cache for IP bd_d216_vip_ui_clk_DDR4_MEM00_0, cache-ID = 784188cfc5203076
[OPTRACE]|135817|11|/home/ld443/meng_project/SysArray8_new/_x/link/vivado/vpl/prj/prj.runs/bd_d216_vip_ui_clk_DDR4_MEM00_0_synth_1/bd_d216_vip_ui_clk_DDR4_MEM00_0.tcl|vivado_synth|1590107823320|END|Write IP Cache|
[OPTRACE]|135817|12|/home/ld443/meng_project/SysArray8_new/_x/link/vivado/vpl/prj/prj.runs/bd_d216_vip_ui_clk_DDR4_MEM00_0_synth_1/bd_d216_vip_ui_clk_DDR4_MEM00_0.tcl|vivado_synth|1590107823321|START|write_checkpoint|CHECKPOINT
Netlist sorting complete. Time (s): cpu = 00:00:00 ; elapsed = 00:00:00 . Memory (MB): peak = 3547.934 ; gain = 0.000 ; free physical = 98988 ; free virtual = 193633
WARNING: [Constraints 18-5210] No constraints selected for write.
Resolution: This message can indicate that there are no constraints for the design, or it can indicate that the used_in flags are set such that the constraints are ignored. This later case is used when running synth_design to not write synthesis constraints to the resulting checkpoint. Instead, project constraints are read when the synthesized design is opened.
INFO: [Common 17-1381] The checkpoint '/home/ld443/meng_project/SysArray8_new/_x/link/vivado/vpl/prj/prj.runs/bd_d216_vip_ui_clk_DDR4_MEM00_0_synth_1/bd_d216_vip_ui_clk_DDR4_MEM00_0.dcp' has been generated.
[OPTRACE]|135817|13|/home/ld443/meng_project/SysArray8_new/_x/link/vivado/vpl/prj/prj.runs/bd_d216_vip_ui_clk_DDR4_MEM00_0_synth_1/bd_d216_vip_ui_clk_DDR4_MEM00_0.tcl|vivado_synth|1590107823772|END|write_checkpoint|
[OPTRACE]|135817|14|/home/ld443/meng_project/SysArray8_new/_x/link/vivado/vpl/prj/prj.runs/bd_d216_vip_ui_clk_DDR4_MEM00_0_synth_1/bd_d216_vip_ui_clk_DDR4_MEM00_0.tcl|vivado_synth|1590107823772|START|synth_report|REPORT
INFO: [runtcl-4] Executing : report_utilization -file bd_d216_vip_ui_clk_DDR4_MEM00_0_utilization_synth.rpt -pb bd_d216_vip_ui_clk_DDR4_MEM00_0_utilization_synth.pb
[OPTRACE]|135817|15|/home/ld443/meng_project/SysArray8_new/_x/link/vivado/vpl/prj/prj.runs/bd_d216_vip_ui_clk_DDR4_MEM00_0_synth_1/bd_d216_vip_ui_clk_DDR4_MEM00_0.tcl|vivado_synth|1590107824289|END|synth_report|
[OPTRACE]|135817|16|/home/ld443/meng_project/SysArray8_new/_x/link/vivado/vpl/prj/prj.runs/bd_d216_vip_ui_clk_DDR4_MEM00_0_synth_1/bd_d216_vip_ui_clk_DDR4_MEM00_0.tcl|vivado_synth|1590107824953|END|bd_d216_vip_ui_clk_DDR4_MEM00_0_synth_1|
INFO: [Common 17-206] Exiting Vivado at Thu May 21 20:37:04 2020...
