
*** Running vivado
    with args -log pfm_dynamic_debug_bridge_xsdbm_0.vds -m64 -product Vivado -mode batch -messageDb vivado.pb -notrace -source pfm_dynamic_debug_bridge_xsdbm_0.tcl


****** Vivado v2019.2.1 (64-bit)
  **** SW Build 2729669 on Thu Dec  5 04:48:12 MST 2019
  **** IP Build 2729494 on Thu Dec  5 07:38:25 MST 2019
    ** Copyright 1986-2019 Xilinx, Inc. All Rights Reserved.

source pfm_dynamic_debug_bridge_xsdbm_0.tcl -notrace
[OPTRACE]|1797|1|/home/ld443/meng_project/SysArray8_new/_x/link/vivado/vpl/prj/prj.runs/pfm_dynamic_debug_bridge_xsdbm_0_synth_1/pfm_dynamic_debug_bridge_xsdbm_0.tcl|vivado_synth|1590108152704|START|pfm_dynamic_debug_bridge_xsdbm_0_synth_1|ROLLUP_AUTO
[OPTRACE]|1797|2|/home/ld443/meng_project/SysArray8_new/_x/link/vivado/vpl/prj/prj.runs/pfm_dynamic_debug_bridge_xsdbm_0_synth_1/pfm_dynamic_debug_bridge_xsdbm_0.tcl|vivado_synth|1590108152707|START|Creating in-memory project|
INFO: [IP_Flow 19-234] Refreshing IP repositories
INFO: [IP_Flow 19-1700] Loaded user IP repository '/home/ld443/meng_project/SysArray8_new/_x/link/int/xo/ip_repo/mycompany_com_kernel_SysArray_1_0'.
WARNING: [IP_Flow 19-1694] Ignoring duplicate Bus Definition IP file 'xilinx.com:display_pcie4:pcie4_gt_if:1.0' found within IP repository '/home/ld443/meng_project/SysArray8_new/_x/link/vivado/vpl/.local/hw_platform/iprepo'.
File in use: /home/ld443/meng_project/SysArray8_new/_x/link/vivado/vpl/.local/hw_platform/iprepo/iprepo/pcie4_uscale_plus_v1_3/interfaces/pcie4_gt_if.xml
File ignored: /home/ld443/meng_project/SysArray8_new/_x/link/vivado/vpl/.local/hw_platform/iprepo/iprepo/xdma_v4_1/interfaces/pcie4_gt_if.xml
WARNING: [IP_Flow 19-1694] Ignoring duplicate Bus Abstraction IP file 'xilinx.com:display_pcie4:pcie4_gt_if_rtl:1.0' found within IP repository '/home/ld443/meng_project/SysArray8_new/_x/link/vivado/vpl/.local/hw_platform/iprepo'.
File in use: /home/ld443/meng_project/SysArray8_new/_x/link/vivado/vpl/.local/hw_platform/iprepo/iprepo/pcie4_uscale_plus_v1_3/interfaces/pcie4_gt_if_rtl.xml
File ignored: /home/ld443/meng_project/SysArray8_new/_x/link/vivado/vpl/.local/hw_platform/iprepo/iprepo/xdma_v4_1/interfaces/pcie4_gt_if_rtl.xml
WARNING: [IP_Flow 19-1694] Ignoring duplicate Bus Definition IP file 'xilinx.com:display_pcie4_uscaleplus:ext_gtcom:1.0' found within IP repository '/home/ld443/meng_project/SysArray8_new/_x/link/vivado/vpl/.local/hw_platform/iprepo'.
File in use: /home/ld443/meng_project/SysArray8_new/_x/link/vivado/vpl/.local/hw_platform/iprepo/iprepo/pcie4_uscale_plus_v1_3/interfaces/pcie4_usp_ext_gtcom.xml
File ignored: /home/ld443/meng_project/SysArray8_new/_x/link/vivado/vpl/.local/hw_platform/iprepo/iprepo/xdma_v4_1/interfaces/pcie4_usp_ext_gtcom.xml
WARNING: [IP_Flow 19-1694] Ignoring duplicate Bus Abstraction IP file 'xilinx.com:display_pcie4_uscaleplus:ext_gtcom_rtl:1.0' found within IP repository '/home/ld443/meng_project/SysArray8_new/_x/link/vivado/vpl/.local/hw_platform/iprepo'.
File in use: /home/ld443/meng_project/SysArray8_new/_x/link/vivado/vpl/.local/hw_platform/iprepo/iprepo/pcie4_uscale_plus_v1_3/interfaces/pcie4_usp_ext_gtcom_rtl.xml
File ignored: /home/ld443/meng_project/SysArray8_new/_x/link/vivado/vpl/.local/hw_platform/iprepo/iprepo/xdma_v4_1/interfaces/pcie4_usp_ext_gtcom_rtl.xml
WARNING: [IP_Flow 19-1694] Ignoring duplicate Bus Definition IP file 'xilinx.com:display_pcie4_uscaleplus:int_gtcom:1.0' found within IP repository '/home/ld443/meng_project/SysArray8_new/_x/link/vivado/vpl/.local/hw_platform/iprepo'.
File in use: /home/ld443/meng_project/SysArray8_new/_x/link/vivado/vpl/.local/hw_platform/iprepo/iprepo/pcie4_uscale_plus_v1_3/interfaces/pcie4_usp_int_gtcom.xml
File ignored: /home/ld443/meng_project/SysArray8_new/_x/link/vivado/vpl/.local/hw_platform/iprepo/iprepo/xdma_v4_1/interfaces/pcie4_usp_int_gtcom.xml
WARNING: [IP_Flow 19-1694] Ignoring duplicate Bus Abstraction IP file 'xilinx.com:display_pcie4_uscaleplus:int_gtcom_rtl:1.0' found within IP repository '/home/ld443/meng_project/SysArray8_new/_x/link/vivado/vpl/.local/hw_platform/iprepo'.
File in use: /home/ld443/meng_project/SysArray8_new/_x/link/vivado/vpl/.local/hw_platform/iprepo/iprepo/pcie4_uscale_plus_v1_3/interfaces/pcie4_usp_int_gtcom_rtl.xml
File ignored: /home/ld443/meng_project/SysArray8_new/_x/link/vivado/vpl/.local/hw_platform/iprepo/iprepo/xdma_v4_1/interfaces/pcie4_usp_int_gtcom_rtl.xml
INFO: [IP_Flow 19-1700] Loaded user IP repository '/home/ld443/meng_project/SysArray8_new/_x/link/vivado/vpl/.local/hw_platform/iprepo'.
INFO: [IP_Flow 19-1700] Loaded user IP repository '/opt/xilinx/Xilinx_Vivado_vitis_2019.2/Vitis/2019.2/data/cache/xilinx'.
INFO: [IP_Flow 19-1700] Loaded user IP repository '/home/ld443/meng_project/SysArray8_new/_x/link/vivado/vpl/.local/hw_platform/ipcache'.
INFO: [IP_Flow 19-1700] Loaded user IP repository '/opt/xilinx/Xilinx_Vivado_vitis_2019.2/Vitis/2019.2/data/ip'.
INFO: [IP_Flow 19-2313] Loaded Vivado IP repository '/opt/xilinx/Xilinx_Vivado_vitis_2019.2/Vivado/2019.2/data/ip'.
WARNING: [IP_Flow 19-1663] Duplicate IP found for 'xilinx.com:ip:Monitor_AXI_Master:1.0'. The one found in IP location '/home/ld443/meng_project/SysArray8_new/_x/link/vivado/vpl/.local/hw_platform/iprepo/iprepo/monitor_axi_master_v1_0' will take precedence over the same IP in location /opt/xilinx/Xilinx_Vivado_vitis_2019.2/Vitis/2019.2/data/ip/xilinx/monitor_axi_master_v1_0
WARNING: [IP_Flow 19-1663] Duplicate IP found for 'xilinx.com:ip:pcie4_uscale_plus:1.3'. The one found in IP location '/home/ld443/meng_project/SysArray8_new/_x/link/vivado/vpl/.local/hw_platform/iprepo/iprepo/pcie4_uscale_plus_v1_3' will take precedence over the same IP in the Xilinx installed IP.
WARNING: [IP_Flow 19-1663] Duplicate IP found for 'xilinx.com:ip:xdma:4.1'. The one found in IP location '/home/ld443/meng_project/SysArray8_new/_x/link/vivado/vpl/.local/hw_platform/iprepo/iprepo/xdma_v4_1' will take precedence over the same IP in the Xilinx installed IP.
WARNING: [IP_Flow 19-4830] Duplicate Interface found for 'xilinx.com:display_pcie4:pcie4_cfg_control:1.0'. The one found in location '/home/ld443/meng_project/SysArray8_new/_x/link/vivado/vpl/.local/hw_platform/iprepo/iprepo/pcie4_uscale_plus_v1_3/interfaces/pcie4_cfg_control.xml' will take precedence over the same Interface in location '/opt/xilinx/Xilinx_Vivado_vitis_2019.2/Vivado/2019.2/data/ip/xilinx/pcie4_uscale_plus_v1_3/interfaces/pcie4_cfg_control.xml'
WARNING: [IP_Flow 19-4830] Duplicate Interface found for 'xilinx.com:display_pcie4:pcie4_cfg_external_msix:1.0'. The one found in location '/home/ld443/meng_project/SysArray8_new/_x/link/vivado/vpl/.local/hw_platform/iprepo/iprepo/pcie4_uscale_plus_v1_3/interfaces/pcie4_cfg_ext_msix.xml' will take precedence over the same Interface in location '/opt/xilinx/Xilinx_Vivado_vitis_2019.2/Vivado/2019.2/data/ip/xilinx/pcie4_uscale_plus_v1_3/interfaces/pcie4_cfg_ext_msix.xml'
WARNING: [IP_Flow 19-4830] Duplicate Interface found for 'xilinx.com:display_pcie4:pcie4_cfg_mgmt:1.0'. The one found in location '/home/ld443/meng_project/SysArray8_new/_x/link/vivado/vpl/.local/hw_platform/iprepo/iprepo/pcie4_uscale_plus_v1_3/interfaces/pcie4_cfg_mgmt.xml' will take precedence over the same Interface in location '/opt/xilinx/Xilinx_Vivado_vitis_2019.2/Vivado/2019.2/data/ip/xilinx/pcie4_uscale_plus_v1_3/interfaces/pcie4_cfg_mgmt.xml'
WARNING: [IP_Flow 19-4830] Duplicate Interface found for 'xilinx.com:display_pcie4:pcie4_cfg_msix_external:1.0'. The one found in location '/home/ld443/meng_project/SysArray8_new/_x/link/vivado/vpl/.local/hw_platform/iprepo/iprepo/pcie4_uscale_plus_v1_3/interfaces/pcie4_cfg_msix.xml' will take precedence over the same Interface in location '/opt/xilinx/Xilinx_Vivado_vitis_2019.2/Vivado/2019.2/data/ip/xilinx/pcie4_uscale_plus_v1_3/interfaces/pcie4_cfg_msix.xml'
WARNING: [IP_Flow 19-4830] Duplicate Interface found for 'xilinx.com:display_pcie4:pcie4_cfg_msix_internal:1.0'. The one found in location '/home/ld443/meng_project/SysArray8_new/_x/link/vivado/vpl/.local/hw_platform/iprepo/iprepo/pcie4_uscale_plus_v1_3/interfaces/pcie4_cfg_msix_int.xml' will take precedence over the same Interface in location '/opt/xilinx/Xilinx_Vivado_vitis_2019.2/Vivado/2019.2/data/ip/xilinx/pcie4_uscale_plus_v1_3/interfaces/pcie4_cfg_msix_int.xml'
WARNING: [IP_Flow 19-4830] Duplicate Interface found for 'xilinx.com:display_pcie4:pcie4_cfg_pm:1.0'. The one found in location '/home/ld443/meng_project/SysArray8_new/_x/link/vivado/vpl/.local/hw_platform/iprepo/iprepo/pcie4_uscale_plus_v1_3/interfaces/pcie4_cfg_pm.xml' will take precedence over the same Interface in location '/opt/xilinx/Xilinx_Vivado_vitis_2019.2/Vivado/2019.2/data/ip/xilinx/pcie4_uscale_plus_v1_3/interfaces/pcie4_cfg_pm.xml'
WARNING: [IP_Flow 19-4830] Duplicate Interface found for 'xilinx.com:display_pcie4:pcie4_cfg_status:1.0'. The one found in location '/home/ld443/meng_project/SysArray8_new/_x/link/vivado/vpl/.local/hw_platform/iprepo/iprepo/pcie4_uscale_plus_v1_3/interfaces/pcie4_cfg_status.xml' will take precedence over the same Interface in location '/opt/xilinx/Xilinx_Vivado_vitis_2019.2/Vivado/2019.2/data/ip/xilinx/pcie4_uscale_plus_v1_3/interfaces/pcie4_cfg_status.xml'
WARNING: [IP_Flow 19-4830] Duplicate Interface found for 'xilinx.com:display_pcie4:pcie4_gt_if:1.0'. The one found in location '/home/ld443/meng_project/SysArray8_new/_x/link/vivado/vpl/.local/hw_platform/iprepo/iprepo/pcie4_uscale_plus_v1_3/interfaces/pcie4_gt_if.xml' will take precedence over the same Interface in location '/opt/xilinx/Xilinx_Vivado_vitis_2019.2/Vivado/2019.2/data/ip/xilinx/pcie4_uscale_plus_v1_3/interfaces/pcie4_gt_if.xml'
WARNING: [IP_Flow 19-4830] Duplicate Interface found for 'xilinx.com:display_pcie4:pcie4_pcie_id:1.0'. The one found in location '/home/ld443/meng_project/SysArray8_new/_x/link/vivado/vpl/.local/hw_platform/iprepo/iprepo/pcie4_uscale_plus_v1_3/interfaces/pcie4_pcie_id.xml' will take precedence over the same Interface in location '/opt/xilinx/Xilinx_Vivado_vitis_2019.2/Vivado/2019.2/data/ip/xilinx/pcie4_uscale_plus_v1_3/interfaces/pcie4_pcie_id.xml'
WARNING: [IP_Flow 19-4830] Duplicate Interface found for 'xilinx.com:display_pcie4:pcie4_pl:1.0'. The one found in location '/home/ld443/meng_project/SysArray8_new/_x/link/vivado/vpl/.local/hw_platform/iprepo/iprepo/pcie4_uscale_plus_v1_3/interfaces/pcie4_pl.xml' will take precedence over the same Interface in location '/opt/xilinx/Xilinx_Vivado_vitis_2019.2/Vivado/2019.2/data/ip/xilinx/pcie4_uscale_plus_v1_3/interfaces/pcie4_pl.xml'
WARNING: [IP_Flow 19-4830] Duplicate Interface found for 'xilinx.com:display_pcie4:pcie4_rbar:1.0'. The one found in location '/home/ld443/meng_project/SysArray8_new/_x/link/vivado/vpl/.local/hw_platform/iprepo/iprepo/pcie4_uscale_plus_v1_3/interfaces/pcie4_rbar.xml' will take precedence over the same Interface in location '/opt/xilinx/Xilinx_Vivado_vitis_2019.2/Vivado/2019.2/data/ip/xilinx/pcie4_uscale_plus_v1_3/interfaces/pcie4_rbar.xml'
WARNING: [IP_Flow 19-4830] Duplicate Interface found for 'xilinx.com:display_pcie4_uscaleplus:ext_gtcom:1.0'. The one found in location '/home/ld443/meng_project/SysArray8_new/_x/link/vivado/vpl/.local/hw_platform/iprepo/iprepo/pcie4_uscale_plus_v1_3/interfaces/pcie4_usp_ext_gtcom.xml' will take precedence over the same Interface in location '/opt/xilinx/Xilinx_Vivado_vitis_2019.2/Vivado/2019.2/data/ip/xilinx/pcie4_uscale_plus_v1_3/interfaces/pcie4_usp_ext_gtcom.xml'
WARNING: [IP_Flow 19-4830] Duplicate Interface found for 'xilinx.com:display_pcie4_uscaleplus:int_gtcom:1.0'. The one found in location '/home/ld443/meng_project/SysArray8_new/_x/link/vivado/vpl/.local/hw_platform/iprepo/iprepo/pcie4_uscale_plus_v1_3/interfaces/pcie4_usp_int_gtcom.xml' will take precedence over the same Interface in location '/opt/xilinx/Xilinx_Vivado_vitis_2019.2/Vivado/2019.2/data/ip/xilinx/pcie4_uscale_plus_v1_3/interfaces/pcie4_usp_int_gtcom.xml'
WARNING: [IP_Flow 19-4830] Duplicate Interface found for 'xilinx.com:display_pcie4_uscaleplus:transceiver_debug:1.0'. The one found in location '/home/ld443/meng_project/SysArray8_new/_x/link/vivado/vpl/.local/hw_platform/iprepo/iprepo/pcie4_uscale_plus_v1_3/interfaces/transceiver_debug.xml' will take precedence over the same Interface in location '/opt/xilinx/Xilinx_Vivado_vitis_2019.2/Vivado/2019.2/data/ip/xilinx/pcie4_uscale_plus_v1_3/interfaces/transceiver_debug.xml'
WARNING: [IP_Flow 19-4830] Duplicate Interface found for 'xilinx.com:display_xdma:dsc_bypass:1.0'. The one found in location '/home/ld443/meng_project/SysArray8_new/_x/link/vivado/vpl/.local/hw_platform/iprepo/iprepo/xdma_v4_1/interfaces/dsc_bypass.xml' will take precedence over the same Interface in location '/opt/xilinx/Xilinx_Vivado_vitis_2019.2/Vivado/2019.2/data/ip/xilinx/qdma_v3_0/interfaces/dsc_bypass.xml'
WARNING: [IP_Flow 19-4830] Duplicate Interface found for 'xilinx.com:display_xdma:pcie3_7x_transceiver_debug:1.0'. The one found in location '/home/ld443/meng_project/SysArray8_new/_x/link/vivado/vpl/.local/hw_platform/iprepo/iprepo/xdma_v4_1/interfaces/pcie3_7x_transceiver_debug.xml' will take precedence over the same Interface in location '/opt/xilinx/Xilinx_Vivado_vitis_2019.2/Vivado/2019.2/data/ip/xilinx/qdma_v3_0/interfaces/pcie3_7x_transceiver_debug.xml'
WARNING: [IP_Flow 19-4830] Duplicate Interface found for 'xilinx.com:display_pcie3_ultrascale:ext_shared_logic:1.0'. The one found in location '/home/ld443/meng_project/SysArray8_new/_x/link/vivado/vpl/.local/hw_platform/iprepo/iprepo/xdma_v4_1/interfaces/pcie3_us_ext_shared_logic.xml' will take precedence over the same Interface in location '/opt/xilinx/Xilinx_Vivado_vitis_2019.2/Vivado/2019.2/data/ip/xilinx/axi_pcie3_v3_0/interfaces/pcie3_us_ext_shared_logic.xml'
WARNING: [IP_Flow 19-4830] Duplicate Interface found for 'xilinx.com:display_pcie3_ultrascale:pcie3_us_gt_if:1.0'. The one found in location '/home/ld443/meng_project/SysArray8_new/_x/link/vivado/vpl/.local/hw_platform/iprepo/iprepo/xdma_v4_1/interfaces/pcie3_us_gt_if.xml' will take precedence over the same Interface in location '/opt/xilinx/Xilinx_Vivado_vitis_2019.2/Vivado/2019.2/data/ip/xilinx/pcie3_ultrascale_v4_4/interfaces/pcie3_us_gt_if.xml'
WARNING: [IP_Flow 19-4830] Duplicate Interface found for 'xilinx.com:display_xdma:int_shared_logic:1.0'. The one found in location '/home/ld443/meng_project/SysArray8_new/_x/link/vivado/vpl/.local/hw_platform/iprepo/iprepo/xdma_v4_1/interfaces/pcie3_us_int_shared_logic.xml' will take precedence over the same Interface in location '/opt/xilinx/Xilinx_Vivado_vitis_2019.2/Vivado/2019.2/data/ip/xilinx/qdma_v3_0/interfaces/pcie3_us_int_shared_logic.xml'
WARNING: [IP_Flow 19-4830] Duplicate Interface found for 'xilinx.com:display_xdma:pcie3_us_transceiver_debug:1.0'. The one found in location '/home/ld443/meng_project/SysArray8_new/_x/link/vivado/vpl/.local/hw_platform/iprepo/iprepo/xdma_v4_1/interfaces/pcie3_us_transceiver_debug.xml' will take precedence over the same Interface in location '/opt/xilinx/Xilinx_Vivado_vitis_2019.2/Vivado/2019.2/data/ip/xilinx/qdma_v3_0/interfaces/pcie3_us_transceiver_debug.xml'
WARNING: [IP_Flow 19-4830] Duplicate Interface found for 'xilinx.com:display_xdma:pcie4_us_plus_transceiver_debug:1.0'. The one found in location '/home/ld443/meng_project/SysArray8_new/_x/link/vivado/vpl/.local/hw_platform/iprepo/iprepo/xdma_v4_1/interfaces/pcie4_us_plus_transceiver_debug.xml' will take precedence over the same Interface in location '/opt/xilinx/Xilinx_Vivado_vitis_2019.2/Vivado/2019.2/data/ip/xilinx/qdma_v3_0/interfaces/pcie4_us_plus_transceiver_debug.xml'
WARNING: [IP_Flow 19-4830] Duplicate Interface found for 'xilinx.com:display_xdma:pcie_cfg_external_msix:1.0'. The one found in location '/home/ld443/meng_project/SysArray8_new/_x/link/vivado/vpl/.local/hw_platform/iprepo/iprepo/xdma_v4_1/interfaces/pcie_cfg_ext_msix.xml' will take precedence over the same Interface in location '/opt/xilinx/Xilinx_Vivado_vitis_2019.2/Vivado/2019.2/data/ip/xilinx/xdma_v4_1/interfaces/pcie_cfg_ext_msix.xml'
WARNING: [IP_Flow 19-4830] Duplicate Interface found for 'xilinx.com:display_xdma:pcie_debug:1.0'. The one found in location '/home/ld443/meng_project/SysArray8_new/_x/link/vivado/vpl/.local/hw_platform/iprepo/iprepo/xdma_v4_1/interfaces/pcie_debug.xml' will take precedence over the same Interface in location '/opt/xilinx/Xilinx_Vivado_vitis_2019.2/Vivado/2019.2/data/ip/xilinx/qdma_v3_0/interfaces/pcie_debug.xml'
WARNING: [IP_Flow 19-4830] Duplicate Interface found for 'xilinx.com:display_xdma:xdma_debug_ports:1.0'. The one found in location '/home/ld443/meng_project/SysArray8_new/_x/link/vivado/vpl/.local/hw_platform/iprepo/iprepo/xdma_v4_1/interfaces/xdma_debug_ports.xml' will take precedence over the same Interface in location '/opt/xilinx/Xilinx_Vivado_vitis_2019.2/Vivado/2019.2/data/ip/xilinx/qdma_v3_0/interfaces/xdma_debug_ports.xml'
WARNING: [IP_Flow 19-4830] Duplicate Interface found for 'xilinx.com:display_xdma:xdma_status_ports:1.0'. The one found in location '/home/ld443/meng_project/SysArray8_new/_x/link/vivado/vpl/.local/hw_platform/iprepo/iprepo/xdma_v4_1/interfaces/xdma_status_ports.xml' will take precedence over the same Interface in location '/opt/xilinx/Xilinx_Vivado_vitis_2019.2/Vivado/2019.2/data/ip/xilinx/qdma_v3_0/interfaces/xdma_status_ports.xml'
WARNING: [IP_Flow 19-4830] Duplicate Interface found for 'xilinx.com:interface:sdsoc_trace:2.0'. The one found in location '/opt/xilinx/Xilinx_Vivado_vitis_2019.2/Vitis/2019.2/data/ip/xilinx/sdsoc_trace_v2_0/sdsoc_trace_v2_0.xml' will take precedence over the same Interface in location '/opt/xilinx/Xilinx_Vivado_vitis_2019.2/Vivado/2019.2/data/ip/interfaces/sdsoc_trace_v2_0/sdsoc_trace_v2_0.xml'
update_ip_catalog: Time (s): cpu = 00:00:05 ; elapsed = 00:00:11 . Memory (MB): peak = 1805.129 ; gain = 177.875 ; free physical = 96572 ; free virtual = 191661
[OPTRACE]|1797|3|/home/ld443/meng_project/SysArray8_new/_x/link/vivado/vpl/prj/prj.runs/pfm_dynamic_debug_bridge_xsdbm_0_synth_1/pfm_dynamic_debug_bridge_xsdbm_0.tcl|vivado_synth|1590108167294|END|Creating in-memory project|
[OPTRACE]|1797|4|/home/ld443/meng_project/SysArray8_new/_x/link/vivado/vpl/prj/prj.runs/pfm_dynamic_debug_bridge_xsdbm_0_synth_1/pfm_dynamic_debug_bridge_xsdbm_0.tcl|vivado_synth|1590108167295|START|Adding files|
[OPTRACE]|1797|5|/home/ld443/meng_project/SysArray8_new/_x/link/vivado/vpl/prj/prj.runs/pfm_dynamic_debug_bridge_xsdbm_0_synth_1/pfm_dynamic_debug_bridge_xsdbm_0.tcl|vivado_synth|1590108168087|END|Adding files|
[OPTRACE]|1797|6|/home/ld443/meng_project/SysArray8_new/_x/link/vivado/vpl/prj/prj.runs/pfm_dynamic_debug_bridge_xsdbm_0_synth_1/pfm_dynamic_debug_bridge_xsdbm_0.tcl|vivado_synth|1590108168089|START|Configure IP Cache|
[OPTRACE]|1797|7|/home/ld443/meng_project/SysArray8_new/_x/link/vivado/vpl/prj/prj.runs/pfm_dynamic_debug_bridge_xsdbm_0_synth_1/pfm_dynamic_debug_bridge_xsdbm_0.tcl|vivado_synth|1590108168132|END|Configure IP Cache|
[OPTRACE]|1797|8|/home/ld443/meng_project/SysArray8_new/_x/link/vivado/vpl/prj/prj.runs/pfm_dynamic_debug_bridge_xsdbm_0_synth_1/pfm_dynamic_debug_bridge_xsdbm_0.tcl|vivado_synth|1590108168133|START|synth_design|
Command: synth_design -top pfm_dynamic_debug_bridge_xsdbm_0 -part xcu250-figd2104-2L-e -mode out_of_context
Starting synth_design
Attempting to get a license for feature 'Synthesis' and/or device 'xcu250'
INFO: [Common 17-349] Got license for feature 'Synthesis' and/or device 'xcu250'
INFO: [Device 21-403] Loading part xcu250-figd2104-2L-e
INFO: Launching helper process for spawning children vivado processes
INFO: Helper process launched with PID 56576 
---------------------------------------------------------------------------------
Starting RTL Elaboration : Time (s): cpu = 00:00:04 ; elapsed = 00:00:07 . Memory (MB): peak = 2910.977 ; gain = 183.609 ; free physical = 97665 ; free virtual = 192799
---------------------------------------------------------------------------------
INFO: [Synth 8-6157] synthesizing module 'pfm_dynamic_debug_bridge_xsdbm_0' [/home/ld443/meng_project/SysArray8_new/_x/link/vivado/vpl/prj/prj.srcs/my_rm/bd/bd/ip/pfm_dynamic_debug_bridge_xsdbm_0/synth/pfm_dynamic_debug_bridge_xsdbm_0.v:59]
INFO: [Synth 8-6157] synthesizing module 'bd_ebbe' [/home/ld443/meng_project/SysArray8_new/_x/link/vivado/vpl/prj/prj.srcs/my_rm/bd/bd/ip/pfm_dynamic_debug_bridge_xsdbm_0/bd_0/synth/bd_ebbe.v:10]
INFO: [Synth 8-6157] synthesizing module 'bd_ebbe_lut_buffer_0' [/home/ld443/meng_project/SysArray8_new/_x/link/vivado/vpl/prj/prj.runs/pfm_dynamic_debug_bridge_xsdbm_0_synth_1/.Xil/Vivado-1797-brg-zhang-xcel.ece.cornell.edu/realtime/bd_ebbe_lut_buffer_0_stub.v:6]
INFO: [Synth 8-6155] done synthesizing module 'bd_ebbe_lut_buffer_0' (1#1) [/home/ld443/meng_project/SysArray8_new/_x/link/vivado/vpl/prj/prj.runs/pfm_dynamic_debug_bridge_xsdbm_0_synth_1/.Xil/Vivado-1797-brg-zhang-xcel.ece.cornell.edu/realtime/bd_ebbe_lut_buffer_0_stub.v:6]
INFO: [Synth 8-6157] synthesizing module 'bd_ebbe_xsdbm_0' [/home/ld443/meng_project/SysArray8_new/_x/link/vivado/vpl/prj/prj.runs/pfm_dynamic_debug_bridge_xsdbm_0_synth_1/.Xil/Vivado-1797-brg-zhang-xcel.ece.cornell.edu/realtime/bd_ebbe_xsdbm_0_stub.v:6]
INFO: [Synth 8-6155] done synthesizing module 'bd_ebbe_xsdbm_0' (2#1) [/home/ld443/meng_project/SysArray8_new/_x/link/vivado/vpl/prj/prj.runs/pfm_dynamic_debug_bridge_xsdbm_0_synth_1/.Xil/Vivado-1797-brg-zhang-xcel.ece.cornell.edu/realtime/bd_ebbe_xsdbm_0_stub.v:6]
INFO: [Synth 8-6155] done synthesizing module 'bd_ebbe' (3#1) [/home/ld443/meng_project/SysArray8_new/_x/link/vivado/vpl/prj/prj.srcs/my_rm/bd/bd/ip/pfm_dynamic_debug_bridge_xsdbm_0/bd_0/synth/bd_ebbe.v:10]
INFO: [Synth 8-6155] done synthesizing module 'pfm_dynamic_debug_bridge_xsdbm_0' (4#1) [/home/ld443/meng_project/SysArray8_new/_x/link/vivado/vpl/prj/prj.srcs/my_rm/bd/bd/ip/pfm_dynamic_debug_bridge_xsdbm_0/synth/pfm_dynamic_debug_bridge_xsdbm_0.v:59]
---------------------------------------------------------------------------------
Finished RTL Elaboration : Time (s): cpu = 00:00:05 ; elapsed = 00:00:10 . Memory (MB): peak = 2977.707 ; gain = 250.340 ; free physical = 97554 ; free virtual = 192688
---------------------------------------------------------------------------------

Report Check Netlist: 
+------+------------------+-------+---------+-------+------------------+
|      |Item              |Errors |Warnings |Status |Description       |
+------+------------------+-------+---------+-------+------------------+
|1     |multi_driven_nets |      0|        0|Passed |Multi driven nets |
+------+------------------+-------+---------+-------+------------------+
---------------------------------------------------------------------------------
Start Handling Custom Attributes
---------------------------------------------------------------------------------
---------------------------------------------------------------------------------
Finished Handling Custom Attributes : Time (s): cpu = 00:00:06 ; elapsed = 00:00:10 . Memory (MB): peak = 2977.707 ; gain = 250.340 ; free physical = 97528 ; free virtual = 192662
---------------------------------------------------------------------------------
---------------------------------------------------------------------------------
Finished RTL Optimization Phase 1 : Time (s): cpu = 00:00:06 ; elapsed = 00:00:10 . Memory (MB): peak = 2977.707 ; gain = 250.340 ; free physical = 97528 ; free virtual = 192662
---------------------------------------------------------------------------------
Netlist sorting complete. Time (s): cpu = 00:00:00 ; elapsed = 00:00:00 . Memory (MB): peak = 2977.707 ; gain = 0.000 ; free physical = 97520 ; free virtual = 192654
INFO: [Project 1-570] Preparing netlist for logic optimization

Processing XDC Constraints
Initializing timing engine
Parsing XDC File [/home/ld443/meng_project/SysArray8_new/_x/link/vivado/vpl/prj/prj.srcs/my_rm/bd/bd/ip/pfm_dynamic_debug_bridge_xsdbm_0/bd_0/ip/ip_0/bd_ebbe_xsdbm_0/bd_ebbe_xsdbm_0_in_context.xdc] for cell 'inst/xsdbm'
Finished Parsing XDC File [/home/ld443/meng_project/SysArray8_new/_x/link/vivado/vpl/prj/prj.srcs/my_rm/bd/bd/ip/pfm_dynamic_debug_bridge_xsdbm_0/bd_0/ip/ip_0/bd_ebbe_xsdbm_0/bd_ebbe_xsdbm_0_in_context.xdc] for cell 'inst/xsdbm'
Parsing XDC File [/home/ld443/meng_project/SysArray8_new/_x/link/vivado/vpl/prj/prj.srcs/my_rm/bd/bd/ip/pfm_dynamic_debug_bridge_xsdbm_0/bd_0/ip/ip_1/bd_ebbe_lut_buffer_0/bd_ebbe_lut_buffer_0_in_context.xdc] for cell 'inst/lut_buffer'
Finished Parsing XDC File [/home/ld443/meng_project/SysArray8_new/_x/link/vivado/vpl/prj/prj.srcs/my_rm/bd/bd/ip/pfm_dynamic_debug_bridge_xsdbm_0/bd_0/ip/ip_1/bd_ebbe_lut_buffer_0/bd_ebbe_lut_buffer_0_in_context.xdc] for cell 'inst/lut_buffer'
Parsing XDC File [/home/ld443/meng_project/SysArray8_new/_x/link/vivado/vpl/prj/prj.srcs/my_rm/bd/bd/ip/pfm_dynamic_debug_bridge_xsdbm_0/pfm_dynamic_debug_bridge_xsdbm_0_ooc.xdc] for cell 'inst'
Finished Parsing XDC File [/home/ld443/meng_project/SysArray8_new/_x/link/vivado/vpl/prj/prj.srcs/my_rm/bd/bd/ip/pfm_dynamic_debug_bridge_xsdbm_0/pfm_dynamic_debug_bridge_xsdbm_0_ooc.xdc] for cell 'inst'
Parsing XDC File [/home/ld443/meng_project/SysArray8_new/_x/link/vivado/vpl/prj/prj.runs/pfm_dynamic_debug_bridge_xsdbm_0_synth_1/dont_touch.xdc]
Finished Parsing XDC File [/home/ld443/meng_project/SysArray8_new/_x/link/vivado/vpl/prj/prj.runs/pfm_dynamic_debug_bridge_xsdbm_0_synth_1/dont_touch.xdc]
Completed Processing XDC Constraints

Netlist sorting complete. Time (s): cpu = 00:00:00 ; elapsed = 00:00:00 . Memory (MB): peak = 3039.223 ; gain = 0.000 ; free physical = 96691 ; free virtual = 191826
INFO: [Project 1-111] Unisim Transformation Summary:
No Unisim elements were transformed.

Constraint Validation Runtime : Time (s): cpu = 00:00:00.02 ; elapsed = 00:00:00.07 . Memory (MB): peak = 3039.227 ; gain = 0.004 ; free physical = 96673 ; free virtual = 191807
---------------------------------------------------------------------------------
Finished Constraint Validation : Time (s): cpu = 00:00:19 ; elapsed = 00:00:35 . Memory (MB): peak = 3039.227 ; gain = 311.859 ; free physical = 96486 ; free virtual = 191621
---------------------------------------------------------------------------------
---------------------------------------------------------------------------------
Start Loading Part and Timing Information
---------------------------------------------------------------------------------
Loading part: xcu250-figd2104-2L-e
INFO: [Synth 8-6742] Reading net delay rules and data
---------------------------------------------------------------------------------
Finished Loading Part and Timing Information : Time (s): cpu = 00:00:19 ; elapsed = 00:00:35 . Memory (MB): peak = 3039.227 ; gain = 311.859 ; free physical = 96486 ; free virtual = 191621
---------------------------------------------------------------------------------
---------------------------------------------------------------------------------
Start Applying 'set_property' XDC Constraints
---------------------------------------------------------------------------------
warning: ./.Xil/Vivado-1797-brg-zhang-xcel.ece.cornell.edu/realtime/pfm_dynamic_debug_bridge_xsdbm_0_synth.xdc:5: incorrect argument "-quiet" for "current_instance"
---------------------------------------------------------------------
Usage:
  current_instance
    [-help]
    instance
    [{>|>>} <stdoutFile>]
---------------------------------------------------------------------
WARNING: set_property CLOCK_PERIOD_OOC_TARGET could not find object (constraint file  /home/ld443/meng_project/SysArray8_new/_x/link/vivado/vpl/prj/prj.srcs/my_rm/bd/bd/ip/pfm_dynamic_debug_bridge_xsdbm_0/bd_0/ip/ip_0/bd_ebbe_xsdbm_0/bd_ebbe_xsdbm_0_in_context.xdc, line 1).
Applied set_property DONT_TOUCH = true for inst. (constraint file  auto generated constraint, line ).
Applied set_property DONT_TOUCH = true for inst/xsdbm. (constraint file  auto generated constraint, line ).
Applied set_property DONT_TOUCH = true for inst/lut_buffer. (constraint file  auto generated constraint, line ).
---------------------------------------------------------------------------------
Finished applying 'set_property' XDC Constraints : Time (s): cpu = 00:00:19 ; elapsed = 00:00:35 . Memory (MB): peak = 3039.227 ; gain = 311.859 ; free physical = 96392 ; free virtual = 191527
---------------------------------------------------------------------------------
---------------------------------------------------------------------------------
Finished RTL Optimization Phase 2 : Time (s): cpu = 00:00:19 ; elapsed = 00:00:36 . Memory (MB): peak = 3039.234 ; gain = 311.867 ; free physical = 96381 ; free virtual = 191515
---------------------------------------------------------------------------------

Report RTL Partitions: 
+-+--------------+------------+----------+
| |RTL Partition |Replication |Instances |
+-+--------------+------------+----------+
+-+--------------+------------+----------+
---------------------------------------------------------------------------------
Start RTL Component Statistics 
---------------------------------------------------------------------------------
Detailed RTL Component Info : 
---------------------------------------------------------------------------------
Finished RTL Component Statistics 
---------------------------------------------------------------------------------
---------------------------------------------------------------------------------
Start RTL Hierarchical Component Statistics 
---------------------------------------------------------------------------------
Hierarchical RTL Component report 
---------------------------------------------------------------------------------
Finished RTL Hierarchical Component Statistics
---------------------------------------------------------------------------------
---------------------------------------------------------------------------------
Start Part Resource Summary
---------------------------------------------------------------------------------
Part Resources:
DSPs: 12288 (col length:96)
BRAMs: 5376 (col length: RAMB18 384 RAMB36 192)
---------------------------------------------------------------------------------
Finished Part Resource Summary
---------------------------------------------------------------------------------
---------------------------------------------------------------------------------
Start Cross Boundary and Area Optimization
---------------------------------------------------------------------------------
Warning: Parallel synthesis criteria is not met 
---------------------------------------------------------------------------------
Finished Cross Boundary and Area Optimization : Time (s): cpu = 00:00:20 ; elapsed = 00:00:37 . Memory (MB): peak = 3039.234 ; gain = 311.867 ; free physical = 96416 ; free virtual = 191554
---------------------------------------------------------------------------------

Report RTL Partitions: 
+-+--------------+------------+----------+
| |RTL Partition |Replication |Instances |
+-+--------------+------------+----------+
+-+--------------+------------+----------+
---------------------------------------------------------------------------------
Start Applying XDC Timing Constraints
---------------------------------------------------------------------------------
incorrect argument "-quiet" for "current_instance" at line  of file auto generated constraint
---------------------------------------------------------------------
Usage:
  current_instance
    [-help]
    instance
    [{>|>>} <stdoutFile>]
---------------------------------------------------------------------
---------------------------------------------------------------------------------
Finished Applying XDC Timing Constraints : Time (s): cpu = 00:00:58 ; elapsed = 00:02:28 . Memory (MB): peak = 3456.789 ; gain = 729.422 ; free physical = 99973 ; free virtual = 195269
---------------------------------------------------------------------------------
---------------------------------------------------------------------------------
Start Timing Optimization
---------------------------------------------------------------------------------
---------------------------------------------------------------------------------
Finished Timing Optimization : Time (s): cpu = 00:00:58 ; elapsed = 00:02:28 . Memory (MB): peak = 3456.789 ; gain = 729.422 ; free physical = 99971 ; free virtual = 195267
---------------------------------------------------------------------------------

Report RTL Partitions: 
+-+--------------+------------+----------+
| |RTL Partition |Replication |Instances |
+-+--------------+------------+----------+
+-+--------------+------------+----------+
---------------------------------------------------------------------------------
Start Technology Mapping
---------------------------------------------------------------------------------
---------------------------------------------------------------------------------
Finished Technology Mapping : Time (s): cpu = 00:00:58 ; elapsed = 00:02:28 . Memory (MB): peak = 3466.797 ; gain = 739.430 ; free physical = 99919 ; free virtual = 195216
---------------------------------------------------------------------------------

Report RTL Partitions: 
+-+--------------+------------+----------+
| |RTL Partition |Replication |Instances |
+-+--------------+------------+----------+
+-+--------------+------------+----------+
---------------------------------------------------------------------------------
Start IO Insertion
---------------------------------------------------------------------------------
---------------------------------------------------------------------------------
Start Flattening Before IO Insertion
---------------------------------------------------------------------------------
---------------------------------------------------------------------------------
Finished Flattening Before IO Insertion
---------------------------------------------------------------------------------
---------------------------------------------------------------------------------
Start Final Netlist Cleanup
---------------------------------------------------------------------------------
---------------------------------------------------------------------------------
Finished Final Netlist Cleanup
---------------------------------------------------------------------------------
---------------------------------------------------------------------------------
Finished IO Insertion : Time (s): cpu = 00:01:02 ; elapsed = 00:02:32 . Memory (MB): peak = 3480.676 ; gain = 753.309 ; free physical = 99951 ; free virtual = 195267
---------------------------------------------------------------------------------
---------------------------------------------------------------------------------
Start Renaming Generated Instances
---------------------------------------------------------------------------------
---------------------------------------------------------------------------------
Finished Renaming Generated Instances : Time (s): cpu = 00:01:02 ; elapsed = 00:02:32 . Memory (MB): peak = 3480.676 ; gain = 753.309 ; free physical = 99951 ; free virtual = 195267
---------------------------------------------------------------------------------

Report RTL Partitions: 
+-+--------------+------------+----------+
| |RTL Partition |Replication |Instances |
+-+--------------+------------+----------+
+-+--------------+------------+----------+

Report Check Netlist: 
+------+------------------+-------+---------+-------+------------------+
|      |Item              |Errors |Warnings |Status |Description       |
+------+------------------+-------+---------+-------+------------------+
|1     |multi_driven_nets |      0|        0|Passed |Multi driven nets |
+------+------------------+-------+---------+-------+------------------+
---------------------------------------------------------------------------------
Start Rebuilding User Hierarchy
---------------------------------------------------------------------------------
---------------------------------------------------------------------------------
Finished Rebuilding User Hierarchy : Time (s): cpu = 00:01:02 ; elapsed = 00:02:32 . Memory (MB): peak = 3480.676 ; gain = 753.309 ; free physical = 99963 ; free virtual = 195279
---------------------------------------------------------------------------------
---------------------------------------------------------------------------------
Start Renaming Generated Ports
---------------------------------------------------------------------------------
---------------------------------------------------------------------------------
Finished Renaming Generated Ports : Time (s): cpu = 00:01:02 ; elapsed = 00:02:32 . Memory (MB): peak = 3480.676 ; gain = 753.309 ; free physical = 99966 ; free virtual = 195282
---------------------------------------------------------------------------------
---------------------------------------------------------------------------------
Start Handling Custom Attributes
---------------------------------------------------------------------------------
---------------------------------------------------------------------------------
Finished Handling Custom Attributes : Time (s): cpu = 00:01:02 ; elapsed = 00:02:32 . Memory (MB): peak = 3480.676 ; gain = 753.309 ; free physical = 99978 ; free virtual = 195294
---------------------------------------------------------------------------------
---------------------------------------------------------------------------------
Start Renaming Generated Nets
---------------------------------------------------------------------------------
---------------------------------------------------------------------------------
Finished Renaming Generated Nets : Time (s): cpu = 00:01:02 ; elapsed = 00:02:32 . Memory (MB): peak = 3480.676 ; gain = 753.309 ; free physical = 99981 ; free virtual = 195297
---------------------------------------------------------------------------------
---------------------------------------------------------------------------------
Start Writing Synthesis Report
---------------------------------------------------------------------------------

Report BlackBoxes: 
+------+---------------------+----------+
|      |BlackBox name        |Instances |
+------+---------------------+----------+
|1     |bd_ebbe_lut_buffer_0 |         1|
|2     |bd_ebbe_xsdbm_0      |         1|
+------+---------------------+----------+

Report Cell Usage: 
+------+---------------------+------+
|      |Cell                 |Count |
+------+---------------------+------+
|1     |bd_ebbe_lut_buffer_0 |     1|
|2     |bd_ebbe_xsdbm_0      |     1|
+------+---------------------+------+

Report Instance Areas: 
+------+---------+--------+------+
|      |Instance |Module  |Cells |
+------+---------+--------+------+
|1     |top      |        |    13|
|2     |  inst   |bd_ebbe |    13|
+------+---------+--------+------+
---------------------------------------------------------------------------------
Finished Writing Synthesis Report : Time (s): cpu = 00:01:02 ; elapsed = 00:02:32 . Memory (MB): peak = 3480.676 ; gain = 753.309 ; free physical = 99982 ; free virtual = 195298
---------------------------------------------------------------------------------
Synthesis finished with 0 errors, 0 critical warnings and 0 warnings.
Synthesis Optimization Runtime : Time (s): cpu = 00:00:53 ; elapsed = 00:02:16 . Memory (MB): peak = 3480.676 ; gain = 691.789 ; free physical = 100004 ; free virtual = 195320
Synthesis Optimization Complete : Time (s): cpu = 00:01:02 ; elapsed = 00:02:32 . Memory (MB): peak = 3480.680 ; gain = 753.309 ; free physical = 100002 ; free virtual = 195319
INFO: [Project 1-571] Translating synthesized netlist
Netlist sorting complete. Time (s): cpu = 00:00:00 ; elapsed = 00:00:00 . Memory (MB): peak = 3480.680 ; gain = 0.000 ; free physical = 99989 ; free virtual = 195306
INFO: [Project 1-570] Preparing netlist for logic optimization
INFO: [Opt 31-138] Pushed 0 inverter(s) to 0 load pin(s).
Netlist sorting complete. Time (s): cpu = 00:00:00 ; elapsed = 00:00:00 . Memory (MB): peak = 3560.277 ; gain = 0.000 ; free physical = 99788 ; free virtual = 195123
INFO: [Project 1-111] Unisim Transformation Summary:
No Unisim elements were transformed.

INFO: [Common 17-83] Releasing license: Synthesis
25 Infos, 35 Warnings, 0 Critical Warnings and 0 Errors encountered.
synth_design completed successfully
synth_design: Time (s): cpu = 00:01:28 ; elapsed = 00:03:35 . Memory (MB): peak = 3560.277 ; gain = 1755.148 ; free physical = 99890 ; free virtual = 195225
INFO: [Common 17-600] The following parameters have non-default value.
general.maxThreads
[OPTRACE]|1797|9|/home/ld443/meng_project/SysArray8_new/_x/link/vivado/vpl/prj/prj.runs/pfm_dynamic_debug_bridge_xsdbm_0_synth_1/pfm_dynamic_debug_bridge_xsdbm_0.tcl|vivado_synth|1590108383453|END|synth_design|
[OPTRACE]|1797|10|/home/ld443/meng_project/SysArray8_new/_x/link/vivado/vpl/prj/prj.runs/pfm_dynamic_debug_bridge_xsdbm_0_synth_1/pfm_dynamic_debug_bridge_xsdbm_0.tcl|vivado_synth|1590108383453|START|Write IP Cache|
Netlist sorting complete. Time (s): cpu = 00:00:00 ; elapsed = 00:00:00 . Memory (MB): peak = 3560.277 ; gain = 0.000 ; free physical = 99887 ; free virtual = 195223
WARNING: [Constraints 18-5210] No constraints selected for write.
Resolution: This message can indicate that there are no constraints for the design, or it can indicate that the used_in flags are set such that the constraints are ignored. This later case is used when running synth_design to not write synthesis constraints to the resulting checkpoint. Instead, project constraints are read when the synthesized design is opened.
INFO: [Common 17-1381] The checkpoint '/home/ld443/meng_project/SysArray8_new/_x/link/vivado/vpl/prj/prj.runs/pfm_dynamic_debug_bridge_xsdbm_0_synth_1/pfm_dynamic_debug_bridge_xsdbm_0.dcp' has been generated.
WARNING: [Common 17-576] 'use_project_ipc' is deprecated. This option is deprecated and no longer used.
INFO: [Coretcl 2-1648] Added synthesis output to IP cache for IP pfm_dynamic_debug_bridge_xsdbm_0, cache-ID = 3267b5602b9a8703
[OPTRACE]|1797|11|/home/ld443/meng_project/SysArray8_new/_x/link/vivado/vpl/prj/prj.runs/pfm_dynamic_debug_bridge_xsdbm_0_synth_1/pfm_dynamic_debug_bridge_xsdbm_0.tcl|vivado_synth|1590108385099|END|Write IP Cache|
INFO: [Coretcl 2-1174] Renamed 3 cell refs.
[OPTRACE]|1797|12|/home/ld443/meng_project/SysArray8_new/_x/link/vivado/vpl/prj/prj.runs/pfm_dynamic_debug_bridge_xsdbm_0_synth_1/pfm_dynamic_debug_bridge_xsdbm_0.tcl|vivado_synth|1590108385099|START|write_checkpoint|CHECKPOINT
Netlist sorting complete. Time (s): cpu = 00:00:00 ; elapsed = 00:00:00 . Memory (MB): peak = 3560.285 ; gain = 0.000 ; free physical = 99897 ; free virtual = 195249
WARNING: [Constraints 18-5210] No constraints selected for write.
Resolution: This message can indicate that there are no constraints for the design, or it can indicate that the used_in flags are set such that the constraints are ignored. This later case is used when running synth_design to not write synthesis constraints to the resulting checkpoint. Instead, project constraints are read when the synthesized design is opened.
INFO: [Common 17-1381] The checkpoint '/home/ld443/meng_project/SysArray8_new/_x/link/vivado/vpl/prj/prj.runs/pfm_dynamic_debug_bridge_xsdbm_0_synth_1/pfm_dynamic_debug_bridge_xsdbm_0.dcp' has been generated.
[OPTRACE]|1797|13|/home/ld443/meng_project/SysArray8_new/_x/link/vivado/vpl/prj/prj.runs/pfm_dynamic_debug_bridge_xsdbm_0_synth_1/pfm_dynamic_debug_bridge_xsdbm_0.tcl|vivado_synth|1590108385712|END|write_checkpoint|
[OPTRACE]|1797|14|/home/ld443/meng_project/SysArray8_new/_x/link/vivado/vpl/prj/prj.runs/pfm_dynamic_debug_bridge_xsdbm_0_synth_1/pfm_dynamic_debug_bridge_xsdbm_0.tcl|vivado_synth|1590108385712|START|synth_report|REPORT
INFO: [runtcl-4] Executing : report_utilization -file pfm_dynamic_debug_bridge_xsdbm_0_utilization_synth.rpt -pb pfm_dynamic_debug_bridge_xsdbm_0_utilization_synth.pb
[OPTRACE]|1797|15|/home/ld443/meng_project/SysArray8_new/_x/link/vivado/vpl/prj/prj.runs/pfm_dynamic_debug_bridge_xsdbm_0_synth_1/pfm_dynamic_debug_bridge_xsdbm_0.tcl|vivado_synth|1590108386202|END|synth_report|
[OPTRACE]|1797|16|/home/ld443/meng_project/SysArray8_new/_x/link/vivado/vpl/prj/prj.runs/pfm_dynamic_debug_bridge_xsdbm_0_synth_1/pfm_dynamic_debug_bridge_xsdbm_0.tcl|vivado_synth|1590108386809|END|pfm_dynamic_debug_bridge_xsdbm_0_synth_1|
INFO: [Common 17-206] Exiting Vivado at Thu May 21 20:46:26 2020...
