
*** Running vivado
    with args -log pfm_dynamic_axi_user_slrcrossing_mi_1.vds -m64 -product Vivado -mode batch -messageDb vivado.pb -notrace -source pfm_dynamic_axi_user_slrcrossing_mi_1.tcl


****** Vivado v2019.2.1 (64-bit)
  **** SW Build 2729669 on Thu Dec  5 04:48:12 MST 2019
  **** IP Build 2729494 on Thu Dec  5 07:38:25 MST 2019
    ** Copyright 1986-2019 Xilinx, Inc. All Rights Reserved.

source pfm_dynamic_axi_user_slrcrossing_mi_1.tcl -notrace
[OPTRACE]|85717|1|/home/ld443/meng_project/SysArray8_new/_x/link/vivado/vpl/prj/prj.runs/pfm_dynamic_axi_user_slrcrossing_mi_1_synth_1/pfm_dynamic_axi_user_slrcrossing_mi_1.tcl|vivado_synth|1590106185279|START|pfm_dynamic_axi_user_slrcrossing_mi_1_synth_1|ROLLUP_AUTO
[OPTRACE]|85717|2|/home/ld443/meng_project/SysArray8_new/_x/link/vivado/vpl/prj/prj.runs/pfm_dynamic_axi_user_slrcrossing_mi_1_synth_1/pfm_dynamic_axi_user_slrcrossing_mi_1.tcl|vivado_synth|1590106185282|START|Creating in-memory project|
INFO: [IP_Flow 19-234] Refreshing IP repositories
INFO: [IP_Flow 19-1700] Loaded user IP repository '/home/ld443/meng_project/SysArray8_new/_x/link/int/xo/ip_repo/mycompany_com_kernel_SysArray_1_0'.
WARNING: [IP_Flow 19-1694] Ignoring duplicate Bus Definition IP file 'xilinx.com:display_pcie4:pcie4_gt_if:1.0' found within IP repository '/home/ld443/meng_project/SysArray8_new/_x/link/vivado/vpl/.local/hw_platform/iprepo'.
File in use: /home/ld443/meng_project/SysArray8_new/_x/link/vivado/vpl/.local/hw_platform/iprepo/iprepo/pcie4_uscale_plus_v1_3/interfaces/pcie4_gt_if.xml
File ignored: /home/ld443/meng_project/SysArray8_new/_x/link/vivado/vpl/.local/hw_platform/iprepo/iprepo/xdma_v4_1/interfaces/pcie4_gt_if.xml
WARNING: [IP_Flow 19-1694] Ignoring duplicate Bus Abstraction IP file 'xilinx.com:display_pcie4:pcie4_gt_if_rtl:1.0' found within IP repository '/home/ld443/meng_project/SysArray8_new/_x/link/vivado/vpl/.local/hw_platform/iprepo'.
File in use: /home/ld443/meng_project/SysArray8_new/_x/link/vivado/vpl/.local/hw_platform/iprepo/iprepo/pcie4_uscale_plus_v1_3/interfaces/pcie4_gt_if_rtl.xml
File ignored: /home/ld443/meng_project/SysArray8_new/_x/link/vivado/vpl/.local/hw_platform/iprepo/iprepo/xdma_v4_1/interfaces/pcie4_gt_if_rtl.xml
WARNING: [IP_Flow 19-1694] Ignoring duplicate Bus Definition IP file 'xilinx.com:display_pcie4_uscaleplus:ext_gtcom:1.0' found within IP repository '/home/ld443/meng_project/SysArray8_new/_x/link/vivado/vpl/.local/hw_platform/iprepo'.
File in use: /home/ld443/meng_project/SysArray8_new/_x/link/vivado/vpl/.local/hw_platform/iprepo/iprepo/pcie4_uscale_plus_v1_3/interfaces/pcie4_usp_ext_gtcom.xml
File ignored: /home/ld443/meng_project/SysArray8_new/_x/link/vivado/vpl/.local/hw_platform/iprepo/iprepo/xdma_v4_1/interfaces/pcie4_usp_ext_gtcom.xml
WARNING: [IP_Flow 19-1694] Ignoring duplicate Bus Abstraction IP file 'xilinx.com:display_pcie4_uscaleplus:ext_gtcom_rtl:1.0' found within IP repository '/home/ld443/meng_project/SysArray8_new/_x/link/vivado/vpl/.local/hw_platform/iprepo'.
File in use: /home/ld443/meng_project/SysArray8_new/_x/link/vivado/vpl/.local/hw_platform/iprepo/iprepo/pcie4_uscale_plus_v1_3/interfaces/pcie4_usp_ext_gtcom_rtl.xml
File ignored: /home/ld443/meng_project/SysArray8_new/_x/link/vivado/vpl/.local/hw_platform/iprepo/iprepo/xdma_v4_1/interfaces/pcie4_usp_ext_gtcom_rtl.xml
WARNING: [IP_Flow 19-1694] Ignoring duplicate Bus Definition IP file 'xilinx.com:display_pcie4_uscaleplus:int_gtcom:1.0' found within IP repository '/home/ld443/meng_project/SysArray8_new/_x/link/vivado/vpl/.local/hw_platform/iprepo'.
File in use: /home/ld443/meng_project/SysArray8_new/_x/link/vivado/vpl/.local/hw_platform/iprepo/iprepo/pcie4_uscale_plus_v1_3/interfaces/pcie4_usp_int_gtcom.xml
File ignored: /home/ld443/meng_project/SysArray8_new/_x/link/vivado/vpl/.local/hw_platform/iprepo/iprepo/xdma_v4_1/interfaces/pcie4_usp_int_gtcom.xml
WARNING: [IP_Flow 19-1694] Ignoring duplicate Bus Abstraction IP file 'xilinx.com:display_pcie4_uscaleplus:int_gtcom_rtl:1.0' found within IP repository '/home/ld443/meng_project/SysArray8_new/_x/link/vivado/vpl/.local/hw_platform/iprepo'.
File in use: /home/ld443/meng_project/SysArray8_new/_x/link/vivado/vpl/.local/hw_platform/iprepo/iprepo/pcie4_uscale_plus_v1_3/interfaces/pcie4_usp_int_gtcom_rtl.xml
File ignored: /home/ld443/meng_project/SysArray8_new/_x/link/vivado/vpl/.local/hw_platform/iprepo/iprepo/xdma_v4_1/interfaces/pcie4_usp_int_gtcom_rtl.xml
INFO: [IP_Flow 19-1700] Loaded user IP repository '/home/ld443/meng_project/SysArray8_new/_x/link/vivado/vpl/.local/hw_platform/iprepo'.
INFO: [IP_Flow 19-1700] Loaded user IP repository '/opt/xilinx/Xilinx_Vivado_vitis_2019.2/Vitis/2019.2/data/cache/xilinx'.
INFO: [IP_Flow 19-1700] Loaded user IP repository '/home/ld443/meng_project/SysArray8_new/_x/link/vivado/vpl/.local/hw_platform/ipcache'.
INFO: [IP_Flow 19-1700] Loaded user IP repository '/opt/xilinx/Xilinx_Vivado_vitis_2019.2/Vitis/2019.2/data/ip'.
INFO: [IP_Flow 19-2313] Loaded Vivado IP repository '/opt/xilinx/Xilinx_Vivado_vitis_2019.2/Vivado/2019.2/data/ip'.
WARNING: [IP_Flow 19-1663] Duplicate IP found for 'xilinx.com:ip:Monitor_AXI_Master:1.0'. The one found in IP location '/home/ld443/meng_project/SysArray8_new/_x/link/vivado/vpl/.local/hw_platform/iprepo/iprepo/monitor_axi_master_v1_0' will take precedence over the same IP in location /opt/xilinx/Xilinx_Vivado_vitis_2019.2/Vitis/2019.2/data/ip/xilinx/monitor_axi_master_v1_0
WARNING: [IP_Flow 19-1663] Duplicate IP found for 'xilinx.com:ip:pcie4_uscale_plus:1.3'. The one found in IP location '/home/ld443/meng_project/SysArray8_new/_x/link/vivado/vpl/.local/hw_platform/iprepo/iprepo/pcie4_uscale_plus_v1_3' will take precedence over the same IP in the Xilinx installed IP.
WARNING: [IP_Flow 19-1663] Duplicate IP found for 'xilinx.com:ip:xdma:4.1'. The one found in IP location '/home/ld443/meng_project/SysArray8_new/_x/link/vivado/vpl/.local/hw_platform/iprepo/iprepo/xdma_v4_1' will take precedence over the same IP in the Xilinx installed IP.
WARNING: [IP_Flow 19-4830] Duplicate Interface found for 'xilinx.com:display_pcie4:pcie4_cfg_control:1.0'. The one found in location '/home/ld443/meng_project/SysArray8_new/_x/link/vivado/vpl/.local/hw_platform/iprepo/iprepo/pcie4_uscale_plus_v1_3/interfaces/pcie4_cfg_control.xml' will take precedence over the same Interface in location '/opt/xilinx/Xilinx_Vivado_vitis_2019.2/Vivado/2019.2/data/ip/xilinx/pcie4_uscale_plus_v1_3/interfaces/pcie4_cfg_control.xml'
WARNING: [IP_Flow 19-4830] Duplicate Interface found for 'xilinx.com:display_pcie4:pcie4_cfg_external_msix:1.0'. The one found in location '/home/ld443/meng_project/SysArray8_new/_x/link/vivado/vpl/.local/hw_platform/iprepo/iprepo/pcie4_uscale_plus_v1_3/interfaces/pcie4_cfg_ext_msix.xml' will take precedence over the same Interface in location '/opt/xilinx/Xilinx_Vivado_vitis_2019.2/Vivado/2019.2/data/ip/xilinx/pcie4_uscale_plus_v1_3/interfaces/pcie4_cfg_ext_msix.xml'
WARNING: [IP_Flow 19-4830] Duplicate Interface found for 'xilinx.com:display_pcie4:pcie4_cfg_mgmt:1.0'. The one found in location '/home/ld443/meng_project/SysArray8_new/_x/link/vivado/vpl/.local/hw_platform/iprepo/iprepo/pcie4_uscale_plus_v1_3/interfaces/pcie4_cfg_mgmt.xml' will take precedence over the same Interface in location '/opt/xilinx/Xilinx_Vivado_vitis_2019.2/Vivado/2019.2/data/ip/xilinx/pcie4_uscale_plus_v1_3/interfaces/pcie4_cfg_mgmt.xml'
WARNING: [IP_Flow 19-4830] Duplicate Interface found for 'xilinx.com:display_pcie4:pcie4_cfg_msix_external:1.0'. The one found in location '/home/ld443/meng_project/SysArray8_new/_x/link/vivado/vpl/.local/hw_platform/iprepo/iprepo/pcie4_uscale_plus_v1_3/interfaces/pcie4_cfg_msix.xml' will take precedence over the same Interface in location '/opt/xilinx/Xilinx_Vivado_vitis_2019.2/Vivado/2019.2/data/ip/xilinx/pcie4_uscale_plus_v1_3/interfaces/pcie4_cfg_msix.xml'
WARNING: [IP_Flow 19-4830] Duplicate Interface found for 'xilinx.com:display_pcie4:pcie4_cfg_msix_internal:1.0'. The one found in location '/home/ld443/meng_project/SysArray8_new/_x/link/vivado/vpl/.local/hw_platform/iprepo/iprepo/pcie4_uscale_plus_v1_3/interfaces/pcie4_cfg_msix_int.xml' will take precedence over the same Interface in location '/opt/xilinx/Xilinx_Vivado_vitis_2019.2/Vivado/2019.2/data/ip/xilinx/pcie4_uscale_plus_v1_3/interfaces/pcie4_cfg_msix_int.xml'
WARNING: [IP_Flow 19-4830] Duplicate Interface found for 'xilinx.com:display_pcie4:pcie4_cfg_pm:1.0'. The one found in location '/home/ld443/meng_project/SysArray8_new/_x/link/vivado/vpl/.local/hw_platform/iprepo/iprepo/pcie4_uscale_plus_v1_3/interfaces/pcie4_cfg_pm.xml' will take precedence over the same Interface in location '/opt/xilinx/Xilinx_Vivado_vitis_2019.2/Vivado/2019.2/data/ip/xilinx/pcie4_uscale_plus_v1_3/interfaces/pcie4_cfg_pm.xml'
WARNING: [IP_Flow 19-4830] Duplicate Interface found for 'xilinx.com:display_pcie4:pcie4_cfg_status:1.0'. The one found in location '/home/ld443/meng_project/SysArray8_new/_x/link/vivado/vpl/.local/hw_platform/iprepo/iprepo/pcie4_uscale_plus_v1_3/interfaces/pcie4_cfg_status.xml' will take precedence over the same Interface in location '/opt/xilinx/Xilinx_Vivado_vitis_2019.2/Vivado/2019.2/data/ip/xilinx/pcie4_uscale_plus_v1_3/interfaces/pcie4_cfg_status.xml'
WARNING: [IP_Flow 19-4830] Duplicate Interface found for 'xilinx.com:display_pcie4:pcie4_gt_if:1.0'. The one found in location '/home/ld443/meng_project/SysArray8_new/_x/link/vivado/vpl/.local/hw_platform/iprepo/iprepo/pcie4_uscale_plus_v1_3/interfaces/pcie4_gt_if.xml' will take precedence over the same Interface in location '/opt/xilinx/Xilinx_Vivado_vitis_2019.2/Vivado/2019.2/data/ip/xilinx/pcie4_uscale_plus_v1_3/interfaces/pcie4_gt_if.xml'
WARNING: [IP_Flow 19-4830] Duplicate Interface found for 'xilinx.com:display_pcie4:pcie4_pcie_id:1.0'. The one found in location '/home/ld443/meng_project/SysArray8_new/_x/link/vivado/vpl/.local/hw_platform/iprepo/iprepo/pcie4_uscale_plus_v1_3/interfaces/pcie4_pcie_id.xml' will take precedence over the same Interface in location '/opt/xilinx/Xilinx_Vivado_vitis_2019.2/Vivado/2019.2/data/ip/xilinx/pcie4_uscale_plus_v1_3/interfaces/pcie4_pcie_id.xml'
WARNING: [IP_Flow 19-4830] Duplicate Interface found for 'xilinx.com:display_pcie4:pcie4_pl:1.0'. The one found in location '/home/ld443/meng_project/SysArray8_new/_x/link/vivado/vpl/.local/hw_platform/iprepo/iprepo/pcie4_uscale_plus_v1_3/interfaces/pcie4_pl.xml' will take precedence over the same Interface in location '/opt/xilinx/Xilinx_Vivado_vitis_2019.2/Vivado/2019.2/data/ip/xilinx/pcie4_uscale_plus_v1_3/interfaces/pcie4_pl.xml'
WARNING: [IP_Flow 19-4830] Duplicate Interface found for 'xilinx.com:display_pcie4:pcie4_rbar:1.0'. The one found in location '/home/ld443/meng_project/SysArray8_new/_x/link/vivado/vpl/.local/hw_platform/iprepo/iprepo/pcie4_uscale_plus_v1_3/interfaces/pcie4_rbar.xml' will take precedence over the same Interface in location '/opt/xilinx/Xilinx_Vivado_vitis_2019.2/Vivado/2019.2/data/ip/xilinx/pcie4_uscale_plus_v1_3/interfaces/pcie4_rbar.xml'
WARNING: [IP_Flow 19-4830] Duplicate Interface found for 'xilinx.com:display_pcie4_uscaleplus:ext_gtcom:1.0'. The one found in location '/home/ld443/meng_project/SysArray8_new/_x/link/vivado/vpl/.local/hw_platform/iprepo/iprepo/pcie4_uscale_plus_v1_3/interfaces/pcie4_usp_ext_gtcom.xml' will take precedence over the same Interface in location '/opt/xilinx/Xilinx_Vivado_vitis_2019.2/Vivado/2019.2/data/ip/xilinx/pcie4_uscale_plus_v1_3/interfaces/pcie4_usp_ext_gtcom.xml'
WARNING: [IP_Flow 19-4830] Duplicate Interface found for 'xilinx.com:display_pcie4_uscaleplus:int_gtcom:1.0'. The one found in location '/home/ld443/meng_project/SysArray8_new/_x/link/vivado/vpl/.local/hw_platform/iprepo/iprepo/pcie4_uscale_plus_v1_3/interfaces/pcie4_usp_int_gtcom.xml' will take precedence over the same Interface in location '/opt/xilinx/Xilinx_Vivado_vitis_2019.2/Vivado/2019.2/data/ip/xilinx/pcie4_uscale_plus_v1_3/interfaces/pcie4_usp_int_gtcom.xml'
WARNING: [IP_Flow 19-4830] Duplicate Interface found for 'xilinx.com:display_pcie4_uscaleplus:transceiver_debug:1.0'. The one found in location '/home/ld443/meng_project/SysArray8_new/_x/link/vivado/vpl/.local/hw_platform/iprepo/iprepo/pcie4_uscale_plus_v1_3/interfaces/transceiver_debug.xml' will take precedence over the same Interface in location '/opt/xilinx/Xilinx_Vivado_vitis_2019.2/Vivado/2019.2/data/ip/xilinx/pcie4_uscale_plus_v1_3/interfaces/transceiver_debug.xml'
WARNING: [IP_Flow 19-4830] Duplicate Interface found for 'xilinx.com:display_xdma:dsc_bypass:1.0'. The one found in location '/home/ld443/meng_project/SysArray8_new/_x/link/vivado/vpl/.local/hw_platform/iprepo/iprepo/xdma_v4_1/interfaces/dsc_bypass.xml' will take precedence over the same Interface in location '/opt/xilinx/Xilinx_Vivado_vitis_2019.2/Vivado/2019.2/data/ip/xilinx/qdma_v3_0/interfaces/dsc_bypass.xml'
WARNING: [IP_Flow 19-4830] Duplicate Interface found for 'xilinx.com:display_xdma:pcie3_7x_transceiver_debug:1.0'. The one found in location '/home/ld443/meng_project/SysArray8_new/_x/link/vivado/vpl/.local/hw_platform/iprepo/iprepo/xdma_v4_1/interfaces/pcie3_7x_transceiver_debug.xml' will take precedence over the same Interface in location '/opt/xilinx/Xilinx_Vivado_vitis_2019.2/Vivado/2019.2/data/ip/xilinx/qdma_v3_0/interfaces/pcie3_7x_transceiver_debug.xml'
WARNING: [IP_Flow 19-4830] Duplicate Interface found for 'xilinx.com:display_pcie3_ultrascale:ext_shared_logic:1.0'. The one found in location '/home/ld443/meng_project/SysArray8_new/_x/link/vivado/vpl/.local/hw_platform/iprepo/iprepo/xdma_v4_1/interfaces/pcie3_us_ext_shared_logic.xml' will take precedence over the same Interface in location '/opt/xilinx/Xilinx_Vivado_vitis_2019.2/Vivado/2019.2/data/ip/xilinx/axi_pcie3_v3_0/interfaces/pcie3_us_ext_shared_logic.xml'
WARNING: [IP_Flow 19-4830] Duplicate Interface found for 'xilinx.com:display_pcie3_ultrascale:pcie3_us_gt_if:1.0'. The one found in location '/home/ld443/meng_project/SysArray8_new/_x/link/vivado/vpl/.local/hw_platform/iprepo/iprepo/xdma_v4_1/interfaces/pcie3_us_gt_if.xml' will take precedence over the same Interface in location '/opt/xilinx/Xilinx_Vivado_vitis_2019.2/Vivado/2019.2/data/ip/xilinx/pcie3_ultrascale_v4_4/interfaces/pcie3_us_gt_if.xml'
WARNING: [IP_Flow 19-4830] Duplicate Interface found for 'xilinx.com:display_xdma:int_shared_logic:1.0'. The one found in location '/home/ld443/meng_project/SysArray8_new/_x/link/vivado/vpl/.local/hw_platform/iprepo/iprepo/xdma_v4_1/interfaces/pcie3_us_int_shared_logic.xml' will take precedence over the same Interface in location '/opt/xilinx/Xilinx_Vivado_vitis_2019.2/Vivado/2019.2/data/ip/xilinx/qdma_v3_0/interfaces/pcie3_us_int_shared_logic.xml'
WARNING: [IP_Flow 19-4830] Duplicate Interface found for 'xilinx.com:display_xdma:pcie3_us_transceiver_debug:1.0'. The one found in location '/home/ld443/meng_project/SysArray8_new/_x/link/vivado/vpl/.local/hw_platform/iprepo/iprepo/xdma_v4_1/interfaces/pcie3_us_transceiver_debug.xml' will take precedence over the same Interface in location '/opt/xilinx/Xilinx_Vivado_vitis_2019.2/Vivado/2019.2/data/ip/xilinx/qdma_v3_0/interfaces/pcie3_us_transceiver_debug.xml'
WARNING: [IP_Flow 19-4830] Duplicate Interface found for 'xilinx.com:display_xdma:pcie4_us_plus_transceiver_debug:1.0'. The one found in location '/home/ld443/meng_project/SysArray8_new/_x/link/vivado/vpl/.local/hw_platform/iprepo/iprepo/xdma_v4_1/interfaces/pcie4_us_plus_transceiver_debug.xml' will take precedence over the same Interface in location '/opt/xilinx/Xilinx_Vivado_vitis_2019.2/Vivado/2019.2/data/ip/xilinx/qdma_v3_0/interfaces/pcie4_us_plus_transceiver_debug.xml'
WARNING: [IP_Flow 19-4830] Duplicate Interface found for 'xilinx.com:display_xdma:pcie_cfg_external_msix:1.0'. The one found in location '/home/ld443/meng_project/SysArray8_new/_x/link/vivado/vpl/.local/hw_platform/iprepo/iprepo/xdma_v4_1/interfaces/pcie_cfg_ext_msix.xml' will take precedence over the same Interface in location '/opt/xilinx/Xilinx_Vivado_vitis_2019.2/Vivado/2019.2/data/ip/xilinx/xdma_v4_1/interfaces/pcie_cfg_ext_msix.xml'
WARNING: [IP_Flow 19-4830] Duplicate Interface found for 'xilinx.com:display_xdma:pcie_debug:1.0'. The one found in location '/home/ld443/meng_project/SysArray8_new/_x/link/vivado/vpl/.local/hw_platform/iprepo/iprepo/xdma_v4_1/interfaces/pcie_debug.xml' will take precedence over the same Interface in location '/opt/xilinx/Xilinx_Vivado_vitis_2019.2/Vivado/2019.2/data/ip/xilinx/qdma_v3_0/interfaces/pcie_debug.xml'
WARNING: [IP_Flow 19-4830] Duplicate Interface found for 'xilinx.com:display_xdma:xdma_debug_ports:1.0'. The one found in location '/home/ld443/meng_project/SysArray8_new/_x/link/vivado/vpl/.local/hw_platform/iprepo/iprepo/xdma_v4_1/interfaces/xdma_debug_ports.xml' will take precedence over the same Interface in location '/opt/xilinx/Xilinx_Vivado_vitis_2019.2/Vivado/2019.2/data/ip/xilinx/qdma_v3_0/interfaces/xdma_debug_ports.xml'
WARNING: [IP_Flow 19-4830] Duplicate Interface found for 'xilinx.com:display_xdma:xdma_status_ports:1.0'. The one found in location '/home/ld443/meng_project/SysArray8_new/_x/link/vivado/vpl/.local/hw_platform/iprepo/iprepo/xdma_v4_1/interfaces/xdma_status_ports.xml' will take precedence over the same Interface in location '/opt/xilinx/Xilinx_Vivado_vitis_2019.2/Vivado/2019.2/data/ip/xilinx/qdma_v3_0/interfaces/xdma_status_ports.xml'
WARNING: [IP_Flow 19-4830] Duplicate Interface found for 'xilinx.com:interface:sdsoc_trace:2.0'. The one found in location '/opt/xilinx/Xilinx_Vivado_vitis_2019.2/Vitis/2019.2/data/ip/xilinx/sdsoc_trace_v2_0/sdsoc_trace_v2_0.xml' will take precedence over the same Interface in location '/opt/xilinx/Xilinx_Vivado_vitis_2019.2/Vivado/2019.2/data/ip/interfaces/sdsoc_trace_v2_0/sdsoc_trace_v2_0.xml'
update_ip_catalog: Time (s): cpu = 00:00:05 ; elapsed = 00:00:11 . Memory (MB): peak = 1805.758 ; gain = 189.789 ; free physical = 114974 ; free virtual = 209249
[OPTRACE]|85717|3|/home/ld443/meng_project/SysArray8_new/_x/link/vivado/vpl/prj/prj.runs/pfm_dynamic_axi_user_slrcrossing_mi_1_synth_1/pfm_dynamic_axi_user_slrcrossing_mi_1.tcl|vivado_synth|1590106200885|END|Creating in-memory project|
[OPTRACE]|85717|4|/home/ld443/meng_project/SysArray8_new/_x/link/vivado/vpl/prj/prj.runs/pfm_dynamic_axi_user_slrcrossing_mi_1_synth_1/pfm_dynamic_axi_user_slrcrossing_mi_1.tcl|vivado_synth|1590106200885|START|Adding files|
[OPTRACE]|85717|5|/home/ld443/meng_project/SysArray8_new/_x/link/vivado/vpl/prj/prj.runs/pfm_dynamic_axi_user_slrcrossing_mi_1_synth_1/pfm_dynamic_axi_user_slrcrossing_mi_1.tcl|vivado_synth|1590106201409|END|Adding files|
[OPTRACE]|85717|6|/home/ld443/meng_project/SysArray8_new/_x/link/vivado/vpl/prj/prj.runs/pfm_dynamic_axi_user_slrcrossing_mi_1_synth_1/pfm_dynamic_axi_user_slrcrossing_mi_1.tcl|vivado_synth|1590106201411|START|Configure IP Cache|
[OPTRACE]|85717|7|/home/ld443/meng_project/SysArray8_new/_x/link/vivado/vpl/prj/prj.runs/pfm_dynamic_axi_user_slrcrossing_mi_1_synth_1/pfm_dynamic_axi_user_slrcrossing_mi_1.tcl|vivado_synth|1590106201414|END|Configure IP Cache|
[OPTRACE]|85717|8|/home/ld443/meng_project/SysArray8_new/_x/link/vivado/vpl/prj/prj.runs/pfm_dynamic_axi_user_slrcrossing_mi_1_synth_1/pfm_dynamic_axi_user_slrcrossing_mi_1.tcl|vivado_synth|1590106201415|START|synth_design|
Command: synth_design -top pfm_dynamic_axi_user_slrcrossing_mi_1 -part xcu250-figd2104-2L-e -mode out_of_context
Starting synth_design
Attempting to get a license for feature 'Synthesis' and/or device 'xcu250'
INFO: [Common 17-349] Got license for feature 'Synthesis' and/or device 'xcu250'
INFO: [Device 21-403] Loading part xcu250-figd2104-2L-e
INFO: Launching helper process for spawning children vivado processes
INFO: Helper process launched with PID 87816 
---------------------------------------------------------------------------------
Starting RTL Elaboration : Time (s): cpu = 00:00:04 ; elapsed = 00:00:08 . Memory (MB): peak = 2909.621 ; gain = 183.609 ; free physical = 107745 ; free virtual = 202056
---------------------------------------------------------------------------------
INFO: [Synth 8-6157] synthesizing module 'pfm_dynamic_axi_user_slrcrossing_mi_1' [/home/ld443/meng_project/SysArray8_new/_x/link/vivado/vpl/prj/prj.srcs/my_rm/bd/bd/ip/pfm_dynamic_axi_user_slrcrossing_mi_1/synth/pfm_dynamic_axi_user_slrcrossing_mi_1.v:58]
INFO: [Synth 8-6157] synthesizing module 'axi_register_slice_v2_1_20_axi_register_slice' [/home/ld443/meng_project/SysArray8_new/_x/link/vivado/vpl/prj/prj.srcs/my_rm/bd/bd/ipshared/72d4/hdl/axi_register_slice_v2_1_vl_rfs.v:3704]
	Parameter C_FAMILY bound to: virtexuplus - type: string 
	Parameter C_AXI_PROTOCOL bound to: 2 - type: integer 
	Parameter C_AXI_ID_WIDTH bound to: 1 - type: integer 
	Parameter C_AXI_ADDR_WIDTH bound to: 26 - type: integer 
	Parameter C_AXI_DATA_WIDTH bound to: 32 - type: integer 
	Parameter C_AXI_SUPPORTS_USER_SIGNALS bound to: 0 - type: integer 
	Parameter C_AXI_AWUSER_WIDTH bound to: 1 - type: integer 
	Parameter C_AXI_ARUSER_WIDTH bound to: 1 - type: integer 
	Parameter C_AXI_WUSER_WIDTH bound to: 1 - type: integer 
	Parameter C_AXI_RUSER_WIDTH bound to: 1 - type: integer 
	Parameter C_AXI_BUSER_WIDTH bound to: 1 - type: integer 
	Parameter C_REG_CONFIG_AW bound to: 7 - type: integer 
	Parameter C_REG_CONFIG_W bound to: 7 - type: integer 
	Parameter C_REG_CONFIG_B bound to: 9 - type: integer 
	Parameter C_REG_CONFIG_AR bound to: 7 - type: integer 
	Parameter C_REG_CONFIG_R bound to: 9 - type: integer 
	Parameter C_RESERVE_MODE bound to: 0 - type: integer 
	Parameter C_NUM_SLR_CROSSINGS bound to: 0 - type: integer 
	Parameter C_PIPELINES_MASTER_AW bound to: 0 - type: integer 
	Parameter C_PIPELINES_MASTER_W bound to: 0 - type: integer 
	Parameter C_PIPELINES_MASTER_B bound to: 0 - type: integer 
	Parameter C_PIPELINES_MASTER_AR bound to: 0 - type: integer 
	Parameter C_PIPELINES_MASTER_R bound to: 0 - type: integer 
	Parameter C_PIPELINES_SLAVE_AW bound to: 0 - type: integer 
	Parameter C_PIPELINES_SLAVE_W bound to: 0 - type: integer 
	Parameter C_PIPELINES_SLAVE_B bound to: 0 - type: integer 
	Parameter C_PIPELINES_SLAVE_AR bound to: 0 - type: integer 
	Parameter C_PIPELINES_SLAVE_R bound to: 0 - type: integer 
	Parameter C_PIPELINES_MIDDLE_AW bound to: 0 - type: integer 
	Parameter C_PIPELINES_MIDDLE_W bound to: 0 - type: integer 
	Parameter C_PIPELINES_MIDDLE_B bound to: 0 - type: integer 
	Parameter C_PIPELINES_MIDDLE_AR bound to: 0 - type: integer 
	Parameter C_PIPELINES_MIDDLE_R bound to: 0 - type: integer 
	Parameter C_AXI_SUPPORTS_REGION_SIGNALS bound to: 0 - type: integer 
	Parameter P_FORWARD bound to: 0 - type: integer 
	Parameter P_RESPONSE bound to: 1 - type: integer 
	Parameter G_AXI_AWADDR_INDEX bound to: 0 - type: integer 
	Parameter G_AXI_AWADDR_WIDTH bound to: 26 - type: integer 
	Parameter G_AXI_AWPROT_INDEX bound to: 26 - type: integer 
	Parameter G_AXI_AWPROT_WIDTH bound to: 3 - type: integer 
	Parameter G_AXI_AWSIZE_INDEX bound to: 29 - type: integer 
	Parameter G_AXI_AWSIZE_WIDTH bound to: 0 - type: integer 
	Parameter G_AXI_AWBURST_INDEX bound to: 29 - type: integer 
	Parameter G_AXI_AWBURST_WIDTH bound to: 0 - type: integer 
	Parameter G_AXI_AWCACHE_INDEX bound to: 29 - type: integer 
	Parameter G_AXI_AWCACHE_WIDTH bound to: 0 - type: integer 
	Parameter G_AXI_AWLEN_INDEX bound to: 29 - type: integer 
	Parameter G_AXI_AWLEN_WIDTH bound to: 0 - type: integer 
	Parameter G_AXI_AWLOCK_INDEX bound to: 29 - type: integer 
	Parameter G_AXI_AWLOCK_WIDTH bound to: 0 - type: integer 
	Parameter G_AXI_AWID_INDEX bound to: 29 - type: integer 
	Parameter G_AXI_AWID_WIDTH bound to: 0 - type: integer 
	Parameter G_AXI_AWQOS_INDEX bound to: 29 - type: integer 
	Parameter G_AXI_AWQOS_WIDTH bound to: 0 - type: integer 
	Parameter G_AXI_AWREGION_INDEX bound to: 29 - type: integer 
	Parameter G_AXI_AWREGION_WIDTH bound to: 0 - type: integer 
	Parameter G_AXI_AWUSER_INDEX bound to: 29 - type: integer 
	Parameter G_AXI_AWUSER_WIDTH bound to: 0 - type: integer 
	Parameter G_AXI_AWPAYLOAD_WIDTH bound to: 29 - type: integer 
	Parameter G_AXI_ARADDR_INDEX bound to: 0 - type: integer 
	Parameter G_AXI_ARADDR_WIDTH bound to: 26 - type: integer 
	Parameter G_AXI_ARPROT_INDEX bound to: 26 - type: integer 
	Parameter G_AXI_ARPROT_WIDTH bound to: 3 - type: integer 
	Parameter G_AXI_ARSIZE_INDEX bound to: 29 - type: integer 
	Parameter G_AXI_ARSIZE_WIDTH bound to: 0 - type: integer 
	Parameter G_AXI_ARBURST_INDEX bound to: 29 - type: integer 
	Parameter G_AXI_ARBURST_WIDTH bound to: 0 - type: integer 
	Parameter G_AXI_ARCACHE_INDEX bound to: 29 - type: integer 
	Parameter G_AXI_ARCACHE_WIDTH bound to: 0 - type: integer 
	Parameter G_AXI_ARLEN_INDEX bound to: 29 - type: integer 
	Parameter G_AXI_ARLEN_WIDTH bound to: 0 - type: integer 
	Parameter G_AXI_ARLOCK_INDEX bound to: 29 - type: integer 
	Parameter G_AXI_ARLOCK_WIDTH bound to: 0 - type: integer 
	Parameter G_AXI_ARID_INDEX bound to: 29 - type: integer 
	Parameter G_AXI_ARID_WIDTH bound to: 0 - type: integer 
	Parameter G_AXI_ARQOS_INDEX bound to: 29 - type: integer 
	Parameter G_AXI_ARQOS_WIDTH bound to: 0 - type: integer 
	Parameter G_AXI_ARREGION_INDEX bound to: 29 - type: integer 
	Parameter G_AXI_ARREGION_WIDTH bound to: 0 - type: integer 
	Parameter G_AXI_ARUSER_INDEX bound to: 29 - type: integer 
	Parameter G_AXI_ARUSER_WIDTH bound to: 0 - type: integer 
	Parameter G_AXI_ARPAYLOAD_WIDTH bound to: 29 - type: integer 
	Parameter G_AXI_WDATA_INDEX bound to: 0 - type: integer 
	Parameter G_AXI_WDATA_WIDTH bound to: 32 - type: integer 
	Parameter G_AXI_WSTRB_INDEX bound to: 32 - type: integer 
	Parameter G_AXI_WSTRB_WIDTH bound to: 4 - type: integer 
	Parameter G_AXI_WLAST_INDEX bound to: 36 - type: integer 
	Parameter G_AXI_WLAST_WIDTH bound to: 0 - type: integer 
	Parameter G_AXI_WID_INDEX bound to: 36 - type: integer 
	Parameter G_AXI_WID_WIDTH bound to: 0 - type: integer 
	Parameter G_AXI_WUSER_INDEX bound to: 36 - type: integer 
	Parameter G_AXI_WUSER_WIDTH bound to: 0 - type: integer 
	Parameter G_AXI_WPAYLOAD_WIDTH bound to: 36 - type: integer 
	Parameter G_AXI_BRESP_INDEX bound to: 0 - type: integer 
	Parameter G_AXI_BRESP_WIDTH bound to: 2 - type: integer 
	Parameter G_AXI_BID_INDEX bound to: 2 - type: integer 
	Parameter G_AXI_BID_WIDTH bound to: 0 - type: integer 
	Parameter G_AXI_BUSER_INDEX bound to: 2 - type: integer 
	Parameter G_AXI_BUSER_WIDTH bound to: 0 - type: integer 
	Parameter G_AXI_BPAYLOAD_WIDTH bound to: 2 - type: integer 
	Parameter G_AXI_RDATA_INDEX bound to: 0 - type: integer 
	Parameter G_AXI_RDATA_WIDTH bound to: 32 - type: integer 
	Parameter G_AXI_RRESP_INDEX bound to: 32 - type: integer 
	Parameter G_AXI_RRESP_WIDTH bound to: 2 - type: integer 
	Parameter G_AXI_RLAST_INDEX bound to: 34 - type: integer 
	Parameter G_AXI_RLAST_WIDTH bound to: 0 - type: integer 
	Parameter G_AXI_RID_INDEX bound to: 34 - type: integer 
	Parameter G_AXI_RID_WIDTH bound to: 0 - type: integer 
	Parameter G_AXI_RUSER_INDEX bound to: 34 - type: integer 
	Parameter G_AXI_RUSER_WIDTH bound to: 0 - type: integer 
	Parameter G_AXI_RPAYLOAD_WIDTH bound to: 34 - type: integer 
INFO: [Synth 8-6157] synthesizing module 'axi_infrastructure_v1_1_0_axi2vector' [/home/ld443/meng_project/SysArray8_new/_x/link/vivado/vpl/prj/prj.srcs/my_rm/bd/bd/ipshared/ec67/hdl/axi_infrastructure_v1_1_vl_rfs.v:60]
	Parameter C_AXI_PROTOCOL bound to: 2 - type: integer 
	Parameter C_AXI_ID_WIDTH bound to: 1 - type: integer 
	Parameter C_AXI_ADDR_WIDTH bound to: 26 - type: integer 
	Parameter C_AXI_DATA_WIDTH bound to: 32 - type: integer 
	Parameter C_AXI_SUPPORTS_USER_SIGNALS bound to: 0 - type: integer 
	Parameter C_AXI_SUPPORTS_REGION_SIGNALS bound to: 0 - type: integer 
	Parameter C_AXI_AWUSER_WIDTH bound to: 1 - type: integer 
	Parameter C_AXI_WUSER_WIDTH bound to: 1 - type: integer 
	Parameter C_AXI_BUSER_WIDTH bound to: 1 - type: integer 
	Parameter C_AXI_ARUSER_WIDTH bound to: 1 - type: integer 
	Parameter C_AXI_RUSER_WIDTH bound to: 1 - type: integer 
	Parameter C_AWPAYLOAD_WIDTH bound to: 29 - type: integer 
	Parameter C_WPAYLOAD_WIDTH bound to: 36 - type: integer 
	Parameter C_BPAYLOAD_WIDTH bound to: 2 - type: integer 
	Parameter C_ARPAYLOAD_WIDTH bound to: 29 - type: integer 
	Parameter C_RPAYLOAD_WIDTH bound to: 34 - type: integer 
	Parameter G_AXI_AWADDR_INDEX bound to: 0 - type: integer 
	Parameter G_AXI_AWADDR_WIDTH bound to: 26 - type: integer 
	Parameter G_AXI_AWPROT_INDEX bound to: 26 - type: integer 
	Parameter G_AXI_AWPROT_WIDTH bound to: 3 - type: integer 
	Parameter G_AXI_AWSIZE_INDEX bound to: 29 - type: integer 
	Parameter G_AXI_AWSIZE_WIDTH bound to: 0 - type: integer 
	Parameter G_AXI_AWBURST_INDEX bound to: 29 - type: integer 
	Parameter G_AXI_AWBURST_WIDTH bound to: 0 - type: integer 
	Parameter G_AXI_AWCACHE_INDEX bound to: 29 - type: integer 
	Parameter G_AXI_AWCACHE_WIDTH bound to: 0 - type: integer 
	Parameter G_AXI_AWLEN_INDEX bound to: 29 - type: integer 
	Parameter G_AXI_AWLEN_WIDTH bound to: 0 - type: integer 
	Parameter G_AXI_AWLOCK_INDEX bound to: 29 - type: integer 
	Parameter G_AXI_AWLOCK_WIDTH bound to: 0 - type: integer 
	Parameter G_AXI_AWID_INDEX bound to: 29 - type: integer 
	Parameter G_AXI_AWID_WIDTH bound to: 0 - type: integer 
	Parameter G_AXI_AWQOS_INDEX bound to: 29 - type: integer 
	Parameter G_AXI_AWQOS_WIDTH bound to: 0 - type: integer 
	Parameter G_AXI_AWREGION_INDEX bound to: 29 - type: integer 
	Parameter G_AXI_AWREGION_WIDTH bound to: 0 - type: integer 
	Parameter G_AXI_AWUSER_INDEX bound to: 29 - type: integer 
	Parameter G_AXI_AWUSER_WIDTH bound to: 0 - type: integer 
	Parameter G_AXI_AWPAYLOAD_WIDTH bound to: 29 - type: integer 
	Parameter G_AXI_ARADDR_INDEX bound to: 0 - type: integer 
	Parameter G_AXI_ARADDR_WIDTH bound to: 26 - type: integer 
	Parameter G_AXI_ARPROT_INDEX bound to: 26 - type: integer 
	Parameter G_AXI_ARPROT_WIDTH bound to: 3 - type: integer 
	Parameter G_AXI_ARSIZE_INDEX bound to: 29 - type: integer 
	Parameter G_AXI_ARSIZE_WIDTH bound to: 0 - type: integer 
	Parameter G_AXI_ARBURST_INDEX bound to: 29 - type: integer 
	Parameter G_AXI_ARBURST_WIDTH bound to: 0 - type: integer 
	Parameter G_AXI_ARCACHE_INDEX bound to: 29 - type: integer 
	Parameter G_AXI_ARCACHE_WIDTH bound to: 0 - type: integer 
	Parameter G_AXI_ARLEN_INDEX bound to: 29 - type: integer 
	Parameter G_AXI_ARLEN_WIDTH bound to: 0 - type: integer 
	Parameter G_AXI_ARLOCK_INDEX bound to: 29 - type: integer 
	Parameter G_AXI_ARLOCK_WIDTH bound to: 0 - type: integer 
	Parameter G_AXI_ARID_INDEX bound to: 29 - type: integer 
	Parameter G_AXI_ARID_WIDTH bound to: 0 - type: integer 
	Parameter G_AXI_ARQOS_INDEX bound to: 29 - type: integer 
	Parameter G_AXI_ARQOS_WIDTH bound to: 0 - type: integer 
	Parameter G_AXI_ARREGION_INDEX bound to: 29 - type: integer 
	Parameter G_AXI_ARREGION_WIDTH bound to: 0 - type: integer 
	Parameter G_AXI_ARUSER_INDEX bound to: 29 - type: integer 
	Parameter G_AXI_ARUSER_WIDTH bound to: 0 - type: integer 
	Parameter G_AXI_ARPAYLOAD_WIDTH bound to: 29 - type: integer 
	Parameter G_AXI_WDATA_INDEX bound to: 0 - type: integer 
	Parameter G_AXI_WDATA_WIDTH bound to: 32 - type: integer 
	Parameter G_AXI_WSTRB_INDEX bound to: 32 - type: integer 
	Parameter G_AXI_WSTRB_WIDTH bound to: 4 - type: integer 
	Parameter G_AXI_WLAST_INDEX bound to: 36 - type: integer 
	Parameter G_AXI_WLAST_WIDTH bound to: 0 - type: integer 
	Parameter G_AXI_WID_INDEX bound to: 36 - type: integer 
	Parameter G_AXI_WID_WIDTH bound to: 0 - type: integer 
	Parameter G_AXI_WUSER_INDEX bound to: 36 - type: integer 
	Parameter G_AXI_WUSER_WIDTH bound to: 0 - type: integer 
	Parameter G_AXI_WPAYLOAD_WIDTH bound to: 36 - type: integer 
	Parameter G_AXI_BRESP_INDEX bound to: 0 - type: integer 
	Parameter G_AXI_BRESP_WIDTH bound to: 2 - type: integer 
	Parameter G_AXI_BID_INDEX bound to: 2 - type: integer 
	Parameter G_AXI_BID_WIDTH bound to: 0 - type: integer 
	Parameter G_AXI_BUSER_INDEX bound to: 2 - type: integer 
	Parameter G_AXI_BUSER_WIDTH bound to: 0 - type: integer 
	Parameter G_AXI_BPAYLOAD_WIDTH bound to: 2 - type: integer 
	Parameter G_AXI_RDATA_INDEX bound to: 0 - type: integer 
	Parameter G_AXI_RDATA_WIDTH bound to: 32 - type: integer 
	Parameter G_AXI_RRESP_INDEX bound to: 32 - type: integer 
	Parameter G_AXI_RRESP_WIDTH bound to: 2 - type: integer 
	Parameter G_AXI_RLAST_INDEX bound to: 34 - type: integer 
	Parameter G_AXI_RLAST_WIDTH bound to: 0 - type: integer 
	Parameter G_AXI_RID_INDEX bound to: 34 - type: integer 
	Parameter G_AXI_RID_WIDTH bound to: 0 - type: integer 
	Parameter G_AXI_RUSER_INDEX bound to: 34 - type: integer 
	Parameter G_AXI_RUSER_WIDTH bound to: 0 - type: integer 
	Parameter G_AXI_RPAYLOAD_WIDTH bound to: 34 - type: integer 
INFO: [Synth 8-6155] done synthesizing module 'axi_infrastructure_v1_1_0_axi2vector' (1#1) [/home/ld443/meng_project/SysArray8_new/_x/link/vivado/vpl/prj/prj.srcs/my_rm/bd/bd/ipshared/ec67/hdl/axi_infrastructure_v1_1_vl_rfs.v:60]
INFO: [Synth 8-6157] synthesizing module 'axi_infrastructure_v1_1_0_vector2axi' [/home/ld443/meng_project/SysArray8_new/_x/link/vivado/vpl/prj/prj.srcs/my_rm/bd/bd/ipshared/ec67/hdl/axi_infrastructure_v1_1_vl_rfs.v:474]
	Parameter C_AXI_PROTOCOL bound to: 2 - type: integer 
	Parameter C_AXI_ID_WIDTH bound to: 1 - type: integer 
	Parameter C_AXI_ADDR_WIDTH bound to: 26 - type: integer 
	Parameter C_AXI_DATA_WIDTH bound to: 32 - type: integer 
	Parameter C_AXI_SUPPORTS_USER_SIGNALS bound to: 0 - type: integer 
	Parameter C_AXI_SUPPORTS_REGION_SIGNALS bound to: 0 - type: integer 
	Parameter C_AXI_AWUSER_WIDTH bound to: 1 - type: integer 
	Parameter C_AXI_WUSER_WIDTH bound to: 1 - type: integer 
	Parameter C_AXI_BUSER_WIDTH bound to: 1 - type: integer 
	Parameter C_AXI_ARUSER_WIDTH bound to: 1 - type: integer 
	Parameter C_AXI_RUSER_WIDTH bound to: 1 - type: integer 
	Parameter C_AWPAYLOAD_WIDTH bound to: 29 - type: integer 
	Parameter C_WPAYLOAD_WIDTH bound to: 36 - type: integer 
	Parameter C_BPAYLOAD_WIDTH bound to: 2 - type: integer 
	Parameter C_ARPAYLOAD_WIDTH bound to: 29 - type: integer 
	Parameter C_RPAYLOAD_WIDTH bound to: 34 - type: integer 
	Parameter G_AXI_AWADDR_INDEX bound to: 0 - type: integer 
	Parameter G_AXI_AWADDR_WIDTH bound to: 26 - type: integer 
	Parameter G_AXI_AWPROT_INDEX bound to: 26 - type: integer 
	Parameter G_AXI_AWPROT_WIDTH bound to: 3 - type: integer 
	Parameter G_AXI_AWSIZE_INDEX bound to: 29 - type: integer 
	Parameter G_AXI_AWSIZE_WIDTH bound to: 0 - type: integer 
	Parameter G_AXI_AWBURST_INDEX bound to: 29 - type: integer 
	Parameter G_AXI_AWBURST_WIDTH bound to: 0 - type: integer 
	Parameter G_AXI_AWCACHE_INDEX bound to: 29 - type: integer 
	Parameter G_AXI_AWCACHE_WIDTH bound to: 0 - type: integer 
	Parameter G_AXI_AWLEN_INDEX bound to: 29 - type: integer 
	Parameter G_AXI_AWLEN_WIDTH bound to: 0 - type: integer 
	Parameter G_AXI_AWLOCK_INDEX bound to: 29 - type: integer 
	Parameter G_AXI_AWLOCK_WIDTH bound to: 0 - type: integer 
	Parameter G_AXI_AWID_INDEX bound to: 29 - type: integer 
	Parameter G_AXI_AWID_WIDTH bound to: 0 - type: integer 
	Parameter G_AXI_AWQOS_INDEX bound to: 29 - type: integer 
	Parameter G_AXI_AWQOS_WIDTH bound to: 0 - type: integer 
	Parameter G_AXI_AWREGION_INDEX bound to: 29 - type: integer 
	Parameter G_AXI_AWREGION_WIDTH bound to: 0 - type: integer 
	Parameter G_AXI_AWUSER_INDEX bound to: 29 - type: integer 
	Parameter G_AXI_AWUSER_WIDTH bound to: 0 - type: integer 
	Parameter G_AXI_AWPAYLOAD_WIDTH bound to: 29 - type: integer 
	Parameter G_AXI_ARADDR_INDEX bound to: 0 - type: integer 
	Parameter G_AXI_ARADDR_WIDTH bound to: 26 - type: integer 
	Parameter G_AXI_ARPROT_INDEX bound to: 26 - type: integer 
	Parameter G_AXI_ARPROT_WIDTH bound to: 3 - type: integer 
	Parameter G_AXI_ARSIZE_INDEX bound to: 29 - type: integer 
	Parameter G_AXI_ARSIZE_WIDTH bound to: 0 - type: integer 
	Parameter G_AXI_ARBURST_INDEX bound to: 29 - type: integer 
	Parameter G_AXI_ARBURST_WIDTH bound to: 0 - type: integer 
	Parameter G_AXI_ARCACHE_INDEX bound to: 29 - type: integer 
	Parameter G_AXI_ARCACHE_WIDTH bound to: 0 - type: integer 
	Parameter G_AXI_ARLEN_INDEX bound to: 29 - type: integer 
	Parameter G_AXI_ARLEN_WIDTH bound to: 0 - type: integer 
	Parameter G_AXI_ARLOCK_INDEX bound to: 29 - type: integer 
	Parameter G_AXI_ARLOCK_WIDTH bound to: 0 - type: integer 
	Parameter G_AXI_ARID_INDEX bound to: 29 - type: integer 
	Parameter G_AXI_ARID_WIDTH bound to: 0 - type: integer 
	Parameter G_AXI_ARQOS_INDEX bound to: 29 - type: integer 
	Parameter G_AXI_ARQOS_WIDTH bound to: 0 - type: integer 
	Parameter G_AXI_ARREGION_INDEX bound to: 29 - type: integer 
	Parameter G_AXI_ARREGION_WIDTH bound to: 0 - type: integer 
	Parameter G_AXI_ARUSER_INDEX bound to: 29 - type: integer 
	Parameter G_AXI_ARUSER_WIDTH bound to: 0 - type: integer 
	Parameter G_AXI_ARPAYLOAD_WIDTH bound to: 29 - type: integer 
	Parameter G_AXI_WDATA_INDEX bound to: 0 - type: integer 
	Parameter G_AXI_WDATA_WIDTH bound to: 32 - type: integer 
	Parameter G_AXI_WSTRB_INDEX bound to: 32 - type: integer 
	Parameter G_AXI_WSTRB_WIDTH bound to: 4 - type: integer 
	Parameter G_AXI_WLAST_INDEX bound to: 36 - type: integer 
	Parameter G_AXI_WLAST_WIDTH bound to: 0 - type: integer 
	Parameter G_AXI_WID_INDEX bound to: 36 - type: integer 
	Parameter G_AXI_WID_WIDTH bound to: 0 - type: integer 
	Parameter G_AXI_WUSER_INDEX bound to: 36 - type: integer 
	Parameter G_AXI_WUSER_WIDTH bound to: 0 - type: integer 
	Parameter G_AXI_WPAYLOAD_WIDTH bound to: 36 - type: integer 
	Parameter G_AXI_BRESP_INDEX bound to: 0 - type: integer 
	Parameter G_AXI_BRESP_WIDTH bound to: 2 - type: integer 
	Parameter G_AXI_BID_INDEX bound to: 2 - type: integer 
	Parameter G_AXI_BID_WIDTH bound to: 0 - type: integer 
	Parameter G_AXI_BUSER_INDEX bound to: 2 - type: integer 
	Parameter G_AXI_BUSER_WIDTH bound to: 0 - type: integer 
	Parameter G_AXI_BPAYLOAD_WIDTH bound to: 2 - type: integer 
	Parameter G_AXI_RDATA_INDEX bound to: 0 - type: integer 
	Parameter G_AXI_RDATA_WIDTH bound to: 32 - type: integer 
	Parameter G_AXI_RRESP_INDEX bound to: 32 - type: integer 
	Parameter G_AXI_RRESP_WIDTH bound to: 2 - type: integer 
	Parameter G_AXI_RLAST_INDEX bound to: 34 - type: integer 
	Parameter G_AXI_RLAST_WIDTH bound to: 0 - type: integer 
	Parameter G_AXI_RID_INDEX bound to: 34 - type: integer 
	Parameter G_AXI_RID_WIDTH bound to: 0 - type: integer 
	Parameter G_AXI_RUSER_INDEX bound to: 34 - type: integer 
	Parameter G_AXI_RUSER_WIDTH bound to: 0 - type: integer 
	Parameter G_AXI_RPAYLOAD_WIDTH bound to: 34 - type: integer 
INFO: [Synth 8-6155] done synthesizing module 'axi_infrastructure_v1_1_0_vector2axi' (2#1) [/home/ld443/meng_project/SysArray8_new/_x/link/vivado/vpl/prj/prj.srcs/my_rm/bd/bd/ipshared/ec67/hdl/axi_infrastructure_v1_1_vl_rfs.v:474]
INFO: [Synth 8-6157] synthesizing module 'axi_register_slice_v2_1_20_axic_register_slice' [/home/ld443/meng_project/SysArray8_new/_x/link/vivado/vpl/prj/prj.srcs/my_rm/bd/bd/ipshared/72d4/hdl/axi_register_slice_v2_1_vl_rfs.v:1476]
	Parameter C_FAMILY bound to: virtexuplus - type: string 
	Parameter C_DATA_WIDTH bound to: 29 - type: integer 
	Parameter C_REG_CONFIG bound to: 7 - type: integer 
INFO: [Synth 8-6155] done synthesizing module 'axi_register_slice_v2_1_20_axic_register_slice' (3#1) [/home/ld443/meng_project/SysArray8_new/_x/link/vivado/vpl/prj/prj.srcs/my_rm/bd/bd/ipshared/72d4/hdl/axi_register_slice_v2_1_vl_rfs.v:1476]
INFO: [Synth 8-6157] synthesizing module 'axi_register_slice_v2_1_20_axic_register_slice__parameterized0' [/home/ld443/meng_project/SysArray8_new/_x/link/vivado/vpl/prj/prj.srcs/my_rm/bd/bd/ipshared/72d4/hdl/axi_register_slice_v2_1_vl_rfs.v:1476]
	Parameter C_FAMILY bound to: virtexuplus - type: string 
	Parameter C_DATA_WIDTH bound to: 36 - type: integer 
	Parameter C_REG_CONFIG bound to: 7 - type: integer 
INFO: [Synth 8-6155] done synthesizing module 'axi_register_slice_v2_1_20_axic_register_slice__parameterized0' (3#1) [/home/ld443/meng_project/SysArray8_new/_x/link/vivado/vpl/prj/prj.srcs/my_rm/bd/bd/ipshared/72d4/hdl/axi_register_slice_v2_1_vl_rfs.v:1476]
INFO: [Synth 8-6157] synthesizing module 'axi_register_slice_v2_1_20_axic_register_slice__parameterized1' [/home/ld443/meng_project/SysArray8_new/_x/link/vivado/vpl/prj/prj.srcs/my_rm/bd/bd/ipshared/72d4/hdl/axi_register_slice_v2_1_vl_rfs.v:1476]
	Parameter C_FAMILY bound to: virtexuplus - type: string 
	Parameter C_DATA_WIDTH bound to: 2 - type: integer 
	Parameter C_REG_CONFIG bound to: 9 - type: integer 
INFO: [Synth 8-6157] synthesizing module 'axi_register_slice_v2_1_20_srl_rtl' [/home/ld443/meng_project/SysArray8_new/_x/link/vivado/vpl/prj/prj.srcs/my_rm/bd/bd/ipshared/72d4/hdl/axi_register_slice_v2_1_vl_rfs.v:1452]
	Parameter C_A_WIDTH bound to: 2 - type: integer 
	Parameter P_SRLDEPTH bound to: 4 - type: integer 
INFO: [Synth 8-6155] done synthesizing module 'axi_register_slice_v2_1_20_srl_rtl' (4#1) [/home/ld443/meng_project/SysArray8_new/_x/link/vivado/vpl/prj/prj.srcs/my_rm/bd/bd/ipshared/72d4/hdl/axi_register_slice_v2_1_vl_rfs.v:1452]
INFO: [Synth 8-6155] done synthesizing module 'axi_register_slice_v2_1_20_axic_register_slice__parameterized1' (4#1) [/home/ld443/meng_project/SysArray8_new/_x/link/vivado/vpl/prj/prj.srcs/my_rm/bd/bd/ipshared/72d4/hdl/axi_register_slice_v2_1_vl_rfs.v:1476]
INFO: [Synth 8-6157] synthesizing module 'axi_register_slice_v2_1_20_axic_register_slice__parameterized2' [/home/ld443/meng_project/SysArray8_new/_x/link/vivado/vpl/prj/prj.srcs/my_rm/bd/bd/ipshared/72d4/hdl/axi_register_slice_v2_1_vl_rfs.v:1476]
	Parameter C_FAMILY bound to: virtexuplus - type: string 
	Parameter C_DATA_WIDTH bound to: 34 - type: integer 
	Parameter C_REG_CONFIG bound to: 9 - type: integer 
INFO: [Synth 8-6155] done synthesizing module 'axi_register_slice_v2_1_20_axic_register_slice__parameterized2' (4#1) [/home/ld443/meng_project/SysArray8_new/_x/link/vivado/vpl/prj/prj.srcs/my_rm/bd/bd/ipshared/72d4/hdl/axi_register_slice_v2_1_vl_rfs.v:1476]
INFO: [Synth 8-6155] done synthesizing module 'axi_register_slice_v2_1_20_axi_register_slice' (5#1) [/home/ld443/meng_project/SysArray8_new/_x/link/vivado/vpl/prj/prj.srcs/my_rm/bd/bd/ipshared/72d4/hdl/axi_register_slice_v2_1_vl_rfs.v:3704]
INFO: [Synth 8-6155] done synthesizing module 'pfm_dynamic_axi_user_slrcrossing_mi_1' (6#1) [/home/ld443/meng_project/SysArray8_new/_x/link/vivado/vpl/prj/prj.srcs/my_rm/bd/bd/ip/pfm_dynamic_axi_user_slrcrossing_mi_1/synth/pfm_dynamic_axi_user_slrcrossing_mi_1.v:58]
WARNING: [Synth 8-3331] design axi_infrastructure_v1_1_0_vector2axi has unconnected port m_axi_bid[0]
WARNING: [Synth 8-3331] design axi_infrastructure_v1_1_0_vector2axi has unconnected port m_axi_buser[0]
WARNING: [Synth 8-3331] design axi_infrastructure_v1_1_0_vector2axi has unconnected port m_axi_rid[0]
WARNING: [Synth 8-3331] design axi_infrastructure_v1_1_0_vector2axi has unconnected port m_axi_rlast
WARNING: [Synth 8-3331] design axi_infrastructure_v1_1_0_vector2axi has unconnected port m_axi_ruser[0]
WARNING: [Synth 8-3331] design axi_infrastructure_v1_1_0_axi2vector has unconnected port s_axi_awid[0]
WARNING: [Synth 8-3331] design axi_infrastructure_v1_1_0_axi2vector has unconnected port s_axi_awlen[7]
WARNING: [Synth 8-3331] design axi_infrastructure_v1_1_0_axi2vector has unconnected port s_axi_awlen[6]
WARNING: [Synth 8-3331] design axi_infrastructure_v1_1_0_axi2vector has unconnected port s_axi_awlen[5]
WARNING: [Synth 8-3331] design axi_infrastructure_v1_1_0_axi2vector has unconnected port s_axi_awlen[4]
WARNING: [Synth 8-3331] design axi_infrastructure_v1_1_0_axi2vector has unconnected port s_axi_awlen[3]
WARNING: [Synth 8-3331] design axi_infrastructure_v1_1_0_axi2vector has unconnected port s_axi_awlen[2]
WARNING: [Synth 8-3331] design axi_infrastructure_v1_1_0_axi2vector has unconnected port s_axi_awlen[1]
WARNING: [Synth 8-3331] design axi_infrastructure_v1_1_0_axi2vector has unconnected port s_axi_awlen[0]
WARNING: [Synth 8-3331] design axi_infrastructure_v1_1_0_axi2vector has unconnected port s_axi_awsize[2]
WARNING: [Synth 8-3331] design axi_infrastructure_v1_1_0_axi2vector has unconnected port s_axi_awsize[1]
WARNING: [Synth 8-3331] design axi_infrastructure_v1_1_0_axi2vector has unconnected port s_axi_awsize[0]
WARNING: [Synth 8-3331] design axi_infrastructure_v1_1_0_axi2vector has unconnected port s_axi_awburst[1]
WARNING: [Synth 8-3331] design axi_infrastructure_v1_1_0_axi2vector has unconnected port s_axi_awburst[0]
WARNING: [Synth 8-3331] design axi_infrastructure_v1_1_0_axi2vector has unconnected port s_axi_awlock[0]
WARNING: [Synth 8-3331] design axi_infrastructure_v1_1_0_axi2vector has unconnected port s_axi_awcache[3]
WARNING: [Synth 8-3331] design axi_infrastructure_v1_1_0_axi2vector has unconnected port s_axi_awcache[2]
WARNING: [Synth 8-3331] design axi_infrastructure_v1_1_0_axi2vector has unconnected port s_axi_awcache[1]
WARNING: [Synth 8-3331] design axi_infrastructure_v1_1_0_axi2vector has unconnected port s_axi_awcache[0]
WARNING: [Synth 8-3331] design axi_infrastructure_v1_1_0_axi2vector has unconnected port s_axi_awregion[3]
WARNING: [Synth 8-3331] design axi_infrastructure_v1_1_0_axi2vector has unconnected port s_axi_awregion[2]
WARNING: [Synth 8-3331] design axi_infrastructure_v1_1_0_axi2vector has unconnected port s_axi_awregion[1]
WARNING: [Synth 8-3331] design axi_infrastructure_v1_1_0_axi2vector has unconnected port s_axi_awregion[0]
WARNING: [Synth 8-3331] design axi_infrastructure_v1_1_0_axi2vector has unconnected port s_axi_awqos[3]
WARNING: [Synth 8-3331] design axi_infrastructure_v1_1_0_axi2vector has unconnected port s_axi_awqos[2]
WARNING: [Synth 8-3331] design axi_infrastructure_v1_1_0_axi2vector has unconnected port s_axi_awqos[1]
WARNING: [Synth 8-3331] design axi_infrastructure_v1_1_0_axi2vector has unconnected port s_axi_awqos[0]
WARNING: [Synth 8-3331] design axi_infrastructure_v1_1_0_axi2vector has unconnected port s_axi_awuser[0]
WARNING: [Synth 8-3331] design axi_infrastructure_v1_1_0_axi2vector has unconnected port s_axi_wid[0]
WARNING: [Synth 8-3331] design axi_infrastructure_v1_1_0_axi2vector has unconnected port s_axi_wlast
WARNING: [Synth 8-3331] design axi_infrastructure_v1_1_0_axi2vector has unconnected port s_axi_wuser[0]
WARNING: [Synth 8-3331] design axi_infrastructure_v1_1_0_axi2vector has unconnected port s_axi_arid[0]
WARNING: [Synth 8-3331] design axi_infrastructure_v1_1_0_axi2vector has unconnected port s_axi_arlen[7]
WARNING: [Synth 8-3331] design axi_infrastructure_v1_1_0_axi2vector has unconnected port s_axi_arlen[6]
WARNING: [Synth 8-3331] design axi_infrastructure_v1_1_0_axi2vector has unconnected port s_axi_arlen[5]
WARNING: [Synth 8-3331] design axi_infrastructure_v1_1_0_axi2vector has unconnected port s_axi_arlen[4]
WARNING: [Synth 8-3331] design axi_infrastructure_v1_1_0_axi2vector has unconnected port s_axi_arlen[3]
WARNING: [Synth 8-3331] design axi_infrastructure_v1_1_0_axi2vector has unconnected port s_axi_arlen[2]
WARNING: [Synth 8-3331] design axi_infrastructure_v1_1_0_axi2vector has unconnected port s_axi_arlen[1]
WARNING: [Synth 8-3331] design axi_infrastructure_v1_1_0_axi2vector has unconnected port s_axi_arlen[0]
WARNING: [Synth 8-3331] design axi_infrastructure_v1_1_0_axi2vector has unconnected port s_axi_arsize[2]
WARNING: [Synth 8-3331] design axi_infrastructure_v1_1_0_axi2vector has unconnected port s_axi_arsize[1]
WARNING: [Synth 8-3331] design axi_infrastructure_v1_1_0_axi2vector has unconnected port s_axi_arsize[0]
WARNING: [Synth 8-3331] design axi_infrastructure_v1_1_0_axi2vector has unconnected port s_axi_arburst[1]
WARNING: [Synth 8-3331] design axi_infrastructure_v1_1_0_axi2vector has unconnected port s_axi_arburst[0]
WARNING: [Synth 8-3331] design axi_infrastructure_v1_1_0_axi2vector has unconnected port s_axi_arlock[0]
WARNING: [Synth 8-3331] design axi_infrastructure_v1_1_0_axi2vector has unconnected port s_axi_arcache[3]
WARNING: [Synth 8-3331] design axi_infrastructure_v1_1_0_axi2vector has unconnected port s_axi_arcache[2]
WARNING: [Synth 8-3331] design axi_infrastructure_v1_1_0_axi2vector has unconnected port s_axi_arcache[1]
WARNING: [Synth 8-3331] design axi_infrastructure_v1_1_0_axi2vector has unconnected port s_axi_arcache[0]
WARNING: [Synth 8-3331] design axi_infrastructure_v1_1_0_axi2vector has unconnected port s_axi_arregion[3]
WARNING: [Synth 8-3331] design axi_infrastructure_v1_1_0_axi2vector has unconnected port s_axi_arregion[2]
WARNING: [Synth 8-3331] design axi_infrastructure_v1_1_0_axi2vector has unconnected port s_axi_arregion[1]
WARNING: [Synth 8-3331] design axi_infrastructure_v1_1_0_axi2vector has unconnected port s_axi_arregion[0]
WARNING: [Synth 8-3331] design axi_infrastructure_v1_1_0_axi2vector has unconnected port s_axi_arqos[3]
WARNING: [Synth 8-3331] design axi_infrastructure_v1_1_0_axi2vector has unconnected port s_axi_arqos[2]
WARNING: [Synth 8-3331] design axi_infrastructure_v1_1_0_axi2vector has unconnected port s_axi_arqos[1]
WARNING: [Synth 8-3331] design axi_infrastructure_v1_1_0_axi2vector has unconnected port s_axi_arqos[0]
WARNING: [Synth 8-3331] design axi_infrastructure_v1_1_0_axi2vector has unconnected port s_axi_aruser[0]
WARNING: [Synth 8-3331] design axi_register_slice_v2_1_20_axi_register_slice has unconnected port aclk2x
---------------------------------------------------------------------------------
Finished RTL Elaboration : Time (s): cpu = 00:00:06 ; elapsed = 00:00:10 . Memory (MB): peak = 2977.352 ; gain = 251.340 ; free physical = 107301 ; free virtual = 201626
---------------------------------------------------------------------------------

Report Check Netlist: 
+------+------------------+-------+---------+-------+------------------+
|      |Item              |Errors |Warnings |Status |Description       |
+------+------------------+-------+---------+-------+------------------+
|1     |multi_driven_nets |      0|        0|Passed |Multi driven nets |
+------+------------------+-------+---------+-------+------------------+
---------------------------------------------------------------------------------
Start Handling Custom Attributes
---------------------------------------------------------------------------------
---------------------------------------------------------------------------------
Finished Handling Custom Attributes : Time (s): cpu = 00:00:07 ; elapsed = 00:00:11 . Memory (MB): peak = 2980.312 ; gain = 254.301 ; free physical = 107759 ; free virtual = 202087
---------------------------------------------------------------------------------
---------------------------------------------------------------------------------
Finished RTL Optimization Phase 1 : Time (s): cpu = 00:00:07 ; elapsed = 00:00:11 . Memory (MB): peak = 2980.312 ; gain = 254.301 ; free physical = 107759 ; free virtual = 202087
---------------------------------------------------------------------------------
Netlist sorting complete. Time (s): cpu = 00:00:00.01 ; elapsed = 00:00:00.01 . Memory (MB): peak = 2980.312 ; gain = 0.000 ; free physical = 107746 ; free virtual = 202073
INFO: [Project 1-570] Preparing netlist for logic optimization

Processing XDC Constraints
Initializing timing engine
Parsing XDC File [/home/ld443/meng_project/SysArray8_new/_x/link/vivado/vpl/prj/prj.srcs/my_rm/bd/bd/ip/pfm_dynamic_axi_user_slrcrossing_mi_1/pfm_dynamic_axi_user_slrcrossing_mi_1_ooc.xdc] for cell 'inst'
Finished Parsing XDC File [/home/ld443/meng_project/SysArray8_new/_x/link/vivado/vpl/prj/prj.srcs/my_rm/bd/bd/ip/pfm_dynamic_axi_user_slrcrossing_mi_1/pfm_dynamic_axi_user_slrcrossing_mi_1_ooc.xdc] for cell 'inst'
Parsing XDC File [/home/ld443/meng_project/SysArray8_new/_x/link/vivado/vpl/prj/prj.runs/pfm_dynamic_axi_user_slrcrossing_mi_1_synth_1/dont_touch.xdc]
Finished Parsing XDC File [/home/ld443/meng_project/SysArray8_new/_x/link/vivado/vpl/prj/prj.runs/pfm_dynamic_axi_user_slrcrossing_mi_1_synth_1/dont_touch.xdc]
Parsing XDC File [/home/ld443/meng_project/SysArray8_new/_x/link/vivado/vpl/prj/prj.srcs/my_rm/bd/bd/ip/pfm_dynamic_axi_user_slrcrossing_mi_1/pfm_dynamic_axi_user_slrcrossing_mi_1_clocks.xdc] for cell 'inst'
Finished Parsing XDC File [/home/ld443/meng_project/SysArray8_new/_x/link/vivado/vpl/prj/prj.srcs/my_rm/bd/bd/ip/pfm_dynamic_axi_user_slrcrossing_mi_1/pfm_dynamic_axi_user_slrcrossing_mi_1_clocks.xdc] for cell 'inst'
INFO: [Project 1-236] Implementation specific constraints were found while reading constraint file [/home/ld443/meng_project/SysArray8_new/_x/link/vivado/vpl/prj/prj.srcs/my_rm/bd/bd/ip/pfm_dynamic_axi_user_slrcrossing_mi_1/pfm_dynamic_axi_user_slrcrossing_mi_1_clocks.xdc]. These constraints will be ignored for synthesis but will be used in implementation. Impacted constraints are listed in the file [.Xil/pfm_dynamic_axi_user_slrcrossing_mi_1_propImpl.xdc].
Resolution: To avoid this warning, move constraints listed in [.Xil/pfm_dynamic_axi_user_slrcrossing_mi_1_propImpl.xdc] to another XDC file and exclude this new file from synthesis with the used_in_synthesis property (File Properties dialog in GUI) and re-run elaboration/synthesis.
Completed Processing XDC Constraints

Netlist sorting complete. Time (s): cpu = 00:00:00 ; elapsed = 00:00:00 . Memory (MB): peak = 3124.898 ; gain = 0.000 ; free physical = 107239 ; free virtual = 201567
INFO: [Project 1-111] Unisim Transformation Summary:
No Unisim elements were transformed.

Constraint Validation Runtime : Time (s): cpu = 00:00:00.04 ; elapsed = 00:00:00.07 . Memory (MB): peak = 3124.902 ; gain = 0.004 ; free physical = 107231 ; free virtual = 201558
---------------------------------------------------------------------------------
Finished Constraint Validation : Time (s): cpu = 00:00:20 ; elapsed = 00:00:34 . Memory (MB): peak = 3124.902 ; gain = 398.891 ; free physical = 107487 ; free virtual = 201817
---------------------------------------------------------------------------------
---------------------------------------------------------------------------------
Start Loading Part and Timing Information
---------------------------------------------------------------------------------
Loading part: xcu250-figd2104-2L-e
INFO: [Synth 8-6742] Reading net delay rules and data
---------------------------------------------------------------------------------
Finished Loading Part and Timing Information : Time (s): cpu = 00:00:20 ; elapsed = 00:00:34 . Memory (MB): peak = 3124.902 ; gain = 398.891 ; free physical = 107488 ; free virtual = 201818
---------------------------------------------------------------------------------
---------------------------------------------------------------------------------
Start Applying 'set_property' XDC Constraints
---------------------------------------------------------------------------------
Applied set_property DONT_TOUCH = true for inst. (constraint file  /home/ld443/meng_project/SysArray8_new/_x/link/vivado/vpl/prj/prj.runs/pfm_dynamic_axi_user_slrcrossing_mi_1_synth_1/dont_touch.xdc, line 9).
---------------------------------------------------------------------------------
Finished applying 'set_property' XDC Constraints : Time (s): cpu = 00:00:20 ; elapsed = 00:00:35 . Memory (MB): peak = 3124.902 ; gain = 398.891 ; free physical = 107482 ; free virtual = 201813
---------------------------------------------------------------------------------
---------------------------------------------------------------------------------
Finished RTL Optimization Phase 2 : Time (s): cpu = 00:00:21 ; elapsed = 00:00:35 . Memory (MB): peak = 3124.910 ; gain = 398.898 ; free physical = 107474 ; free virtual = 201809
---------------------------------------------------------------------------------

Report RTL Partitions: 
+-+--------------+------------+----------+
| |RTL Partition |Replication |Instances |
+-+--------------+------------+----------+
+-+--------------+------------+----------+
---------------------------------------------------------------------------------
Start RTL Component Statistics 
---------------------------------------------------------------------------------
Detailed RTL Component Info : 
+---Adders : 
	   2 Input      3 Bit       Adders := 2     
+---Registers : 
	               36 Bit    Registers := 1     
	               34 Bit    Registers := 1     
	               29 Bit    Registers := 2     
	                3 Bit    Registers := 2     
	                2 Bit    Registers := 4     
	                1 Bit    Registers := 14    
+---Muxes : 
	   2 Input     34 Bit        Muxes := 1     
	   2 Input      2 Bit        Muxes := 3     
	   2 Input      1 Bit        Muxes := 8     
	   5 Input      1 Bit        Muxes := 4     
	   4 Input      1 Bit        Muxes := 4     
	   7 Input      1 Bit        Muxes := 4     
	  11 Input      1 Bit        Muxes := 2     
---------------------------------------------------------------------------------
Finished RTL Component Statistics 
---------------------------------------------------------------------------------
---------------------------------------------------------------------------------
Start RTL Hierarchical Component Statistics 
---------------------------------------------------------------------------------
Hierarchical RTL Component report 
Module axi_register_slice_v2_1_20_axic_register_slice 
Detailed RTL Component Info : 
+---Registers : 
	               29 Bit    Registers := 1     
	                2 Bit    Registers := 1     
	                1 Bit    Registers := 2     
+---Muxes : 
	   2 Input      1 Bit        Muxes := 2     
Module axi_register_slice_v2_1_20_axic_register_slice__parameterized0 
Detailed RTL Component Info : 
+---Registers : 
	               36 Bit    Registers := 1     
	                2 Bit    Registers := 1     
	                1 Bit    Registers := 2     
+---Muxes : 
	   2 Input      1 Bit        Muxes := 2     
Module axi_register_slice_v2_1_20_axic_register_slice__parameterized1 
Detailed RTL Component Info : 
+---Adders : 
	   2 Input      3 Bit       Adders := 1     
+---Registers : 
	                3 Bit    Registers := 1     
	                2 Bit    Registers := 1     
	                1 Bit    Registers := 4     
+---Muxes : 
	   2 Input      2 Bit        Muxes := 2     
	   5 Input      1 Bit        Muxes := 2     
	   4 Input      1 Bit        Muxes := 2     
	   7 Input      1 Bit        Muxes := 2     
	   2 Input      1 Bit        Muxes := 1     
	  11 Input      1 Bit        Muxes := 1     
Module axi_register_slice_v2_1_20_axic_register_slice__parameterized2 
Detailed RTL Component Info : 
+---Adders : 
	   2 Input      3 Bit       Adders := 1     
+---Registers : 
	               34 Bit    Registers := 1     
	                3 Bit    Registers := 1     
	                1 Bit    Registers := 4     
+---Muxes : 
	   2 Input     34 Bit        Muxes := 1     
	   2 Input      2 Bit        Muxes := 1     
	   5 Input      1 Bit        Muxes := 2     
	   4 Input      1 Bit        Muxes := 2     
	   7 Input      1 Bit        Muxes := 2     
	   2 Input      1 Bit        Muxes := 1     
	  11 Input      1 Bit        Muxes := 1     
---------------------------------------------------------------------------------
Finished RTL Hierarchical Component Statistics
---------------------------------------------------------------------------------
---------------------------------------------------------------------------------
Start Part Resource Summary
---------------------------------------------------------------------------------
Part Resources:
DSPs: 12288 (col length:96)
BRAMs: 5376 (col length: RAMB18 384 RAMB36 192)
---------------------------------------------------------------------------------
Finished Part Resource Summary
---------------------------------------------------------------------------------
---------------------------------------------------------------------------------
Start Cross Boundary and Area Optimization
---------------------------------------------------------------------------------
Warning: Parallel synthesis criteria is not met 
INFO: [Synth 8-4471] merging register 'r.r_pipe/areset_d_reg' into 'b.b_pipe/areset_d_reg' [/home/ld443/meng_project/SysArray8_new/_x/link/vivado/vpl/prj/prj.srcs/my_rm/bd/bd/ipshared/72d4/hdl/axi_register_slice_v2_1_vl_rfs.v:1546]
WARNING: [Synth 8-3331] design axi_register_slice_v2_1_20_axi_register_slice has unconnected port aclk2x
WARNING: [Synth 8-3331] design axi_register_slice_v2_1_20_axi_register_slice has unconnected port s_axi_awid[0]
WARNING: [Synth 8-3331] design axi_register_slice_v2_1_20_axi_register_slice has unconnected port s_axi_awlen[7]
WARNING: [Synth 8-3331] design axi_register_slice_v2_1_20_axi_register_slice has unconnected port s_axi_awlen[6]
WARNING: [Synth 8-3331] design axi_register_slice_v2_1_20_axi_register_slice has unconnected port s_axi_awlen[5]
WARNING: [Synth 8-3331] design axi_register_slice_v2_1_20_axi_register_slice has unconnected port s_axi_awlen[4]
WARNING: [Synth 8-3331] design axi_register_slice_v2_1_20_axi_register_slice has unconnected port s_axi_awlen[3]
WARNING: [Synth 8-3331] design axi_register_slice_v2_1_20_axi_register_slice has unconnected port s_axi_awlen[2]
WARNING: [Synth 8-3331] design axi_register_slice_v2_1_20_axi_register_slice has unconnected port s_axi_awlen[1]
WARNING: [Synth 8-3331] design axi_register_slice_v2_1_20_axi_register_slice has unconnected port s_axi_awlen[0]
WARNING: [Synth 8-3331] design axi_register_slice_v2_1_20_axi_register_slice has unconnected port s_axi_awsize[2]
WARNING: [Synth 8-3331] design axi_register_slice_v2_1_20_axi_register_slice has unconnected port s_axi_awsize[1]
WARNING: [Synth 8-3331] design axi_register_slice_v2_1_20_axi_register_slice has unconnected port s_axi_awsize[0]
WARNING: [Synth 8-3331] design axi_register_slice_v2_1_20_axi_register_slice has unconnected port s_axi_awburst[1]
WARNING: [Synth 8-3331] design axi_register_slice_v2_1_20_axi_register_slice has unconnected port s_axi_awburst[0]
WARNING: [Synth 8-3331] design axi_register_slice_v2_1_20_axi_register_slice has unconnected port s_axi_awlock[0]
WARNING: [Synth 8-3331] design axi_register_slice_v2_1_20_axi_register_slice has unconnected port s_axi_awcache[3]
WARNING: [Synth 8-3331] design axi_register_slice_v2_1_20_axi_register_slice has unconnected port s_axi_awcache[2]
WARNING: [Synth 8-3331] design axi_register_slice_v2_1_20_axi_register_slice has unconnected port s_axi_awcache[1]
WARNING: [Synth 8-3331] design axi_register_slice_v2_1_20_axi_register_slice has unconnected port s_axi_awcache[0]
WARNING: [Synth 8-3331] design axi_register_slice_v2_1_20_axi_register_slice has unconnected port s_axi_awregion[3]
WARNING: [Synth 8-3331] design axi_register_slice_v2_1_20_axi_register_slice has unconnected port s_axi_awregion[2]
WARNING: [Synth 8-3331] design axi_register_slice_v2_1_20_axi_register_slice has unconnected port s_axi_awregion[1]
WARNING: [Synth 8-3331] design axi_register_slice_v2_1_20_axi_register_slice has unconnected port s_axi_awregion[0]
WARNING: [Synth 8-3331] design axi_register_slice_v2_1_20_axi_register_slice has unconnected port s_axi_awqos[3]
WARNING: [Synth 8-3331] design axi_register_slice_v2_1_20_axi_register_slice has unconnected port s_axi_awqos[2]
WARNING: [Synth 8-3331] design axi_register_slice_v2_1_20_axi_register_slice has unconnected port s_axi_awqos[1]
WARNING: [Synth 8-3331] design axi_register_slice_v2_1_20_axi_register_slice has unconnected port s_axi_awqos[0]
WARNING: [Synth 8-3331] design axi_register_slice_v2_1_20_axi_register_slice has unconnected port s_axi_awuser[0]
WARNING: [Synth 8-3331] design axi_register_slice_v2_1_20_axi_register_slice has unconnected port s_axi_wid[0]
WARNING: [Synth 8-3331] design axi_register_slice_v2_1_20_axi_register_slice has unconnected port s_axi_wlast
WARNING: [Synth 8-3331] design axi_register_slice_v2_1_20_axi_register_slice has unconnected port s_axi_wuser[0]
WARNING: [Synth 8-3331] design axi_register_slice_v2_1_20_axi_register_slice has unconnected port s_axi_arid[0]
WARNING: [Synth 8-3331] design axi_register_slice_v2_1_20_axi_register_slice has unconnected port s_axi_arlen[7]
WARNING: [Synth 8-3331] design axi_register_slice_v2_1_20_axi_register_slice has unconnected port s_axi_arlen[6]
INFO: [Common 17-14] Message 'Synth 8-3331' appears 100 times and further instances of the messages will be disabled. Use the Tcl command set_msg_config to change the current settings.
INFO: [Synth 8-3886] merging instance 'inst/ar.ar_pipe/aresetn_d_reg[0]' (FDR) to 'inst/w.w_pipe/aresetn_d_reg[0]'
INFO: [Synth 8-3886] merging instance 'inst/w.w_pipe/aresetn_d_reg[1]' (FDR) to 'inst/ar.ar_pipe/aresetn_d_reg[1]'
INFO: [Synth 8-3886] merging instance 'inst/w.w_pipe/aresetn_d_reg[0]' (FDR) to 'inst/aw.aw_pipe/aresetn_d_reg[0]'
INFO: [Synth 8-3886] merging instance 'inst/aw.aw_pipe/aresetn_d_reg[1]' (FDR) to 'inst/ar.ar_pipe/aresetn_d_reg[1]'
---------------------------------------------------------------------------------
Finished Cross Boundary and Area Optimization : Time (s): cpu = 00:00:22 ; elapsed = 00:00:36 . Memory (MB): peak = 3124.910 ; gain = 398.898 ; free physical = 107501 ; free virtual = 201842
---------------------------------------------------------------------------------

Report RTL Partitions: 
+-+--------------+------------+----------+
| |RTL Partition |Replication |Instances |
+-+--------------+------------+----------+
+-+--------------+------------+----------+
---------------------------------------------------------------------------------
Start Applying XDC Timing Constraints
---------------------------------------------------------------------------------
---------------------------------------------------------------------------------
Finished Applying XDC Timing Constraints : Time (s): cpu = 00:01:01 ; elapsed = 00:02:35 . Memory (MB): peak = 3466.449 ; gain = 740.438 ; free physical = 101208 ; free virtual = 195664
---------------------------------------------------------------------------------
---------------------------------------------------------------------------------
Start Timing Optimization
---------------------------------------------------------------------------------
---------------------------------------------------------------------------------
Finished Timing Optimization : Time (s): cpu = 00:01:01 ; elapsed = 00:02:35 . Memory (MB): peak = 3476.457 ; gain = 750.445 ; free physical = 101214 ; free virtual = 195670
---------------------------------------------------------------------------------

Report RTL Partitions: 
+-+--------------+------------+----------+
| |RTL Partition |Replication |Instances |
+-+--------------+------------+----------+
+-+--------------+------------+----------+
---------------------------------------------------------------------------------
Start Technology Mapping
---------------------------------------------------------------------------------
---------------------------------------------------------------------------------
Finished Technology Mapping : Time (s): cpu = 00:01:01 ; elapsed = 00:02:35 . Memory (MB): peak = 3485.473 ; gain = 759.461 ; free physical = 101219 ; free virtual = 195676
---------------------------------------------------------------------------------

Report RTL Partitions: 
+-+--------------+------------+----------+
| |RTL Partition |Replication |Instances |
+-+--------------+------------+----------+
+-+--------------+------------+----------+
---------------------------------------------------------------------------------
Start IO Insertion
---------------------------------------------------------------------------------
---------------------------------------------------------------------------------
Start Flattening Before IO Insertion
---------------------------------------------------------------------------------
---------------------------------------------------------------------------------
Finished Flattening Before IO Insertion
---------------------------------------------------------------------------------
---------------------------------------------------------------------------------
Start Final Netlist Cleanup
---------------------------------------------------------------------------------
---------------------------------------------------------------------------------
Finished Final Netlist Cleanup
---------------------------------------------------------------------------------
---------------------------------------------------------------------------------
Finished IO Insertion : Time (s): cpu = 00:01:05 ; elapsed = 00:02:40 . Memory (MB): peak = 3491.414 ; gain = 765.402 ; free physical = 101316 ; free virtual = 195770
---------------------------------------------------------------------------------
---------------------------------------------------------------------------------
Start Renaming Generated Instances
---------------------------------------------------------------------------------
---------------------------------------------------------------------------------
Finished Renaming Generated Instances : Time (s): cpu = 00:01:05 ; elapsed = 00:02:40 . Memory (MB): peak = 3491.414 ; gain = 765.402 ; free physical = 101315 ; free virtual = 195770
---------------------------------------------------------------------------------

Report RTL Partitions: 
+-+--------------+------------+----------+
| |RTL Partition |Replication |Instances |
+-+--------------+------------+----------+
+-+--------------+------------+----------+

Report Check Netlist: 
+------+------------------+-------+---------+-------+------------------+
|      |Item              |Errors |Warnings |Status |Description       |
+------+------------------+-------+---------+-------+------------------+
|1     |multi_driven_nets |      0|        0|Passed |Multi driven nets |
+------+------------------+-------+---------+-------+------------------+
---------------------------------------------------------------------------------
Start Rebuilding User Hierarchy
---------------------------------------------------------------------------------
---------------------------------------------------------------------------------
Finished Rebuilding User Hierarchy : Time (s): cpu = 00:01:05 ; elapsed = 00:02:40 . Memory (MB): peak = 3491.414 ; gain = 765.402 ; free physical = 101308 ; free virtual = 195763
---------------------------------------------------------------------------------
---------------------------------------------------------------------------------
Start Renaming Generated Ports
---------------------------------------------------------------------------------
---------------------------------------------------------------------------------
Finished Renaming Generated Ports : Time (s): cpu = 00:01:05 ; elapsed = 00:02:40 . Memory (MB): peak = 3491.414 ; gain = 765.402 ; free physical = 101312 ; free virtual = 195767
---------------------------------------------------------------------------------
---------------------------------------------------------------------------------
Start Handling Custom Attributes
---------------------------------------------------------------------------------
---------------------------------------------------------------------------------
Finished Handling Custom Attributes : Time (s): cpu = 00:01:05 ; elapsed = 00:02:40 . Memory (MB): peak = 3491.414 ; gain = 765.402 ; free physical = 101308 ; free virtual = 195763
---------------------------------------------------------------------------------
---------------------------------------------------------------------------------
Start Renaming Generated Nets
---------------------------------------------------------------------------------
---------------------------------------------------------------------------------
Finished Renaming Generated Nets : Time (s): cpu = 00:01:05 ; elapsed = 00:02:40 . Memory (MB): peak = 3491.414 ; gain = 765.402 ; free physical = 101307 ; free virtual = 195762
---------------------------------------------------------------------------------
---------------------------------------------------------------------------------
Start ROM, RAM, DSP and Shift Register Reporting
---------------------------------------------------------------------------------

Dynamic Shift Register Report:
+------------+---------------+--------+------------+--------+---------+--------+--------+--------+
|Module Name | RTL Name      | Length | Data Width | SRL16E | SRLC32E | Mux F7 | Mux F8 | Mux F9 | 
+------------+---------------+--------+------------+--------+---------+--------+--------+--------+
|dsrl        | shift_reg_reg | 4      | 1          | 1      | 0       | 0      | 0      | 0      | 
|dsrl__36    | shift_reg_reg | 4      | 1          | 1      | 0       | 0      | 0      | 0      | 
+------------+---------------+--------+------------+--------+---------+--------+--------+--------+

---------------------------------------------------------------------------------
Finished ROM, RAM, DSP and Shift Register Reporting
---------------------------------------------------------------------------------
---------------------------------------------------------------------------------
Start Writing Synthesis Report
---------------------------------------------------------------------------------

Report BlackBoxes: 
+-+--------------+----------+
| |BlackBox name |Instances |
+-+--------------+----------+
+-+--------------+----------+

Report Cell Usage: 
+------+-------+------+
|      |Cell   |Count |
+------+-------+------+
|1     |LUT1   |     8|
|2     |LUT3   |     3|
|3     |LUT4   |     3|
|4     |LUT5   |    38|
|5     |LUT6   |    10|
|6     |SRL16E |    36|
|7     |FDRE   |   147|
|8     |FDSE   |     4|
+------+-------+------+

Report Instance Areas: 
+------+-----------------------------+---------------------------------------------------------------+------+
|      |Instance                     |Module                                                         |Cells |
+------+-----------------------------+---------------------------------------------------------------+------+
|1     |top                          |                                                               |   249|
|2     |  inst                       |axi_register_slice_v2_1_20_axi_register_slice                  |   249|
|3     |    \ar.ar_pipe              |axi_register_slice_v2_1_20_axic_register_slice                 |    37|
|4     |    \aw.aw_pipe              |axi_register_slice_v2_1_20_axic_register_slice_0               |    36|
|5     |    \b.b_pipe                |axi_register_slice_v2_1_20_axic_register_slice__parameterized1 |    20|
|6     |      \gen_srls[0].srl_nx1   |axi_register_slice_v2_1_20_srl_rtl_34                          |     1|
|7     |      \gen_srls[1].srl_nx1   |axi_register_slice_v2_1_20_srl_rtl_35                          |     1|
|8     |    \r.r_pipe                |axi_register_slice_v2_1_20_axic_register_slice__parameterized2 |   115|
|9     |      \gen_srls[0].srl_nx1   |axi_register_slice_v2_1_20_srl_rtl                             |     1|
|10    |      \gen_srls[10].srl_nx1  |axi_register_slice_v2_1_20_srl_rtl_1                           |     1|
|11    |      \gen_srls[11].srl_nx1  |axi_register_slice_v2_1_20_srl_rtl_2                           |     1|
|12    |      \gen_srls[12].srl_nx1  |axi_register_slice_v2_1_20_srl_rtl_3                           |     1|
|13    |      \gen_srls[13].srl_nx1  |axi_register_slice_v2_1_20_srl_rtl_4                           |     1|
|14    |      \gen_srls[14].srl_nx1  |axi_register_slice_v2_1_20_srl_rtl_5                           |     1|
|15    |      \gen_srls[15].srl_nx1  |axi_register_slice_v2_1_20_srl_rtl_6                           |     1|
|16    |      \gen_srls[16].srl_nx1  |axi_register_slice_v2_1_20_srl_rtl_7                           |     1|
|17    |      \gen_srls[17].srl_nx1  |axi_register_slice_v2_1_20_srl_rtl_8                           |     1|
|18    |      \gen_srls[18].srl_nx1  |axi_register_slice_v2_1_20_srl_rtl_9                           |     1|
|19    |      \gen_srls[19].srl_nx1  |axi_register_slice_v2_1_20_srl_rtl_10                          |     1|
|20    |      \gen_srls[1].srl_nx1   |axi_register_slice_v2_1_20_srl_rtl_11                          |     1|
|21    |      \gen_srls[20].srl_nx1  |axi_register_slice_v2_1_20_srl_rtl_12                          |     1|
|22    |      \gen_srls[21].srl_nx1  |axi_register_slice_v2_1_20_srl_rtl_13                          |     1|
|23    |      \gen_srls[22].srl_nx1  |axi_register_slice_v2_1_20_srl_rtl_14                          |     1|
|24    |      \gen_srls[23].srl_nx1  |axi_register_slice_v2_1_20_srl_rtl_15                          |     1|
|25    |      \gen_srls[24].srl_nx1  |axi_register_slice_v2_1_20_srl_rtl_16                          |     1|
|26    |      \gen_srls[25].srl_nx1  |axi_register_slice_v2_1_20_srl_rtl_17                          |     1|
|27    |      \gen_srls[26].srl_nx1  |axi_register_slice_v2_1_20_srl_rtl_18                          |     1|
|28    |      \gen_srls[27].srl_nx1  |axi_register_slice_v2_1_20_srl_rtl_19                          |     1|
|29    |      \gen_srls[28].srl_nx1  |axi_register_slice_v2_1_20_srl_rtl_20                          |     1|
|30    |      \gen_srls[29].srl_nx1  |axi_register_slice_v2_1_20_srl_rtl_21                          |     1|
|31    |      \gen_srls[2].srl_nx1   |axi_register_slice_v2_1_20_srl_rtl_22                          |     1|
|32    |      \gen_srls[30].srl_nx1  |axi_register_slice_v2_1_20_srl_rtl_23                          |     1|
|33    |      \gen_srls[31].srl_nx1  |axi_register_slice_v2_1_20_srl_rtl_24                          |     1|
|34    |      \gen_srls[32].srl_nx1  |axi_register_slice_v2_1_20_srl_rtl_25                          |     1|
|35    |      \gen_srls[33].srl_nx1  |axi_register_slice_v2_1_20_srl_rtl_26                          |     1|
|36    |      \gen_srls[3].srl_nx1   |axi_register_slice_v2_1_20_srl_rtl_27                          |     1|
|37    |      \gen_srls[4].srl_nx1   |axi_register_slice_v2_1_20_srl_rtl_28                          |     1|
|38    |      \gen_srls[5].srl_nx1   |axi_register_slice_v2_1_20_srl_rtl_29                          |     1|
|39    |      \gen_srls[6].srl_nx1   |axi_register_slice_v2_1_20_srl_rtl_30                          |     1|
|40    |      \gen_srls[7].srl_nx1   |axi_register_slice_v2_1_20_srl_rtl_31                          |     1|
|41    |      \gen_srls[8].srl_nx1   |axi_register_slice_v2_1_20_srl_rtl_32                          |     1|
|42    |      \gen_srls[9].srl_nx1   |axi_register_slice_v2_1_20_srl_rtl_33                          |     1|
|43    |    \w.w_pipe                |axi_register_slice_v2_1_20_axic_register_slice__parameterized0 |    41|
+------+-----------------------------+---------------------------------------------------------------+------+
---------------------------------------------------------------------------------
Finished Writing Synthesis Report : Time (s): cpu = 00:01:05 ; elapsed = 00:02:40 . Memory (MB): peak = 3491.414 ; gain = 765.402 ; free physical = 101307 ; free virtual = 195761
---------------------------------------------------------------------------------
Synthesis finished with 0 errors, 0 critical warnings and 65 warnings.
Synthesis Optimization Runtime : Time (s): cpu = 00:00:56 ; elapsed = 00:02:24 . Memory (MB): peak = 3491.414 ; gain = 620.812 ; free physical = 101332 ; free virtual = 195787
Synthesis Optimization Complete : Time (s): cpu = 00:01:05 ; elapsed = 00:02:40 . Memory (MB): peak = 3491.418 ; gain = 765.402 ; free physical = 101330 ; free virtual = 195785
INFO: [Project 1-571] Translating synthesized netlist
Netlist sorting complete. Time (s): cpu = 00:00:00.01 ; elapsed = 00:00:00 . Memory (MB): peak = 3507.352 ; gain = 0.000 ; free physical = 101174 ; free virtual = 195624
INFO: [Project 1-570] Preparing netlist for logic optimization
INFO: [Opt 31-138] Pushed 0 inverter(s) to 0 load pin(s).
Netlist sorting complete. Time (s): cpu = 00:00:00 ; elapsed = 00:00:00 . Memory (MB): peak = 3569.891 ; gain = 0.000 ; free physical = 101350 ; free virtual = 195801
INFO: [Project 1-111] Unisim Transformation Summary:
No Unisim elements were transformed.

INFO: [Common 17-83] Releasing license: Synthesis
42 Infos, 135 Warnings, 0 Critical Warnings and 0 Errors encountered.
synth_design completed successfully
synth_design: Time (s): cpu = 00:01:32 ; elapsed = 00:03:43 . Memory (MB): peak = 3569.891 ; gain = 1764.133 ; free physical = 101480 ; free virtual = 195932
INFO: [Common 17-600] The following parameters have non-default value.
general.maxThreads
[OPTRACE]|85717|9|/home/ld443/meng_project/SysArray8_new/_x/link/vivado/vpl/prj/prj.runs/pfm_dynamic_axi_user_slrcrossing_mi_1_synth_1/pfm_dynamic_axi_user_slrcrossing_mi_1.tcl|vivado_synth|1590106424382|END|synth_design|
[OPTRACE]|85717|10|/home/ld443/meng_project/SysArray8_new/_x/link/vivado/vpl/prj/prj.runs/pfm_dynamic_axi_user_slrcrossing_mi_1_synth_1/pfm_dynamic_axi_user_slrcrossing_mi_1.tcl|vivado_synth|1590106424382|START|Write IP Cache|
Netlist sorting complete. Time (s): cpu = 00:00:00 ; elapsed = 00:00:00 . Memory (MB): peak = 3569.891 ; gain = 0.000 ; free physical = 101480 ; free virtual = 195931
WARNING: [Constraints 18-5210] No constraints selected for write.
Resolution: This message can indicate that there are no constraints for the design, or it can indicate that the used_in flags are set such that the constraints are ignored. This later case is used when running synth_design to not write synthesis constraints to the resulting checkpoint. Instead, project constraints are read when the synthesized design is opened.
INFO: [Common 17-1381] The checkpoint '/home/ld443/meng_project/SysArray8_new/_x/link/vivado/vpl/prj/prj.runs/pfm_dynamic_axi_user_slrcrossing_mi_1_synth_1/pfm_dynamic_axi_user_slrcrossing_mi_1.dcp' has been generated.
WARNING: [Common 17-576] 'use_project_ipc' is deprecated. This option is deprecated and no longer used.
INFO: [Coretcl 2-1648] Added synthesis output to IP cache for IP pfm_dynamic_axi_user_slrcrossing_mi_1, cache-ID = 754486ab4167e946
[OPTRACE]|85717|11|/home/ld443/meng_project/SysArray8_new/_x/link/vivado/vpl/prj/prj.runs/pfm_dynamic_axi_user_slrcrossing_mi_1_synth_1/pfm_dynamic_axi_user_slrcrossing_mi_1.tcl|vivado_synth|1590106425914|END|Write IP Cache|
INFO: [Coretcl 2-1174] Renamed 42 cell refs.
[OPTRACE]|85717|12|/home/ld443/meng_project/SysArray8_new/_x/link/vivado/vpl/prj/prj.runs/pfm_dynamic_axi_user_slrcrossing_mi_1_synth_1/pfm_dynamic_axi_user_slrcrossing_mi_1.tcl|vivado_synth|1590106425916|START|write_checkpoint|CHECKPOINT
Netlist sorting complete. Time (s): cpu = 00:00:00 ; elapsed = 00:00:00 . Memory (MB): peak = 3569.898 ; gain = 0.000 ; free physical = 101642 ; free virtual = 196095
WARNING: [Constraints 18-5210] No constraints selected for write.
Resolution: This message can indicate that there are no constraints for the design, or it can indicate that the used_in flags are set such that the constraints are ignored. This later case is used when running synth_design to not write synthesis constraints to the resulting checkpoint. Instead, project constraints are read when the synthesized design is opened.
INFO: [Common 17-1381] The checkpoint '/home/ld443/meng_project/SysArray8_new/_x/link/vivado/vpl/prj/prj.runs/pfm_dynamic_axi_user_slrcrossing_mi_1_synth_1/pfm_dynamic_axi_user_slrcrossing_mi_1.dcp' has been generated.
[OPTRACE]|85717|13|/home/ld443/meng_project/SysArray8_new/_x/link/vivado/vpl/prj/prj.runs/pfm_dynamic_axi_user_slrcrossing_mi_1_synth_1/pfm_dynamic_axi_user_slrcrossing_mi_1.tcl|vivado_synth|1590106426460|END|write_checkpoint|
[OPTRACE]|85717|14|/home/ld443/meng_project/SysArray8_new/_x/link/vivado/vpl/prj/prj.runs/pfm_dynamic_axi_user_slrcrossing_mi_1_synth_1/pfm_dynamic_axi_user_slrcrossing_mi_1.tcl|vivado_synth|1590106426460|START|synth_report|REPORT
INFO: [runtcl-4] Executing : report_utilization -file pfm_dynamic_axi_user_slrcrossing_mi_1_utilization_synth.rpt -pb pfm_dynamic_axi_user_slrcrossing_mi_1_utilization_synth.pb
[OPTRACE]|85717|15|/home/ld443/meng_project/SysArray8_new/_x/link/vivado/vpl/prj/prj.runs/pfm_dynamic_axi_user_slrcrossing_mi_1_synth_1/pfm_dynamic_axi_user_slrcrossing_mi_1.tcl|vivado_synth|1590106426909|END|synth_report|
[OPTRACE]|85717|16|/home/ld443/meng_project/SysArray8_new/_x/link/vivado/vpl/prj/prj.runs/pfm_dynamic_axi_user_slrcrossing_mi_1_synth_1/pfm_dynamic_axi_user_slrcrossing_mi_1.tcl|vivado_synth|1590106427648|END|pfm_dynamic_axi_user_slrcrossing_mi_1_synth_1|
INFO: [Common 17-206] Exiting Vivado at Thu May 21 20:13:47 2020...
