[OPTRACE]|140455102478336|1|OPTraceCPP|cpp|1589741515038|START|v++|ROLLUP_0
[OPTRACE]|140455102478336|2|OPTraceCPP|cpp|1589741515038|START|Validate Kernels|
[OPTRACE]|140455102478336|3|OPTraceCPP|cpp|1589741515314|END|Validate Kernels|
[OPTRACE]|140455102478336|4|OPTraceCPP|cpp|1589741515416|START|CreateSolution|
[OPTRACE]|140455102478336|5|OPTraceCPP|cpp|1589741518774|END|CreateSolution|
[OPTRACE]|140455102478336|6|OPTraceCPP|cpp|1589741518775|START|AddDevice|
[OPTRACE]|140455102478336|7|OPTraceCPP|cpp|1589741518775|START|Find & load device|
[OPTRACE]|140455102478336|8|OPTraceCPP|cpp|1589741519097|END|Find & load device|
[OPTRACE]|140455102478336|9|OPTraceCPP|cpp|1589741528689|END|AddDevice|
[OPTRACE]|140455102478336|10|OPTraceCPP|cpp|1589741528711|START|OCL_LINK|
[OPTRACE]|140455102478336|11|OPTraceCPP|cpp|1589741528711|START|CreateBinary|
[OPTRACE]|140455102478336|12|OPTraceCPP|cpp|1589741528712|END|CreateBinary|
[OPTRACE]|140455102478336|13|OPTraceCPP|cpp|1589741528712|START|Extract Kernels|
[OPTRACE]|140455102478336|14|OPTraceCPP|cpp|1589741528840|END|Extract Kernels|
[OPTRACE]|140455102478336|15|OPTraceCPP|cpp|1589741529212|START|Launch Step: system_link|
[OPTRACE]|140455102478336|16|OPTraceCPP|cpp|1589741548035|END|Launch Step: system_link|
[OPTRACE]|140455102478336|17|OPTraceCPP|cpp|1589741548046|START|Launch Step: cf2sw|
[OPTRACE]|140455102478336|18|OPTraceCPP|cpp|1589741550077|END|Launch Step: cf2sw|
[OPTRACE]|140455102478336|19|OPTraceCPP|cpp|1589741550079|START|Launch Step: rtd2_system_diagram|
[OPTRACE]|140455102478336|20|OPTraceCPP|cpp|1589741552671|END|Launch Step: rtd2_system_diagram|
[OPTRACE]|140455102478336|21|OPTraceCPP|cpp|1589741552673|START|Launch Step: vpl|
[OPTRACE]|140455102478336|22|OPTraceCPP|cpp|1589751987981|END|Launch Step: vpl|
[OPTRACE]|140455102478336|23|OPTraceCPP|cpp|1589751987984|START|Launch Step: rtdgen|
[OPTRACE]|140455102478336|24|OPTraceCPP|cpp|1589751988006|START|Launch cf2sw|
[OPTRACE]|140455102478336|25|OPTraceCPP|cpp|1589751990103|END|Launch cf2sw|
[OPTRACE]|140455102478336|26|OPTraceCPP|cpp|1589751992239|END|Launch rtd2_system_diagram|
[OPTRACE]|140455102478336|27|OPTraceCPP|cpp|1589751992245|END|Launch Step: rtdgen|
[OPTRACE]|140455102478336|28|OPTraceCPP|cpp|1589751992249|START|Launch Step: xclbinutil|
[OPTRACE]|140455102478336|29|OPTraceCPP|cpp|1589751992705|END|Launch Step: xclbinutil|
[OPTRACE]|140455102478336|30|OPTraceCPP|cpp|1589751992707|START|Launch Step: xclbinutilinfo|
[OPTRACE]|140455102478336|31|OPTraceCPP|cpp|1589751993502|END|Launch Step: xclbinutilinfo|
[OPTRACE]|140455102478336|32|OPTraceCPP|cpp|1589751993515|END|OCL_LINK|
[OPTRACE]|140455102478336|33|OPTraceCPP|cpp|1589752001080|END|v++|
