[OPTRACE]|140090243106816|1|OPTraceCPP|cpp|1590105672123|START|v++|ROLLUP_0
[OPTRACE]|140090243106816|2|OPTraceCPP|cpp|1590105672123|START|Validate Kernels|
[OPTRACE]|140090243106816|3|OPTraceCPP|cpp|1590105672374|END|Validate Kernels|
[OPTRACE]|140090243106816|4|OPTraceCPP|cpp|1590105672452|START|CreateSolution|
[OPTRACE]|140090243106816|5|OPTraceCPP|cpp|1590105675894|END|CreateSolution|
[OPTRACE]|140090243106816|6|OPTraceCPP|cpp|1590105675894|START|AddDevice|
[OPTRACE]|140090243106816|7|OPTraceCPP|cpp|1590105675894|START|Find & load device|
[OPTRACE]|140090243106816|8|OPTraceCPP|cpp|1590105676234|END|Find & load device|
[OPTRACE]|140090243106816|9|OPTraceCPP|cpp|1590105686598|END|AddDevice|
[OPTRACE]|140090243106816|10|OPTraceCPP|cpp|1590105686634|START|OCL_LINK|
[OPTRACE]|140090243106816|11|OPTraceCPP|cpp|1590105686635|START|CreateBinary|
[OPTRACE]|140090243106816|12|OPTraceCPP|cpp|1590105686635|END|CreateBinary|
[OPTRACE]|140090243106816|13|OPTraceCPP|cpp|1590105686635|START|Extract Kernels|
[OPTRACE]|140090243106816|14|OPTraceCPP|cpp|1590105686834|END|Extract Kernels|
[OPTRACE]|140090243106816|15|OPTraceCPP|cpp|1590105687148|START|Launch Step: system_link|
[OPTRACE]|140090243106816|16|OPTraceCPP|cpp|1590105705245|END|Launch Step: system_link|
[OPTRACE]|140090243106816|17|OPTraceCPP|cpp|1590105705250|START|Launch Step: cf2sw|
[OPTRACE]|140090243106816|18|OPTraceCPP|cpp|1590105707399|END|Launch Step: cf2sw|
[OPTRACE]|140090243106816|19|OPTraceCPP|cpp|1590105707401|START|Launch Step: rtd2_system_diagram|
[OPTRACE]|140090243106816|20|OPTraceCPP|cpp|1590105709794|END|Launch Step: rtd2_system_diagram|
[OPTRACE]|140090243106816|21|OPTraceCPP|cpp|1590105709800|START|Launch Step: vpl|
[OPTRACE]|140090243106816|22|OPTraceCPP|cpp|1590117510395|END|Launch Step: vpl|
[OPTRACE]|140090243106816|23|OPTraceCPP|cpp|1590117510398|START|Launch Step: rtdgen|
[OPTRACE]|140090243106816|24|OPTraceCPP|cpp|1590117510459|START|Launch cf2sw|
[OPTRACE]|140090243106816|25|OPTraceCPP|cpp|1590117512446|END|Launch cf2sw|
[OPTRACE]|140090243106816|26|OPTraceCPP|cpp|1590117514491|END|Launch rtd2_system_diagram|
[OPTRACE]|140090243106816|27|OPTraceCPP|cpp|1590117514506|END|Launch Step: rtdgen|
[OPTRACE]|140090243106816|28|OPTraceCPP|cpp|1590117514509|START|Launch Step: xclbinutil|
[OPTRACE]|140090243106816|29|OPTraceCPP|cpp|1590117514769|END|Launch Step: xclbinutil|
[OPTRACE]|140090243106816|30|OPTraceCPP|cpp|1590117514771|START|Launch Step: xclbinutilinfo|
[OPTRACE]|140090243106816|31|OPTraceCPP|cpp|1590117515555|END|Launch Step: xclbinutilinfo|
[OPTRACE]|140090243106816|32|OPTraceCPP|cpp|1590117515567|END|OCL_LINK|
[OPTRACE]|140090243106816|33|OPTraceCPP|cpp|1590117520925|END|v++|
