# 
# Steps log generated by v++
# This log file contains a collection of steps that describe the kernel compilation flow
# Note: Some steps are tagged as internal, these steps are for debugging purposes and 
#       are not expected to be able to run independently.
# 

# The following environment variables are set when running v++
Environment variables :
------------------------------------------
_RDI_DONT_SET_XILINX_AS_PATH=True
XDG_SESSION_ID=17374
HOSTNAME=brg-zhang-xcel.ece.cornell.edu
XILINX_DSP=
TERM=xterm
SHELL=/bin/bash
HISTSIZE=1000
SSH_CLIENT=128.84.34.62 62020 22
MYVIVADO=
RDI_TPS_ROOT=/opt/xilinx/Xilinx_Vivado_vitis_2019.2/Vivado/2019.2/tps/lnx64
QTDIR=/usr/lib64/qt-3.3
HDI_PROCESSOR=x86_64
QTINC=/usr/lib64/qt-3.3/include
SYNTH_COMMON=/opt/xilinx/Xilinx_Vivado_vitis_2019.2/Vitis/2019.2/scripts/rt/data
SSH_TTY=/dev/pts/31
RDI_JAVA_VERSION=9.0.4
RT_TCL_PATH=/opt/xilinx/Xilinx_Vivado_vitis_2019.2/Vitis/2019.2/scripts/rt/base_tcl/tcl
RDI_PREPEND_PATH=/opt/xilinx/Xilinx_Vivado_vitis_2019.2/Vitis/2019.2/bin
QT_GRAPHICSSYSTEM_CHECKED=1
RDI_OPT_EXT=.o
USER=ld443
LD_LIBRARY_PATH=/opt/xilinx/Xilinx_Vivado_vitis_2019.2/Vitis/2019.2/lib/lnx64.o/Default:/opt/xilinx/Xilinx_Vivado_vitis_2019.2/Vitis/2019.2/lib/lnx64.o:/opt/xilinx/Xilinx_Vivado_vitis_2019.2/Vitis/2019.2/tps/lnx64/jre9.0.4/lib/:/opt/xilinx/Xilinx_Vivado_vitis_2019.2/Vitis/2019.2/tps/lnx64/jre9.0.4/lib//server:/opt/xilinx/Xilinx_Vivado_vitis_2019.2/Vitis/2019.2/lib/lnx64.o/Default:/opt/xilinx/Xilinx_Vivado_vitis_2019.2/Vitis/2019.2/lib/lnx64.o:/opt/xilinx/xrt/lib:/opt/xilinx/Xilinx_Vivado_vitis_2019.2/Vitis/2019.2/runtime/lib/x86_64:/opt/xilinx/xrt/lib:/opt/xilinx/Xilinx_Vivado_vitis_2019.2/Vitis/2019.2/bin/../lnx64/tools/dot/lib
LS_COLORS=rs=0:di=01;34:ln=01;36:mh=00:pi=40;33:so=01;35:do=01;35:bd=40;33;01:cd=40;33;01:or=40;31;01:mi=01;05;37;41:su=37;41:sg=30;43:ca=30;41:tw=30;42:ow=34;42:st=37;44:ex=01;32:*.tar=01;31:*.tgz=01;31:*.arc=01;31:*.arj=01;31:*.taz=01;31:*.lha=01;31:*.lz4=01;31:*.lzh=01;31:*.lzma=01;31:*.tlz=01;31:*.txz=01;31:*.tzo=01;31:*.t7z=01;31:*.zip=01;31:*.z=01;31:*.Z=01;31:*.dz=01;31:*.gz=01;31:*.lrz=01;31:*.lz=01;31:*.lzo=01;31:*.xz=01;31:*.bz2=01;31:*.bz=01;31:*.tbz=01;31:*.tbz2=01;31:*.tz=01;31:*.deb=01;31:*.rpm=01;31:*.jar=01;31:*.war=01;31:*.ear=01;31:*.sar=01;31:*.rar=01;31:*.alz=01;31:*.ace=01;31:*.zoo=01;31:*.cpio=01;31:*.7z=01;31:*.rz=01;31:*.cab=01;31:*.jpg=01;35:*.jpeg=01;35:*.gif=01;35:*.bmp=01;35:*.pbm=01;35:*.pgm=01;35:*.ppm=01;35:*.tga=01;35:*.xbm=01;35:*.xpm=01;35:*.tif=01;35:*.tiff=01;35:*.png=01;35:*.svg=01;35:*.svgz=01;35:*.mng=01;35:*.pcx=01;35:*.mov=01;35:*.mpg=01;35:*.mpeg=01;35:*.m2v=01;35:*.mkv=01;35:*.webm=01;35:*.ogm=01;35:*.mp4=01;35:*.m4v=01;35:*.mp4v=01;35:*.vob=01;35:*.qt=01;35:*.nuv=01;35:*.wmv=01;35:*.asf=01;35:*.rm=01;35:*.rmvb=01;35:*.flc=01;35:*.avi=01;35:*.fli=01;35:*.flv=01;35:*.gl=01;35:*.dl=01;35:*.xcf=01;35:*.xwd=01;35:*.yuv=01;35:*.cgm=01;35:*.emf=01;35:*.axv=01;35:*.anx=01;35:*.ogv=01;35:*.ogx=01;35:*.aac=01;36:*.au=01;36:*.flac=01;36:*.mid=01;36:*.midi=01;36:*.mka=01;36:*.mp3=01;36:*.mpc=01;36:*.ogg=01;36:*.ra=01;36:*.wav=01;36:*.axa=01;36:*.oga=01;36:*.spx=01;36:*.xspf=01;36:
RDI_PATCHROOT=
TCL_LIBRARY=/opt/xilinx/Xilinx_Vivado_vitis_2019.2/Vitis/2019.2/tps/tcl/tcl8.5
RDI_PLATFORM=lnx64
XILINXD_LICENSE_FILE=2100@flex.ece.cornell.edu
RDI_BUILD=yes
RT_LIBPATH=/opt/xilinx/Xilinx_Vivado_vitis_2019.2/Vitis/2019.2/scripts/rt/data
RDI_LIBDIR=/opt/xilinx/Xilinx_Vivado_vitis_2019.2/Vitis/2019.2/lib/lnx64.o/Default:/opt/xilinx/Xilinx_Vivado_vitis_2019.2/Vitis/2019.2/lib/lnx64.o
MAIL=/var/spool/mail/ld443
PATH=/opt/xilinx/Xilinx_Vivado_vitis_2019.2/Vivado/2019.2/tps/lnx64/binutils-2.26/bin:/opt/xilinx/Xilinx_Vivado_vitis_2019.2/Vitis/2019.2/bin/../gnu/aarch64/lin/aarch64-linux/bin:/opt/xilinx/Xilinx_Vivado_vitis_2019.2/Vitis/2019.2/bin/../gnu/ppc64le/4.9.3/lnx64/bin:/opt/xilinx/Xilinx_Vivado_vitis_2019.2/Vitis/2019.2/bin/../gnu/aarch32/lin/gcc-arm-linux-gnueabi/bin:/opt/xilinx/Xilinx_Vivado_vitis_2019.2/Vivado/2019.2/tps/lnx64/gcc-6.2.0/bin:/opt/xilinx/Xilinx_Vivado_vitis_2019.2/Vivado/2019.2/gnu/microblaze/lin/bin:/opt/xilinx/Xilinx_Vivado_vitis_2019.2/Vitis/2019.2/bin:/opt/xilinx/Xilinx_Vivado_vitis_2019.2/Vitis/2019.2/tps/lnx64/jre9.0.4/bin:/opt/xilinx/Xilinx_Vivado_vitis_2019.2/Vivado/2019.2/bin:/opt/xilinx/xrt/bin:/opt/xilinx/Xilinx_Vivado_vitis_2019.2/Vitis/2019.2/gnu/microblaze/lin/bin:/opt/xilinx/Xilinx_Vivado_vitis_2019.2/Vitis/2019.2/gnu/arm/lin/bin:/opt/xilinx/Xilinx_Vivado_vitis_2019.2/Vitis/2019.2/gnu/microblaze/linux_toolchain/lin64:/opt/xilinx/Xilinx_Vivado_vitis_2019.2/Vitis/2019.2/gnu/aarch32/lin/gcc-arm-linux-gnueabi/bin:/opt/xilinx/Xilinx_Vivado_vitis_2019.2/Vitis/2019.2/gnu/aarch32/lin/gcc-arm-none-eabi/bin:/opt/xilinx/Xilinx_Vivado_vitis_2019.2/Vitis/2019.2/gnu/aarch64/lin/aarch64-linux/bin:/opt/xilinx/Xilinx_Vivado_vitis_2019.2/Vitis/2019.2/gnu/aarch64/lin/aarch64-none/bin:/opt/xilinx/Xilinx_Vivado_vitis_2019.2/Vitis/2019.2/gnu/armr5/lin/gcc-arm-none-eabi/bin:/opt/xilinx/Xilinx_Vivado_vitis_2019.2/Vitis/2019.2/tps/lnx64/cmake-3.3.2/bin:/usr/lib64/qt-3.3/bin:/usr/local/cuda/bin:/usr/local/cuda/:/usr/local/bin:/usr/bin:/usr/local/sbin:/usr/sbin:/home/ld443/.local/bin:/home/ld443/bin
XILINX_VITIS=/opt/xilinx/Xilinx_Vivado_vitis_2019.2/Vitis/2019.2
XILINX_XRT=/opt/xilinx/xrt
PWD=/home/ld443/meng_project/SysArray8_new
XIL_CHECK_TCL_DEBUG=False
_LMFILES_=/usr/share/Modules/modulefiles/vitis
LANG=en_US.UTF-8
XILINX_VIVADO_HLS=/opt/xilinx/Xilinx_Vivado_vitis_2019.2/Vivado/2019.2
MODULEPATH=/usr/share/Modules/modulefiles:/etc/modulefiles
HDI_APPROOT=/opt/xilinx/Xilinx_Vivado_vitis_2019.2/Vitis/2019.2
LOADEDMODULES=vitis
XILINX_HLS=/opt/xilinx/Xilinx_Vivado_vitis_2019.2/Vivado/2019.2
XILINX_VIVADO=/opt/xilinx/Xilinx_Vivado_vitis_2019.2/Vivado/2019.2
XILINX_SDK=/opt/xilinx/Xilinx_Vivado_vitis_2019.2/Vitis/2019.2
SSH_ASKPASS=/usr/libexec/openssh/gnome-ssh-askpass
HISTCONTROL=ignoredups
KRB5CCNAME=KEYRING:persistent:1116286
ISL_IOSTREAMS_RSA=/opt/xilinx/Xilinx_Vivado_vitis_2019.2/Vitis/2019.2/tps/isl
SHLVL=3
HOME=/home/ld443
RDI_BASEROOT=/opt/xilinx/Xilinx_Vivado_vitis_2019.2/Vitis
RDI_APPROOT=/opt/xilinx/Xilinx_Vivado_vitis_2019.2/Vitis/2019.2
PYTHONPATH=/opt/xilinx/xrt/python:
LOGNAME=ld443
RDI_JAVA_PLATFORM=
QTLIB=/usr/lib64/qt-3.3/lib
XDG_DATA_DIRS=/home/ld443/.local/share/flatpak/exports/share:/var/lib/flatpak/exports/share:/usr/local/share:/usr/share
SSH_CONNECTION=128.84.34.62 62020 128.253.128.40 22
RDI_BINROOT=/opt/xilinx/Xilinx_Vivado_vitis_2019.2/Vitis/2019.2/bin
MODULESHOME=/usr/share/Modules
LESSOPEN=||/usr/bin/lesspipe.sh %s
XILINX_ENABLE_SCOUT_HLS=0
RDI_PROG=/opt/xilinx/Xilinx_Vivado_vitis_2019.2/Vitis/2019.2/bin/unwrapped/lnx64.o/v++
XDG_RUNTIME_DIR=/run/user/1116286
DISPLAY=localhost:10.0
XIL_NO_OVERRIDE=0
XIL_SUPPRESS_OVERRIDE_WARNINGS=1
XILINX_PLANAHEAD=/opt/xilinx/Xilinx_Vivado_vitis_2019.2/Vitis/2019.2
HDIPRELDPATH=/opt/xilinx/Xilinx_Vivado_vitis_2019.2/Vitis/2019.2/lib/lnx64.o/Default:/opt/xilinx/Xilinx_Vivado_vitis_2019.2/Vitis/2019.2/lib/lnx64.o:/opt/xilinx/xrt/lib:/opt/xilinx/Xilinx_Vivado_vitis_2019.2/Vitis/2019.2/runtime/lib/x86_64:/opt/xilinx/xrt/lib:/opt/xilinx/Xilinx_Vivado_vitis_2019.2/Vitis/2019.2/bin/../lnx64/tools/dot/lib
RDI_INSTALLVER=2019.2
RDI_DATADIR=/opt/xilinx/Xilinx_Vivado_vitis_2019.2/Vitis/2019.2/data
RDI_INSTALLROOT=/opt/xilinx/Xilinx_Vivado_vitis_2019.2
BASH_FUNC_module()=() {  eval `/usr/bin/modulecmd bash $*`
}
_=/opt/xilinx/Xilinx_Vivado_vitis_2019.2/Vitis/2019.2/bin/unwrapped/lnx64.o/v++
XILINX_CD_CONNECT_ID=40649
XILINX_CD_SESSION=26b125b7-5a4f-465d-978d-2c8a300385f4
XILINX_RS_PORT=45028
XILINX_RS_SESSION=6ab6b17b-b724-4b2d-9d7a-7da7c09ef860


V++ command line :
------------------------------------------
/opt/xilinx/Xilinx_Vivado_vitis_2019.2/Vitis/2019.2/bin/unwrapped/lnx64.o/v++ -t hw -lo SysArray.xclbin SysArray.xo --platform xilinx_u250_xdma_201830_2 -k SysArray --kernel_frequency 255 
  Options from -O    :  --xp "vivado_prop:run.__KERNEL__.{STEPS.SYNTH_DESIGN.ARGS.MORE OPTIONS}={-directive sdx_optimization_effort_high}" --xp "misc:report=type report_timing_summary name impl_report_timing_summary_route_design_summary steps {route_design} runs {impl_1} options {-max_paths 10}" --xp "misc:report=type report_timing_summary name impl_report_timing_summary_post_route_phys_opt_design_summary steps {post_route_phys_opt_design} runs {impl_1} options {-max_paths 10}"
  Options from *.ini : 
  Options from Hw Platform : 

Target platform : /opt/xilinx/platforms/xilinx_u250_xdma_201830_2/xilinx_u250_xdma_201830_2.xpfm


==========================================
new:  steps log generated by v++ for new launch 
timestamp: 21 May 2020 20:01:26
------------------------------------------
V++ internal step: generating xclbin xml file
timestamp: 21 May 2020 20:01:26
output: /home/ld443/meng_project/SysArray8_new/_x/link/int/SysArray.xml
------------------------------------------
step: running system_link
timestamp: 21 May 2020 20:01:27
cmd: system_link --xo /home/ld443/meng_project/SysArray8_new/SysArray.xo --xpfm /opt/xilinx/platforms/xilinx_u250_xdma_201830_2/xilinx_u250_xdma_201830_2.xpfm --target hw --output_dir /home/ld443/meng_project/SysArray8_new/_x/link/int --temp_dir /home/ld443/meng_project/SysArray8_new/_x/link/sys_link
system_link status: success
------------------------------------------
step: running cf2sw
timestamp: 21 May 2020 20:01:45
cmd: cf2sw -sdsl /home/ld443/meng_project/SysArray8_new/_x/link/int/sdsl.dat -rtd /home/ld443/meng_project/SysArray8_new/_x/link/int/cf2sw.rtd -xclbin /home/ld443/meng_project/SysArray8_new/_x/link/int/xclbin_orig.xml -o /home/ld443/meng_project/SysArray8_new/_x/link/int/xclbin_orig.1.xml
cf2sw status: success
------------------------------------------
step: running rtd2_system_diagram
timestamp: 21 May 2020 20:01:47
cmd: rtd2SystemDiagram --rtdJsonFileName /home/ld443/meng_project/SysArray8_new/_x/link/int/cf2sw.rtd --diagramJsonFileName /home/ld443/meng_project/SysArray8_new/_x/link/int/systemDiagramModel.json --platformFilePath /opt/xilinx/platforms/xilinx_u250_xdma_201830_2/xilinx_u250_xdma_201830_2.xpfm --generatedByName v++ --generatedByVersion 2019.2.1 --generatedByChangeList 2729669 --generatedByTimeStamp Thu Dec  5 04:48:12 MST 2019 --generatedByOptions /opt/xilinx/Xilinx_Vivado_vitis_2019.2/Vitis/2019.2/bin/unwrapped/lnx64.o/v++ -t hw -lo SysArray.xclbin SysArray.xo --platform xilinx_u250_xdma_201830_2 -k SysArray --kernel_frequency 255  --generatedByXclbinName SysArray --kernelInfoDataFileName /home/ld443/meng_project/SysArray8_new/_x/link/int/kernel_info.dat
rtd2_system_diagram status: success
------------------------------------------
step: running vpl
timestamp: 21 May 2020 20:01:49
cmd: vpl -t hw -f xilinx_u250_xdma_201830_2 --kernel_frequency 255 --output_dir /home/ld443/meng_project/SysArray8_new/_x/link/int --log_dir /home/ld443/meng_project/SysArray8_new/_x/logs/link --report_dir /home/ld443/meng_project/SysArray8_new/_x/reports/link --config /home/ld443/meng_project/SysArray8_new/_x/link/int/vplConfig.ini -k /home/ld443/meng_project/SysArray8_new/_x/link/int/kernel_info.dat --webtalk_flag Vitis --temp_dir /home/ld443/meng_project/SysArray8_new/_x/link --no-info --tlog_dir /home/ld443/meng_project/SysArray8_new/_x/.tlog/v++_link_SysArray --iprepo /home/ld443/meng_project/SysArray8_new/_x/link/int/xo/ip_repo/mycompany_com_kernel_SysArray_1_0 --messageDb /home/ld443/meng_project/SysArray8_new/_x/link/run_link/vpl.pb /home/ld443/meng_project/SysArray8_new/_x/link/int/dr.bd.tcl
cmd: [advanced]
misc=report=type report_timing_summary name impl_report_timing_summary_route_design_summary steps {route_design} runs {impl_1} options {-max_paths 10}
misc=report=type report_timing_summary name impl_report_timing_summary_post_route_phys_opt_design_summary steps {post_route_phys_opt_design} runs {impl_1} options {-max_paths 10}
param=compiler.enablePerformanceTrace=1
misc=BinaryName=SysArray
[connectivity]
[vivado]
prop=run.__KERNEL__.{STEPS.SYNTH_DESIGN.ARGS.MORE OPTIONS}={-directive sdx_optimization_effort_high}

   ------------------------------------------
   VPL internal step: generating ipirun.tcl for vivado
   timestamp: 21 May 2020 20:02:32
   -----------------------
   VPL internal step: source .local/hw_platform/tcl_hooks/dynamic_prelink.tcl
   File: /home/ld443/meng_project/SysArray8_new/_x/link/vivado/vpl/.local/ocl_util.tcl:467
   timestamp: 21 May 2020 20:02:49
   -----------------------
   VPL internal step: create_project -part xcu250-figd2104-2L-e -force prj prj
   File: /home/ld443/meng_project/SysArray8_new/_x/link/vivado/vpl/.local/ocl_util.tcl:510
   timestamp: 21 May 2020 20:02:49
   -----------------------
   VPL internal step: add_files .local/hw_platform/xilinx_u250_xdma_201830_2_bb_locked.dcp
   File: /home/ld443/meng_project/SysArray8_new/_x/link/vivado/vpl/.local/ocl_util.tcl:543
   timestamp: 21 May 2020 20:02:55
   -----------------------
   VPL internal step: create_partition_def -name my_pd -module pfm_dynamic
   File: /home/ld443/meng_project/SysArray8_new/_x/link/vivado/vpl/.local/ocl_util.tcl:549
   timestamp: 21 May 2020 20:02:55
   -----------------------
   VPL internal step: create_reconfig_module -name my_rm -partition_def [get_partition_defs my_pd ] -top pfm_dynamic
   File: /home/ld443/meng_project/SysArray8_new/_x/link/vivado/vpl/.local/ocl_util.tcl:551
   timestamp: 21 May 2020 20:02:55
   -----------------------
   VPL internal step: create_pr_configuration -name config_1 -partitions [list pfm_top_i/dynamic_region:my_rm]
   File: /home/ld443/meng_project/SysArray8_new/_x/link/vivado/vpl/.local/ocl_util.tcl:563
   timestamp: 21 May 2020 20:02:55
   -----------------------
   VPL internal step: update_ip_catalog
   File: /home/ld443/meng_project/SysArray8_new/_x/link/vivado/vpl/.local/ocl_util.tcl:1127
   timestamp: 21 May 2020 20:02:55
   -----------------------
   VPL internal step: import_files -norecurse .local/hw_platform/bd/pfm_dynamic.bd -of_objects my_rm
   File: /home/ld443/meng_project/SysArray8_new/_x/link/vivado/vpl/.local/ocl_util.tcl:876
   timestamp: 21 May 2020 20:03:07
   -----------------------
   VPL internal step: open_bd_design -auto_upgrade /home/ld443/meng_project/SysArray8_new/_x/link/vivado/vpl/prj/prj.srcs/my_rm/bd/bd/pfm_dynamic.bd
   File: vpl.tcl:113
   timestamp: 21 May 2020 20:04:05
   -----------------------
   VPL internal step: report locked IPs
   File: /home/ld443/meng_project/SysArray8_new/_x/link/vivado/vpl/.local/ocl_util.tcl:1569
   timestamp: 21 May 2020 20:05:24
   -----------------------
   VPL internal step: source .local/dr.bd.tcl
   File: vpl.tcl:118
   timestamp: 21 May 2020 20:05:24
   -----------------------
   VPL internal step: save_bd_design
   File: vpl.tcl:126
   timestamp: 21 May 2020 20:05:27
   -----------------------
   VPL internal step: add_files .local/hw_platform/tcl_hooks/xilinx_u250_xdma_201830_2_dynamic_impl.xdc -fileset [current_fileset -constrset]
   File: /home/ld443/meng_project/SysArray8_new/_x/link/vivado/vpl/.local/ocl_util.tcl:1336
   timestamp: 21 May 2020 20:05:27
   -----------------------
   VPL internal step: inserting profiling and debug cores
   File: vpl.tcl:145
   timestamp: 21 May 2020 20:05:27
   -----------------------
   VPL internal step: assign_bd_address
   File: vpl.tcl:152
   timestamp: 21 May 2020 20:05:33
   -----------------------
   VPL internal step: source .local/hw_platform/tcl_hooks/dynamic_postlink.tcl
   File: /home/ld443/meng_project/SysArray8_new/_x/link/vivado/vpl/.local/ocl_util.tcl:946
   timestamp: 21 May 2020 20:05:33
   -----------------------
   VPL internal step: save_bd_design
   File: vpl.tcl:162
   timestamp: 21 May 2020 20:05:33
   -----------------------
   VPL internal step: writing address_map.xml
   File: vpl.tcl:166
   timestamp: 21 May 2020 20:05:35
   -----------------------
   VPL internal step: config_ip_cache -export [get_ips -all -of_object [get_files pfm_dynamic.bd]]
   File: /home/ld443/meng_project/SysArray8_new/_x/link/vivado/vpl/.local/ocl_util.tcl:1008
   timestamp: 21 May 2020 20:08:44
   -----------------------
   VPL internal step: writing user synth clock constraints in output/pfm_dynamic_ooc_copy.xdc
   File: /home/ld443/meng_project/SysArray8_new/_x/link/vivado/vpl/.local/ocl_util.tcl:1172
   timestamp: 21 May 2020 20:08:47
   -----------------------
   VPL internal step: add_files output/pfm_dynamic_ooc_copy.xdc -fileset [current_fileset -constrset]
   File: /home/ld443/meng_project/SysArray8_new/_x/link/vivado/vpl/.local/ocl_util.tcl:1176
   timestamp: 21 May 2020 20:08:47
   -----------------------
   VPL internal step: read_xdc output/dont_partition.xdc
   File: /home/ld443/meng_project/SysArray8_new/_x/link/vivado/vpl/.local/ocl_util.tcl:2357
   timestamp: 21 May 2020 20:08:47
   -----------------------
   VPL internal step: creating vpl tcl hooks for implementation run
   File: /home/ld443/meng_project/SysArray8_new/_x/link/vivado/vpl/.local/ocl_util.tcl:1886
   timestamp: 21 May 2020 20:08:47
   -----------------------
   VPL internal step: source scripts/_vivado_report_commands.tcl
   File: vpl.tcl:208
   timestamp: 21 May 2020 20:08:47
   -----------------------
   VPL internal step: create_report_config -report_name impl_report_timing_summary_route_design_summary -report_type report_timing_summary -steps {route_design} -runs {impl_1} -options {-max_paths 10}
   File: scripts/_vivado_report_commands.tcl:83
   timestamp: 21 May 2020 20:08:48
   -----------------------
   VPL internal step: create_report_config -report_name impl_report_timing_summary_post_route_phys_opt_design_summary -report_type report_timing_summary -steps {post_route_phys_opt_design} -runs {impl_1} -options {-max_paths 10}
   File: scripts/_vivado_report_commands.tcl:83
   timestamp: 21 May 2020 20:08:48
   -----------------------
   VPL internal step: source scripts/_vivado_synth_props.tcl
   File: vpl.tcl:215
   timestamp: 21 May 2020 20:08:48
   -----------------------
   VPL internal step: source scripts/_vivado_impl_props.tcl
   File: vpl.tcl:222
   timestamp: 21 May 2020 20:09:08
   -----------------------
   VPL internal step: launch_runs my_rm_synth_1 -jobs 8  
   File: vpl.tcl:256
   timestamp: 21 May 2020 20:09:08
   -----------------------
   VPL internal step: generating resource usage report 'output/resource.json'
   File: /home/ld443/meng_project/SysArray8_new/_x/link/vivado/vpl/.local/ocl_util.tcl:3057
   timestamp: 21 May 2020 21:03:17
   -----------------------
   VPL internal step: log_generated_reports for synthesis 'output/generated_reports.log'
   File: /home/ld443/meng_project/SysArray8_new/_x/link/vivado/vpl/.local/ocl_util.tcl:1411
   timestamp: 21 May 2020 21:03:17
   -----------------------
   VPL internal step: launched run my_rm_synth_1
   File: /home/ld443/meng_project/SysArray8_new/_x/link/vivado/vpl/.local/ocl_util.tcl:1434
   timestamp: 21 May 2020 21:03:18
   -----------------------
   VPL internal step: launched run pfm_dynamic_psreset_gate_pr_kernel2_0_synth_1
   File: /home/ld443/meng_project/SysArray8_new/_x/link/vivado/vpl/.local/ocl_util.tcl:1434
   timestamp: 21 May 2020 21:03:18
   -----------------------
   VPL internal step: launched run pfm_dynamic_axi_cdc_data_1_synth_1
   File: /home/ld443/meng_project/SysArray8_new/_x/link/vivado/vpl/.local/ocl_util.tcl:1434
   timestamp: 21 May 2020 21:03:18
   -----------------------
   VPL internal step: launched run pfm_dynamic_axi_gpio_null_1_synth_1
   File: /home/ld443/meng_project/SysArray8_new/_x/link/vivado/vpl/.local/ocl_util.tcl:1434
   timestamp: 21 May 2020 21:03:18
   -----------------------
   VPL internal step: launched run pfm_dynamic_axi_user_slrcrossing_si_0_synth_1
   File: /home/ld443/meng_project/SysArray8_new/_x/link/vivado/vpl/.local/ocl_util.tcl:1434
   timestamp: 21 May 2020 21:03:18
   -----------------------
   VPL internal step: launched run pfm_dynamic_regslice_data_1_synth_1
   File: /home/ld443/meng_project/SysArray8_new/_x/link/vivado/vpl/.local/ocl_util.tcl:1434
   timestamp: 21 May 2020 21:03:18
   -----------------------
   VPL internal step: launched run pfm_dynamic_axi_vip_data_1_synth_1
   File: /home/ld443/meng_project/SysArray8_new/_x/link/vivado/vpl/.local/ocl_util.tcl:1434
   timestamp: 21 May 2020 21:03:18
   -----------------------
   VPL internal step: launched run pfm_dynamic_axi_user_slrcrossing_mi_1_synth_1
   File: /home/ld443/meng_project/SysArray8_new/_x/link/vivado/vpl/.local/ocl_util.tcl:1434
   timestamp: 21 May 2020 21:03:18
   -----------------------
   VPL internal step: launched run pfm_dynamic_axi_cdc_data_3_synth_1
   File: /home/ld443/meng_project/SysArray8_new/_x/link/vivado/vpl/.local/ocl_util.tcl:1434
   timestamp: 21 May 2020 21:03:18
   -----------------------
   VPL internal step: launched run pfm_dynamic_psreset_gate_pr_kernel2_2_synth_1
   File: /home/ld443/meng_project/SysArray8_new/_x/link/vivado/vpl/.local/ocl_util.tcl:1434
   timestamp: 21 May 2020 21:03:18
   -----------------------
   VPL internal step: launched run pfm_dynamic_psreset_gate_pr_kernel_2_synth_1
   File: /home/ld443/meng_project/SysArray8_new/_x/link/vivado/vpl/.local/ocl_util.tcl:1434
   timestamp: 21 May 2020 21:03:18
   -----------------------
   VPL internal step: launched run pfm_dynamic_psreset_gate_pr_data_2_synth_1
   File: /home/ld443/meng_project/SysArray8_new/_x/link/vivado/vpl/.local/ocl_util.tcl:1434
   timestamp: 21 May 2020 21:03:18
   -----------------------
   VPL internal step: launched run pfm_dynamic_psreset_gate_pr_data_1_synth_1
   File: /home/ld443/meng_project/SysArray8_new/_x/link/vivado/vpl/.local/ocl_util.tcl:1434
   timestamp: 21 May 2020 21:03:18
   -----------------------
   VPL internal step: launched run pfm_dynamic_psreset_gate_pr_control_2_synth_1
   File: /home/ld443/meng_project/SysArray8_new/_x/link/vivado/vpl/.local/ocl_util.tcl:1434
   timestamp: 21 May 2020 21:03:18
   -----------------------
   VPL internal step: launched run pfm_dynamic_regslice_data_2_synth_1
   File: /home/ld443/meng_project/SysArray8_new/_x/link/vivado/vpl/.local/ocl_util.tcl:1434
   timestamp: 21 May 2020 21:03:18
   -----------------------
   VPL internal step: launched run pfm_dynamic_axi_vip_data_2_synth_1
   File: /home/ld443/meng_project/SysArray8_new/_x/link/vivado/vpl/.local/ocl_util.tcl:1434
   timestamp: 21 May 2020 21:03:18
   -----------------------
   VPL internal step: launched run pfm_dynamic_axi_user_slrcrossing_si_1_synth_1
   File: /home/ld443/meng_project/SysArray8_new/_x/link/vivado/vpl/.local/ocl_util.tcl:1434
   timestamp: 21 May 2020 21:03:18
   -----------------------
   VPL internal step: launched run pfm_dynamic_axi_user_slrcrossing_mi_2_synth_1
   File: /home/ld443/meng_project/SysArray8_new/_x/link/vivado/vpl/.local/ocl_util.tcl:1434
   timestamp: 21 May 2020 21:03:18
   -----------------------
   VPL internal step: launched run pfm_dynamic_psreset_gate_pr_kernel2_1_synth_1
   File: /home/ld443/meng_project/SysArray8_new/_x/link/vivado/vpl/.local/ocl_util.tcl:1434
   timestamp: 21 May 2020 21:03:18
   -----------------------
   VPL internal step: launched run pfm_dynamic_axi_cdc_data_2_synth_1
   File: /home/ld443/meng_project/SysArray8_new/_x/link/vivado/vpl/.local/ocl_util.tcl:1434
   timestamp: 21 May 2020 21:03:18
   -----------------------
   VPL internal step: launched run pfm_dynamic_axi_gpio_null_2_synth_1
   File: /home/ld443/meng_project/SysArray8_new/_x/link/vivado/vpl/.local/ocl_util.tcl:1434
   timestamp: 21 May 2020 21:03:18
   -----------------------
   VPL internal step: launched run pfm_dynamic_axi_gpio_null_3_synth_1
   File: /home/ld443/meng_project/SysArray8_new/_x/link/vivado/vpl/.local/ocl_util.tcl:1434
   timestamp: 21 May 2020 21:03:18
   -----------------------
   VPL internal step: launched run pfm_dynamic_psreset_gate_pr_kernel_1_synth_1
   File: /home/ld443/meng_project/SysArray8_new/_x/link/vivado/vpl/.local/ocl_util.tcl:1434
   timestamp: 21 May 2020 21:03:18
   -----------------------
   VPL internal step: launched run pfm_dynamic_psreset_gate_pr_control_1_synth_1
   File: /home/ld443/meng_project/SysArray8_new/_x/link/vivado/vpl/.local/ocl_util.tcl:1434
   timestamp: 21 May 2020 21:03:18
   -----------------------
   VPL internal step: launched run pfm_dynamic_SysArray_1_0_synth_1
   File: /home/ld443/meng_project/SysArray8_new/_x/link/vivado/vpl/.local/ocl_util.tcl:1434
   timestamp: 21 May 2020 21:03:18
   -----------------------
   VPL internal step: launched run pfm_dynamic_xbar_6_synth_1
   File: /home/ld443/meng_project/SysArray8_new/_x/link/vivado/vpl/.local/ocl_util.tcl:1434
   timestamp: 21 May 2020 21:03:18
   -----------------------
   VPL internal step: launched run pfm_dynamic_psreset_gate_pr_kernel_0_synth_1
   File: /home/ld443/meng_project/SysArray8_new/_x/link/vivado/vpl/.local/ocl_util.tcl:1434
   timestamp: 21 May 2020 21:03:18
   -----------------------
   VPL internal step: launched run pfm_dynamic_psreset_gate_pr_data_0_synth_1
   File: /home/ld443/meng_project/SysArray8_new/_x/link/vivado/vpl/.local/ocl_util.tcl:1434
   timestamp: 21 May 2020 21:03:18
   -----------------------
   VPL internal step: launched run pfm_dynamic_psreset_gate_pr_control_0_synth_1
   File: /home/ld443/meng_project/SysArray8_new/_x/link/vivado/vpl/.local/ocl_util.tcl:1434
   timestamp: 21 May 2020 21:03:18
   -----------------------
   VPL internal step: launched run pfm_dynamic_regslice_data_0_synth_1
   File: /home/ld443/meng_project/SysArray8_new/_x/link/vivado/vpl/.local/ocl_util.tcl:1434
   timestamp: 21 May 2020 21:03:18
   -----------------------
   VPL internal step: launched run pfm_dynamic_regslice_control_mgntpf_0_synth_1
   File: /home/ld443/meng_project/SysArray8_new/_x/link/vivado/vpl/.local/ocl_util.tcl:1434
   timestamp: 21 May 2020 21:03:18
   -----------------------
   VPL internal step: launched run pfm_dynamic_freq_counter_0_0_synth_1
   File: /home/ld443/meng_project/SysArray8_new/_x/link/vivado/vpl/.local/ocl_util.tcl:1434
   timestamp: 21 May 2020 21:03:18
   -----------------------
   VPL internal step: launched run pfm_dynamic_axi_vip_data_0_synth_1
   File: /home/ld443/meng_project/SysArray8_new/_x/link/vivado/vpl/.local/ocl_util.tcl:1434
   timestamp: 21 May 2020 21:03:18
   -----------------------
   VPL internal step: launched run pfm_dynamic_axi_vip_ctrl_userpf_0_synth_1
   File: /home/ld443/meng_project/SysArray8_new/_x/link/vivado/vpl/.local/ocl_util.tcl:1434
   timestamp: 21 May 2020 21:03:18
   -----------------------
   VPL internal step: launched run pfm_dynamic_axi_vip_control_mgntpf_0_synth_1
   File: /home/ld443/meng_project/SysArray8_new/_x/link/vivado/vpl/.local/ocl_util.tcl:1434
   timestamp: 21 May 2020 21:03:18
   -----------------------
   VPL internal step: launched run pfm_dynamic_axi_user_slrcrossing_mi_0_synth_1
   File: /home/ld443/meng_project/SysArray8_new/_x/link/vivado/vpl/.local/ocl_util.tcl:1434
   timestamp: 21 May 2020 21:03:18
   -----------------------
   VPL internal step: launched run pfm_dynamic_axi_gpio_null_0_synth_1
   File: /home/ld443/meng_project/SysArray8_new/_x/link/vivado/vpl/.local/ocl_util.tcl:1434
   timestamp: 21 May 2020 21:03:18
   -----------------------
   VPL internal step: launched run pfm_dynamic_axi_cdc_data_0_synth_1
   File: /home/ld443/meng_project/SysArray8_new/_x/link/vivado/vpl/.local/ocl_util.tcl:1434
   timestamp: 21 May 2020 21:03:18
   -----------------------
   VPL internal step: launched run pfm_dynamic_memory_subsystem_0_synth_1
   File: /home/ld443/meng_project/SysArray8_new/_x/link/vivado/vpl/.local/ocl_util.tcl:1434
   timestamp: 21 May 2020 21:03:18
   -----------------------
   VPL internal step: launched run pfm_dynamic_regslice_periph_null_0_synth_1
   File: /home/ld443/meng_project/SysArray8_new/_x/link/vivado/vpl/.local/ocl_util.tcl:1434
   timestamp: 21 May 2020 21:03:18
   -----------------------
   VPL internal step: launched run pfm_dynamic_logic_reset_op_0_synth_1
   File: /home/ld443/meng_project/SysArray8_new/_x/link/vivado/vpl/.local/ocl_util.tcl:1434
   timestamp: 21 May 2020 21:03:18
   -----------------------
   VPL internal step: launched run pfm_dynamic_debug_bridge_xsdbm_0_synth_1
   File: /home/ld443/meng_project/SysArray8_new/_x/link/vivado/vpl/.local/ocl_util.tcl:1434
   timestamp: 21 May 2020 21:03:18
   -----------------------
   VPL internal step: launched run pfm_dynamic_xbar_3_synth_1
   File: /home/ld443/meng_project/SysArray8_new/_x/link/vivado/vpl/.local/ocl_util.tcl:1434
   timestamp: 21 May 2020 21:03:18
   -----------------------
   VPL internal step: launched run pfm_dynamic_xbar_5_synth_1
   File: /home/ld443/meng_project/SysArray8_new/_x/link/vivado/vpl/.local/ocl_util.tcl:1434
   timestamp: 21 May 2020 21:03:18
   -----------------------
   VPL internal step: launched run pfm_dynamic_axi_user_slrcrossing_si_2_synth_1
   File: /home/ld443/meng_project/SysArray8_new/_x/link/vivado/vpl/.local/ocl_util.tcl:1434
   timestamp: 21 May 2020 21:03:18
   -----------------------
   VPL internal step: launched run pfm_dynamic_axi_vip_data_3_synth_1
   File: /home/ld443/meng_project/SysArray8_new/_x/link/vivado/vpl/.local/ocl_util.tcl:1434
   timestamp: 21 May 2020 21:03:18
   -----------------------
   VPL internal step: launched run pfm_dynamic_regslice_data_3_synth_1
   File: /home/ld443/meng_project/SysArray8_new/_x/link/vivado/vpl/.local/ocl_util.tcl:1434
   timestamp: 21 May 2020 21:03:18
   -----------------------
   VPL internal step: launched run pfm_dynamic_psreset_gate_pr_control_3_synth_1
   File: /home/ld443/meng_project/SysArray8_new/_x/link/vivado/vpl/.local/ocl_util.tcl:1434
   timestamp: 21 May 2020 21:03:18
   -----------------------
   VPL internal step: launched run pfm_dynamic_psreset_gate_pr_data_3_synth_1
   File: /home/ld443/meng_project/SysArray8_new/_x/link/vivado/vpl/.local/ocl_util.tcl:1434
   timestamp: 21 May 2020 21:03:18
   -----------------------
   VPL internal step: launched run pfm_dynamic_psreset_gate_pr_kernel_3_synth_1
   File: /home/ld443/meng_project/SysArray8_new/_x/link/vivado/vpl/.local/ocl_util.tcl:1434
   timestamp: 21 May 2020 21:03:18
   -----------------------
   VPL internal step: launched run pfm_dynamic_psreset_gate_pr_kernel2_3_synth_1
   File: /home/ld443/meng_project/SysArray8_new/_x/link/vivado/vpl/.local/ocl_util.tcl:1434
   timestamp: 21 May 2020 21:03:18
   -----------------------
   VPL internal step: launched run pfm_dynamic_xbar_4_synth_1
   File: /home/ld443/meng_project/SysArray8_new/_x/link/vivado/vpl/.local/ocl_util.tcl:1434
   timestamp: 21 May 2020 21:03:18
   -----------------------
   VPL internal step: launched run bd_ebbe_xsdbm_0_synth_1
   File: /home/ld443/meng_project/SysArray8_new/_x/link/vivado/vpl/.local/ocl_util.tcl:1434
   timestamp: 21 May 2020 21:03:18
   -----------------------
   VPL internal step: launched run bd_ebbe_lut_buffer_0_synth_1
   File: /home/ld443/meng_project/SysArray8_new/_x/link/vivado/vpl/.local/ocl_util.tcl:1434
   timestamp: 21 May 2020 21:03:18
   -----------------------
   VPL internal step: launched run bd_d216_psr_ddr4_mem00_0_synth_1
   File: /home/ld443/meng_project/SysArray8_new/_x/link/vivado/vpl/.local/ocl_util.tcl:1434
   timestamp: 21 May 2020 21:03:18
   -----------------------
   VPL internal step: launched run bd_d216_ddr4_mem00_ctrl_cc_0_synth_1
   File: /home/ld443/meng_project/SysArray8_new/_x/link/vivado/vpl/.local/ocl_util.tcl:1434
   timestamp: 21 May 2020 21:03:18
   -----------------------
   VPL internal step: launched run bd_d216_calib_reduce_0_synth_1
   File: /home/ld443/meng_project/SysArray8_new/_x/link/vivado/vpl/.local/ocl_util.tcl:1434
   timestamp: 21 May 2020 21:03:18
   -----------------------
   VPL internal step: launched run bd_d216_psr_ctrl_interconnect_0_synth_1
   File: /home/ld443/meng_project/SysArray8_new/_x/link/vivado/vpl/.local/ocl_util.tcl:1434
   timestamp: 21 May 2020 21:03:18
   -----------------------
   VPL internal step: launched run bd_d216_interconnect_ddrmem_ctrl_0_synth_1
   File: /home/ld443/meng_project/SysArray8_new/_x/link/vivado/vpl/.local/ocl_util.tcl:1434
   timestamp: 21 May 2020 21:03:18
   -----------------------
   VPL internal step: launched run bd_d216_vip_DDR4_MEM00_0_synth_1
   File: /home/ld443/meng_project/SysArray8_new/_x/link/vivado/vpl/.local/ocl_util.tcl:1434
   timestamp: 21 May 2020 21:03:18
   -----------------------
   VPL internal step: launched run bd_d216_vip_ui_clk_DDR4_MEM00_0_synth_1
   File: /home/ld443/meng_project/SysArray8_new/_x/link/vivado/vpl/.local/ocl_util.tcl:1434
   timestamp: 21 May 2020 21:03:18
   -----------------------
   VPL internal step: launched run pfm_dynamic_s00_regslice_21_synth_1
   File: /home/ld443/meng_project/SysArray8_new/_x/link/vivado/vpl/.local/ocl_util.tcl:1434
   timestamp: 21 May 2020 21:03:18
   -----------------------
   VPL internal step: launched run pfm_dynamic_m01_regslice_9_synth_1
   File: /home/ld443/meng_project/SysArray8_new/_x/link/vivado/vpl/.local/ocl_util.tcl:1434
   timestamp: 21 May 2020 21:03:18
   -----------------------
   VPL internal step: launched run bd_d216_vip_S00_AXI_0_synth_1
   File: /home/ld443/meng_project/SysArray8_new/_x/link/vivado/vpl/.local/ocl_util.tcl:1434
   timestamp: 21 May 2020 21:03:18
   -----------------------
   VPL internal step: launched run bd_d216_vip_S04_AXI_0_synth_1
   File: /home/ld443/meng_project/SysArray8_new/_x/link/vivado/vpl/.local/ocl_util.tcl:1434
   timestamp: 21 May 2020 21:03:18
   -----------------------
   VPL internal step: launched run bd_d216_vip_S05_AXI_0_synth_1
   File: /home/ld443/meng_project/SysArray8_new/_x/link/vivado/vpl/.local/ocl_util.tcl:1434
   timestamp: 21 May 2020 21:03:18
   -----------------------
   VPL internal step: launched run bd_d216_vip_S06_AXI_0_synth_1
   File: /home/ld443/meng_project/SysArray8_new/_x/link/vivado/vpl/.local/ocl_util.tcl:1434
   timestamp: 21 May 2020 21:03:18
   -----------------------
   VPL internal step: launched run bd_d216_ddr4_mem00_0_synth_1
   File: /home/ld443/meng_project/SysArray8_new/_x/link/vivado/vpl/.local/ocl_util.tcl:1434
   timestamp: 21 May 2020 21:03:18
   -----------------------
   VPL internal step: launched run bd_d216_interconnect_DDR4_MEM00_0_synth_1
   File: /home/ld443/meng_project/SysArray8_new/_x/link/vivado/vpl/.local/ocl_util.tcl:1434
   timestamp: 21 May 2020 21:03:18
   -----------------------
   VPL internal step: launched run bd_d216_psr_aclk_SLR0_0_synth_1
   File: /home/ld443/meng_project/SysArray8_new/_x/link/vivado/vpl/.local/ocl_util.tcl:1434
   timestamp: 21 May 2020 21:03:18
   -----------------------
   VPL internal step: launched run pfm_dynamic_s00_regslice_24_synth_1
   File: /home/ld443/meng_project/SysArray8_new/_x/link/vivado/vpl/.local/ocl_util.tcl:1434
   timestamp: 21 May 2020 21:03:18
   -----------------------
   VPL internal step: launched run pfm_dynamic_s00_regslice_23_synth_1
   File: /home/ld443/meng_project/SysArray8_new/_x/link/vivado/vpl/.local/ocl_util.tcl:1434
   timestamp: 21 May 2020 21:03:18
   -----------------------
   VPL internal step: launched run pfm_dynamic_m01_regslice_10_synth_1
   File: /home/ld443/meng_project/SysArray8_new/_x/link/vivado/vpl/.local/ocl_util.tcl:1434
   timestamp: 21 May 2020 21:03:18
   -----------------------
   VPL internal step: launched run pfm_dynamic_m00_regslice_10_synth_1
   File: /home/ld443/meng_project/SysArray8_new/_x/link/vivado/vpl/.local/ocl_util.tcl:1434
   timestamp: 21 May 2020 21:03:18
   -----------------------
   VPL internal step: launched run pfm_dynamic_s00_regslice_22_synth_1
   File: /home/ld443/meng_project/SysArray8_new/_x/link/vivado/vpl/.local/ocl_util.tcl:1434
   timestamp: 21 May 2020 21:03:18
   -----------------------
   VPL internal step: launched run pfm_dynamic_s00_regslice_18_synth_1
   File: /home/ld443/meng_project/SysArray8_new/_x/link/vivado/vpl/.local/ocl_util.tcl:1434
   timestamp: 21 May 2020 21:03:18
   -----------------------
   VPL internal step: launched run pfm_dynamic_m00_regslice_7_synth_1
   File: /home/ld443/meng_project/SysArray8_new/_x/link/vivado/vpl/.local/ocl_util.tcl:1434
   timestamp: 21 May 2020 21:03:18
   -----------------------
   VPL internal step: launched run pfm_dynamic_m01_regslice_7_synth_1
   File: /home/ld443/meng_project/SysArray8_new/_x/link/vivado/vpl/.local/ocl_util.tcl:1434
   timestamp: 21 May 2020 21:03:18
   -----------------------
   VPL internal step: launched run pfm_dynamic_s00_regslice_19_synth_1
   File: /home/ld443/meng_project/SysArray8_new/_x/link/vivado/vpl/.local/ocl_util.tcl:1434
   timestamp: 21 May 2020 21:03:18
   -----------------------
   VPL internal step: launched run pfm_dynamic_m00_regslice_8_synth_1
   File: /home/ld443/meng_project/SysArray8_new/_x/link/vivado/vpl/.local/ocl_util.tcl:1434
   timestamp: 21 May 2020 21:03:18
   -----------------------
   VPL internal step: launched run pfm_dynamic_m01_regslice_8_synth_1
   File: /home/ld443/meng_project/SysArray8_new/_x/link/vivado/vpl/.local/ocl_util.tcl:1434
   timestamp: 21 May 2020 21:03:18
   -----------------------
   VPL internal step: launched run pfm_dynamic_auto_cc_0_synth_1
   File: /home/ld443/meng_project/SysArray8_new/_x/link/vivado/vpl/.local/ocl_util.tcl:1434
   timestamp: 21 May 2020 21:03:18
   -----------------------
   VPL internal step: launched run pfm_dynamic_s00_regslice_20_synth_1
   File: /home/ld443/meng_project/SysArray8_new/_x/link/vivado/vpl/.local/ocl_util.tcl:1434
   timestamp: 21 May 2020 21:03:18
   -----------------------
   VPL internal step: launched run pfm_dynamic_m00_regslice_9_synth_1
   File: /home/ld443/meng_project/SysArray8_new/_x/link/vivado/vpl/.local/ocl_util.tcl:1434
   timestamp: 21 May 2020 21:03:18
   -----------------------
   VPL internal step: launched run bd_d216_vip_ui_rst_DDR4_MEM00_0_synth_1
   File: /home/ld443/meng_project/SysArray8_new/_x/link/vivado/vpl/.local/ocl_util.tcl:1434
   timestamp: 21 May 2020 21:03:18
   -----------------------
   VPL internal step: launched run bd_d216_vip_ctrl_DDR4_MEM00_0_synth_1
   File: /home/ld443/meng_project/SysArray8_new/_x/link/vivado/vpl/.local/ocl_util.tcl:1434
   timestamp: 21 May 2020 21:03:18
   -----------------------
   VPL internal step: launch_runs impl_1 -to_step write_bitstream 
   File: vpl.tcl:305
   timestamp: 21 May 2020 21:03:18
   -----------------------
   VPL internal step: log_generated_reports for implementation 'output/generated_reports.log'
   File: /home/ld443/meng_project/SysArray8_new/_x/link/vivado/vpl/.local/ocl_util.tcl:623
   timestamp: 21 May 2020 23:18:08
   VPL internal step status: success
vpl status: success
------------------------------------------
step: running rtdgen
timestamp: 21 May 2020 23:18:30
cmd: rtdgen
------------------------------------------
step: running cf2sw to update xclbin xml and generate rtd file (runtime data)
timestamp: 21 May 2020 23:18:30
cmd: cf2sw -a /home/ld443/meng_project/SysArray8_new/_x/link/int/address_map.xml -sdsl /home/ld443/meng_project/SysArray8_new/_x/link/int/sdsl.dat -xclbin /home/ld443/meng_project/SysArray8_new/_x/link/int/xclbin_orig.xml -rtd /home/ld443/meng_project/SysArray8_new/_x/link/int/SysArray.rtd -o /home/ld443/meng_project/SysArray8_new/_x/link/int/SysArray.xml
V++ internal step status: success
------------------------------------------
step: running rtd2_system_diagram to update system diagram with slr and base address info.
timestamp: 21 May 2020 23:18:32
cmd: rtd2SystemDiagram --rtdJsonFileName /home/ld443/meng_project/SysArray8_new/_x/link/int/SysArray.rtd --diagramJsonFileName /home/ld443/meng_project/SysArray8_new/_x/link/int/systemDiagramModel_resource_use.json --diagramWithAddressesAndSlrsJsonFileName /home/ld443/meng_project/SysArray8_new/_x/link/int/systemDiagramModelSlrBaseAddress.json
V++ internal step status: success
rtdgen status: success
------------------------------------------
step: running xclbinutil
timestamp: 21 May 2020 23:18:34
cmd: xclbinutil --add-section DEBUG_IP_LAYOUT:JSON:/home/ld443/meng_project/SysArray8_new/_x/link/int/debug_ip_layout.rtd --add-section BITSTREAM:RAW:/home/ld443/meng_project/SysArray8_new/_x/link/int/partial.bit --force --key-value SYS:mode:hw_pr --add-section :JSON:/home/ld443/meng_project/SysArray8_new/_x/link/int/SysArray.rtd --append-section :JSON:/home/ld443/meng_project/SysArray8_new/_x/link/int/appendSection.rtd --add-section CLOCK_FREQ_TOPOLOGY:JSON:/home/ld443/meng_project/SysArray8_new/_x/link/int/SysArray_xml.rtd --add-section BUILD_METADATA:JSON:/home/ld443/meng_project/SysArray8_new/_x/link/int/SysArray_build.rtd --add-section EMBEDDED_METADATA:RAW:/home/ld443/meng_project/SysArray8_new/_x/link/int/SysArray.xml --add-section SYSTEM_METADATA:RAW:/home/ld443/meng_project/SysArray8_new/_x/link/int/systemDiagramModelSlrBaseAddress.json --output /home/ld443/meng_project/SysArray8_new/_x/link/int/SysArray.xclbin
xclbinutil status: success
------------------------------------------
step: running xclbinutilinfo
timestamp: 21 May 2020 23:18:34
cmd: xclbinutil --quiet --info /home/ld443/meng_project/SysArray8_new/_x/link/int/SysArray.xclbin.info --input /home/ld443/meng_project/SysArray8_new/_x/link/int/SysArray.xclbin
xclbinutilinfo status: success
------------------------------------------
hw completed
timestamp: 21 May 2020 23:18:35
------------------------------------------
V++ internal step: generating system estimate report file
timestamp: 21 May 2020 23:18:35
output: /home/ld443/meng_project/SysArray8_new/_x/reports/link/system_estimate_SysArray.xtxt
